[2023-03-03 02:26:46,671 I 189 189] core_worker_process.cc:120: Constructing CoreWorkerProcess. pid: 189
[2023-03-03 02:26:46,739 D 189 216] core_worker_process.cc:200: Getting system config from raylet, remaining retries = 100
[2023-03-03 02:26:46,739 D 189 189] ray_config.cc:70: RayConfig is initialized with: is_external_storage_type_fs=true,object_spilling_config="{\"type\": \"filesystem\", \"params\": {\"directory_path\": \"/host/tmp/ray/session_2023-03-03_02-26-31_777240_2\"}}",
[2023-03-03 02:26:46,740 D 189 189] core_worker.cc:88: Constructing CoreWorker, worker_id: 630cbe5f93c86a98f7491209f828fc589165c9cc23e325b56b0d42b9
[2023-03-03 02:26:46,740 I 189 189] core_worker.cc:119: Connecting to local Raylet.
[2023-03-03 02:26:46,740 I 189 189] raylet_client.cc:116: Creating RayletConnection.
[2023-03-03 02:26:46,741 I 189 189] client_connection.cc:47: ConnectSocketRetry begin /host/tmp/ray/session_2023-03-03_02-26-31_777240_2/sockets/raylet 0
[2023-03-03 02:26:46,741 I 189 189] client_connection.cc:51: ConnectSocketRetry end /host/tmp/ray/session_2023-03-03_02-26-31_777240_2/sockets/raylet 0. OK
[2023-03-03 02:26:46,741 I 189 189] raylet_client.cc:118: Created RayletConnection.
[2023-03-03 02:26:46,741 I 189 189] raylet_client.cc:138: Begin AtomicRequestReply RegisterClientRequest
[2023-03-03 02:26:46,742 I 189 189] raylet_client.cc:141: End AtomicRequestReply RegisterClientRequest. Status: OK
[2023-03-03 02:26:46,742 I 189 189] core_worker.cc:135: Connected to local Raylet.
[2023-03-03 02:26:46,742 I 189 189] core_worker.cc:164: Starting GRPC server.
[2023-03-03 02:26:46,742 I 189 189] grpc_server.cc:105: worker server started, listening on port 45333.
[2023-03-03 02:26:46,743 I 189 189] core_worker.cc:171: Started GRPC server.
[2023-03-03 02:26:46,743 I 189 189] core_worker.cc:179: Initializing worker at address: 172.17.0.2:45333, worker ID 630cbe5f93c86a98f7491209f828fc589165c9cc23e325b56b0d42b9, raylet 74b4c9100fc00ca96afe9e11d079ae22ed07f1ccca0c44077751ae1f
[2023-03-03 02:26:46,751 I 189 238] gcs_server_address_updater.cc:32: GCS Server updater thread id: 139727646762752
[2023-03-03 02:26:46,845 D 189 189] gcs_client.cc:165: GcsClient connected.
[2023-03-03 02:26:46,845 I 189 189] core_worker.cc:205: GCS client created.
[2023-03-03 02:26:46,845 I 189 189] core_worker.cc:207: Registered to GCS.
[2023-03-03 02:26:46,846 D 189 189] subscriber.cc:348: Make a long polling request to 79b42227db66725347dd15aed5fec84c699c48f4d91b61c96da3de0f
[2023-03-03 02:26:46,846 I 189 189] core_worker.cc:267: Creating CoreWorkerPlasmaStoreProvider
[2023-03-03 02:26:46,846 I 189 189] client.cc:762: Before ConnectSocketRetry
[2023-03-03 02:26:46,846 I 189 189] client_connection.cc:47: ConnectSocketRetry begin /host/tmp/ray/session_2023-03-03_02-26-31_777240_2/sockets/plasma_store 0
[2023-03-03 02:26:46,847 I 189 189] client_connection.cc:51: ConnectSocketRetry end /host/tmp/ray/session_2023-03-03_02-26-31_777240_2/sockets/plasma_store 0. OK
[2023-03-03 02:26:46,847 I 189 189] client.cc:764: After ConnectSocketRetry
[2023-03-03 02:26:46,847 I 189 189] client.cc:766: After new StoreConn
[2023-03-03 02:26:46,847 I 189 189] client.cc:769: After SendConnectRequest
[2023-03-03 02:26:46,847 I 189 189] client.cc:772: After PlasmaReceive
[2023-03-03 02:26:46,847 I 189 189] client.cc:774: After ReadConnectReply
[2023-03-03 02:26:46,847 D 189 189] client.cc:392: called plasma_create on conn 30 with size 8 and metadata size 0
[2023-03-03 02:26:46,847 I 189 189] protocol.cc:219: After CreatePlasmaCreateRequest, prepare to send
[2023-03-03 02:26:46,847 I 189 189] protocol.cc:221: After PlasmaSend, status: 1
[2023-03-03 02:26:46,847 I 189 189] client.cc:402: After SendCreateRequest
[2023-03-03 02:26:46,847 I 189 189] client.cc:311: Before PlasmaReceive
[2023-03-03 02:26:46,848 I 189 189] client.cc:313: After PlasmaReceive buffer size: 160
[2023-03-03 02:26:46,848 I 189 189] client.cc:327: After RreadCreateReply, retry count: 0
[2023-03-03 02:26:46,848 I 189 189] client.cc:355: After create PlasmaMutableBuffer
[2023-03-03 02:26:46,848 I 189 189] client.cc:404: After HandleCreateReply
[2023-03-03 02:26:46,848 I 189 189] core_worker.cc:277: Created CoreWorkerPlasmaStoreProvider
[2023-03-03 02:26:46,848 D 189 189] core_worker_process.cc:276: Worker 630cbe5f93c86a98f7491209f828fc589165c9cc23e325b56b0d42b9 is created.
[2023-03-03 02:26:46,848 D 189 189] core_worker_process.cc:132: Stats setup in core worker.
[2023-03-03 02:26:46,848 D 189 189] stats.h:75: Initialized stats
[2023-03-03 02:26:46,849 I 189 189] io_service_pool.cc:35: IOServicePool is running with 1 io_service.
[2023-03-03 02:26:46,855 D 189 189] metrics_agent_client.h:41: Initiate the metrics client of address:127.0.0.1 port:65480
[2023-03-03 02:26:46,857 I 189 259] core_worker.cc:502: Event stats:


Global stats: 16 total (11 active)
Queueing time: mean = 3.031 ms, max = 10.696 ms, min = 7.979 ms, total = 48.494 ms
Execution time:  mean = 45.610 us, total = 729.760 us
Event stats:
	PeriodicalRunner.RunFnPeriodically - 7 total (2 active, 1 running), CPU time: mean = 104.251 us, total = 729.760 us
	UNKNOWN - 3 total (3 active), CPU time: mean = 0.000 s, total = 0.000 s
	InternalPubSubGcsService.grpc_client.GcsSubscriberPoll - 1 total (1 active), CPU time: mean = 0.000 s, total = 0.000 s
	GcsClient.deadline_timer.check_gcs_connection - 1 total (1 active), CPU time: mean = 0.000 s, total = 0.000 s
	InternalPubSubGcsService.grpc_client.GcsSubscriberCommandBatch - 1 total (1 active), CPU time: mean = 0.000 s, total = 0.000 s
	CoreWorker.deadline_timer.flush_profiling_events - 1 total (1 active), CPU time: mean = 0.000 s, total = 0.000 s
	NodeManagerService.grpc_client.ReportWorkerBacklog - 1 total (1 active), CPU time: mean = 0.000 s, total = 0.000 s
	WorkerInfoGcsService.grpc_client.AddWorkerInfo - 1 total (1 active), CPU time: mean = 0.000 s, total = 0.000 s


[2023-03-03 02:26:46,871 D 189 236] grpc_server.cc:146: Polled event from CQ, thead: 139727638365952::0, status: 1
[2023-03-03 02:26:46,871 D 189 259] accessor.cc:487: Getting information of all nodes.
[2023-03-03 02:26:46,872 I 189 259] accessor.cc:599: Received notification for node id = 74b4c9100fc00ca96afe9e11d079ae22ed07f1ccca0c44077751ae1f, IsAlive = 1
[2023-03-03 02:26:46,872 D 189 259] accessor.cc:497: Finished getting information of all nodes, status = OK
[2023-03-03 02:26:46,890 D 189 189] core_worker.cc:2273: Executing task, task info = Type=ACTOR_CREATION_TASK, Language=PYTHON, Resources: {CPU_group_49411f67bab454746a9d9e5ad14801000000: 1, }, function_descriptor={type=PythonFunctionDescriptor, module_name=ray.train.worker_group, class_name=BaseWorkerMixin, function_name=__init__, function_hash=8e22a569f692481c80e8348a9ddbaee1}, task_id=ffffffffffffffff345aba998291bf5f5c6c28e201000000, task_name=BaseWorkerMixin.__init__(), job_id=01000000, num_args=0, num_returns=1, depth=1, actor_creation_task_spec={actor_id=345aba998291bf5f5c6c28e201000000, max_restarts=0, max_concurrency=1, is_asyncio_actor=0, is_detached=0}
[2023-03-03 02:26:46,890 D 189 189] reference_count.cc:242: Add local reference ffffffffffffffff345aba998291bf5f5c6c28e20100000001000000
[2023-03-03 02:26:46,890 D 189 189] reference_count.cc:243: REF ffffffffffffffff345aba998291bf5f5c6c28e20100000001000000 borrowers: 0 local_ref_count: 1 submitted_count: 0 contained_in_owned: 0 contained_in_borrowed: 0 contains: 0 stored_in: 0 lineage_ref_count: 0
[2023-03-03 02:26:46,890 I 189 189] direct_actor_task_submitter.cc:33: Set max pending calls to -1 for actor 345aba998291bf5f5c6c28e201000000
[2023-03-03 02:26:46,890 D 189 189] direct_actor_task_submitter.cc:169: Connecting to actor 345aba998291bf5f5c6c28e201000000 at worker 630cbe5f93c86a98f7491209f828fc589165c9cc23e325b56b0d42b9
[2023-03-03 02:26:46,890 D 189 189] core_worker_client_pool.cc:42: Connected to 172.17.0.2:45333
[2023-03-03 02:26:46,890 D 189 189] sequential_actor_submit_queue.cc:86: Resetting caller starts at for actor 345aba998291bf5f5c6c28e201000000 from 0 to 0
[2023-03-03 02:26:46,890 I 189 189] direct_actor_task_submitter.cc:217: Connecting to actor 345aba998291bf5f5c6c28e201000000 at worker 630cbe5f93c86a98f7491209f828fc589165c9cc23e325b56b0d42b9
[2023-03-03 02:26:46,890 D 189 189] reference_count.cc:106: Adding borrowed object ffffffffffffffff345aba998291bf5f5c6c28e20100000001000000
[2023-03-03 02:26:46,890 I 189 189] core_worker.cc:2330: Creating actor: 345aba998291bf5f5c6c28e201000000
[2023-03-03 02:26:47,402 D 189 189] core_worker.cc:2407: Finished executing task ffffffffffffffff345aba998291bf5f5c6c28e201000000, status=OK
[2023-03-03 02:26:47,402 I 189 189] direct_actor_transport.cc:144: Actor creation task finished, task_id: ffffffffffffffff345aba998291bf5f5c6c28e201000000, actor_id: 345aba998291bf5f5c6c28e201000000
[2023-03-03 02:26:47,403 D 189 236] grpc_server.cc:146: Polled event from CQ, thead: 139727638365952::0, status: 1
[2023-03-03 02:26:47,405 D 189 236] grpc_server.cc:146: Polled event from CQ, thead: 139727638365952::0, status: 1
[2023-03-03 02:26:47,405 D 189 189] actor_scheduling_queue.cc:89: Enqueue 0 cur seqno 0
[2023-03-03 02:26:47,405 D 189 189] core_worker.cc:2273: Executing task, task info = Type=ACTOR_TASK, Language=PYTHON, Resources: {}, function_descriptor={type=PythonFunctionDescriptor, module_name=ray.train.worker_group, class_name=BaseWorkerMixin, function_name=_BaseWorkerMixin__execute, function_hash=}, task_id=0e6d037b54f63837345aba998291bf5f5c6c28e201000000, task_name=BaseWorkerMixin._BaseWorkerMixin__execute(), job_id=01000000, num_args=2, num_returns=2, depth=0, actor_task_spec={actor_id=345aba998291bf5f5c6c28e201000000, actor_caller_id=ffffffffffffffffed3b24ca1af274e73c7f023201000000, actor_counter=0}
[2023-03-03 02:26:47,406 D 189 189] core_worker.cc:2232: Creating return object 0e6d037b54f63837345aba998291bf5f5c6c28e20100000001000000
[2023-03-03 02:26:47,406 D 189 189] core_worker.cc:2424: Sealing return object 0e6d037b54f63837345aba998291bf5f5c6c28e20100000001000000
[2023-03-03 02:26:47,406 D 189 189] core_worker.cc:2407: Finished executing task 0e6d037b54f63837345aba998291bf5f5c6c28e201000000, status=OK
[2023-03-03 02:26:47,407 D 189 236] grpc_server.cc:146: Polled event from CQ, thead: 139727638365952::0, status: 1
[2023-03-03 02:26:47,412 D 189 236] grpc_server.cc:146: Polled event from CQ, thead: 139727638365952::0, status: 1
[2023-03-03 02:26:47,412 D 189 189] actor_scheduling_queue.cc:89: Enqueue 1 cur seqno 1
[2023-03-03 02:26:47,412 D 189 189] core_worker.cc:2273: Executing task, task info = Type=ACTOR_TASK, Language=PYTHON, Resources: {}, function_descriptor={type=PythonFunctionDescriptor, module_name=ray.train.worker_group, class_name=BaseWorkerMixin, function_name=_BaseWorkerMixin__execute, function_hash=}, task_id=e56c840b55c1878a345aba998291bf5f5c6c28e201000000, task_name=BaseWorkerMixin._BaseWorkerMixin__execute(), job_id=01000000, num_args=2, num_returns=2, depth=0, actor_task_spec={actor_id=345aba998291bf5f5c6c28e201000000, actor_caller_id=ffffffffffffffffed3b24ca1af274e73c7f023201000000, actor_counter=1}
[2023-03-03 02:26:47,412 D 189 189] core_worker.cc:2232: Creating return object e56c840b55c1878a345aba998291bf5f5c6c28e20100000001000000
[2023-03-03 02:26:47,413 D 189 189] core_worker.cc:2424: Sealing return object e56c840b55c1878a345aba998291bf5f5c6c28e20100000001000000
[2023-03-03 02:26:47,413 D 189 189] core_worker.cc:2407: Finished executing task e56c840b55c1878a345aba998291bf5f5c6c28e201000000, status=OK
[2023-03-03 02:26:47,413 D 189 236] grpc_server.cc:146: Polled event from CQ, thead: 139727638365952::0, status: 1
[2023-03-03 02:26:47,415 D 189 236] grpc_server.cc:146: Polled event from CQ, thead: 139727638365952::0, status: 1
[2023-03-03 02:26:47,415 D 189 189] actor_scheduling_queue.cc:89: Enqueue 2 cur seqno 2
[2023-03-03 02:26:47,415 D 189 189] core_worker.cc:2273: Executing task, task info = Type=ACTOR_TASK, Language=PYTHON, Resources: {}, function_descriptor={type=PythonFunctionDescriptor, module_name=ray.train.worker_group, class_name=BaseWorkerMixin, function_name=_BaseWorkerMixin__execute, function_hash=}, task_id=1752ee6e02d5114f345aba998291bf5f5c6c28e201000000, task_name=BaseWorkerMixin._BaseWorkerMixin__execute(), job_id=01000000, num_args=6, num_returns=2, depth=0, actor_task_spec={actor_id=345aba998291bf5f5c6c28e201000000, actor_caller_id=ffffffffffffffffed3b24ca1af274e73c7f023201000000, actor_counter=2}
[2023-03-03 02:26:47,416 D 189 189] core_worker.cc:2232: Creating return object 1752ee6e02d5114f345aba998291bf5f5c6c28e20100000001000000
[2023-03-03 02:26:47,416 D 189 189] core_worker.cc:2424: Sealing return object 1752ee6e02d5114f345aba998291bf5f5c6c28e20100000001000000
[2023-03-03 02:26:47,416 D 189 189] core_worker.cc:2407: Finished executing task 1752ee6e02d5114f345aba998291bf5f5c6c28e201000000, status=OK
[2023-03-03 02:26:47,416 D 189 236] grpc_server.cc:146: Polled event from CQ, thead: 139727638365952::0, status: 1
[2023-03-03 02:26:47,420 D 189 236] grpc_server.cc:146: Polled event from CQ, thead: 139727638365952::0, status: 1
[2023-03-03 02:26:47,420 D 189 189] actor_scheduling_queue.cc:89: Enqueue 3 cur seqno 3
[2023-03-03 02:26:47,420 D 189 189] core_worker.cc:2273: Executing task, task info = Type=ACTOR_TASK, Language=PYTHON, Resources: {}, function_descriptor={type=PythonFunctionDescriptor, module_name=ray.train.worker_group, class_name=BaseWorkerMixin, function_name=_BaseWorkerMixin__execute, function_hash=}, task_id=12422d5887a4c45c345aba998291bf5f5c6c28e201000000, task_name=BaseWorkerMixin._BaseWorkerMixin__execute(), job_id=01000000, num_args=12, num_returns=2, depth=0, actor_task_spec={actor_id=345aba998291bf5f5c6c28e201000000, actor_caller_id=ffffffffffffffffed3b24ca1af274e73c7f023201000000, actor_counter=3}
[2023-03-03 02:26:47,856 D 189 259] accessor.cc:784: Adding profile data, component type = worker, node id = 630cbe5f93c86a98f7491209f828fc589165c9cc23e325b56b0d42b9
[2023-03-03 02:26:49,000 D 189 259] profiling.cc:87: Pushed 16 events to GCS.
[2023-03-03 02:26:50,450 D 189 259] accessor.cc:795: Finished adding profile data, status = OK, component type = worker, node id = 630cbe5f93c86a98f7491209f828fc589165c9cc23e325b56b0d42b9
[2023-03-03 02:26:52,451 D 189 259] accessor.cc:784: Adding profile data, component type = worker, node id = 630cbe5f93c86a98f7491209f828fc589165c9cc23e325b56b0d42b9
[2023-03-03 02:26:52,451 D 189 259] profiling.cc:87: Pushed 1 events to GCS.
[2023-03-03 02:26:52,452 D 189 259] accessor.cc:795: Finished adding profile data, status = OK, component type = worker, node id = 630cbe5f93c86a98f7491209f828fc589165c9cc23e325b56b0d42b9
[2023-03-03 02:26:52,672 D 189 189] core_worker.cc:2232: Creating return object 12422d5887a4c45c345aba998291bf5f5c6c28e20100000001000000
[2023-03-03 02:26:52,672 D 189 189] core_worker.cc:2424: Sealing return object 12422d5887a4c45c345aba998291bf5f5c6c28e20100000001000000
[2023-03-03 02:26:52,673 D 189 189] core_worker.cc:2407: Finished executing task 12422d5887a4c45c345aba998291bf5f5c6c28e201000000, status=OK
[2023-03-03 02:26:52,673 D 189 236] grpc_server.cc:146: Polled event from CQ, thead: 139727638365952::0, status: 1
[2023-03-03 02:26:52,863 D 189 236] grpc_server.cc:146: Polled event from CQ, thead: 139727638365952::0, status: 1
[2023-03-03 02:26:52,863 D 189 189] actor_scheduling_queue.cc:89: Enqueue 4 cur seqno 4
[2023-03-03 02:26:52,863 D 189 189] core_worker.cc:2273: Executing task, task info = Type=ACTOR_TASK, Language=PYTHON, Resources: {}, function_descriptor={type=PythonFunctionDescriptor, module_name=ray.train.worker_group, class_name=BaseWorkerMixin, function_name=_BaseWorkerMixin__execute, function_hash=}, task_id=94764b40d05acc93345aba998291bf5f5c6c28e201000000, task_name=BaseWorkerMixin._BaseWorkerMixin__execute(), job_id=01000000, num_args=16, num_returns=2, depth=0, actor_task_spec={actor_id=345aba998291bf5f5c6c28e201000000, actor_caller_id=ffffffffffffffffed3b24ca1af274e73c7f023201000000, actor_counter=4}
[2023-03-03 02:26:53,140 D 189 189] core_worker.cc:2232: Creating return object 94764b40d05acc93345aba998291bf5f5c6c28e20100000001000000
[2023-03-03 02:26:53,140 D 189 189] core_worker.cc:2424: Sealing return object 94764b40d05acc93345aba998291bf5f5c6c28e20100000001000000
[2023-03-03 02:26:53,140 D 189 189] core_worker.cc:2407: Finished executing task 94764b40d05acc93345aba998291bf5f5c6c28e201000000, status=OK
[2023-03-03 02:26:53,140 D 189 236] grpc_server.cc:146: Polled event from CQ, thead: 139727638365952::0, status: 1
[2023-03-03 02:26:53,143 D 189 236] grpc_server.cc:146: Polled event from CQ, thead: 139727638365952::0, status: 1
[2023-03-03 02:26:53,143 D 189 189] actor_scheduling_queue.cc:89: Enqueue 5 cur seqno 5
[2023-03-03 02:26:53,143 D 189 189] core_worker.cc:2273: Executing task, task info = Type=ACTOR_TASK, Language=PYTHON, Resources: {}, function_descriptor={type=PythonFunctionDescriptor, module_name=ray.train.worker_group, class_name=BaseWorkerMixin, function_name=_BaseWorkerMixin__execute, function_hash=}, task_id=3d288d45c5b55b89345aba998291bf5f5c6c28e201000000, task_name=BaseWorkerMixin._BaseWorkerMixin__execute(), job_id=01000000, num_args=2, num_returns=2, depth=0, actor_task_spec={actor_id=345aba998291bf5f5c6c28e201000000, actor_caller_id=ffffffffffffffffed3b24ca1af274e73c7f023201000000, actor_counter=5}
[2023-03-03 02:26:53,150 D 189 236] grpc_server.cc:146: Polled event from CQ, thead: 139727638365952::0, status: 1
[2023-03-03 02:26:53,162 D 189 189] core_worker.cc:2232: Creating return object 3d288d45c5b55b89345aba998291bf5f5c6c28e20100000001000000
[2023-03-03 02:26:53,162 D 189 189] core_worker.cc:2424: Sealing return object 3d288d45c5b55b89345aba998291bf5f5c6c28e20100000001000000
[2023-03-03 02:26:53,162 D 189 189] core_worker.cc:2407: Finished executing task 3d288d45c5b55b89345aba998291bf5f5c6c28e201000000, status=OK
[2023-03-03 02:26:53,162 D 189 236] grpc_server.cc:146: Polled event from CQ, thead: 139727638365952::0, status: 1
[2023-03-03 02:26:53,162 D 189 189] actor_scheduling_queue.cc:89: Enqueue 6 cur seqno 6
[2023-03-03 02:26:53,162 D 189 189] core_worker.cc:2273: Executing task, task info = Type=ACTOR_TASK, Language=PYTHON, Resources: {}, function_descriptor={type=PythonFunctionDescriptor, module_name=ray.train.worker_group, class_name=BaseWorkerMixin, function_name=_BaseWorkerMixin__execute, function_hash=}, task_id=8d31f1e48fd541ac345aba998291bf5f5c6c28e201000000, task_name=BaseWorkerMixin._BaseWorkerMixin__execute(), job_id=01000000, num_args=2, num_returns=2, depth=0, actor_task_spec={actor_id=345aba998291bf5f5c6c28e201000000, actor_caller_id=ffffffffffffffffed3b24ca1af274e73c7f023201000000, actor_counter=6}
[2023-03-03 02:26:53,363 D 189 189] core_worker.cc:2232: Creating return object 8d31f1e48fd541ac345aba998291bf5f5c6c28e20100000001000000
[2023-03-03 02:26:53,363 D 189 189] core_worker.cc:2424: Sealing return object 8d31f1e48fd541ac345aba998291bf5f5c6c28e20100000001000000
[2023-03-03 02:26:53,363 D 189 189] core_worker.cc:2407: Finished executing task 8d31f1e48fd541ac345aba998291bf5f5c6c28e201000000, status=OK
[2023-03-03 02:26:53,363 D 189 236] grpc_server.cc:146: Polled event from CQ, thead: 139727638365952::0, status: 1
[2023-03-03 02:26:53,373 D 189 236] grpc_server.cc:146: Polled event from CQ, thead: 139727638365952::0, status: 1
[2023-03-03 02:26:53,374 D 189 189] actor_scheduling_queue.cc:89: Enqueue 7 cur seqno 7
[2023-03-03 02:26:53,374 D 189 189] core_worker.cc:2273: Executing task, task info = Type=ACTOR_TASK, Language=PYTHON, Resources: {}, function_descriptor={type=PythonFunctionDescriptor, module_name=ray.train.worker_group, class_name=BaseWorkerMixin, function_name=_BaseWorkerMixin__execute, function_hash=}, task_id=359c54959393e8dd345aba998291bf5f5c6c28e201000000, task_name=BaseWorkerMixin._BaseWorkerMixin__execute(), job_id=01000000, num_args=2, num_returns=2, depth=0, actor_task_spec={actor_id=345aba998291bf5f5c6c28e201000000, actor_caller_id=ffffffffffffffffed3b24ca1af274e73c7f023201000000, actor_counter=7}
[2023-03-03 02:26:53,374 D 189 189] core_worker.cc:2232: Creating return object 359c54959393e8dd345aba998291bf5f5c6c28e20100000001000000
[2023-03-03 02:26:53,374 D 189 189] core_worker.cc:2424: Sealing return object 359c54959393e8dd345aba998291bf5f5c6c28e20100000001000000
[2023-03-03 02:26:53,374 D 189 189] core_worker.cc:2407: Finished executing task 359c54959393e8dd345aba998291bf5f5c6c28e201000000, status=OK
[2023-03-03 02:26:53,374 D 189 236] grpc_server.cc:146: Polled event from CQ, thead: 139727638365952::0, status: 1
[2023-03-03 02:26:53,382 D 189 236] grpc_server.cc:146: Polled event from CQ, thead: 139727638365952::0, status: 1
[2023-03-03 02:26:53,382 D 189 189] actor_scheduling_queue.cc:89: Enqueue 8 cur seqno 8
[2023-03-03 02:26:53,382 D 189 189] core_worker.cc:2273: Executing task, task info = Type=ACTOR_TASK, Language=PYTHON, Resources: {}, function_descriptor={type=PythonFunctionDescriptor, module_name=ray.train.worker_group, class_name=BaseWorkerMixin, function_name=_BaseWorkerMixin__execute, function_hash=}, task_id=193ce3580612de82345aba998291bf5f5c6c28e201000000, task_name=BaseWorkerMixin._BaseWorkerMixin__execute(), job_id=01000000, num_args=2, num_returns=2, depth=0, actor_task_spec={actor_id=345aba998291bf5f5c6c28e201000000, actor_caller_id=ffffffffffffffffed3b24ca1af274e73c7f023201000000, actor_counter=8}
[2023-03-03 02:26:53,383 D 189 189] core_worker.cc:2232: Creating return object 193ce3580612de82345aba998291bf5f5c6c28e20100000001000000
[2023-03-03 02:26:53,383 D 189 189] core_worker.cc:2424: Sealing return object 193ce3580612de82345aba998291bf5f5c6c28e20100000001000000
[2023-03-03 02:26:53,383 D 189 189] core_worker.cc:2407: Finished executing task 193ce3580612de82345aba998291bf5f5c6c28e201000000, status=OK
[2023-03-03 02:26:53,383 D 189 236] grpc_server.cc:146: Polled event from CQ, thead: 139727638365952::0, status: 1
[2023-03-03 02:26:53,390 D 189 236] grpc_server.cc:146: Polled event from CQ, thead: 139727638365952::0, status: 1
[2023-03-03 02:26:53,390 D 189 189] actor_scheduling_queue.cc:89: Enqueue 9 cur seqno 9
[2023-03-03 02:26:53,390 D 189 189] core_worker.cc:2273: Executing task, task info = Type=ACTOR_TASK, Language=PYTHON, Resources: {}, function_descriptor={type=PythonFunctionDescriptor, module_name=ray.train.worker_group, class_name=BaseWorkerMixin, function_name=_BaseWorkerMixin__execute, function_hash=}, task_id=2adeb4bc4ebf431b345aba998291bf5f5c6c28e201000000, task_name=BaseWorkerMixin._BaseWorkerMixin__execute(), job_id=01000000, num_args=2, num_returns=2, depth=0, actor_task_spec={actor_id=345aba998291bf5f5c6c28e201000000, actor_caller_id=ffffffffffffffffed3b24ca1af274e73c7f023201000000, actor_counter=9}
[2023-03-03 02:26:53,393 D 189 189] core_worker.cc:2232: Creating return object 2adeb4bc4ebf431b345aba998291bf5f5c6c28e20100000001000000
[2023-03-03 02:26:53,393 D 189 189] core_worker.cc:2424: Sealing return object 2adeb4bc4ebf431b345aba998291bf5f5c6c28e20100000001000000
[2023-03-03 02:26:53,393 D 189 189] core_worker.cc:2407: Finished executing task 2adeb4bc4ebf431b345aba998291bf5f5c6c28e201000000, status=OK
[2023-03-03 02:26:53,393 D 189 236] grpc_server.cc:146: Polled event from CQ, thead: 139727638365952::0, status: 1
[2023-03-03 02:26:53,451 D 189 259] accessor.cc:784: Adding profile data, component type = worker, node id = 630cbe5f93c86a98f7491209f828fc589165c9cc23e325b56b0d42b9
[2023-03-03 02:26:53,451 D 189 259] profiling.cc:87: Pushed 26 events to GCS.
[2023-03-03 02:26:53,452 D 189 259] accessor.cc:795: Finished adding profile data, status = OK, component type = worker, node id = 630cbe5f93c86a98f7491209f828fc589165c9cc23e325b56b0d42b9
