[2023-03-03 02:26:46,612 I 191 191] core_worker_process.cc:120: Constructing CoreWorkerProcess. pid: 191
[2023-03-03 02:26:46,657 D 191 195] core_worker_process.cc:200: Getting system config from raylet, remaining retries = 100
[2023-03-03 02:26:46,658 D 191 191] ray_config.cc:70: RayConfig is initialized with: is_external_storage_type_fs=true,object_spilling_config="{\"type\": \"filesystem\", \"params\": {\"directory_path\": \"/host/tmp/ray/session_2023-03-03_02-26-31_777240_2\"}}",
[2023-03-03 02:26:46,659 D 191 191] core_worker.cc:88: Constructing CoreWorker, worker_id: abee433ad2815530837ffe2a33281b87c65f411db80645b2b497f1ea
[2023-03-03 02:26:46,659 I 191 191] core_worker.cc:119: Connecting to local Raylet.
[2023-03-03 02:26:46,659 I 191 191] raylet_client.cc:116: Creating RayletConnection.
[2023-03-03 02:26:46,659 I 191 191] client_connection.cc:47: ConnectSocketRetry begin /host/tmp/ray/session_2023-03-03_02-26-31_777240_2/sockets/raylet 0
[2023-03-03 02:26:46,660 I 191 191] client_connection.cc:51: ConnectSocketRetry end /host/tmp/ray/session_2023-03-03_02-26-31_777240_2/sockets/raylet 0. OK
[2023-03-03 02:26:46,660 I 191 191] raylet_client.cc:118: Created RayletConnection.
[2023-03-03 02:26:46,660 I 191 191] raylet_client.cc:138: Begin AtomicRequestReply RegisterClientRequest
[2023-03-03 02:26:46,660 I 191 191] raylet_client.cc:141: End AtomicRequestReply RegisterClientRequest. Status: OK
[2023-03-03 02:26:46,660 I 191 191] core_worker.cc:135: Connected to local Raylet.
[2023-03-03 02:26:46,660 I 191 191] core_worker.cc:164: Starting GRPC server.
[2023-03-03 02:26:46,661 I 191 191] grpc_server.cc:105: worker server started, listening on port 40419.
[2023-03-03 02:26:46,662 I 191 191] core_worker.cc:171: Started GRPC server.
[2023-03-03 02:26:46,662 I 191 191] core_worker.cc:179: Initializing worker at address: 172.17.0.2:40419, worker ID abee433ad2815530837ffe2a33281b87c65f411db80645b2b497f1ea, raylet 74b4c9100fc00ca96afe9e11d079ae22ed07f1ccca0c44077751ae1f
[2023-03-03 02:26:46,672 I 191 213] gcs_server_address_updater.cc:32: GCS Server updater thread id: 139725969041152
[2023-03-03 02:26:46,764 D 191 191] gcs_client.cc:165: GcsClient connected.
[2023-03-03 02:26:46,764 I 191 191] core_worker.cc:205: GCS client created.
[2023-03-03 02:26:46,765 I 191 191] core_worker.cc:207: Registered to GCS.
[2023-03-03 02:26:46,765 D 191 191] subscriber.cc:348: Make a long polling request to 8539194c3da3bcc3c120dfd73ecd1fe3b227365ab15a19a55659c950
[2023-03-03 02:26:46,765 I 191 191] core_worker.cc:267: Creating CoreWorkerPlasmaStoreProvider
[2023-03-03 02:26:46,766 I 191 191] client.cc:762: Before ConnectSocketRetry
[2023-03-03 02:26:46,766 I 191 191] client_connection.cc:47: ConnectSocketRetry begin /host/tmp/ray/session_2023-03-03_02-26-31_777240_2/sockets/plasma_store 0
[2023-03-03 02:26:46,766 I 191 191] client_connection.cc:51: ConnectSocketRetry end /host/tmp/ray/session_2023-03-03_02-26-31_777240_2/sockets/plasma_store 0. OK
[2023-03-03 02:26:46,766 I 191 191] client.cc:764: After ConnectSocketRetry
[2023-03-03 02:26:46,766 I 191 191] client.cc:766: After new StoreConn
[2023-03-03 02:26:46,767 I 191 191] client.cc:769: After SendConnectRequest
[2023-03-03 02:26:46,767 I 191 191] client.cc:772: After PlasmaReceive
[2023-03-03 02:26:46,767 I 191 191] client.cc:774: After ReadConnectReply
[2023-03-03 02:26:46,767 D 191 191] client.cc:392: called plasma_create on conn 30 with size 8 and metadata size 0
[2023-03-03 02:26:46,767 I 191 191] protocol.cc:219: After CreatePlasmaCreateRequest, prepare to send
[2023-03-03 02:26:46,767 I 191 191] protocol.cc:221: After PlasmaSend, status: 1
[2023-03-03 02:26:46,767 I 191 191] client.cc:402: After SendCreateRequest
[2023-03-03 02:26:46,767 I 191 191] client.cc:311: Before PlasmaReceive
[2023-03-03 02:26:46,767 I 191 191] client.cc:313: After PlasmaReceive buffer size: 160
[2023-03-03 02:26:46,767 I 191 191] client.cc:327: After RreadCreateReply, retry count: 0
[2023-03-03 02:26:46,767 I 191 191] client.cc:355: After create PlasmaMutableBuffer
[2023-03-03 02:26:46,767 I 191 191] client.cc:404: After HandleCreateReply
[2023-03-03 02:26:46,768 I 191 191] core_worker.cc:277: Created CoreWorkerPlasmaStoreProvider
[2023-03-03 02:26:46,768 D 191 191] core_worker_process.cc:276: Worker abee433ad2815530837ffe2a33281b87c65f411db80645b2b497f1ea is created.
[2023-03-03 02:26:46,768 D 191 191] core_worker_process.cc:132: Stats setup in core worker.
[2023-03-03 02:26:46,768 D 191 191] stats.h:75: Initialized stats
[2023-03-03 02:26:46,769 I 191 191] io_service_pool.cc:35: IOServicePool is running with 1 io_service.
[2023-03-03 02:26:46,775 D 191 191] metrics_agent_client.h:41: Initiate the metrics client of address:127.0.0.1 port:65480
[2023-03-03 02:26:46,775 D 191 241] accessor.cc:487: Getting information of all nodes.
[2023-03-03 02:26:46,776 I 191 241] core_worker.cc:502: Event stats:


Global stats: 17 total (10 active)
Queueing time: mean = 3.907 ms, max = 10.973 ms, min = 8.133 ms, total = 66.427 ms
Execution time:  mean = 54.213 us, total = 921.616 us
Event stats:
	PeriodicalRunner.RunFnPeriodically - 7 total (2 active, 1 running), CPU time: mean = 63.916 us, total = 447.414 us
	UNKNOWN - 3 total (3 active), CPU time: mean = 0.000 s, total = 0.000 s
	InternalPubSubGcsService.grpc_client.GcsSubscriberCommandBatch - 1 total (0 active), CPU time: mean = 432.596 us, total = 432.596 us
	InternalPubSubGcsService.grpc_client.GcsSubscriberPoll - 1 total (1 active), CPU time: mean = 0.000 s, total = 0.000 s
	NodeInfoGcsService.grpc_client.GetAllNodeInfo - 1 total (1 active), CPU time: mean = 0.000 s, total = 0.000 s
	NodeManagerService.grpc_client.ReportWorkerBacklog - 1 total (1 active), CPU time: mean = 0.000 s, total = 0.000 s
	GcsClient.deadline_timer.check_gcs_connection - 1 total (1 active), CPU time: mean = 0.000 s, total = 0.000 s
	WorkerInfoGcsService.grpc_client.AddWorkerInfo - 1 total (0 active), CPU time: mean = 41.606 us, total = 41.606 us
	CoreWorker.deadline_timer.flush_profiling_events - 1 total (1 active), CPU time: mean = 0.000 s, total = 0.000 s


[2023-03-03 02:26:46,778 I 191 241] accessor.cc:599: Received notification for node id = 74b4c9100fc00ca96afe9e11d079ae22ed07f1ccca0c44077751ae1f, IsAlive = 1
[2023-03-03 02:26:46,778 D 191 241] accessor.cc:497: Finished getting information of all nodes, status = OK
[2023-03-03 02:26:46,780 D 191 210] grpc_server.cc:146: Polled event from CQ, thead: 139725960644352::0, status: 1
[2023-03-03 02:26:46,797 D 191 191] core_worker.cc:2273: Executing task, task info = Type=ACTOR_CREATION_TASK, Language=PYTHON, Resources: {CPU_group_49411f67bab454746a9d9e5ad14801000000: 1, }, function_descriptor={type=PythonFunctionDescriptor, module_name=ray.train.worker_group, class_name=BaseWorkerMixin, function_name=__init__, function_hash=8e22a569f692481c80e8348a9ddbaee1}, task_id=ffffffffffffffffb0cfa0a25b510085be4cd43f01000000, task_name=BaseWorkerMixin.__init__(), job_id=01000000, num_args=0, num_returns=1, depth=1, actor_creation_task_spec={actor_id=b0cfa0a25b510085be4cd43f01000000, max_restarts=0, max_concurrency=1, is_asyncio_actor=0, is_detached=0}
[2023-03-03 02:26:46,797 D 191 191] reference_count.cc:242: Add local reference ffffffffffffffffb0cfa0a25b510085be4cd43f0100000001000000
[2023-03-03 02:26:46,797 D 191 191] reference_count.cc:243: REF ffffffffffffffffb0cfa0a25b510085be4cd43f0100000001000000 borrowers: 0 local_ref_count: 1 submitted_count: 0 contained_in_owned: 0 contained_in_borrowed: 0 contains: 0 stored_in: 0 lineage_ref_count: 0
[2023-03-03 02:26:46,797 I 191 191] direct_actor_task_submitter.cc:33: Set max pending calls to -1 for actor b0cfa0a25b510085be4cd43f01000000
[2023-03-03 02:26:46,797 D 191 191] direct_actor_task_submitter.cc:169: Connecting to actor b0cfa0a25b510085be4cd43f01000000 at worker abee433ad2815530837ffe2a33281b87c65f411db80645b2b497f1ea
[2023-03-03 02:26:46,797 D 191 191] core_worker_client_pool.cc:42: Connected to 172.17.0.2:40419
[2023-03-03 02:26:46,797 D 191 191] sequential_actor_submit_queue.cc:86: Resetting caller starts at for actor b0cfa0a25b510085be4cd43f01000000 from 0 to 0
[2023-03-03 02:26:46,797 I 191 191] direct_actor_task_submitter.cc:217: Connecting to actor b0cfa0a25b510085be4cd43f01000000 at worker abee433ad2815530837ffe2a33281b87c65f411db80645b2b497f1ea
[2023-03-03 02:26:46,797 D 191 191] reference_count.cc:106: Adding borrowed object ffffffffffffffffb0cfa0a25b510085be4cd43f0100000001000000
[2023-03-03 02:26:46,798 I 191 191] core_worker.cc:2330: Creating actor: b0cfa0a25b510085be4cd43f01000000
[2023-03-03 02:26:47,382 D 191 191] core_worker.cc:2407: Finished executing task ffffffffffffffffb0cfa0a25b510085be4cd43f01000000, status=OK
[2023-03-03 02:26:47,382 I 191 191] direct_actor_transport.cc:144: Actor creation task finished, task_id: ffffffffffffffffb0cfa0a25b510085be4cd43f01000000, actor_id: b0cfa0a25b510085be4cd43f01000000
[2023-03-03 02:26:47,382 D 191 210] grpc_server.cc:146: Polled event from CQ, thead: 139725960644352::0, status: 1
[2023-03-03 02:26:47,386 D 191 210] grpc_server.cc:146: Polled event from CQ, thead: 139725960644352::0, status: 1
[2023-03-03 02:26:47,386 D 191 191] actor_scheduling_queue.cc:89: Enqueue 0 cur seqno 0
[2023-03-03 02:26:47,386 D 191 191] core_worker.cc:2273: Executing task, task info = Type=ACTOR_TASK, Language=PYTHON, Resources: {}, function_descriptor={type=PythonFunctionDescriptor, module_name=ray.train.worker_group, class_name=BaseWorkerMixin, function_name=_BaseWorkerMixin__execute, function_hash=}, task_id=6c0a2c0c2a4fd7bab0cfa0a25b510085be4cd43f01000000, task_name=BaseWorkerMixin._BaseWorkerMixin__execute(), job_id=01000000, num_args=2, num_returns=2, depth=0, actor_task_spec={actor_id=b0cfa0a25b510085be4cd43f01000000, actor_caller_id=ffffffffffffffffed3b24ca1af274e73c7f023201000000, actor_counter=0}
[2023-03-03 02:26:47,387 D 191 191] core_worker.cc:2232: Creating return object 6c0a2c0c2a4fd7bab0cfa0a25b510085be4cd43f0100000001000000
[2023-03-03 02:26:47,387 D 191 191] core_worker.cc:2424: Sealing return object 6c0a2c0c2a4fd7bab0cfa0a25b510085be4cd43f0100000001000000
[2023-03-03 02:26:47,387 D 191 191] core_worker.cc:2407: Finished executing task 6c0a2c0c2a4fd7bab0cfa0a25b510085be4cd43f01000000, status=OK
[2023-03-03 02:26:47,387 D 191 210] grpc_server.cc:146: Polled event from CQ, thead: 139725960644352::0, status: 1
[2023-03-03 02:26:47,416 D 191 210] grpc_server.cc:146: Polled event from CQ, thead: 139725960644352::0, status: 1
[2023-03-03 02:26:47,416 D 191 191] actor_scheduling_queue.cc:89: Enqueue 1 cur seqno 1
[2023-03-03 02:26:47,416 D 191 191] core_worker.cc:2273: Executing task, task info = Type=ACTOR_TASK, Language=PYTHON, Resources: {}, function_descriptor={type=PythonFunctionDescriptor, module_name=ray.train.worker_group, class_name=BaseWorkerMixin, function_name=_BaseWorkerMixin__execute, function_hash=}, task_id=a8abb602b58b6156b0cfa0a25b510085be4cd43f01000000, task_name=BaseWorkerMixin._BaseWorkerMixin__execute(), job_id=01000000, num_args=6, num_returns=2, depth=0, actor_task_spec={actor_id=b0cfa0a25b510085be4cd43f01000000, actor_caller_id=ffffffffffffffffed3b24ca1af274e73c7f023201000000, actor_counter=1}
[2023-03-03 02:26:47,417 D 191 191] core_worker.cc:2232: Creating return object a8abb602b58b6156b0cfa0a25b510085be4cd43f0100000001000000
[2023-03-03 02:26:47,417 D 191 191] core_worker.cc:2424: Sealing return object a8abb602b58b6156b0cfa0a25b510085be4cd43f0100000001000000
[2023-03-03 02:26:47,417 D 191 191] core_worker.cc:2407: Finished executing task a8abb602b58b6156b0cfa0a25b510085be4cd43f01000000, status=OK
[2023-03-03 02:26:47,417 D 191 210] grpc_server.cc:146: Polled event from CQ, thead: 139725960644352::0, status: 1
[2023-03-03 02:26:47,421 D 191 210] grpc_server.cc:146: Polled event from CQ, thead: 139725960644352::0, status: 1
[2023-03-03 02:26:47,421 D 191 191] actor_scheduling_queue.cc:89: Enqueue 2 cur seqno 2
[2023-03-03 02:26:47,421 D 191 191] core_worker.cc:2273: Executing task, task info = Type=ACTOR_TASK, Language=PYTHON, Resources: {}, function_descriptor={type=PythonFunctionDescriptor, module_name=ray.train.worker_group, class_name=BaseWorkerMixin, function_name=_BaseWorkerMixin__execute, function_hash=}, task_id=9f793899493994fdb0cfa0a25b510085be4cd43f01000000, task_name=BaseWorkerMixin._BaseWorkerMixin__execute(), job_id=01000000, num_args=12, num_returns=2, depth=0, actor_task_spec={actor_id=b0cfa0a25b510085be4cd43f01000000, actor_caller_id=ffffffffffffffffed3b24ca1af274e73c7f023201000000, actor_counter=2}
[2023-03-03 02:26:47,775 D 191 241] accessor.cc:784: Adding profile data, component type = worker, node id = abee433ad2815530837ffe2a33281b87c65f411db80645b2b497f1ea
[2023-03-03 02:26:47,776 D 191 241] profiling.cc:87: Pushed 12 events to GCS.
[2023-03-03 02:26:48,946 D 191 241] accessor.cc:795: Finished adding profile data, status = OK, component type = worker, node id = abee433ad2815530837ffe2a33281b87c65f411db80645b2b497f1ea
[2023-03-03 02:26:52,673 D 191 191] core_worker.cc:2232: Creating return object 9f793899493994fdb0cfa0a25b510085be4cd43f0100000001000000
[2023-03-03 02:26:52,673 D 191 191] core_worker.cc:2424: Sealing return object 9f793899493994fdb0cfa0a25b510085be4cd43f0100000001000000
[2023-03-03 02:26:52,673 D 191 191] core_worker.cc:2407: Finished executing task 9f793899493994fdb0cfa0a25b510085be4cd43f01000000, status=OK
[2023-03-03 02:26:52,673 D 191 210] grpc_server.cc:146: Polled event from CQ, thead: 139725960644352::0, status: 1
[2023-03-03 02:26:52,874 D 191 210] grpc_server.cc:146: Polled event from CQ, thead: 139725960644352::0, status: 1
[2023-03-03 02:26:52,874 D 191 191] actor_scheduling_queue.cc:89: Enqueue 3 cur seqno 3
[2023-03-03 02:26:52,874 D 191 191] core_worker.cc:2273: Executing task, task info = Type=ACTOR_TASK, Language=PYTHON, Resources: {}, function_descriptor={type=PythonFunctionDescriptor, module_name=ray.train.worker_group, class_name=BaseWorkerMixin, function_name=_BaseWorkerMixin__execute, function_hash=}, task_id=d56176130c0a1815b0cfa0a25b510085be4cd43f01000000, task_name=BaseWorkerMixin._BaseWorkerMixin__execute(), job_id=01000000, num_args=16, num_returns=2, depth=0, actor_task_spec={actor_id=b0cfa0a25b510085be4cd43f01000000, actor_caller_id=ffffffffffffffffed3b24ca1af274e73c7f023201000000, actor_counter=3}
[2023-03-03 02:26:52,947 D 191 241] accessor.cc:784: Adding profile data, component type = worker, node id = abee433ad2815530837ffe2a33281b87c65f411db80645b2b497f1ea
[2023-03-03 02:26:52,951 D 191 241] profiling.cc:87: Pushed 4 events to GCS.
[2023-03-03 02:26:52,952 D 191 241] accessor.cc:795: Finished adding profile data, status = OK, component type = worker, node id = abee433ad2815530837ffe2a33281b87c65f411db80645b2b497f1ea
[2023-03-03 02:26:53,139 D 191 191] core_worker.cc:2232: Creating return object d56176130c0a1815b0cfa0a25b510085be4cd43f0100000001000000
[2023-03-03 02:26:53,139 D 191 191] core_worker.cc:2424: Sealing return object d56176130c0a1815b0cfa0a25b510085be4cd43f0100000001000000
[2023-03-03 02:26:53,139 D 191 191] core_worker.cc:2407: Finished executing task d56176130c0a1815b0cfa0a25b510085be4cd43f01000000, status=OK
[2023-03-03 02:26:53,139 D 191 210] grpc_server.cc:146: Polled event from CQ, thead: 139725960644352::0, status: 1
[2023-03-03 02:26:53,144 D 191 210] grpc_server.cc:146: Polled event from CQ, thead: 139725960644352::0, status: 1
[2023-03-03 02:26:53,144 D 191 191] actor_scheduling_queue.cc:89: Enqueue 4 cur seqno 4
[2023-03-03 02:26:53,144 D 191 191] core_worker.cc:2273: Executing task, task info = Type=ACTOR_TASK, Language=PYTHON, Resources: {}, function_descriptor={type=PythonFunctionDescriptor, module_name=ray.train.worker_group, class_name=BaseWorkerMixin, function_name=_BaseWorkerMixin__execute, function_hash=}, task_id=36e544df46d212b0b0cfa0a25b510085be4cd43f01000000, task_name=BaseWorkerMixin._BaseWorkerMixin__execute(), job_id=01000000, num_args=2, num_returns=2, depth=0, actor_task_spec={actor_id=b0cfa0a25b510085be4cd43f01000000, actor_caller_id=ffffffffffffffffed3b24ca1af274e73c7f023201000000, actor_counter=4}
[2023-03-03 02:26:53,171 D 191 210] grpc_server.cc:146: Polled event from CQ, thead: 139725960644352::0, status: 1
[2023-03-03 02:26:53,171 D 191 191] core_worker.cc:2232: Creating return object 36e544df46d212b0b0cfa0a25b510085be4cd43f0100000001000000
[2023-03-03 02:26:53,171 D 191 191] core_worker.cc:2424: Sealing return object 36e544df46d212b0b0cfa0a25b510085be4cd43f0100000001000000
[2023-03-03 02:26:53,172 D 191 191] core_worker.cc:2407: Finished executing task 36e544df46d212b0b0cfa0a25b510085be4cd43f01000000, status=OK
[2023-03-03 02:26:53,172 D 191 210] grpc_server.cc:146: Polled event from CQ, thead: 139725960644352::0, status: 1
[2023-03-03 02:26:53,172 D 191 191] actor_scheduling_queue.cc:89: Enqueue 5 cur seqno 5
[2023-03-03 02:26:53,172 D 191 191] core_worker.cc:2273: Executing task, task info = Type=ACTOR_TASK, Language=PYTHON, Resources: {}, function_descriptor={type=PythonFunctionDescriptor, module_name=ray.train.worker_group, class_name=BaseWorkerMixin, function_name=_BaseWorkerMixin__execute, function_hash=}, task_id=f7388c0618e1a5d7b0cfa0a25b510085be4cd43f01000000, task_name=BaseWorkerMixin._BaseWorkerMixin__execute(), job_id=01000000, num_args=2, num_returns=2, depth=0, actor_task_spec={actor_id=b0cfa0a25b510085be4cd43f01000000, actor_caller_id=ffffffffffffffffed3b24ca1af274e73c7f023201000000, actor_counter=5}
[2023-03-03 02:26:53,172 D 191 191] core_worker.cc:2232: Creating return object f7388c0618e1a5d7b0cfa0a25b510085be4cd43f0100000001000000
[2023-03-03 02:26:53,172 D 191 191] core_worker.cc:2424: Sealing return object f7388c0618e1a5d7b0cfa0a25b510085be4cd43f0100000001000000
[2023-03-03 02:26:53,172 D 191 191] core_worker.cc:2407: Finished executing task f7388c0618e1a5d7b0cfa0a25b510085be4cd43f01000000, status=OK
[2023-03-03 02:26:53,173 D 191 210] grpc_server.cc:146: Polled event from CQ, thead: 139725960644352::0, status: 1
[2023-03-03 02:26:53,374 D 191 210] grpc_server.cc:146: Polled event from CQ, thead: 139725960644352::0, status: 1
[2023-03-03 02:26:53,375 D 191 191] actor_scheduling_queue.cc:89: Enqueue 6 cur seqno 6
[2023-03-03 02:26:53,375 D 191 191] core_worker.cc:2273: Executing task, task info = Type=ACTOR_TASK, Language=PYTHON, Resources: {}, function_descriptor={type=PythonFunctionDescriptor, module_name=ray.train.worker_group, class_name=BaseWorkerMixin, function_name=_BaseWorkerMixin__execute, function_hash=}, task_id=be3a730414d13b5cb0cfa0a25b510085be4cd43f01000000, task_name=BaseWorkerMixin._BaseWorkerMixin__execute(), job_id=01000000, num_args=2, num_returns=2, depth=0, actor_task_spec={actor_id=b0cfa0a25b510085be4cd43f01000000, actor_caller_id=ffffffffffffffffed3b24ca1af274e73c7f023201000000, actor_counter=6}
[2023-03-03 02:26:53,375 D 191 191] core_worker.cc:2232: Creating return object be3a730414d13b5cb0cfa0a25b510085be4cd43f0100000001000000
[2023-03-03 02:26:53,375 D 191 191] core_worker.cc:2424: Sealing return object be3a730414d13b5cb0cfa0a25b510085be4cd43f0100000001000000
[2023-03-03 02:26:53,375 D 191 191] core_worker.cc:2407: Finished executing task be3a730414d13b5cb0cfa0a25b510085be4cd43f01000000, status=OK
[2023-03-03 02:26:53,375 D 191 210] grpc_server.cc:146: Polled event from CQ, thead: 139725960644352::0, status: 1
[2023-03-03 02:26:53,383 D 191 210] grpc_server.cc:146: Polled event from CQ, thead: 139725960644352::0, status: 1
[2023-03-03 02:26:53,383 D 191 191] actor_scheduling_queue.cc:89: Enqueue 7 cur seqno 7
[2023-03-03 02:26:53,383 D 191 191] core_worker.cc:2273: Executing task, task info = Type=ACTOR_TASK, Language=PYTHON, Resources: {}, function_descriptor={type=PythonFunctionDescriptor, module_name=ray.train.worker_group, class_name=BaseWorkerMixin, function_name=_BaseWorkerMixin__execute, function_hash=}, task_id=9846cb84dc14844ab0cfa0a25b510085be4cd43f01000000, task_name=BaseWorkerMixin._BaseWorkerMixin__execute(), job_id=01000000, num_args=2, num_returns=2, depth=0, actor_task_spec={actor_id=b0cfa0a25b510085be4cd43f01000000, actor_caller_id=ffffffffffffffffed3b24ca1af274e73c7f023201000000, actor_counter=7}
[2023-03-03 02:26:53,383 D 191 191] core_worker.cc:2232: Creating return object 9846cb84dc14844ab0cfa0a25b510085be4cd43f0100000001000000
[2023-03-03 02:26:53,384 D 191 191] core_worker.cc:2424: Sealing return object 9846cb84dc14844ab0cfa0a25b510085be4cd43f0100000001000000
[2023-03-03 02:26:53,384 D 191 191] core_worker.cc:2407: Finished executing task 9846cb84dc14844ab0cfa0a25b510085be4cd43f01000000, status=OK
[2023-03-03 02:26:53,384 D 191 210] grpc_server.cc:146: Polled event from CQ, thead: 139725960644352::0, status: 1
[2023-03-03 02:26:53,391 D 191 210] grpc_server.cc:146: Polled event from CQ, thead: 139725960644352::0, status: 1
[2023-03-03 02:26:53,391 D 191 191] actor_scheduling_queue.cc:89: Enqueue 8 cur seqno 8
[2023-03-03 02:26:53,391 D 191 191] core_worker.cc:2273: Executing task, task info = Type=ACTOR_TASK, Language=PYTHON, Resources: {}, function_descriptor={type=PythonFunctionDescriptor, module_name=ray.train.worker_group, class_name=BaseWorkerMixin, function_name=_BaseWorkerMixin__execute, function_hash=}, task_id=289a7ed1ba2675dfb0cfa0a25b510085be4cd43f01000000, task_name=BaseWorkerMixin._BaseWorkerMixin__execute(), job_id=01000000, num_args=2, num_returns=2, depth=0, actor_task_spec={actor_id=b0cfa0a25b510085be4cd43f01000000, actor_caller_id=ffffffffffffffffed3b24ca1af274e73c7f023201000000, actor_counter=8}
[2023-03-03 02:26:53,394 D 191 191] core_worker.cc:2232: Creating return object 289a7ed1ba2675dfb0cfa0a25b510085be4cd43f0100000001000000
[2023-03-03 02:26:53,394 D 191 191] core_worker.cc:2424: Sealing return object 289a7ed1ba2675dfb0cfa0a25b510085be4cd43f0100000001000000
[2023-03-03 02:26:53,394 D 191 191] core_worker.cc:2407: Finished executing task 289a7ed1ba2675dfb0cfa0a25b510085be4cd43f01000000, status=OK
[2023-03-03 02:26:53,394 D 191 210] grpc_server.cc:146: Polled event from CQ, thead: 139725960644352::0, status: 1
[2023-03-03 02:26:53,951 D 191 241] accessor.cc:784: Adding profile data, component type = worker, node id = abee433ad2815530837ffe2a33281b87c65f411db80645b2b497f1ea
[2023-03-03 02:26:53,952 D 191 241] profiling.cc:87: Pushed 23 events to GCS.
[2023-03-03 02:26:53,952 D 191 241] accessor.cc:795: Finished adding profile data, status = OK, component type = worker, node id = abee433ad2815530837ffe2a33281b87c65f411db80645b2b497f1ea
