[2023-03-02 11:36:36,471 D 19 19] (gcs_server) ray_config.cc:70: RayConfig is initialized with: is_external_storage_type_fs=true,object_spilling_config="{\"type\": \"filesystem\", \"params\": {\"directory_path\": \"/host/tmp/ray/session_2023-03-02_11-36-36_371278_2\"}}",
[2023-03-02 11:36:36,471 D 19 19] (gcs_server) stats.h:75: Initialized stats
[2023-03-02 11:36:36,471 I 19 19] (gcs_server) io_service_pool.cc:35: IOServicePool is running with 1 io_service.
[2023-03-02 11:36:36,473 D 19 19] (gcs_server) metrics_agent_client.h:41: Initiate the metrics client of address:127.0.0.1 port:63501
[2023-03-02 11:36:36,480 I 19 19] (gcs_server) gcs_server.cc:56: GCS storage type is memory
[2023-03-02 11:36:36,481 I 19 19] (gcs_server) gcs_init_data.cc:44: Loading job table data.
[2023-03-02 11:36:36,481 I 19 19] (gcs_server) gcs_init_data.cc:56: Loading node table data.
[2023-03-02 11:36:36,481 I 19 19] (gcs_server) gcs_init_data.cc:68: Loading cluster resources table data.
[2023-03-02 11:36:36,481 I 19 19] (gcs_server) gcs_init_data.cc:95: Loading actor table data.
[2023-03-02 11:36:36,481 I 19 19] (gcs_server) gcs_init_data.cc:108: Loading actor task spec table data.
[2023-03-02 11:36:36,481 I 19 19] (gcs_server) gcs_init_data.cc:81: Loading placement group table data.
[2023-03-02 11:36:36,481 I 19 19] (gcs_server) gcs_init_data.cc:48: Finished loading job table data, size = 0
[2023-03-02 11:36:36,481 I 19 19] (gcs_server) gcs_init_data.cc:60: Finished loading node table data, size = 0
[2023-03-02 11:36:36,481 I 19 19] (gcs_server) gcs_init_data.cc:72: Finished loading cluster resources table data, size = 0
[2023-03-02 11:36:36,481 I 19 19] (gcs_server) gcs_init_data.cc:99: Finished loading actor table data, size = 0
[2023-03-02 11:36:36,482 I 19 19] (gcs_server) gcs_init_data.cc:112: Finished loading actor task spec table data, size = 0
[2023-03-02 11:36:36,482 I 19 19] (gcs_server) gcs_init_data.cc:86: Finished loading placement group table data, size = 0
[2023-03-02 11:36:36,482 D 19 19] (gcs_server) local_resource_manager.cc:36: local resources: {}
[2023-03-02 11:36:36,483 I 19 19] (gcs_server) gcs_heartbeat_manager.cc:31: GcsHeartbeatManager start, num_heartbeats_timeout=30
[2023-03-02 11:36:36,489 D 19 19] (gcs_server) gcs_placement_group_manager.cc:327: No additional placement groups to schedule. Stop scheduling.
[2023-03-02 11:36:36,489 D 19 19] (gcs_server) gcs_placement_group_manager.cc:327: No additional placement groups to schedule. Stop scheduling.
[2023-03-02 11:36:36,489 D 19 19] (gcs_server) gcs_actor_manager.cc:1242: The number of registered actors is 0, and the number of created actors is 0
[2023-03-02 11:36:36,492 I 19 19] (gcs_server) grpc_server.cc:105: GcsServer server started, listening on port 37154.
[2023-03-02 11:36:36,496 I 19 19] (gcs_server) gcs_server.cc:261: All alived nodes number: 0
[2023-03-02 11:36:36,496 I 19 19] (gcs_server) gcs_server.cc:181: GcsNodeManager: 
- RegisterNode request count: 0
- DrainNode request count: 0
- GetAllNodeInfo request count: 0
- GetInternalConfig request count: 0

GcsActorManager: 
- RegisterActor request count: 0
- CreateActor request count: 0
- GetActorInfo request count: 0
- GetNamedActorInfo request count: 0
- GetAllActorInfo request count: 0
- KillActor request count: 0
- ListNamedActors request count: 0
- Registered actors count: 0
- Destroyed actors count: 0
- Named actors count: 0
- Unresolved actors count: 0
- Pending actors count: 0
- Created actors count: 0
- owners_: 0
- actor_to_register_callbacks_: 0
- actor_to_create_callbacks_: 0
- sorted_destroyed_actor_list_: 0

GcsResourceManager: 
- GetResources request count: 0
- GetAllAvailableResources request count0
- UpdateResources request count: 0
- DeleteResources request count: 0
- ReportResourceUsage request count: 0
- GetAllResourceUsage request count: 0

GcsPlacementGroupManager: 
- CreatePlacementGroup request count: 0
- RemovePlacementGroup request count: 0
- GetPlacementGroup request count: 0
- GetAllPlacementGroup request count: 0
- WaitPlacementGroupUntilReady request count: 0
- GetNamedPlacementGroup request count: 0
- Scheduling pending placement group count: 0
- Registered placement groups count: 0
- Named placement group count: 0
- Pending placement groups count: 0
- Infeasible placement groups count: 0

GcsPublisher {}

[runtime env manager] ID to URIs table:
[runtime env manager] URIs reference table:

GrpcBasedResourceBroadcaster:
- Tracked nodes: 0
[2023-03-02 11:36:36,496 I 19 19] (gcs_server) gcs_server.cc:660: Event stats:


Global stats: 13 total (4 active)
Queueing time: mean = 2.249 ms, max = 14.325 ms, min = 10.081 us, total = 29.234 ms
Execution time:  mean = 1.134 ms, total = 14.748 ms
Event stats:
	GcsInMemoryStore.GetAll - 6 total (0 active), CPU time: mean = 2.431 ms, total = 14.586 ms
	PeriodicalRunner.RunFnPeriodically - 4 total (2 active, 1 running), CPU time: mean = 38.569 us, total = 154.277 us
	RaySyncer.deadline_timer.report_resource_report - 1 total (1 active), CPU time: mean = 0.000 s, total = 0.000 s
	RayletLoadPulled - 1 total (1 active), CPU time: mean = 0.000 s, total = 0.000 s
	GcsInMemoryStore.Put - 1 total (0 active), CPU time: mean = 7.818 us, total = 7.818 us


[2023-03-02 11:36:37,449 D 19 35] (gcs_server) grpc_server.cc:146: Polled event from CQ, thead: 140333003699968::0, status: 1
[2023-03-02 11:36:37,449 D 19 35] (gcs_server) grpc_server.cc:146: Polled event from CQ, thead: 140333003699968::0, status: 1
[2023-03-02 11:36:37,450 D 19 35] (gcs_server) grpc_server.cc:146: Polled event from CQ, thead: 140333003699968::0, status: 1
[2023-03-02 11:36:37,450 D 19 35] (gcs_server) grpc_server.cc:146: Polled event from CQ, thead: 140333003699968::0, status: 1
[2023-03-02 11:36:37,451 D 19 35] (gcs_server) grpc_server.cc:146: Polled event from CQ, thead: 140333003699968::0, status: 1
[2023-03-02 11:36:37,451 D 19 35] (gcs_server) grpc_server.cc:146: Polled event from CQ, thead: 140333003699968::0, status: 1
[2023-03-02 11:36:37,451 D 19 35] (gcs_server) grpc_server.cc:146: Polled event from CQ, thead: 140333003699968::0, status: 1
[2023-03-02 11:36:37,451 D 19 35] (gcs_server) grpc_server.cc:146: Polled event from CQ, thead: 140333003699968::0, status: 1
[2023-03-02 11:36:37,489 D 19 19] (gcs_server) gcs_placement_group_manager.cc:327: No additional placement groups to schedule. Stop scheduling.
[2023-03-02 11:36:37,496 I 19 19] (gcs_server) gcs_server.cc:261: All alived nodes number: 0
[2023-03-02 11:36:37,657 D 19 35] (gcs_server) grpc_server.cc:146: Polled event from CQ, thead: 140333003699968::0, status: 1
[2023-03-02 11:36:37,657 D 19 35] (gcs_server) grpc_server.cc:146: Polled event from CQ, thead: 140333003699968::0, status: 1
[2023-03-02 11:36:37,672 D 19 35] (gcs_server) grpc_server.cc:146: Polled event from CQ, thead: 140333003699968::0, status: 1
[2023-03-02 11:36:37,672 D 19 35] (gcs_server) grpc_server.cc:146: Polled event from CQ, thead: 140333003699968::0, status: 1
[2023-03-02 11:36:37,758 D 19 35] (gcs_server) grpc_server.cc:146: Polled event from CQ, thead: 140333003699968::0, status: 1
[2023-03-02 11:36:37,758 D 19 35] (gcs_server) grpc_server.cc:146: Polled event from CQ, thead: 140333003699968::0, status: 1
[2023-03-02 11:36:37,859 D 19 35] (gcs_server) grpc_server.cc:146: Polled event from CQ, thead: 140333003699968::0, status: 1
[2023-03-02 11:36:37,859 D 19 35] (gcs_server) grpc_server.cc:146: Polled event from CQ, thead: 140333003699968::0, status: 1
[2023-03-02 11:36:37,960 D 19 35] (gcs_server) grpc_server.cc:146: Polled event from CQ, thead: 140333003699968::0, status: 1
[2023-03-02 11:36:37,960 D 19 35] (gcs_server) grpc_server.cc:146: Polled event from CQ, thead: 140333003699968::0, status: 1
[2023-03-02 11:36:38,061 D 19 35] (gcs_server) grpc_server.cc:146: Polled event from CQ, thead: 140333003699968::0, status: 1
[2023-03-02 11:36:38,061 D 19 35] (gcs_server) grpc_server.cc:146: Polled event from CQ, thead: 140333003699968::0, status: 1
[2023-03-02 11:36:38,161 D 19 35] (gcs_server) grpc_server.cc:146: Polled event from CQ, thead: 140333003699968::0, status: 1
[2023-03-02 11:36:38,162 D 19 35] (gcs_server) grpc_server.cc:146: Polled event from CQ, thead: 140333003699968::0, status: 1
[2023-03-02 11:36:38,262 D 19 35] (gcs_server) grpc_server.cc:146: Polled event from CQ, thead: 140333003699968::0, status: 1
[2023-03-02 11:36:38,262 D 19 35] (gcs_server) grpc_server.cc:146: Polled event from CQ, thead: 140333003699968::0, status: 1
[2023-03-02 11:36:38,363 D 19 35] (gcs_server) grpc_server.cc:146: Polled event from CQ, thead: 140333003699968::0, status: 1
[2023-03-02 11:36:38,363 D 19 35] (gcs_server) grpc_server.cc:146: Polled event from CQ, thead: 140333003699968::0, status: 1
[2023-03-02 11:36:38,464 D 19 35] (gcs_server) grpc_server.cc:146: Polled event from CQ, thead: 140333003699968::0, status: 1
[2023-03-02 11:36:38,464 D 19 35] (gcs_server) grpc_server.cc:146: Polled event from CQ, thead: 140333003699968::0, status: 1
[2023-03-02 11:36:38,489 D 19 19] (gcs_server) gcs_placement_group_manager.cc:327: No additional placement groups to schedule. Stop scheduling.
[2023-03-02 11:36:38,496 I 19 19] (gcs_server) gcs_server.cc:261: All alived nodes number: 0
[2023-03-02 11:36:38,565 D 19 35] (gcs_server) grpc_server.cc:146: Polled event from CQ, thead: 140333003699968::0, status: 1
[2023-03-02 11:36:38,565 D 19 35] (gcs_server) grpc_server.cc:146: Polled event from CQ, thead: 140333003699968::0, status: 1
[2023-03-02 11:36:38,665 D 19 35] (gcs_server) grpc_server.cc:146: Polled event from CQ, thead: 140333003699968::0, status: 1
[2023-03-02 11:36:38,666 D 19 35] (gcs_server) grpc_server.cc:146: Polled event from CQ, thead: 140333003699968::0, status: 1
[2023-03-02 11:36:38,766 D 19 35] (gcs_server) grpc_server.cc:146: Polled event from CQ, thead: 140333003699968::0, status: 1
[2023-03-02 11:36:38,766 D 19 35] (gcs_server) grpc_server.cc:146: Polled event from CQ, thead: 140333003699968::0, status: 1
[2023-03-02 11:36:38,867 D 19 35] (gcs_server) grpc_server.cc:146: Polled event from CQ, thead: 140333003699968::0, status: 1
[2023-03-02 11:36:38,867 D 19 35] (gcs_server) grpc_server.cc:146: Polled event from CQ, thead: 140333003699968::0, status: 1
[2023-03-02 11:36:38,968 D 19 35] (gcs_server) grpc_server.cc:146: Polled event from CQ, thead: 140333003699968::0, status: 1
[2023-03-02 11:36:38,968 D 19 35] (gcs_server) grpc_server.cc:146: Polled event from CQ, thead: 140333003699968::0, status: 1
[2023-03-02 11:36:39,068 D 19 35] (gcs_server) grpc_server.cc:146: Polled event from CQ, thead: 140333003699968::0, status: 1
[2023-03-02 11:36:39,069 D 19 35] (gcs_server) grpc_server.cc:146: Polled event from CQ, thead: 140333003699968::0, status: 1
[2023-03-02 11:36:39,169 D 19 35] (gcs_server) grpc_server.cc:146: Polled event from CQ, thead: 140333003699968::0, status: 1
[2023-03-02 11:36:39,169 D 19 35] (gcs_server) grpc_server.cc:146: Polled event from CQ, thead: 140333003699968::0, status: 1
[2023-03-02 11:36:39,270 D 19 35] (gcs_server) grpc_server.cc:146: Polled event from CQ, thead: 140333003699968::0, status: 1
[2023-03-02 11:36:39,270 D 19 35] (gcs_server) grpc_server.cc:146: Polled event from CQ, thead: 140333003699968::0, status: 1
[2023-03-02 11:36:39,371 D 19 35] (gcs_server) grpc_server.cc:146: Polled event from CQ, thead: 140333003699968::0, status: 1
[2023-03-02 11:36:39,371 D 19 35] (gcs_server) grpc_server.cc:146: Polled event from CQ, thead: 140333003699968::0, status: 1
[2023-03-02 11:36:39,471 D 19 35] (gcs_server) grpc_server.cc:146: Polled event from CQ, thead: 140333003699968::0, status: 1
[2023-03-02 11:36:39,472 D 19 35] (gcs_server) grpc_server.cc:146: Polled event from CQ, thead: 140333003699968::0, status: 1
[2023-03-02 11:36:39,489 D 19 19] (gcs_server) gcs_placement_group_manager.cc:327: No additional placement groups to schedule. Stop scheduling.
[2023-03-02 11:36:39,496 I 19 19] (gcs_server) gcs_server.cc:261: All alived nodes number: 0
[2023-03-02 11:36:39,572 D 19 35] (gcs_server) grpc_server.cc:146: Polled event from CQ, thead: 140333003699968::0, status: 1
[2023-03-02 11:36:39,573 D 19 35] (gcs_server) grpc_server.cc:146: Polled event from CQ, thead: 140333003699968::0, status: 1
[2023-03-02 11:36:39,673 D 19 35] (gcs_server) grpc_server.cc:146: Polled event from CQ, thead: 140333003699968::0, status: 1
[2023-03-02 11:36:39,673 D 19 35] (gcs_server) grpc_server.cc:146: Polled event from CQ, thead: 140333003699968::0, status: 1
[2023-03-02 11:36:39,774 D 19 35] (gcs_server) grpc_server.cc:146: Polled event from CQ, thead: 140333003699968::0, status: 1
[2023-03-02 11:36:39,774 D 19 35] (gcs_server) grpc_server.cc:146: Polled event from CQ, thead: 140333003699968::0, status: 1
[2023-03-02 11:36:39,875 D 19 35] (gcs_server) grpc_server.cc:146: Polled event from CQ, thead: 140333003699968::0, status: 1
[2023-03-02 11:36:39,875 D 19 35] (gcs_server) grpc_server.cc:146: Polled event from CQ, thead: 140333003699968::0, status: 1
[2023-03-02 11:36:40,489 D 19 19] (gcs_server) gcs_placement_group_manager.cc:327: No additional placement groups to schedule. Stop scheduling.
[2023-03-02 11:36:40,496 I 19 19] (gcs_server) gcs_server.cc:261: All alived nodes number: 0
[2023-03-02 11:36:41,327 D 19 35] (gcs_server) grpc_server.cc:146: Polled event from CQ, thead: 140333003699968::0, status: 1
[2023-03-02 11:36:41,327 D 19 35] (gcs_server) grpc_server.cc:146: Polled event from CQ, thead: 140333003699968::0, status: 1
[2023-03-02 11:36:41,428 D 19 35] (gcs_server) grpc_server.cc:146: Polled event from CQ, thead: 140333003699968::0, status: 1
[2023-03-02 11:36:41,428 D 19 35] (gcs_server) grpc_server.cc:146: Polled event from CQ, thead: 140333003699968::0, status: 1
[2023-03-02 11:36:41,489 D 19 19] (gcs_server) gcs_placement_group_manager.cc:327: No additional placement groups to schedule. Stop scheduling.
[2023-03-02 11:36:41,497 I 19 19] (gcs_server) gcs_server.cc:261: All alived nodes number: 0
[2023-03-02 11:36:41,529 D 19 35] (gcs_server) grpc_server.cc:146: Polled event from CQ, thead: 140333003699968::0, status: 1
[2023-03-02 11:36:41,529 D 19 35] (gcs_server) grpc_server.cc:146: Polled event from CQ, thead: 140333003699968::0, status: 1
[2023-03-02 11:36:41,630 D 19 35] (gcs_server) grpc_server.cc:146: Polled event from CQ, thead: 140333003699968::0, status: 1
[2023-03-02 11:36:41,630 D 19 35] (gcs_server) grpc_server.cc:146: Polled event from CQ, thead: 140333003699968::0, status: 1
[2023-03-02 11:36:41,730 D 19 35] (gcs_server) grpc_server.cc:146: Polled event from CQ, thead: 140333003699968::0, status: 1
[2023-03-02 11:36:41,731 D 19 35] (gcs_server) grpc_server.cc:146: Polled event from CQ, thead: 140333003699968::0, status: 1
[2023-03-02 11:36:41,831 D 19 35] (gcs_server) grpc_server.cc:146: Polled event from CQ, thead: 140333003699968::0, status: 1
[2023-03-02 11:36:41,831 D 19 35] (gcs_server) grpc_server.cc:146: Polled event from CQ, thead: 140333003699968::0, status: 1
[2023-03-02 11:36:41,932 D 19 35] (gcs_server) grpc_server.cc:146: Polled event from CQ, thead: 140333003699968::0, status: 1
[2023-03-02 11:36:41,932 D 19 35] (gcs_server) grpc_server.cc:146: Polled event from CQ, thead: 140333003699968::0, status: 1
[2023-03-02 11:36:42,032 D 19 35] (gcs_server) grpc_server.cc:146: Polled event from CQ, thead: 140333003699968::0, status: 1
[2023-03-02 11:36:42,033 D 19 35] (gcs_server) grpc_server.cc:146: Polled event from CQ, thead: 140333003699968::0, status: 1
[2023-03-02 11:36:42,133 D 19 35] (gcs_server) grpc_server.cc:146: Polled event from CQ, thead: 140333003699968::0, status: 1
[2023-03-02 11:36:42,133 D 19 35] (gcs_server) grpc_server.cc:146: Polled event from CQ, thead: 140333003699968::0, status: 1
[2023-03-02 11:36:42,234 D 19 35] (gcs_server) grpc_server.cc:146: Polled event from CQ, thead: 140333003699968::0, status: 1
[2023-03-02 11:36:42,234 D 19 35] (gcs_server) grpc_server.cc:146: Polled event from CQ, thead: 140333003699968::0, status: 1
[2023-03-02 11:36:42,335 D 19 35] (gcs_server) grpc_server.cc:146: Polled event from CQ, thead: 140333003699968::0, status: 1
[2023-03-02 11:36:42,335 D 19 35] (gcs_server) grpc_server.cc:146: Polled event from CQ, thead: 140333003699968::0, status: 1
[2023-03-02 11:36:42,435 D 19 35] (gcs_server) grpc_server.cc:146: Polled event from CQ, thead: 140333003699968::0, status: 1
[2023-03-02 11:36:42,435 D 19 35] (gcs_server) grpc_server.cc:146: Polled event from CQ, thead: 140333003699968::0, status: 1
[2023-03-02 11:36:42,489 D 19 19] (gcs_server) gcs_placement_group_manager.cc:327: No additional placement groups to schedule. Stop scheduling.
[2023-03-02 11:36:42,497 I 19 19] (gcs_server) gcs_server.cc:261: All alived nodes number: 0
[2023-03-02 11:36:42,536 D 19 35] (gcs_server) grpc_server.cc:146: Polled event from CQ, thead: 140333003699968::0, status: 1
[2023-03-02 11:36:42,536 D 19 35] (gcs_server) grpc_server.cc:146: Polled event from CQ, thead: 140333003699968::0, status: 1
[2023-03-02 11:36:42,637 D 19 35] (gcs_server) grpc_server.cc:146: Polled event from CQ, thead: 140333003699968::0, status: 1
[2023-03-02 11:36:42,637 D 19 35] (gcs_server) grpc_server.cc:146: Polled event from CQ, thead: 140333003699968::0, status: 1
[2023-03-02 11:36:42,696 D 19 35] (gcs_server) grpc_server.cc:146: Polled event from CQ, thead: 140333003699968::0, status: 1
[2023-03-02 11:36:42,696 I 19 19] (gcs_server) gcs_node_manager.cc:42: Registering node info, node id = 4d231dd263cecb5a210721d8111b91e627129a1e02269ace1e1800e8, address = 172.17.0.2, node name = 172.17.0.2
[2023-03-02 11:36:42,696 I 19 19] (gcs_server) gcs_node_manager.cc:48: Finished registering node info, node id = 4d231dd263cecb5a210721d8111b91e627129a1e02269ace1e1800e8, address = 172.17.0.2, node name = 172.17.0.2
[2023-03-02 11:36:42,696 I 19 19] (gcs_server) gcs_placement_group_manager.cc:720: A new node: 4d231dd263cecb5a210721d8111b91e627129a1e02269ace1e1800e8 registered, will try to reschedule all the infeasible placement groups.
[2023-03-02 11:36:42,696 D 19 19] (gcs_server) gcs_placement_group_manager.cc:327: No additional placement groups to schedule. Stop scheduling.
[2023-03-02 11:36:42,696 D 19 19] (gcs_server) gcs_resource_report_poller.cc:91: Node was added with id: 4d231dd263cecb5a210721d8111b91e627129a1e02269ace1e1800e8
[2023-03-02 11:36:42,696 D 19 35] (gcs_server) grpc_server.cc:146: Polled event from CQ, thead: 140333003699968::0, status: 1
[2023-03-02 11:36:42,696 D 19 31] (gcs_server) node_manager_client_pool.cc:33: Connected to 172.17.0.2:43765
[2023-03-02 11:36:42,721 D 19 35] (gcs_server) grpc_server.cc:146: Polled event from CQ, thead: 140333003699968::0, status: 1
[2023-03-02 11:36:42,721 D 19 35] (gcs_server) grpc_server.cc:146: Polled event from CQ, thead: 140333003699968::0, status: 1
[2023-03-02 11:36:42,729 D 19 35] (gcs_server) grpc_server.cc:146: Polled event from CQ, thead: 140333003699968::0, status: 1
[2023-03-02 11:36:42,729 D 19 34] (gcs_server) publisher.cc:322: Long polling connection initiated by f96ad6a7e7b4b520bc901423c542d25e923e23cc9c84049568f0e5b2
[2023-03-02 11:36:42,738 D 19 35] (gcs_server) grpc_server.cc:146: Polled event from CQ, thead: 140333003699968::0, status: 1
[2023-03-02 11:36:42,738 D 19 35] (gcs_server) grpc_server.cc:146: Polled event from CQ, thead: 140333003699968::0, status: 1
[2023-03-02 11:36:42,739 D 19 35] (gcs_server) grpc_server.cc:146: Polled event from CQ, thead: 140333003699968::0, status: 1
[2023-03-02 11:36:42,748 D 19 35] (gcs_server) grpc_server.cc:146: Polled event from CQ, thead: 140333003699968::0, status: 1
[2023-03-02 11:36:42,757 D 19 35] (gcs_server) grpc_server.cc:146: Polled event from CQ, thead: 140333003699968::0, status: 1
[2023-03-02 11:36:42,757 D 19 35] (gcs_server) grpc_server.cc:146: Polled event from CQ, thead: 140333003699968::0, status: 1
[2023-03-02 11:36:42,757 D 19 35] (gcs_server) grpc_server.cc:146: Polled event from CQ, thead: 140333003699968::0, status: 1
[2023-03-02 11:36:42,757 D 19 35] (gcs_server) grpc_server.cc:146: Polled event from CQ, thead: 140333003699968::0, status: 1
[2023-03-02 11:36:42,757 D 19 35] (gcs_server) grpc_server.cc:146: Polled event from CQ, thead: 140333003699968::0, status: 1
[2023-03-02 11:36:42,757 D 19 35] (gcs_server) grpc_server.cc:146: Polled event from CQ, thead: 140333003699968::0, status: 1
[2023-03-02 11:36:42,763 D 19 35] (gcs_server) grpc_server.cc:146: Polled event from CQ, thead: 140333003699968::0, status: 1
[2023-03-02 11:36:42,764 I 19 19] (gcs_server) gcs_job_manager.cc:151: Getting all job info.
[2023-03-02 11:36:42,764 D 19 35] (gcs_server) grpc_server.cc:146: Polled event from CQ, thead: 140333003699968::0, status: 1
[2023-03-02 11:36:42,764 I 19 19] (gcs_server) gcs_job_manager.cc:157: Finished getting all job info.
[2023-03-02 11:36:42,764 D 19 35] (gcs_server) grpc_server.cc:146: Polled event from CQ, thead: 140333003699968::0, status: 1
[2023-03-02 11:36:42,764 D 19 35] (gcs_server) grpc_server.cc:146: Polled event from CQ, thead: 140333003699968::0, status: 1
[2023-03-02 11:36:42,853 D 19 35] (gcs_server) grpc_server.cc:146: Polled event from CQ, thead: 140333003699968::0, status: 1
[2023-03-02 11:36:42,853 D 19 35] (gcs_server) grpc_server.cc:146: Polled event from CQ, thead: 140333003699968::0, status: 1
[2023-03-02 11:36:42,958 D 19 35] (gcs_server) grpc_server.cc:146: Polled event from CQ, thead: 140333003699968::0, status: 1
[2023-03-02 11:36:42,959 D 19 35] (gcs_server) grpc_server.cc:146: Polled event from CQ, thead: 140333003699968::0, status: 1
[2023-03-02 11:36:42,959 D 19 35] (gcs_server) grpc_server.cc:146: Polled event from CQ, thead: 140333003699968::0, status: 1
[2023-03-02 11:36:42,959 D 19 35] (gcs_server) grpc_server.cc:146: Polled event from CQ, thead: 140333003699968::0, status: 1
[2023-03-02 11:36:42,966 D 19 35] (gcs_server) grpc_server.cc:146: Polled event from CQ, thead: 140333003699968::0, status: 1
[2023-03-02 11:36:42,966 I 19 19] (gcs_server) gcs_job_manager.cc:41: Adding job, job id = 01000000, driver pid = 2
[2023-03-02 11:36:42,966 D 19 35] (gcs_server) grpc_server.cc:146: Polled event from CQ, thead: 140333003699968::0, status: 1
[2023-03-02 11:36:42,966 D 19 19] (gcs_server) runtime_env_manager.cc:78: 
[runtime env manager] ID to URIs table:
[runtime env manager] URIs reference table:
[2023-03-02 11:36:42,966 I 19 19] (gcs_server) gcs_job_manager.cc:56: Finished adding job, job id = 01000000, driver pid = 2
[2023-03-02 11:36:42,967 D 19 35] (gcs_server) grpc_server.cc:146: Polled event from CQ, thead: 140333003699968::0, status: 1
[2023-03-02 11:36:42,967 D 19 35] (gcs_server) grpc_server.cc:146: Polled event from CQ, thead: 140333003699968::0, status: 1
[2023-03-02 11:36:42,967 D 19 34] (gcs_server) publisher.cc:322: Long polling connection initiated by f96ad6a7e7b4b520bc901423c542d25e923e23cc9c84049568f0e5b2
[2023-03-02 11:36:43,072 D 19 35] (gcs_server) grpc_server.cc:146: Polled event from CQ, thead: 140333003699968::0, status: 1
[2023-03-02 11:36:43,072 D 19 19] (gcs_server) gcs_worker_manager.cc:138: Adding worker 01000000ffffffffffffffffffffffffffffffffffffffffffffffff
[2023-03-02 11:36:43,072 D 19 19] (gcs_server) gcs_worker_manager.cc:146: Finished adding worker 01000000ffffffffffffffffffffffffffffffffffffffffffffffff
[2023-03-02 11:36:43,072 D 19 35] (gcs_server) grpc_server.cc:146: Polled event from CQ, thead: 140333003699968::0, status: 1
[2023-03-02 11:36:43,072 D 19 35] (gcs_server) grpc_server.cc:146: Polled event from CQ, thead: 140333003699968::0, status: 1
[2023-03-02 11:36:43,072 D 19 35] (gcs_server) grpc_server.cc:146: Polled event from CQ, thead: 140333003699968::0, status: 1
[2023-03-02 11:36:43,073 D 19 34] (gcs_server) publisher.cc:322: Long polling connection initiated by 0070315d1946021aed3cdab6e046f90269ce34ddec673a45c6c300dc
[2023-03-02 11:36:43,073 D 19 35] (gcs_server) grpc_server.cc:146: Polled event from CQ, thead: 140333003699968::0, status: 1
[2023-03-02 11:36:43,089 D 19 35] (gcs_server) grpc_server.cc:146: Polled event from CQ, thead: 140333003699968::0, status: 1
[2023-03-02 11:36:43,089 D 19 35] (gcs_server) grpc_server.cc:146: Polled event from CQ, thead: 140333003699968::0, status: 1
[2023-03-02 11:36:43,089 D 19 35] (gcs_server) grpc_server.cc:146: Polled event from CQ, thead: 140333003699968::0, status: 1
[2023-03-02 11:36:43,089 D 19 35] (gcs_server) grpc_server.cc:146: Polled event from CQ, thead: 140333003699968::0, status: 1
[2023-03-02 11:36:43,089 D 19 35] (gcs_server) grpc_server.cc:146: Polled event from CQ, thead: 140333003699968::0, status: 1
[2023-03-02 11:36:43,090 D 19 35] (gcs_server) grpc_server.cc:146: Polled event from CQ, thead: 140333003699968::0, status: 1
[2023-03-02 11:36:43,128 D 19 35] (gcs_server) grpc_server.cc:146: Polled event from CQ, thead: 140333003699968::0, status: 1
[2023-03-02 11:36:43,128 D 19 35] (gcs_server) grpc_server.cc:146: Polled event from CQ, thead: 140333003699968::0, status: 1
[2023-03-02 11:36:43,129 D 19 35] (gcs_server) grpc_server.cc:146: Polled event from CQ, thead: 140333003699968::0, status: 1
[2023-03-02 11:36:43,129 D 19 34] (gcs_server) publisher.cc:322: Long polling connection initiated by 6ea81b3942aa722bb1dcfefa7d64508ca1318af815bca4b065929fd3
[2023-03-02 11:36:43,339 D 19 35] (gcs_server) grpc_server.cc:146: Polled event from CQ, thead: 140333003699968::0, status: 1
[2023-03-02 11:36:43,339 D 19 35] (gcs_server) grpc_server.cc:146: Polled event from CQ, thead: 140333003699968::0, status: 1
[2023-03-02 11:36:43,340 D 19 35] (gcs_server) grpc_server.cc:146: Polled event from CQ, thead: 140333003699968::0, status: 1
[2023-03-02 11:36:43,340 D 19 35] (gcs_server) grpc_server.cc:146: Polled event from CQ, thead: 140333003699968::0, status: 1
[2023-03-02 11:36:43,341 D 19 35] (gcs_server) grpc_server.cc:146: Polled event from CQ, thead: 140333003699968::0, status: 1
[2023-03-02 11:36:43,341 D 19 34] (gcs_server) publisher.cc:322: Long polling connection initiated by 09848fd0b3ff5f10816dc0b441590f0bb621062e8a2d4b062e9b1870
[2023-03-02 11:36:43,347 D 19 35] (gcs_server) grpc_server.cc:146: Polled event from CQ, thead: 140333003699968::0, status: 1
[2023-03-02 11:36:43,347 D 19 35] (gcs_server) grpc_server.cc:146: Polled event from CQ, thead: 140333003699968::0, status: 1
[2023-03-02 11:36:43,347 D 19 35] (gcs_server) grpc_server.cc:146: Polled event from CQ, thead: 140333003699968::0, status: 1
[2023-03-02 11:36:43,348 D 19 35] (gcs_server) grpc_server.cc:146: Polled event from CQ, thead: 140333003699968::0, status: 1
[2023-03-02 11:36:43,348 D 19 35] (gcs_server) grpc_server.cc:146: Polled event from CQ, thead: 140333003699968::0, status: 1
[2023-03-02 11:36:43,348 D 19 34] (gcs_server) publisher.cc:322: Long polling connection initiated by fa17010b50f2df3226fde0b342c1dec48c18e809c35ccce4d5b091be
[2023-03-02 11:36:43,348 D 19 35] (gcs_server) grpc_server.cc:146: Polled event from CQ, thead: 140333003699968::0, status: 1
[2023-03-02 11:36:43,349 D 19 35] (gcs_server) grpc_server.cc:146: Polled event from CQ, thead: 140333003699968::0, status: 1
[2023-03-02 11:36:43,350 D 19 35] (gcs_server) grpc_server.cc:146: Polled event from CQ, thead: 140333003699968::0, status: 1
[2023-03-02 11:36:43,350 D 19 35] (gcs_server) grpc_server.cc:146: Polled event from CQ, thead: 140333003699968::0, status: 1
[2023-03-02 11:36:43,350 D 19 35] (gcs_server) grpc_server.cc:146: Polled event from CQ, thead: 140333003699968::0, status: 1
[2023-03-02 11:36:43,351 D 19 35] (gcs_server) grpc_server.cc:146: Polled event from CQ, thead: 140333003699968::0, status: 1
[2023-03-02 11:36:43,351 D 19 35] (gcs_server) grpc_server.cc:146: Polled event from CQ, thead: 140333003699968::0, status: 1
[2023-03-02 11:36:43,351 D 19 35] (gcs_server) grpc_server.cc:146: Polled event from CQ, thead: 140333003699968::0, status: 1
[2023-03-02 11:36:43,352 D 19 35] (gcs_server) grpc_server.cc:146: Polled event from CQ, thead: 140333003699968::0, status: 1
[2023-03-02 11:36:43,352 D 19 35] (gcs_server) grpc_server.cc:146: Polled event from CQ, thead: 140333003699968::0, status: 1
[2023-03-02 11:36:43,352 D 19 35] (gcs_server) grpc_server.cc:146: Polled event from CQ, thead: 140333003699968::0, status: 1
[2023-03-02 11:36:43,352 D 19 35] (gcs_server) grpc_server.cc:146: Polled event from CQ, thead: 140333003699968::0, status: 1
[2023-03-02 11:36:43,353 D 19 35] (gcs_server) grpc_server.cc:146: Polled event from CQ, thead: 140333003699968::0, status: 1
[2023-03-02 11:36:43,353 D 19 35] (gcs_server) grpc_server.cc:146: Polled event from CQ, thead: 140333003699968::0, status: 1
[2023-03-02 11:36:43,353 D 19 35] (gcs_server) grpc_server.cc:146: Polled event from CQ, thead: 140333003699968::0, status: 1
[2023-03-02 11:36:43,354 D 19 35] (gcs_server) grpc_server.cc:146: Polled event from CQ, thead: 140333003699968::0, status: 1
[2023-03-02 11:36:43,354 D 19 35] (gcs_server) grpc_server.cc:146: Polled event from CQ, thead: 140333003699968::0, status: 1
[2023-03-02 11:36:43,354 D 19 35] (gcs_server) grpc_server.cc:146: Polled event from CQ, thead: 140333003699968::0, status: 1
[2023-03-02 11:36:43,354 D 19 35] (gcs_server) grpc_server.cc:146: Polled event from CQ, thead: 140333003699968::0, status: 1
[2023-03-02 11:36:43,355 D 19 35] (gcs_server) grpc_server.cc:146: Polled event from CQ, thead: 140333003699968::0, status: 1
[2023-03-02 11:36:43,355 D 19 35] (gcs_server) grpc_server.cc:146: Polled event from CQ, thead: 140333003699968::0, status: 1
[2023-03-02 11:36:43,355 D 19 35] (gcs_server) grpc_server.cc:146: Polled event from CQ, thead: 140333003699968::0, status: 1
[2023-03-02 11:36:43,355 D 19 35] (gcs_server) grpc_server.cc:146: Polled event from CQ, thead: 140333003699968::0, status: 1
[2023-03-02 11:36:43,356 D 19 35] (gcs_server) grpc_server.cc:146: Polled event from CQ, thead: 140333003699968::0, status: 1
[2023-03-02 11:36:43,356 D 19 35] (gcs_server) grpc_server.cc:146: Polled event from CQ, thead: 140333003699968::0, status: 1
[2023-03-02 11:36:43,356 D 19 35] (gcs_server) grpc_server.cc:146: Polled event from CQ, thead: 140333003699968::0, status: 1
[2023-03-02 11:36:43,356 D 19 35] (gcs_server) grpc_server.cc:146: Polled event from CQ, thead: 140333003699968::0, status: 1
[2023-03-02 11:36:43,357 D 19 35] (gcs_server) grpc_server.cc:146: Polled event from CQ, thead: 140333003699968::0, status: 1
[2023-03-02 11:36:43,357 D 19 34] (gcs_server) publisher.cc:322: Long polling connection initiated by 6ea81b3942aa722bb1dcfefa7d64508ca1318af815bca4b065929fd3
[2023-03-02 11:36:43,357 D 19 35] (gcs_server) grpc_server.cc:146: Polled event from CQ, thead: 140333003699968::0, status: 1
[2023-03-02 11:36:43,357 D 19 35] (gcs_server) grpc_server.cc:146: Polled event from CQ, thead: 140333003699968::0, status: 1
[2023-03-02 11:36:43,358 D 19 35] (gcs_server) grpc_server.cc:146: Polled event from CQ, thead: 140333003699968::0, status: 1
[2023-03-02 11:36:43,358 D 19 35] (gcs_server) grpc_server.cc:146: Polled event from CQ, thead: 140333003699968::0, status: 1
[2023-03-02 11:36:43,358 D 19 35] (gcs_server) grpc_server.cc:146: Polled event from CQ, thead: 140333003699968::0, status: 1
[2023-03-02 11:36:43,358 D 19 35] (gcs_server) grpc_server.cc:146: Polled event from CQ, thead: 140333003699968::0, status: 1
[2023-03-02 11:36:43,358 D 19 34] (gcs_server) publisher.cc:322: Long polling connection initiated by 6ea81b3942aa722bb1dcfefa7d64508ca1318af815bca4b065929fd3
[2023-03-02 11:36:43,358 D 19 35] (gcs_server) grpc_server.cc:146: Polled event from CQ, thead: 140333003699968::0, status: 1
[2023-03-02 11:36:43,359 D 19 35] (gcs_server) grpc_server.cc:146: Polled event from CQ, thead: 140333003699968::0, status: 1
[2023-03-02 11:36:43,359 D 19 35] (gcs_server) grpc_server.cc:146: Polled event from CQ, thead: 140333003699968::0, status: 1
[2023-03-02 11:36:43,359 D 19 35] (gcs_server) grpc_server.cc:146: Polled event from CQ, thead: 140333003699968::0, status: 1
[2023-03-02 11:36:43,379 D 19 35] (gcs_server) grpc_server.cc:146: Polled event from CQ, thead: 140333003699968::0, status: 1
[2023-03-02 11:36:43,380 D 19 35] (gcs_server) grpc_server.cc:146: Polled event from CQ, thead: 140333003699968::0, status: 1
[2023-03-02 11:36:43,382 D 19 35] (gcs_server) grpc_server.cc:146: Polled event from CQ, thead: 140333003699968::0, status: 1
[2023-03-02 11:36:43,382 D 19 35] (gcs_server) grpc_server.cc:146: Polled event from CQ, thead: 140333003699968::0, status: 1
[2023-03-02 11:36:43,383 D 19 35] (gcs_server) grpc_server.cc:146: Polled event from CQ, thead: 140333003699968::0, status: 1
[2023-03-02 11:36:43,383 D 19 19] (gcs_server) gcs_actor_manager.cc:289: Getting actor info, job id = 01000000, actor id = a7bd9e5b622e2f9765a3302601000000
[2023-03-02 11:36:43,383 D 19 19] (gcs_server) gcs_actor_manager.cc:304: Finished getting actor info, job id = 01000000, actor id = a7bd9e5b622e2f9765a3302601000000
[2023-03-02 11:36:43,383 D 19 35] (gcs_server) grpc_server.cc:146: Polled event from CQ, thead: 140333003699968::0, status: 1
[2023-03-02 11:36:43,383 D 19 35] (gcs_server) grpc_server.cc:146: Polled event from CQ, thead: 140333003699968::0, status: 1
[2023-03-02 11:36:43,383 I 19 19] (gcs_server) gcs_actor_manager.cc:240: Registering actor, job id = 01000000, actor id = a7bd9e5b622e2f9765a3302601000000
[2023-03-02 11:36:43,384 D 19 19] (gcs_server) gcs_actor_manager.cc:673: Adding owner 01000000ffffffffffffffffffffffffffffffffffffffffffffffff of actor a7bd9e5b622e2f9765a3302601000000, job id = 01000000
[2023-03-02 11:36:43,385 I 19 19] (gcs_server) gcs_actor_manager.cc:246: Registered actor, job id = 01000000, actor id = a7bd9e5b622e2f9765a3302601000000
[2023-03-02 11:36:43,385 D 19 35] (gcs_server) grpc_server.cc:146: Polled event from CQ, thead: 140333003699968::0, status: 1
[2023-03-02 11:36:43,385 D 19 35] (gcs_server) grpc_server.cc:146: Polled event from CQ, thead: 140333003699968::0, status: 1
[2023-03-02 11:36:43,386 D 19 35] (gcs_server) grpc_server.cc:146: Polled event from CQ, thead: 140333003699968::0, status: 1
[2023-03-02 11:36:43,386 D 19 34] (gcs_server) publisher.cc:322: Long polling connection initiated by 0070315d1946021aed3cdab6e046f90269ce34ddec673a45c6c300dc
[2023-03-02 11:36:43,386 D 19 35] (gcs_server) grpc_server.cc:146: Polled event from CQ, thead: 140333003699968::0, status: 1
[2023-03-02 11:36:43,386 I 19 19] (gcs_server) gcs_actor_manager.cc:265: Creating actor, job id = 01000000, actor id = a7bd9e5b622e2f9765a3302601000000
[2023-03-02 11:36:43,387 D 19 35] (gcs_server) grpc_server.cc:146: Polled event from CQ, thead: 140333003699968::0, status: 1
[2023-03-02 11:36:43,387 I 19 19] (gcs_server) gcs_actor_scheduler.cc:216: Start leasing worker from node 4d231dd263cecb5a210721d8111b91e627129a1e02269ace1e1800e8 for actor a7bd9e5b622e2f9765a3302601000000, job id = 01000000
[2023-03-02 11:36:43,388 D 19 35] (gcs_server) grpc_server.cc:146: Polled event from CQ, thead: 140333003699968::0, status: 1
[2023-03-02 11:36:43,388 D 19 34] (gcs_server) publisher.cc:322: Long polling connection initiated by 0070315d1946021aed3cdab6e046f90269ce34ddec673a45c6c300dc
[2023-03-02 11:36:43,489 D 19 19] (gcs_server) gcs_placement_group_manager.cc:327: No additional placement groups to schedule. Stop scheduling.
[2023-03-02 11:36:43,497 I 19 19] (gcs_server) gcs_server.cc:261: All alived nodes number: 1
[2023-03-02 11:36:43,497 I 19 19] (gcs_server) gcs_server.cc:267: Get raylet_client by ID 4d231dd263cecb5a210721d8111b91e627129a1e02269ace1e1800e8
[2023-03-02 11:36:43,749 D 19 35] (gcs_server) grpc_server.cc:146: Polled event from CQ, thead: 140333003699968::0, status: 1
[2023-03-02 11:36:43,749 D 19 35] (gcs_server) grpc_server.cc:146: Polled event from CQ, thead: 140333003699968::0, status: 1
[2023-03-02 11:36:44,083 D 19 35] (gcs_server) grpc_server.cc:146: Polled event from CQ, thead: 140333003699968::0, status: 1
[2023-03-02 11:36:44,083 D 19 19] (gcs_server) stats_handler_impl.cc:26: Adding profile data, component type = driver, node id = 01000000ffffffffffffffffffffffffffffffffffffffffffffffff
[2023-03-02 11:36:44,083 D 19 19] (gcs_server) stats_handler_impl.cc:49: Finished adding profile data, component type = driver, node id = 01000000ffffffffffffffffffffffffffffffffffffffffffffffff
[2023-03-02 11:36:44,083 D 19 35] (gcs_server) grpc_server.cc:146: Polled event from CQ, thead: 140333003699968::0, status: 1
[2023-03-02 11:36:44,389 D 19 35] (gcs_server) grpc_server.cc:146: Polled event from CQ, thead: 140333003699968::0, status: 1
[2023-03-02 11:36:44,390 D 19 35] (gcs_server) grpc_server.cc:146: Polled event from CQ, thead: 140333003699968::0, status: 1
[2023-03-02 11:36:44,390 D 19 35] (gcs_server) grpc_server.cc:146: Polled event from CQ, thead: 140333003699968::0, status: 1
[2023-03-02 11:36:44,390 D 19 35] (gcs_server) grpc_server.cc:146: Polled event from CQ, thead: 140333003699968::0, status: 1
[2023-03-02 11:36:44,391 D 19 35] (gcs_server) grpc_server.cc:146: Polled event from CQ, thead: 140333003699968::0, status: 1
[2023-03-02 11:36:44,391 D 19 35] (gcs_server) grpc_server.cc:146: Polled event from CQ, thead: 140333003699968::0, status: 1
[2023-03-02 11:36:44,392 D 19 35] (gcs_server) grpc_server.cc:146: Polled event from CQ, thead: 140333003699968::0, status: 1
[2023-03-02 11:36:44,392 D 19 35] (gcs_server) grpc_server.cc:146: Polled event from CQ, thead: 140333003699968::0, status: 1
[2023-03-02 11:36:44,400 D 19 35] (gcs_server) grpc_server.cc:146: Polled event from CQ, thead: 140333003699968::0, status: 1
[2023-03-02 11:36:44,400 D 19 35] (gcs_server) grpc_server.cc:146: Polled event from CQ, thead: 140333003699968::0, status: 1
[2023-03-02 11:36:44,455 D 19 35] (gcs_server) grpc_server.cc:146: Polled event from CQ, thead: 140333003699968::0, status: 1
[2023-03-02 11:36:44,455 D 19 35] (gcs_server) grpc_server.cc:146: Polled event from CQ, thead: 140333003699968::0, status: 1
[2023-03-02 11:36:44,490 D 19 19] (gcs_server) gcs_placement_group_manager.cc:327: No additional placement groups to schedule. Stop scheduling.
[2023-03-02 11:36:44,497 I 19 19] (gcs_server) gcs_server.cc:261: All alived nodes number: 1
[2023-03-02 11:36:44,497 I 19 19] (gcs_server) gcs_server.cc:267: Get raylet_client by ID 4d231dd263cecb5a210721d8111b91e627129a1e02269ace1e1800e8
[2023-03-02 11:36:44,537 D 19 35] (gcs_server) grpc_server.cc:146: Polled event from CQ, thead: 140333003699968::0, status: 1
[2023-03-02 11:36:44,538 D 19 35] (gcs_server) grpc_server.cc:146: Polled event from CQ, thead: 140333003699968::0, status: 1
[2023-03-02 11:36:44,538 D 19 19] (gcs_server) gcs_worker_manager.cc:138: Adding worker ec72be338db247db90650f6db4925f631e8132d54084b804d0f3fdf8
[2023-03-02 11:36:44,538 D 19 35] (gcs_server) grpc_server.cc:146: Polled event from CQ, thead: 140333003699968::0, status: 1
[2023-03-02 11:36:44,538 D 19 34] (gcs_server) publisher.cc:322: Long polling connection initiated by 55dba41c1e475c981e091089321ee8d5bfaa4cb5919143b606957bb4
[2023-03-02 11:36:44,538 D 19 19] (gcs_server) gcs_worker_manager.cc:146: Finished adding worker ec72be338db247db90650f6db4925f631e8132d54084b804d0f3fdf8
[2023-03-02 11:36:44,538 D 19 35] (gcs_server) grpc_server.cc:146: Polled event from CQ, thead: 140333003699968::0, status: 1
[2023-03-02 11:36:44,538 D 19 35] (gcs_server) grpc_server.cc:146: Polled event from CQ, thead: 140333003699968::0, status: 1
[2023-03-02 11:36:44,539 I 19 19] (gcs_server) gcs_actor_scheduler.cc:551: Finished leasing worker from 4d231dd263cecb5a210721d8111b91e627129a1e02269ace1e1800e8 for actor a7bd9e5b622e2f9765a3302601000000, job id = 01000000
[2023-03-02 11:36:44,539 D 19 19] (gcs_server) core_worker_client_pool.cc:42: Connected to 172.17.0.2:38591
[2023-03-02 11:36:44,539 I 19 19] (gcs_server) gcs_actor_scheduler.cc:338: Start creating actor a7bd9e5b622e2f9765a3302601000000 on worker ec72be338db247db90650f6db4925f631e8132d54084b804d0f3fdf8 at node 4d231dd263cecb5a210721d8111b91e627129a1e02269ace1e1800e8, job id = 01000000
[2023-03-02 11:36:44,543 D 19 35] (gcs_server) grpc_server.cc:146: Polled event from CQ, thead: 140333003699968::0, status: 1
[2023-03-02 11:36:44,543 D 19 35] (gcs_server) grpc_server.cc:146: Polled event from CQ, thead: 140333003699968::0, status: 1
[2023-03-02 11:36:44,544 D 19 35] (gcs_server) grpc_server.cc:146: Polled event from CQ, thead: 140333003699968::0, status: 1
[2023-03-02 11:36:44,544 D 19 35] (gcs_server) grpc_server.cc:146: Polled event from CQ, thead: 140333003699968::0, status: 1
[2023-03-02 11:36:44,544 D 19 35] (gcs_server) grpc_server.cc:146: Polled event from CQ, thead: 140333003699968::0, status: 1
[2023-03-02 11:36:44,545 D 19 35] (gcs_server) grpc_server.cc:146: Polled event from CQ, thead: 140333003699968::0, status: 1
[2023-03-02 11:36:44,545 D 19 35] (gcs_server) grpc_server.cc:146: Polled event from CQ, thead: 140333003699968::0, status: 1
[2023-03-02 11:36:44,545 D 19 35] (gcs_server) grpc_server.cc:146: Polled event from CQ, thead: 140333003699968::0, status: 1
[2023-03-02 11:36:44,546 D 19 35] (gcs_server) grpc_server.cc:146: Polled event from CQ, thead: 140333003699968::0, status: 1
[2023-03-02 11:36:44,546 D 19 35] (gcs_server) grpc_server.cc:146: Polled event from CQ, thead: 140333003699968::0, status: 1
[2023-03-02 11:36:44,546 D 19 35] (gcs_server) grpc_server.cc:146: Polled event from CQ, thead: 140333003699968::0, status: 1
[2023-03-02 11:36:44,546 D 19 35] (gcs_server) grpc_server.cc:146: Polled event from CQ, thead: 140333003699968::0, status: 1
[2023-03-02 11:36:44,547 D 19 35] (gcs_server) grpc_server.cc:146: Polled event from CQ, thead: 140333003699968::0, status: 1
[2023-03-02 11:36:44,547 D 19 35] (gcs_server) grpc_server.cc:146: Polled event from CQ, thead: 140333003699968::0, status: 1
[2023-03-02 11:36:44,554 D 19 35] (gcs_server) grpc_server.cc:146: Polled event from CQ, thead: 140333003699968::0, status: 1
[2023-03-02 11:36:44,554 D 19 35] (gcs_server) grpc_server.cc:146: Polled event from CQ, thead: 140333003699968::0, status: 1
[2023-03-02 11:36:44,554 D 19 35] (gcs_server) grpc_server.cc:146: Polled event from CQ, thead: 140333003699968::0, status: 1
[2023-03-02 11:36:44,554 D 19 35] (gcs_server) grpc_server.cc:146: Polled event from CQ, thead: 140333003699968::0, status: 1
[2023-03-02 11:36:44,555 D 19 35] (gcs_server) grpc_server.cc:146: Polled event from CQ, thead: 140333003699968::0, status: 1
[2023-03-02 11:36:44,555 D 19 34] (gcs_server) publisher.cc:322: Long polling connection initiated by 2e20b891c7adaeb61866f98cc475f859630ca423b5b091be31e2f578
[2023-03-02 11:36:44,558 D 19 35] (gcs_server) grpc_server.cc:146: Polled event from CQ, thead: 140333003699968::0, status: 1
[2023-03-02 11:36:44,559 D 19 35] (gcs_server) grpc_server.cc:146: Polled event from CQ, thead: 140333003699968::0, status: 1
[2023-03-02 11:36:44,749 D 19 35] (gcs_server) grpc_server.cc:146: Polled event from CQ, thead: 140333003699968::0, status: 1
[2023-03-02 11:36:44,749 D 19 35] (gcs_server) grpc_server.cc:146: Polled event from CQ, thead: 140333003699968::0, status: 1
[2023-03-02 11:36:45,490 D 19 19] (gcs_server) gcs_placement_group_manager.cc:327: No additional placement groups to schedule. Stop scheduling.
[2023-03-02 11:36:45,497 I 19 19] (gcs_server) gcs_server.cc:261: All alived nodes number: 1
[2023-03-02 11:36:45,497 I 19 19] (gcs_server) gcs_server.cc:267: Get raylet_client by ID 4d231dd263cecb5a210721d8111b91e627129a1e02269ace1e1800e8
[2023-03-02 11:36:45,749 D 19 35] (gcs_server) grpc_server.cc:146: Polled event from CQ, thead: 140333003699968::0, status: 1
[2023-03-02 11:36:45,750 D 19 35] (gcs_server) grpc_server.cc:146: Polled event from CQ, thead: 140333003699968::0, status: 1
[2023-03-02 11:36:46,490 D 19 19] (gcs_server) gcs_placement_group_manager.cc:327: No additional placement groups to schedule. Stop scheduling.
[2023-03-02 11:36:46,498 I 19 19] (gcs_server) gcs_server.cc:261: All alived nodes number: 1
[2023-03-02 11:36:46,498 I 19 19] (gcs_server) gcs_server.cc:267: Get raylet_client by ID 4d231dd263cecb5a210721d8111b91e627129a1e02269ace1e1800e8
[2023-03-02 11:36:46,586 W 19 23] (gcs_server) metric_exporter.cc:207: [1] Export metrics to agent failed: GrpcUnknown: RPC Error message: Method not found!; RPC Error details: . This won't affect Ray, but you can lose metrics from the cluster.
[2023-03-02 11:36:46,750 D 19 35] (gcs_server) grpc_server.cc:146: Polled event from CQ, thead: 140333003699968::0, status: 1
[2023-03-02 11:36:46,750 D 19 35] (gcs_server) grpc_server.cc:146: Polled event from CQ, thead: 140333003699968::0, status: 1
[2023-03-02 11:36:47,183 D 19 19] (gcs_server) gcs_actor_scheduler.cc:367: Worker ec72be338db247db90650f6db4925f631e8132d54084b804d0f3fdf8 is in creating map.
[2023-03-02 11:36:47,183 I 19 19] (gcs_server) gcs_actor_scheduler.cc:377: Succeeded in creating actor a7bd9e5b622e2f9765a3302601000000 on worker ec72be338db247db90650f6db4925f631e8132d54084b804d0f3fdf8 at node 4d231dd263cecb5a210721d8111b91e627129a1e02269ace1e1800e8, job id = 01000000
[2023-03-02 11:36:47,183 I 19 19] (gcs_server) gcs_actor_manager.cc:1114: Actor created successfully, actor id = a7bd9e5b622e2f9765a3302601000000, job id = 01000000
[2023-03-02 11:36:47,183 I 19 19] (gcs_server) gcs_actor_manager.cc:271: Finished creating actor, job id = 01000000, actor id = a7bd9e5b622e2f9765a3302601000000
[2023-03-02 11:36:47,183 D 19 35] (gcs_server) grpc_server.cc:146: Polled event from CQ, thead: 140333003699968::0, status: 1
[2023-03-02 11:36:47,183 D 19 35] (gcs_server) grpc_server.cc:146: Polled event from CQ, thead: 140333003699968::0, status: 1
[2023-03-02 11:36:47,184 D 19 35] (gcs_server) grpc_server.cc:146: Polled event from CQ, thead: 140333003699968::0, status: 1
[2023-03-02 11:36:47,184 D 19 34] (gcs_server) publisher.cc:322: Long polling connection initiated by 0070315d1946021aed3cdab6e046f90269ce34ddec673a45c6c300dc
[2023-03-02 11:36:47,187 D 19 35] (gcs_server) grpc_server.cc:146: Polled event from CQ, thead: 140333003699968::0, status: 1
[2023-03-02 11:36:47,188 D 19 19] (gcs_server) gcs_placement_group_manager.cc:383: Registering placement group, placement group id = d64bfeb3542eec58fc1c47dc1f4c01000000, name = , strategy = 0
[2023-03-02 11:36:47,188 D 19 19] (gcs_server) gcs_placement_group_manager.cc:387: Finished registering placement group, placement group id = d64bfeb3542eec58fc1c47dc1f4c01000000, name = , strategy = 0
[2023-03-02 11:36:47,188 D 19 35] (gcs_server) grpc_server.cc:146: Polled event from CQ, thead: 140333003699968::0, status: 1
[2023-03-02 11:36:47,188 D 19 19] (gcs_server) gcs_placement_group_scheduler.cc:57: Scheduling placement group , id: d64bfeb3542eec58fc1c47dc1f4c01000000, bundles size = 3
[2023-03-02 11:36:47,188 D 19 19] (gcs_server) gcs_placement_group_scheduler.cc:173: Preparing resource from node 4d231dd263cecb5a210721d8111b91e627129a1e02269ace1e1800e8 for bundles: {placement group id={d64bfeb3542eec58fc1c47dc1f4c01000000}, bundle index={0}},{placement group id={d64bfeb3542eec58fc1c47dc1f4c01000000}, bundle index={1}},{placement group id={d64bfeb3542eec58fc1c47dc1f4c01000000}, bundle index={2}},
[2023-03-02 11:36:47,189 D 19 19] (gcs_server) gcs_placement_group_scheduler.cc:183: Finished leasing resource from 4d231dd263cecb5a210721d8111b91e627129a1e02269ace1e1800e8 for bundles: {placement group id={d64bfeb3542eec58fc1c47dc1f4c01000000}, bundle index={0}},{placement group id={d64bfeb3542eec58fc1c47dc1f4c01000000}, bundle index={1}},{placement group id={d64bfeb3542eec58fc1c47dc1f4c01000000}, bundle index={2}},
[2023-03-02 11:36:47,189 D 19 19] (gcs_server) gcs_placement_group_scheduler.cc:201: Committing resource to a node 4d231dd263cecb5a210721d8111b91e627129a1e02269ace1e1800e8 for bundles: {placement group id={d64bfeb3542eec58fc1c47dc1f4c01000000}, bundle index={0}},{placement group id={d64bfeb3542eec58fc1c47dc1f4c01000000}, bundle index={1}},{placement group id={d64bfeb3542eec58fc1c47dc1f4c01000000}, bundle index={2}},
[2023-03-02 11:36:47,190 D 19 19] (gcs_server) gcs_placement_group_scheduler.cc:208: Finished committing resource to 4d231dd263cecb5a210721d8111b91e627129a1e02269ace1e1800e8 for bundles: {placement group id={d64bfeb3542eec58fc1c47dc1f4c01000000}, bundle index={0}},{placement group id={d64bfeb3542eec58fc1c47dc1f4c01000000}, bundle index={1}},{placement group id={d64bfeb3542eec58fc1c47dc1f4c01000000}, bundle index={2}},
[2023-03-02 11:36:47,190 D 19 19] (gcs_server) gcs_resource_manager.cc:52: Updating resources, node id = 4d231dd263cecb5a210721d8111b91e627129a1e02269ace1e1800e8
[2023-03-02 11:36:47,190 D 19 19] (gcs_server) gcs_resource_manager.cc:52: Updating resources, node id = 4d231dd263cecb5a210721d8111b91e627129a1e02269ace1e1800e8
[2023-03-02 11:36:47,190 D 19 19] (gcs_server) gcs_resource_manager.cc:52: Updating resources, node id = 4d231dd263cecb5a210721d8111b91e627129a1e02269ace1e1800e8
[2023-03-02 11:36:47,190 I 19 19] (gcs_server) gcs_placement_group_manager.cc:280: Successfully created placement group , id: d64bfeb3542eec58fc1c47dc1f4c01000000
[2023-03-02 11:36:47,191 D 19 19] (gcs_server) gcs_resource_manager.cc:83: Finished updating resources, node id = 4d231dd263cecb5a210721d8111b91e627129a1e02269ace1e1800e8
[2023-03-02 11:36:47,191 D 19 19] (gcs_server) gcs_resource_manager.cc:83: Finished updating resources, node id = 4d231dd263cecb5a210721d8111b91e627129a1e02269ace1e1800e8
[2023-03-02 11:36:47,191 D 19 19] (gcs_server) gcs_resource_manager.cc:83: Finished updating resources, node id = 4d231dd263cecb5a210721d8111b91e627129a1e02269ace1e1800e8
[2023-03-02 11:36:47,191 D 19 19] (gcs_server) gcs_placement_group_manager.cc:327: No additional placement groups to schedule. Stop scheduling.
[2023-03-02 11:36:47,297 D 19 35] (gcs_server) grpc_server.cc:146: Polled event from CQ, thead: 140333003699968::0, status: 1
[2023-03-02 11:36:47,297 D 19 19] (gcs_server) gcs_placement_group_manager.cc:500: Getting placement group info, placement group id = d64bfeb3542eec58fc1c47dc1f4c01000000
[2023-03-02 11:36:47,297 D 19 19] (gcs_server) gcs_placement_group_manager.cc:509: Finished getting placement group info, placement group id = d64bfeb3542eec58fc1c47dc1f4c01000000
[2023-03-02 11:36:47,297 D 19 35] (gcs_server) grpc_server.cc:146: Polled event from CQ, thead: 140333003699968::0, status: 1
[2023-03-02 11:36:47,299 D 19 35] (gcs_server) grpc_server.cc:146: Polled event from CQ, thead: 140333003699968::0, status: 1
[2023-03-02 11:36:47,299 D 19 35] (gcs_server) grpc_server.cc:146: Polled event from CQ, thead: 140333003699968::0, status: 1
[2023-03-02 11:36:47,299 D 19 35] (gcs_server) grpc_server.cc:146: Polled event from CQ, thead: 140333003699968::0, status: 1
[2023-03-02 11:36:47,300 D 19 35] (gcs_server) grpc_server.cc:146: Polled event from CQ, thead: 140333003699968::0, status: 1
[2023-03-02 11:36:47,490 D 19 19] (gcs_server) gcs_placement_group_manager.cc:327: No additional placement groups to schedule. Stop scheduling.
[2023-03-02 11:36:47,498 I 19 19] (gcs_server) gcs_server.cc:261: All alived nodes number: 1
[2023-03-02 11:36:47,498 I 19 19] (gcs_server) gcs_server.cc:267: Get raylet_client by ID 4d231dd263cecb5a210721d8111b91e627129a1e02269ace1e1800e8
[2023-03-02 11:36:47,583 D 19 35] (gcs_server) grpc_server.cc:146: Polled event from CQ, thead: 140333003699968::0, status: 1
[2023-03-02 11:36:47,583 D 19 19] (gcs_server) stats_handler_impl.cc:26: Adding profile data, component type = worker, node id = ec72be338db247db90650f6db4925f631e8132d54084b804d0f3fdf8
[2023-03-02 11:36:47,583 D 19 19] (gcs_server) stats_handler_impl.cc:49: Finished adding profile data, component type = worker, node id = ec72be338db247db90650f6db4925f631e8132d54084b804d0f3fdf8
[2023-03-02 11:36:47,583 D 19 35] (gcs_server) grpc_server.cc:146: Polled event from CQ, thead: 140333003699968::0, status: 1
[2023-03-02 11:36:47,750 D 19 35] (gcs_server) grpc_server.cc:146: Polled event from CQ, thead: 140333003699968::0, status: 1
[2023-03-02 11:36:47,750 D 19 35] (gcs_server) grpc_server.cc:146: Polled event from CQ, thead: 140333003699968::0, status: 1
[2023-03-02 11:36:48,490 D 19 19] (gcs_server) gcs_placement_group_manager.cc:327: No additional placement groups to schedule. Stop scheduling.
[2023-03-02 11:36:48,498 I 19 19] (gcs_server) gcs_server.cc:261: All alived nodes number: 1
[2023-03-02 11:36:48,498 I 19 19] (gcs_server) gcs_server.cc:267: Get raylet_client by ID 4d231dd263cecb5a210721d8111b91e627129a1e02269ace1e1800e8
[2023-03-02 11:36:48,693 D 19 35] (gcs_server) grpc_server.cc:146: Polled event from CQ, thead: 140333003699968::0, status: 1
[2023-03-02 11:36:48,693 D 19 35] (gcs_server) grpc_server.cc:146: Polled event from CQ, thead: 140333003699968::0, status: 1
[2023-03-02 11:36:48,703 D 19 35] (gcs_server) grpc_server.cc:146: Polled event from CQ, thead: 140333003699968::0, status: 1
[2023-03-02 11:36:48,703 D 19 35] (gcs_server) grpc_server.cc:146: Polled event from CQ, thead: 140333003699968::0, status: 1
[2023-03-02 11:36:48,703 D 19 35] (gcs_server) grpc_server.cc:146: Polled event from CQ, thead: 140333003699968::0, status: 1
[2023-03-02 11:36:48,704 D 19 35] (gcs_server) grpc_server.cc:146: Polled event from CQ, thead: 140333003699968::0, status: 1
[2023-03-02 11:36:48,705 D 19 35] (gcs_server) grpc_server.cc:146: Polled event from CQ, thead: 140333003699968::0, status: 1
[2023-03-02 11:36:48,705 D 19 35] (gcs_server) grpc_server.cc:146: Polled event from CQ, thead: 140333003699968::0, status: 1
[2023-03-02 11:36:48,717 D 19 35] (gcs_server) grpc_server.cc:146: Polled event from CQ, thead: 140333003699968::0, status: 1
[2023-03-02 11:36:48,718 D 19 35] (gcs_server) grpc_server.cc:146: Polled event from CQ, thead: 140333003699968::0, status: 1
[2023-03-02 11:36:48,718 D 19 35] (gcs_server) grpc_server.cc:146: Polled event from CQ, thead: 140333003699968::0, status: 1
[2023-03-02 11:36:48,718 D 19 35] (gcs_server) grpc_server.cc:146: Polled event from CQ, thead: 140333003699968::0, status: 1
[2023-03-02 11:36:48,719 D 19 35] (gcs_server) grpc_server.cc:146: Polled event from CQ, thead: 140333003699968::0, status: 1
[2023-03-02 11:36:48,719 D 19 35] (gcs_server) grpc_server.cc:146: Polled event from CQ, thead: 140333003699968::0, status: 1
[2023-03-02 11:36:48,719 D 19 35] (gcs_server) grpc_server.cc:146: Polled event from CQ, thead: 140333003699968::0, status: 1
[2023-03-02 11:36:48,719 D 19 35] (gcs_server) grpc_server.cc:146: Polled event from CQ, thead: 140333003699968::0, status: 1
[2023-03-02 11:36:48,720 D 19 35] (gcs_server) grpc_server.cc:146: Polled event from CQ, thead: 140333003699968::0, status: 1
[2023-03-02 11:36:48,720 D 19 35] (gcs_server) grpc_server.cc:146: Polled event from CQ, thead: 140333003699968::0, status: 1
[2023-03-02 11:36:48,729 D 19 35] (gcs_server) grpc_server.cc:146: Polled event from CQ, thead: 140333003699968::0, status: 1
[2023-03-02 11:36:48,730 D 19 35] (gcs_server) grpc_server.cc:146: Polled event from CQ, thead: 140333003699968::0, status: 1
[2023-03-02 11:36:48,750 D 19 35] (gcs_server) grpc_server.cc:146: Polled event from CQ, thead: 140333003699968::0, status: 1
[2023-03-02 11:36:48,750 D 19 35] (gcs_server) grpc_server.cc:146: Polled event from CQ, thead: 140333003699968::0, status: 1
[2023-03-02 11:36:48,882 D 19 35] (gcs_server) grpc_server.cc:146: Polled event from CQ, thead: 140333003699968::0, status: 1
[2023-03-02 11:36:48,895 D 19 35] (gcs_server) grpc_server.cc:146: Polled event from CQ, thead: 140333003699968::0, status: 1
[2023-03-02 11:36:48,914 D 19 35] (gcs_server) grpc_server.cc:146: Polled event from CQ, thead: 140333003699968::0, status: 1
[2023-03-02 11:36:48,914 D 19 19] (gcs_server) gcs_worker_manager.cc:138: Adding worker c29da7d6b589e7b9d8d070fbcef9de7176de4c3854ba11beeb93c59a
[2023-03-02 11:36:48,914 D 19 35] (gcs_server) grpc_server.cc:146: Polled event from CQ, thead: 140333003699968::0, status: 1
[2023-03-02 11:36:48,914 D 19 19] (gcs_server) gcs_worker_manager.cc:146: Finished adding worker c29da7d6b589e7b9d8d070fbcef9de7176de4c3854ba11beeb93c59a
[2023-03-02 11:36:48,914 D 19 35] (gcs_server) grpc_server.cc:146: Polled event from CQ, thead: 140333003699968::0, status: 1
[2023-03-02 11:36:48,914 D 19 34] (gcs_server) publisher.cc:322: Long polling connection initiated by 4a6fcd477778f9aa6e4820bcd31775fa1d456bc6a21f69700b5bbcc6
[2023-03-02 11:36:48,914 D 19 35] (gcs_server) grpc_server.cc:146: Polled event from CQ, thead: 140333003699968::0, status: 1
[2023-03-02 11:36:48,914 D 19 35] (gcs_server) grpc_server.cc:146: Polled event from CQ, thead: 140333003699968::0, status: 1
[2023-03-02 11:36:48,915 D 19 35] (gcs_server) grpc_server.cc:146: Polled event from CQ, thead: 140333003699968::0, status: 1
[2023-03-02 11:36:48,920 D 19 35] (gcs_server) grpc_server.cc:146: Polled event from CQ, thead: 140333003699968::0, status: 1
[2023-03-02 11:36:48,921 D 19 35] (gcs_server) grpc_server.cc:146: Polled event from CQ, thead: 140333003699968::0, status: 1
[2023-03-02 11:36:48,921 D 19 35] (gcs_server) grpc_server.cc:146: Polled event from CQ, thead: 140333003699968::0, status: 1
[2023-03-02 11:36:48,921 D 19 35] (gcs_server) grpc_server.cc:146: Polled event from CQ, thead: 140333003699968::0, status: 1
[2023-03-02 11:36:48,921 D 19 19] (gcs_server) gcs_worker_manager.cc:138: Adding worker 306b73eb925d4f5cbd76e6f8242e8012bb4abcc02ece83095290172c
[2023-03-02 11:36:48,921 D 19 34] (gcs_server) publisher.cc:322: Long polling connection initiated by bce373ab776f2dfe9fcf7d72a8be1ad8a343cd97661fa6528ecfa2ef
[2023-03-02 11:36:48,921 D 19 35] (gcs_server) grpc_server.cc:146: Polled event from CQ, thead: 140333003699968::0, status: 1
[2023-03-02 11:36:48,921 D 19 35] (gcs_server) grpc_server.cc:146: Polled event from CQ, thead: 140333003699968::0, status: 1
[2023-03-02 11:36:48,921 D 19 19] (gcs_server) gcs_worker_manager.cc:146: Finished adding worker 306b73eb925d4f5cbd76e6f8242e8012bb4abcc02ece83095290172c
[2023-03-02 11:36:48,921 D 19 35] (gcs_server) grpc_server.cc:146: Polled event from CQ, thead: 140333003699968::0, status: 1
[2023-03-02 11:36:48,921 D 19 35] (gcs_server) grpc_server.cc:146: Polled event from CQ, thead: 140333003699968::0, status: 1
[2023-03-02 11:36:48,921 D 19 35] (gcs_server) grpc_server.cc:146: Polled event from CQ, thead: 140333003699968::0, status: 1
[2023-03-02 11:36:48,921 D 19 35] (gcs_server) grpc_server.cc:146: Polled event from CQ, thead: 140333003699968::0, status: 1
[2023-03-02 11:36:48,921 D 19 35] (gcs_server) grpc_server.cc:146: Polled event from CQ, thead: 140333003699968::0, status: 1
[2023-03-02 11:36:48,921 D 19 35] (gcs_server) grpc_server.cc:146: Polled event from CQ, thead: 140333003699968::0, status: 1
[2023-03-02 11:36:48,922 D 19 35] (gcs_server) grpc_server.cc:146: Polled event from CQ, thead: 140333003699968::0, status: 1
[2023-03-02 11:36:48,922 D 19 35] (gcs_server) grpc_server.cc:146: Polled event from CQ, thead: 140333003699968::0, status: 1
[2023-03-02 11:36:48,922 D 19 35] (gcs_server) grpc_server.cc:146: Polled event from CQ, thead: 140333003699968::0, status: 1
[2023-03-02 11:36:48,922 D 19 35] (gcs_server) grpc_server.cc:146: Polled event from CQ, thead: 140333003699968::0, status: 1
[2023-03-02 11:36:48,922 D 19 35] (gcs_server) grpc_server.cc:146: Polled event from CQ, thead: 140333003699968::0, status: 1
[2023-03-02 11:36:48,922 D 19 35] (gcs_server) grpc_server.cc:146: Polled event from CQ, thead: 140333003699968::0, status: 1
[2023-03-02 11:36:48,923 D 19 35] (gcs_server) grpc_server.cc:146: Polled event from CQ, thead: 140333003699968::0, status: 1
[2023-03-02 11:36:48,923 D 19 35] (gcs_server) grpc_server.cc:146: Polled event from CQ, thead: 140333003699968::0, status: 1
[2023-03-02 11:36:48,923 D 19 35] (gcs_server) grpc_server.cc:146: Polled event from CQ, thead: 140333003699968::0, status: 1
[2023-03-02 11:36:48,923 D 19 35] (gcs_server) grpc_server.cc:146: Polled event from CQ, thead: 140333003699968::0, status: 1
[2023-03-02 11:36:48,923 D 19 35] (gcs_server) grpc_server.cc:146: Polled event from CQ, thead: 140333003699968::0, status: 1
[2023-03-02 11:36:48,923 D 19 35] (gcs_server) grpc_server.cc:146: Polled event from CQ, thead: 140333003699968::0, status: 1
[2023-03-02 11:36:48,924 D 19 35] (gcs_server) grpc_server.cc:146: Polled event from CQ, thead: 140333003699968::0, status: 1
[2023-03-02 11:36:48,924 D 19 35] (gcs_server) grpc_server.cc:146: Polled event from CQ, thead: 140333003699968::0, status: 1
[2023-03-02 11:36:48,924 D 19 35] (gcs_server) grpc_server.cc:146: Polled event from CQ, thead: 140333003699968::0, status: 1
[2023-03-02 11:36:48,924 D 19 35] (gcs_server) grpc_server.cc:146: Polled event from CQ, thead: 140333003699968::0, status: 1
[2023-03-02 11:36:48,924 D 19 35] (gcs_server) grpc_server.cc:146: Polled event from CQ, thead: 140333003699968::0, status: 1
[2023-03-02 11:36:48,925 D 19 35] (gcs_server) grpc_server.cc:146: Polled event from CQ, thead: 140333003699968::0, status: 1
[2023-03-02 11:36:48,926 D 19 35] (gcs_server) grpc_server.cc:146: Polled event from CQ, thead: 140333003699968::0, status: 1
[2023-03-02 11:36:48,926 D 19 35] (gcs_server) grpc_server.cc:146: Polled event from CQ, thead: 140333003699968::0, status: 1
[2023-03-02 11:36:48,926 D 19 35] (gcs_server) grpc_server.cc:146: Polled event from CQ, thead: 140333003699968::0, status: 1
[2023-03-02 11:36:48,926 D 19 35] (gcs_server) grpc_server.cc:146: Polled event from CQ, thead: 140333003699968::0, status: 1
[2023-03-02 11:36:48,927 D 19 35] (gcs_server) grpc_server.cc:146: Polled event from CQ, thead: 140333003699968::0, status: 1
[2023-03-02 11:36:48,927 D 19 34] (gcs_server) publisher.cc:322: Long polling connection initiated by 54f326c9a6918b442425eb3e56b3eb6126e984ab81b21e00e3568d88
[2023-03-02 11:36:48,933 D 19 35] (gcs_server) grpc_server.cc:146: Polled event from CQ, thead: 140333003699968::0, status: 1
[2023-03-02 11:36:48,933 D 19 35] (gcs_server) grpc_server.cc:146: Polled event from CQ, thead: 140333003699968::0, status: 1
[2023-03-02 11:36:48,933 D 19 35] (gcs_server) grpc_server.cc:146: Polled event from CQ, thead: 140333003699968::0, status: 1
[2023-03-02 11:36:48,933 D 19 35] (gcs_server) grpc_server.cc:146: Polled event from CQ, thead: 140333003699968::0, status: 1
[2023-03-02 11:36:48,934 D 19 35] (gcs_server) grpc_server.cc:146: Polled event from CQ, thead: 140333003699968::0, status: 1
[2023-03-02 11:36:48,934 D 19 34] (gcs_server) publisher.cc:322: Long polling connection initiated by 9619545e81839700d06569e0443a0b2977ea4dc19c20288cc57142b9
[2023-03-02 11:36:48,937 D 19 35] (gcs_server) grpc_server.cc:146: Polled event from CQ, thead: 140333003699968::0, status: 1
[2023-03-02 11:36:48,937 D 19 35] (gcs_server) grpc_server.cc:146: Polled event from CQ, thead: 140333003699968::0, status: 1
[2023-03-02 11:36:48,946 D 19 35] (gcs_server) grpc_server.cc:146: Polled event from CQ, thead: 140333003699968::0, status: 1
[2023-03-02 11:36:48,947 D 19 35] (gcs_server) grpc_server.cc:146: Polled event from CQ, thead: 140333003699968::0, status: 1
[2023-03-02 11:36:48,947 D 19 35] (gcs_server) grpc_server.cc:146: Polled event from CQ, thead: 140333003699968::0, status: 1
[2023-03-02 11:36:48,948 D 19 35] (gcs_server) grpc_server.cc:146: Polled event from CQ, thead: 140333003699968::0, status: 1
[2023-03-02 11:36:48,948 D 19 35] (gcs_server) grpc_server.cc:146: Polled event from CQ, thead: 140333003699968::0, status: 1
[2023-03-02 11:36:48,948 I 19 19] (gcs_server) gcs_actor_manager.cc:240: Registering actor, job id = 01000000, actor id = 2371ce94bef0ec8867d4c11c01000000
[2023-03-02 11:36:48,949 D 19 19] (gcs_server) gcs_actor_manager.cc:673: Adding owner ec72be338db247db90650f6db4925f631e8132d54084b804d0f3fdf8 of actor 2371ce94bef0ec8867d4c11c01000000, job id = 01000000
[2023-03-02 11:36:48,949 D 19 35] (gcs_server) grpc_server.cc:146: Polled event from CQ, thead: 140333003699968::0, status: 1
[2023-03-02 11:36:48,949 D 19 35] (gcs_server) grpc_server.cc:146: Polled event from CQ, thead: 140333003699968::0, status: 1
[2023-03-02 11:36:48,949 D 19 35] (gcs_server) grpc_server.cc:146: Polled event from CQ, thead: 140333003699968::0, status: 1
[2023-03-02 11:36:48,949 D 19 35] (gcs_server) grpc_server.cc:146: Polled event from CQ, thead: 140333003699968::0, status: 1
[2023-03-02 11:36:48,949 D 19 19] (gcs_server) gcs_actor_manager.cc:289: Getting actor info, job id = 01000000, actor id = 2371ce94bef0ec8867d4c11c01000000
[2023-03-02 11:36:48,949 D 19 19] (gcs_server) gcs_actor_manager.cc:304: Finished getting actor info, job id = 01000000, actor id = 2371ce94bef0ec8867d4c11c01000000
[2023-03-02 11:36:48,950 D 19 35] (gcs_server) grpc_server.cc:146: Polled event from CQ, thead: 140333003699968::0, status: 1
[2023-03-02 11:36:48,950 I 19 19] (gcs_server) gcs_actor_manager.cc:246: Registered actor, job id = 01000000, actor id = 2371ce94bef0ec8867d4c11c01000000
[2023-03-02 11:36:48,950 D 19 35] (gcs_server) grpc_server.cc:146: Polled event from CQ, thead: 140333003699968::0, status: 1
[2023-03-02 11:36:48,950 I 19 19] (gcs_server) gcs_actor_manager.cc:240: Registering actor, job id = 01000000, actor id = 109b28492a90c5e59c4f524c01000000
[2023-03-02 11:36:48,950 D 19 35] (gcs_server) grpc_server.cc:146: Polled event from CQ, thead: 140333003699968::0, status: 1
[2023-03-02 11:36:48,950 D 19 35] (gcs_server) grpc_server.cc:146: Polled event from CQ, thead: 140333003699968::0, status: 1
[2023-03-02 11:36:48,950 D 19 35] (gcs_server) grpc_server.cc:146: Polled event from CQ, thead: 140333003699968::0, status: 1
[2023-03-02 11:36:48,950 D 19 19] (gcs_server) gcs_actor_manager.cc:289: Getting actor info, job id = 01000000, actor id = 109b28492a90c5e59c4f524c01000000
[2023-03-02 11:36:48,950 D 19 19] (gcs_server) gcs_actor_manager.cc:304: Finished getting actor info, job id = 01000000, actor id = 109b28492a90c5e59c4f524c01000000
[2023-03-02 11:36:48,950 I 19 19] (gcs_server) gcs_actor_manager.cc:246: Registered actor, job id = 01000000, actor id = 109b28492a90c5e59c4f524c01000000
[2023-03-02 11:36:48,950 D 19 35] (gcs_server) grpc_server.cc:146: Polled event from CQ, thead: 140333003699968::0, status: 1
[2023-03-02 11:36:48,950 D 19 35] (gcs_server) grpc_server.cc:146: Polled event from CQ, thead: 140333003699968::0, status: 1
[2023-03-02 11:36:48,950 D 19 35] (gcs_server) grpc_server.cc:146: Polled event from CQ, thead: 140333003699968::0, status: 1
[2023-03-02 11:36:48,952 D 19 35] (gcs_server) grpc_server.cc:146: Polled event from CQ, thead: 140333003699968::0, status: 1
[2023-03-02 11:36:48,952 D 19 34] (gcs_server) publisher.cc:322: Long polling connection initiated by 55dba41c1e475c981e091089321ee8d5bfaa4cb5919143b606957bb4
[2023-03-02 11:36:48,952 D 19 35] (gcs_server) grpc_server.cc:146: Polled event from CQ, thead: 140333003699968::0, status: 1
[2023-03-02 11:36:48,952 D 19 35] (gcs_server) grpc_server.cc:146: Polled event from CQ, thead: 140333003699968::0, status: 1
[2023-03-02 11:36:48,952 I 19 19] (gcs_server) gcs_actor_manager.cc:240: Registering actor, job id = 01000000, actor id = 5bd3e3f8a4982e94674a40cb01000000
[2023-03-02 11:36:48,953 I 19 19] (gcs_server) gcs_actor_manager.cc:246: Registered actor, job id = 01000000, actor id = 5bd3e3f8a4982e94674a40cb01000000
[2023-03-02 11:36:48,953 D 19 35] (gcs_server) grpc_server.cc:146: Polled event from CQ, thead: 140333003699968::0, status: 1
[2023-03-02 11:36:48,953 D 19 35] (gcs_server) grpc_server.cc:146: Polled event from CQ, thead: 140333003699968::0, status: 1
[2023-03-02 11:36:48,953 I 19 19] (gcs_server) gcs_actor_manager.cc:265: Creating actor, job id = 01000000, actor id = 2371ce94bef0ec8867d4c11c01000000
[2023-03-02 11:36:48,953 I 19 19] (gcs_server) gcs_actor_scheduler.cc:216: Start leasing worker from node 4d231dd263cecb5a210721d8111b91e627129a1e02269ace1e1800e8 for actor 2371ce94bef0ec8867d4c11c01000000, job id = 01000000
[2023-03-02 11:36:48,953 D 19 35] (gcs_server) grpc_server.cc:146: Polled event from CQ, thead: 140333003699968::0, status: 1
[2023-03-02 11:36:48,953 D 19 19] (gcs_server) gcs_actor_manager.cc:289: Getting actor info, job id = 01000000, actor id = 5bd3e3f8a4982e94674a40cb01000000
[2023-03-02 11:36:48,953 D 19 19] (gcs_server) gcs_actor_manager.cc:304: Finished getting actor info, job id = 01000000, actor id = 5bd3e3f8a4982e94674a40cb01000000
[2023-03-02 11:36:48,953 D 19 35] (gcs_server) grpc_server.cc:146: Polled event from CQ, thead: 140333003699968::0, status: 1
[2023-03-02 11:36:48,953 D 19 35] (gcs_server) grpc_server.cc:146: Polled event from CQ, thead: 140333003699968::0, status: 1
[2023-03-02 11:36:48,953 I 19 19] (gcs_server) gcs_actor_manager.cc:265: Creating actor, job id = 01000000, actor id = 109b28492a90c5e59c4f524c01000000
[2023-03-02 11:36:48,954 I 19 19] (gcs_server) gcs_actor_scheduler.cc:216: Start leasing worker from node 4d231dd263cecb5a210721d8111b91e627129a1e02269ace1e1800e8 for actor 109b28492a90c5e59c4f524c01000000, job id = 01000000
[2023-03-02 11:36:48,954 D 19 35] (gcs_server) grpc_server.cc:146: Polled event from CQ, thead: 140333003699968::0, status: 1
[2023-03-02 11:36:48,954 D 19 34] (gcs_server) publisher.cc:322: Long polling connection initiated by 55dba41c1e475c981e091089321ee8d5bfaa4cb5919143b606957bb4
[2023-03-02 11:36:48,954 D 19 35] (gcs_server) grpc_server.cc:146: Polled event from CQ, thead: 140333003699968::0, status: 1
[2023-03-02 11:36:48,954 D 19 35] (gcs_server) grpc_server.cc:146: Polled event from CQ, thead: 140333003699968::0, status: 1
[2023-03-02 11:36:48,954 I 19 19] (gcs_server) gcs_actor_manager.cc:265: Creating actor, job id = 01000000, actor id = 5bd3e3f8a4982e94674a40cb01000000
[2023-03-02 11:36:48,954 I 19 19] (gcs_server) gcs_actor_scheduler.cc:216: Start leasing worker from node 4d231dd263cecb5a210721d8111b91e627129a1e02269ace1e1800e8 for actor 5bd3e3f8a4982e94674a40cb01000000, job id = 01000000
[2023-03-02 11:36:48,955 D 19 35] (gcs_server) grpc_server.cc:146: Polled event from CQ, thead: 140333003699968::0, status: 1
[2023-03-02 11:36:48,955 D 19 34] (gcs_server) publisher.cc:322: Long polling connection initiated by 55dba41c1e475c981e091089321ee8d5bfaa4cb5919143b606957bb4
[2023-03-02 11:36:48,955 D 19 35] (gcs_server) grpc_server.cc:146: Polled event from CQ, thead: 140333003699968::0, status: 1
[2023-03-02 11:36:48,955 D 19 35] (gcs_server) grpc_server.cc:146: Polled event from CQ, thead: 140333003699968::0, status: 1
[2023-03-02 11:36:48,955 D 19 34] (gcs_server) publisher.cc:322: Long polling connection initiated by 55dba41c1e475c981e091089321ee8d5bfaa4cb5919143b606957bb4
[2023-03-02 11:36:49,490 D 19 19] (gcs_server) gcs_placement_group_manager.cc:327: No additional placement groups to schedule. Stop scheduling.
[2023-03-02 11:36:49,499 I 19 19] (gcs_server) gcs_server.cc:261: All alived nodes number: 1
[2023-03-02 11:36:49,499 I 19 19] (gcs_server) gcs_server.cc:267: Get raylet_client by ID 4d231dd263cecb5a210721d8111b91e627129a1e02269ace1e1800e8
[2023-03-02 11:36:49,583 D 19 35] (gcs_server) grpc_server.cc:146: Polled event from CQ, thead: 140333003699968::0, status: 1
[2023-03-02 11:36:49,584 D 19 19] (gcs_server) stats_handler_impl.cc:26: Adding profile data, component type = worker, node id = ec72be338db247db90650f6db4925f631e8132d54084b804d0f3fdf8
[2023-03-02 11:36:49,584 D 19 19] (gcs_server) stats_handler_impl.cc:49: Finished adding profile data, component type = worker, node id = ec72be338db247db90650f6db4925f631e8132d54084b804d0f3fdf8
[2023-03-02 11:36:49,584 D 19 35] (gcs_server) grpc_server.cc:146: Polled event from CQ, thead: 140333003699968::0, status: 1
[2023-03-02 11:36:49,921 D 19 35] (gcs_server) grpc_server.cc:146: Polled event from CQ, thead: 140333003699968::0, status: 1
[2023-03-02 11:36:49,921 D 19 19] (gcs_server) stats_handler_impl.cc:26: Adding profile data, component type = worker, node id = 306b73eb925d4f5cbd76e6f8242e8012bb4abcc02ece83095290172c
[2023-03-02 11:36:49,921 D 19 19] (gcs_server) stats_handler_impl.cc:49: Finished adding profile data, component type = worker, node id = 306b73eb925d4f5cbd76e6f8242e8012bb4abcc02ece83095290172c
[2023-03-02 11:36:49,922 D 19 35] (gcs_server) grpc_server.cc:146: Polled event from CQ, thead: 140333003699968::0, status: 1
[2023-03-02 11:36:50,490 D 19 19] (gcs_server) gcs_placement_group_manager.cc:327: No additional placement groups to schedule. Stop scheduling.
[2023-03-02 11:36:50,499 I 19 19] (gcs_server) gcs_server.cc:261: All alived nodes number: 1
[2023-03-02 11:36:50,499 I 19 19] (gcs_server) gcs_server.cc:267: Get raylet_client by ID 4d231dd263cecb5a210721d8111b91e627129a1e02269ace1e1800e8
[2023-03-02 11:36:51,491 D 19 19] (gcs_server) gcs_placement_group_manager.cc:327: No additional placement groups to schedule. Stop scheduling.
[2023-03-02 11:36:51,499 I 19 19] (gcs_server) gcs_server.cc:261: All alived nodes number: 1
[2023-03-02 11:36:51,499 I 19 19] (gcs_server) gcs_server.cc:267: Get raylet_client by ID 4d231dd263cecb5a210721d8111b91e627129a1e02269ace1e1800e8
[2023-03-02 11:36:52,491 D 19 19] (gcs_server) gcs_placement_group_manager.cc:327: No additional placement groups to schedule. Stop scheduling.
[2023-03-02 11:36:52,500 I 19 19] (gcs_server) gcs_server.cc:261: All alived nodes number: 1
[2023-03-02 11:36:52,500 I 19 19] (gcs_server) gcs_server.cc:267: Get raylet_client by ID 4d231dd263cecb5a210721d8111b91e627129a1e02269ace1e1800e8
[2023-03-02 11:36:53,491 D 19 19] (gcs_server) gcs_placement_group_manager.cc:327: No additional placement groups to schedule. Stop scheduling.
[2023-03-02 11:36:53,500 I 19 19] (gcs_server) gcs_server.cc:261: All alived nodes number: 1
[2023-03-02 11:36:53,500 I 19 19] (gcs_server) gcs_server.cc:267: Get raylet_client by ID 4d231dd263cecb5a210721d8111b91e627129a1e02269ace1e1800e8
[2023-03-02 11:36:54,491 D 19 19] (gcs_server) gcs_placement_group_manager.cc:327: No additional placement groups to schedule. Stop scheduling.
[2023-03-02 11:36:54,500 I 19 19] (gcs_server) gcs_server.cc:261: All alived nodes number: 1
[2023-03-02 11:36:54,500 I 19 19] (gcs_server) gcs_server.cc:267: Get raylet_client by ID 4d231dd263cecb5a210721d8111b91e627129a1e02269ace1e1800e8
[2023-03-02 11:36:55,491 D 19 19] (gcs_server) gcs_placement_group_manager.cc:327: No additional placement groups to schedule. Stop scheduling.
[2023-03-02 11:36:55,500 I 19 19] (gcs_server) gcs_server.cc:261: All alived nodes number: 1
[2023-03-02 11:36:55,501 I 19 19] (gcs_server) gcs_server.cc:267: Get raylet_client by ID 4d231dd263cecb5a210721d8111b91e627129a1e02269ace1e1800e8
[2023-03-02 11:36:56,491 D 19 19] (gcs_server) gcs_placement_group_manager.cc:327: No additional placement groups to schedule. Stop scheduling.
[2023-03-02 11:36:56,501 I 19 19] (gcs_server) gcs_server.cc:261: All alived nodes number: 1
[2023-03-02 11:36:56,501 I 19 19] (gcs_server) gcs_server.cc:267: Get raylet_client by ID 4d231dd263cecb5a210721d8111b91e627129a1e02269ace1e1800e8
[2023-03-02 11:36:57,492 D 19 19] (gcs_server) gcs_placement_group_manager.cc:327: No additional placement groups to schedule. Stop scheduling.
[2023-03-02 11:36:57,501 I 19 19] (gcs_server) gcs_server.cc:261: All alived nodes number: 1
[2023-03-02 11:36:57,501 I 19 19] (gcs_server) gcs_server.cc:267: Get raylet_client by ID 4d231dd263cecb5a210721d8111b91e627129a1e02269ace1e1800e8
[2023-03-02 11:36:58,492 D 19 19] (gcs_server) gcs_placement_group_manager.cc:327: No additional placement groups to schedule. Stop scheduling.
[2023-03-02 11:36:58,501 I 19 19] (gcs_server) gcs_server.cc:261: All alived nodes number: 1
[2023-03-02 11:36:58,501 I 19 19] (gcs_server) gcs_server.cc:267: Get raylet_client by ID 4d231dd263cecb5a210721d8111b91e627129a1e02269ace1e1800e8
[2023-03-02 11:36:59,492 D 19 19] (gcs_server) gcs_placement_group_manager.cc:327: No additional placement groups to schedule. Stop scheduling.
[2023-03-02 11:36:59,502 I 19 19] (gcs_server) gcs_server.cc:261: All alived nodes number: 1
[2023-03-02 11:36:59,502 I 19 19] (gcs_server) gcs_server.cc:267: Get raylet_client by ID 4d231dd263cecb5a210721d8111b91e627129a1e02269ace1e1800e8
[2023-03-02 11:37:00,492 D 19 19] (gcs_server) gcs_placement_group_manager.cc:327: No additional placement groups to schedule. Stop scheduling.
[2023-03-02 11:37:00,502 I 19 19] (gcs_server) gcs_server.cc:261: All alived nodes number: 1
[2023-03-02 11:37:00,502 I 19 19] (gcs_server) gcs_server.cc:267: Get raylet_client by ID 4d231dd263cecb5a210721d8111b91e627129a1e02269ace1e1800e8
[2023-03-02 11:37:01,492 D 19 19] (gcs_server) gcs_placement_group_manager.cc:327: No additional placement groups to schedule. Stop scheduling.
[2023-03-02 11:37:01,502 I 19 19] (gcs_server) gcs_server.cc:261: All alived nodes number: 1
[2023-03-02 11:37:01,502 I 19 19] (gcs_server) gcs_server.cc:267: Get raylet_client by ID 4d231dd263cecb5a210721d8111b91e627129a1e02269ace1e1800e8
[2023-03-02 11:37:02,492 D 19 19] (gcs_server) gcs_placement_group_manager.cc:327: No additional placement groups to schedule. Stop scheduling.
[2023-03-02 11:37:02,502 I 19 19] (gcs_server) gcs_server.cc:261: All alived nodes number: 1
[2023-03-02 11:37:02,503 I 19 19] (gcs_server) gcs_server.cc:267: Get raylet_client by ID 4d231dd263cecb5a210721d8111b91e627129a1e02269ace1e1800e8
[2023-03-02 11:37:03,493 D 19 19] (gcs_server) gcs_placement_group_manager.cc:327: No additional placement groups to schedule. Stop scheduling.
[2023-03-02 11:37:03,503 I 19 19] (gcs_server) gcs_server.cc:261: All alived nodes number: 1
[2023-03-02 11:37:03,503 I 19 19] (gcs_server) gcs_server.cc:267: Get raylet_client by ID 4d231dd263cecb5a210721d8111b91e627129a1e02269ace1e1800e8
[2023-03-02 11:37:04,493 D 19 19] (gcs_server) gcs_placement_group_manager.cc:327: No additional placement groups to schedule. Stop scheduling.
[2023-03-02 11:37:04,503 I 19 19] (gcs_server) gcs_server.cc:261: All alived nodes number: 1
[2023-03-02 11:37:04,503 I 19 19] (gcs_server) gcs_server.cc:267: Get raylet_client by ID 4d231dd263cecb5a210721d8111b91e627129a1e02269ace1e1800e8
[2023-03-02 11:37:05,493 D 19 19] (gcs_server) gcs_placement_group_manager.cc:327: No additional placement groups to schedule. Stop scheduling.
[2023-03-02 11:37:05,503 I 19 19] (gcs_server) gcs_server.cc:261: All alived nodes number: 1
[2023-03-02 11:37:05,503 I 19 19] (gcs_server) gcs_server.cc:267: Get raylet_client by ID 4d231dd263cecb5a210721d8111b91e627129a1e02269ace1e1800e8
[2023-03-02 11:37:06,493 D 19 19] (gcs_server) gcs_placement_group_manager.cc:327: No additional placement groups to schedule. Stop scheduling.
[2023-03-02 11:37:06,504 I 19 19] (gcs_server) gcs_server.cc:261: All alived nodes number: 1
[2023-03-02 11:37:06,504 I 19 19] (gcs_server) gcs_server.cc:267: Get raylet_client by ID 4d231dd263cecb5a210721d8111b91e627129a1e02269ace1e1800e8
[2023-03-02 11:37:07,493 D 19 19] (gcs_server) gcs_placement_group_manager.cc:327: No additional placement groups to schedule. Stop scheduling.
[2023-03-02 11:37:07,504 I 19 19] (gcs_server) gcs_server.cc:261: All alived nodes number: 1
[2023-03-02 11:37:07,504 I 19 19] (gcs_server) gcs_server.cc:267: Get raylet_client by ID 4d231dd263cecb5a210721d8111b91e627129a1e02269ace1e1800e8
[2023-03-02 11:37:08,493 D 19 19] (gcs_server) gcs_placement_group_manager.cc:327: No additional placement groups to schedule. Stop scheduling.
[2023-03-02 11:37:08,504 I 19 19] (gcs_server) gcs_server.cc:261: All alived nodes number: 1
[2023-03-02 11:37:08,504 I 19 19] (gcs_server) gcs_server.cc:267: Get raylet_client by ID 4d231dd263cecb5a210721d8111b91e627129a1e02269ace1e1800e8
[2023-03-02 11:37:09,493 D 19 19] (gcs_server) gcs_placement_group_manager.cc:327: No additional placement groups to schedule. Stop scheduling.
[2023-03-02 11:37:09,505 I 19 19] (gcs_server) gcs_server.cc:261: All alived nodes number: 1
[2023-03-02 11:37:09,505 I 19 19] (gcs_server) gcs_server.cc:267: Get raylet_client by ID 4d231dd263cecb5a210721d8111b91e627129a1e02269ace1e1800e8
[2023-03-02 11:37:10,494 D 19 19] (gcs_server) gcs_placement_group_manager.cc:327: No additional placement groups to schedule. Stop scheduling.
[2023-03-02 11:37:10,505 I 19 19] (gcs_server) gcs_server.cc:261: All alived nodes number: 1
[2023-03-02 11:37:10,505 I 19 19] (gcs_server) gcs_server.cc:267: Get raylet_client by ID 4d231dd263cecb5a210721d8111b91e627129a1e02269ace1e1800e8
[2023-03-02 11:37:11,494 D 19 19] (gcs_server) gcs_placement_group_manager.cc:327: No additional placement groups to schedule. Stop scheduling.
[2023-03-02 11:37:11,505 I 19 19] (gcs_server) gcs_server.cc:261: All alived nodes number: 1
[2023-03-02 11:37:11,505 I 19 19] (gcs_server) gcs_server.cc:267: Get raylet_client by ID 4d231dd263cecb5a210721d8111b91e627129a1e02269ace1e1800e8
[2023-03-02 11:37:12,494 D 19 19] (gcs_server) gcs_placement_group_manager.cc:327: No additional placement groups to schedule. Stop scheduling.
[2023-03-02 11:37:12,505 I 19 19] (gcs_server) gcs_server.cc:261: All alived nodes number: 1
[2023-03-02 11:37:12,506 I 19 19] (gcs_server) gcs_server.cc:267: Get raylet_client by ID 4d231dd263cecb5a210721d8111b91e627129a1e02269ace1e1800e8
[2023-03-02 11:37:13,494 D 19 19] (gcs_server) gcs_placement_group_manager.cc:327: No additional placement groups to schedule. Stop scheduling.
[2023-03-02 11:37:13,506 I 19 19] (gcs_server) gcs_server.cc:261: All alived nodes number: 1
[2023-03-02 11:37:13,506 I 19 19] (gcs_server) gcs_server.cc:267: Get raylet_client by ID 4d231dd263cecb5a210721d8111b91e627129a1e02269ace1e1800e8
[2023-03-02 11:37:14,494 D 19 19] (gcs_server) gcs_placement_group_manager.cc:327: No additional placement groups to schedule. Stop scheduling.
[2023-03-02 11:37:14,506 I 19 19] (gcs_server) gcs_server.cc:261: All alived nodes number: 1
[2023-03-02 11:37:14,506 I 19 19] (gcs_server) gcs_server.cc:267: Get raylet_client by ID 4d231dd263cecb5a210721d8111b91e627129a1e02269ace1e1800e8
[2023-03-02 11:37:15,494 D 19 19] (gcs_server) gcs_placement_group_manager.cc:327: No additional placement groups to schedule. Stop scheduling.
[2023-03-02 11:37:15,506 I 19 19] (gcs_server) gcs_server.cc:261: All alived nodes number: 1
[2023-03-02 11:37:15,506 I 19 19] (gcs_server) gcs_server.cc:267: Get raylet_client by ID 4d231dd263cecb5a210721d8111b91e627129a1e02269ace1e1800e8
[2023-03-02 11:37:16,495 D 19 19] (gcs_server) gcs_placement_group_manager.cc:327: No additional placement groups to schedule. Stop scheduling.
[2023-03-02 11:37:16,507 I 19 19] (gcs_server) gcs_server.cc:261: All alived nodes number: 1
[2023-03-02 11:37:16,507 I 19 19] (gcs_server) gcs_server.cc:267: Get raylet_client by ID 4d231dd263cecb5a210721d8111b91e627129a1e02269ace1e1800e8
[2023-03-02 11:37:17,495 D 19 19] (gcs_server) gcs_placement_group_manager.cc:327: No additional placement groups to schedule. Stop scheduling.
[2023-03-02 11:37:17,507 I 19 19] (gcs_server) gcs_server.cc:261: All alived nodes number: 1
[2023-03-02 11:37:17,507 I 19 19] (gcs_server) gcs_server.cc:267: Get raylet_client by ID 4d231dd263cecb5a210721d8111b91e627129a1e02269ace1e1800e8
[2023-03-02 11:37:18,495 D 19 19] (gcs_server) gcs_placement_group_manager.cc:327: No additional placement groups to schedule. Stop scheduling.
[2023-03-02 11:37:18,507 I 19 19] (gcs_server) gcs_server.cc:261: All alived nodes number: 1
[2023-03-02 11:37:18,507 I 19 19] (gcs_server) gcs_server.cc:267: Get raylet_client by ID 4d231dd263cecb5a210721d8111b91e627129a1e02269ace1e1800e8
[2023-03-02 11:37:18,512 W 19 33] (gcs_server) gcs_heartbeat_manager.cc:106: Node timed out: 4d231dd263cecb5a210721d8111b91e627129a1e02269ace1e1800e8
[2023-03-02 11:37:18,512 I 19 19] (gcs_server) gcs_node_manager.cc:199: Removing node, node id = 4d231dd263cecb5a210721d8111b91e627129a1e02269ace1e1800e8, node name = 172.17.0.2
[2023-03-02 11:37:18,512 W 19 19] (gcs_server) gcs_node_manager.cc:221: The node with node id: 4d231dd263cecb5a210721d8111b91e627129a1e02269ace1e1800e8 and address: 172.17.0.2 and node name: 172.17.0.2 has been marked dead because the detector has missed too many heartbeats from it. This can happen when a raylet crashes unexpectedly or has lagging heartbeats.
[2023-03-02 11:37:18,512 I 19 19] (gcs_server) gcs_placement_group_manager.cc:695: Node 4d231dd263cecb5a210721d8111b91e627129a1e02269ace1e1800e8 failed, rescheduling the placement groups on the dead node.
[2023-03-02 11:37:18,512 D 19 35] (gcs_server) grpc_server.cc:146: Polled event from CQ, thead: 140333003699968::0, status: 1
[2023-03-02 11:37:18,512 D 19 19] (gcs_server) gcs_placement_group_scheduler.cc:57: Scheduling placement group , id: d64bfeb3542eec58fc1c47dc1f4c01000000, bundles size = 3
[2023-03-02 11:37:18,512 D 19 19] (gcs_server) bundle_scheduling_policy.cc:146: The candidate nodes is empty, return directly.
[2023-03-02 11:37:18,512 D 19 19] (gcs_server) gcs_placement_group_scheduler.cc:76: Failed to schedule placement group , id: d64bfeb3542eec58fc1c47dc1f4c01000000, because current reource can't satisfy the required resource.
[2023-03-02 11:37:18,513 D 19 19] (gcs_server) gcs_placement_group_manager.cc:242: Failed to create placement group , id: d64bfeb3542eec58fc1c47dc1f4c01000000, try again.
[2023-03-02 11:37:18,513 I 19 19] (gcs_server) gcs_actor_manager.cc:920: Node 4d231dd263cecb5a210721d8111b91e627129a1e02269ace1e1800e8 failed, reconstructing actors.
[2023-03-02 11:37:18,513 I 19 19] (gcs_server) gcs_actor_manager.cc:715: Destroying actor, actor id = a7bd9e5b622e2f9765a3302601000000, job id = 01000000
[2023-03-02 11:37:18,513 D 19 19] (gcs_server) gcs_actor_manager.cc:734: Try to kill actor a7bd9e5b622e2f9765a3302601000000, with status 2, name 
[2023-03-02 11:37:18,513 D 19 19] (gcs_server) gcs_actor_manager.cc:1332: Erasing actor a7bd9e5b622e2f9765a3302601000000 owned by 01000000ffffffffffffffffffffffffffffffffffffffffffffffff, job id = 01000000
[2023-03-02 11:37:18,513 D 19 19] (gcs_server) gcs_actor_manager.cc:1357: Send request to kill actor a7bd9e5b622e2f9765a3302601000000 to worker ec72be338db247db90650f6db4925f631e8132d54084b804d0f3fdf8 at node 4d231dd263cecb5a210721d8111b91e627129a1e02269ace1e1800e8
[2023-03-02 11:37:18,513 I 19 19] (gcs_server) gcs_actor_manager.cc:715: Destroying actor, actor id = 5bd3e3f8a4982e94674a40cb01000000, job id = 01000000
[2023-03-02 11:37:18,513 D 19 19] (gcs_server) gcs_actor_manager.cc:734: Try to kill actor 5bd3e3f8a4982e94674a40cb01000000, with status 1, name 
[2023-03-02 11:37:18,513 D 19 19] (gcs_server) gcs_actor_manager.cc:1332: Erasing actor 5bd3e3f8a4982e94674a40cb01000000 owned by ec72be338db247db90650f6db4925f631e8132d54084b804d0f3fdf8, job id = 01000000
[2023-03-02 11:37:18,513 D 19 19] (gcs_server) gcs_actor_manager.cc:1417: Cancel actor in scheduling: actor_id 5bd3e3f8a4982e94674a40cb01000000, task_id ffffffffffffffff5bd3e3f8a4982e94674a40cb01000000
[2023-03-02 11:37:18,514 D 19 19] (gcs_server) gcs_actor_scheduler.cc:135: Canceling worker leasing of task ffffffffffffffff5bd3e3f8a4982e94674a40cb01000000
[2023-03-02 11:37:18,514 D 19 35] (gcs_server) grpc_server.cc:146: Polled event from CQ, thead: 140333003699968::0, status: 1
[2023-03-02 11:37:18,514 I 19 19] (gcs_server) gcs_actor_manager.cc:1011: Actor 2371ce94bef0ec8867d4c11c01000000 is failed on worker NIL_ID at node 4d231dd263cecb5a210721d8111b91e627129a1e02269ace1e1800e8, need_reschedule = 1, death context type = ActorDiedErrorContext, remaining_restarts = 0, job id = 01000000
[2023-03-02 11:37:18,514 I 19 19] (gcs_server) gcs_actor_manager.cc:1011: Actor 109b28492a90c5e59c4f524c01000000 is failed on worker NIL_ID at node 4d231dd263cecb5a210721d8111b91e627129a1e02269ace1e1800e8, need_reschedule = 1, death context type = ActorDiedErrorContext, remaining_restarts = 0, job id = 01000000
[2023-03-02 11:37:18,514 D 19 34] (gcs_server) publisher.cc:322: Long polling connection initiated by 09848fd0b3ff5f10816dc0b441590f0bb621062e8a2d4b062e9b1870
[2023-03-02 11:37:18,514 D 19 19] (gcs_server) grpc_based_resource_broadcaster.cc:60: Node removed (node_id: 4d231dd263cecb5a210721d8111b91e627129a1e02269ace1e1800e8)# of remaining nodes: 0
[2023-03-02 11:37:18,514 D 19 19] (gcs_server) gcs_resource_report_poller.cc:103: Node removed (node_id: 4d231dd263cecb5a210721d8111b91e627129a1e02269ace1e1800e8)# of remaining nodes: 0
[2023-03-02 11:37:18,514 D 19 19] (gcs_server) gcs_placement_group_manager.cc:327: No additional placement groups to schedule. Stop scheduling.
[2023-03-02 11:37:18,514 D 19 35] (gcs_server) grpc_server.cc:146: Polled event from CQ, thead: 140333003699968::0, status: 1
[2023-03-02 11:37:18,514 D 19 35] (gcs_server) grpc_server.cc:146: Polled event from CQ, thead: 140333003699968::0, status: 1
[2023-03-02 11:37:18,514 D 19 35] (gcs_server) grpc_server.cc:146: Polled event from CQ, thead: 140333003699968::0, status: 1
[2023-03-02 11:37:18,514 D 19 35] (gcs_server) grpc_server.cc:146: Polled event from CQ, thead: 140333003699968::0, status: 1
[2023-03-02 11:37:18,516 D 19 35] (gcs_server) grpc_server.cc:146: Polled event from CQ, thead: 140333003699968::0, status: 1
[2023-03-02 11:37:18,516 D 19 35] (gcs_server) grpc_server.cc:146: Polled event from CQ, thead: 140333003699968::0, status: 1
[2023-03-02 11:37:18,516 D 19 34] (gcs_server) publisher.cc:322: Long polling connection initiated by 0070315d1946021aed3cdab6e046f90269ce34ddec673a45c6c300dc
[2023-03-02 11:37:18,517 D 19 35] (gcs_server) grpc_server.cc:146: Polled event from CQ, thead: 140333003699968::0, status: 1
[2023-03-02 11:37:18,522 I 19 19] (gcs_server) gcs_actor_manager.cc:689: Worker ec72be338db247db90650f6db4925f631e8132d54084b804d0f3fdf8 failed, destroying actor child, job id = 01000000
[2023-03-02 11:37:18,523 I 19 19] (gcs_server) gcs_actor_manager.cc:715: Destroying actor, actor id = 2371ce94bef0ec8867d4c11c01000000, job id = 01000000
[2023-03-02 11:37:18,523 D 19 19] (gcs_server) gcs_actor_manager.cc:734: Try to kill actor 2371ce94bef0ec8867d4c11c01000000, with status 4, name 
[2023-03-02 11:37:18,523 D 19 19] (gcs_server) gcs_actor_manager.cc:1332: Erasing actor 2371ce94bef0ec8867d4c11c01000000 owned by ec72be338db247db90650f6db4925f631e8132d54084b804d0f3fdf8, job id = 01000000
[2023-03-02 11:37:18,523 D 19 19] (gcs_server) gcs_actor_manager.cc:746: Actor 2371ce94bef0ec8867d4c11c01000000has been dead,skip sending killing request.
[2023-03-02 11:37:18,523 I 19 19] (gcs_server) gcs_actor_manager.cc:689: Worker ec72be338db247db90650f6db4925f631e8132d54084b804d0f3fdf8 failed, destroying actor child, job id = 01000000
[2023-03-02 11:37:18,523 I 19 19] (gcs_server) gcs_actor_manager.cc:715: Destroying actor, actor id = 109b28492a90c5e59c4f524c01000000, job id = 01000000
[2023-03-02 11:37:18,523 D 19 19] (gcs_server) gcs_actor_manager.cc:734: Try to kill actor 109b28492a90c5e59c4f524c01000000, with status 4, name 
[2023-03-02 11:37:18,523 D 19 19] (gcs_server) gcs_actor_manager.cc:1332: Erasing actor 109b28492a90c5e59c4f524c01000000 owned by ec72be338db247db90650f6db4925f631e8132d54084b804d0f3fdf8, job id = 01000000
[2023-03-02 11:37:18,523 D 19 19] (gcs_server) gcs_actor_manager.cc:746: Actor 109b28492a90c5e59c4f524c01000000has been dead,skip sending killing request.
[2023-03-02 11:37:18,523 I 19 19] (gcs_server) gcs_actor_manager.cc:689: Worker ec72be338db247db90650f6db4925f631e8132d54084b804d0f3fdf8 failed, destroying actor child, job id = 01000000
[2023-03-02 11:37:18,523 D 19 19] (gcs_server) gcs_actor_manager.cc:1360: Killing status: GrpcUnavailable: RPC Error message: Socket closed; RPC Error details: 
[2023-03-02 11:37:18,525 D 19 35] (gcs_server) grpc_server.cc:146: Polled event from CQ, thead: 140333003699968::0, status: 1
[2023-03-02 11:37:18,526 D 19 19] (gcs_server) gcs_worker_manager.cc:138: Adding worker 01000000ffffffffffffffffffffffffffffffffffffffffffffffff
[2023-03-02 11:37:18,526 D 19 19] (gcs_server) gcs_worker_manager.cc:146: Finished adding worker 01000000ffffffffffffffffffffffffffffffffffffffffffffffff
[2023-03-02 11:37:18,526 D 19 35] (gcs_server) grpc_server.cc:146: Polled event from CQ, thead: 140333003699968::0, status: 1
[2023-03-02 11:37:18,781 D 19 35] (gcs_server) grpc_server.cc:146: Polled event from CQ, thead: 140333003699968::0, status: 1
[2023-03-02 11:37:18,781 D 19 34] (gcs_server) publisher.cc:322: Long polling connection initiated by 0070315d1946021aed3cdab6e046f90269ce34ddec673a45c6c300dc
[2023-03-02 11:37:18,782 D 19 35] (gcs_server) grpc_server.cc:146: Polled event from CQ, thead: 140333003699968::0, status: 1
[2023-03-02 11:37:18,782 D 19 35] (gcs_server) grpc_server.cc:146: Polled event from CQ, thead: 140333003699968::0, status: 1
[2023-03-02 11:37:18,782 D 19 34] (gcs_server) publisher.cc:322: Long polling connection initiated by 4a6fcd477778f9aa6e4820bcd31775fa1d456bc6a21f69700b5bbcc6
[2023-03-02 11:37:18,782 D 19 34] (gcs_server) publisher.cc:322: Long polling connection initiated by bce373ab776f2dfe9fcf7d72a8be1ad8a343cd97661fa6528ecfa2ef
[2023-03-02 11:37:19,029 D 19 35] (gcs_server) grpc_server.cc:146: Polled event from CQ, thead: 140333003699968::0, status: 1
[2023-03-02 11:37:19,030 D 19 35] (gcs_server) grpc_server.cc:146: Polled event from CQ, thead: 140333003699968::0, status: 1
[2023-03-02 11:37:19,030 D 19 35] (gcs_server) grpc_server.cc:146: Polled event from CQ, thead: 140333003699968::0, status: 1
[2023-03-02 11:37:19,030 D 19 35] (gcs_server) grpc_server.cc:146: Polled event from CQ, thead: 140333003699968::0, status: 1
[2023-03-02 11:37:19,031 D 19 35] (gcs_server) grpc_server.cc:146: Polled event from CQ, thead: 140333003699968::0, status: 1
[2023-03-02 11:37:19,031 D 19 35] (gcs_server) grpc_server.cc:146: Polled event from CQ, thead: 140333003699968::0, status: 1
[2023-03-02 11:37:19,495 D 19 19] (gcs_server) gcs_placement_group_manager.cc:327: No additional placement groups to schedule. Stop scheduling.
[2023-03-02 11:37:19,508 I 19 19] (gcs_server) gcs_server.cc:261: All alived nodes number: 0
[2023-03-02 11:37:19,607 I 19 19] (gcs_server) gcs_actor_manager.cc:689: Worker 01000000ffffffffffffffffffffffffffffffffffffffffffffffff failed, destroying actor child, job id = 01000000
