[2023-03-02 11:43:34,350 I 190 190] core_worker_process.cc:120: Constructing CoreWorkerProcess. pid: 190
[2023-03-02 11:43:34,408 D 190 201] core_worker_process.cc:200: Getting system config from raylet, remaining retries = 100
[2023-03-02 11:43:34,409 D 190 190] ray_config.cc:70: RayConfig is initialized with: is_external_storage_type_fs=true,object_spilling_config="{\"type\": \"filesystem\", \"params\": {\"directory_path\": \"/host/tmp/ray/session_2023-03-02_11-43-19_861605_2\"}}",
[2023-03-02 11:43:34,410 D 190 190] core_worker.cc:88: Constructing CoreWorker, worker_id: 358426ef649339930032ac83f21f159e61b727acb8093caede087dc2
[2023-03-02 11:43:34,411 I 190 190] core_worker.cc:119: Connecting to local Raylet.
[2023-03-02 11:43:34,411 I 190 190] raylet_client.cc:116: Creating RayletConnection.
[2023-03-02 11:43:34,412 I 190 190] client_connection.cc:47: ConnectSocketRetry begin /host/tmp/ray/session_2023-03-02_11-43-19_861605_2/sockets/raylet 0
[2023-03-02 11:43:34,414 I 190 190] client_connection.cc:51: ConnectSocketRetry end /host/tmp/ray/session_2023-03-02_11-43-19_861605_2/sockets/raylet 0. OK
[2023-03-02 11:43:34,414 I 190 190] raylet_client.cc:118: Created RayletConnection.
[2023-03-02 11:43:34,414 I 190 190] raylet_client.cc:138: Begin AtomicRequestReply RegisterClientRequest
[2023-03-02 11:43:34,414 I 190 190] raylet_client.cc:141: End AtomicRequestReply RegisterClientRequest. Status: OK
[2023-03-02 11:43:34,414 I 190 190] core_worker.cc:135: Connected to local Raylet.
[2023-03-02 11:43:34,414 I 190 190] core_worker.cc:164: Starting GRPC server.
[2023-03-02 11:43:34,415 I 190 190] grpc_server.cc:105: worker server started, listening on port 42825.
[2023-03-02 11:43:34,419 I 190 190] core_worker.cc:171: Started GRPC server.
[2023-03-02 11:43:34,419 I 190 190] core_worker.cc:179: Initializing worker at address: 172.17.0.2:42825, worker ID 358426ef649339930032ac83f21f159e61b727acb8093caede087dc2, raylet 3ee9f21a53f0ba1268b7c56436b66463eb0ba9a8d69b4aa2c5c220f8
[2023-03-02 11:43:34,427 I 190 232] gcs_server_address_updater.cc:32: GCS Server updater thread id: 139795091171072
[2023-03-02 11:43:34,523 D 190 190] gcs_client.cc:165: GcsClient connected.
[2023-03-02 11:43:34,523 I 190 190] core_worker.cc:205: GCS client created.
[2023-03-02 11:43:34,523 I 190 190] core_worker.cc:207: Registered to GCS.
[2023-03-02 11:43:34,524 D 190 190] subscriber.cc:348: Make a long polling request to ba4de1c4f6350babbf5055f3670453ef4a4c60fdf4508d00002b6624
[2023-03-02 11:43:34,524 I 190 190] core_worker.cc:267: Creating CoreWorkerPlasmaStoreProvider
[2023-03-02 11:43:34,524 I 190 190] client.cc:762: Before ConnectSocketRetry
[2023-03-02 11:43:34,524 I 190 190] client_connection.cc:47: ConnectSocketRetry begin /host/tmp/ray/session_2023-03-02_11-43-19_861605_2/sockets/plasma_store 0
[2023-03-02 11:43:34,524 I 190 190] client_connection.cc:51: ConnectSocketRetry end /host/tmp/ray/session_2023-03-02_11-43-19_861605_2/sockets/plasma_store 0. OK
[2023-03-02 11:43:34,524 I 190 190] client.cc:764: After ConnectSocketRetry
[2023-03-02 11:43:34,525 I 190 190] client.cc:766: After new StoreConn
[2023-03-02 11:43:34,525 I 190 190] client.cc:769: After SendConnectRequest
[2023-03-02 11:43:34,525 I 190 190] client.cc:772: After PlasmaReceive
[2023-03-02 11:43:34,525 I 190 190] client.cc:774: After ReadConnectReply
[2023-03-02 11:43:34,525 D 190 190] client.cc:392: called plasma_create on conn 30 with size 8 and metadata size 0
[2023-03-02 11:43:34,525 I 190 190] protocol.cc:219: After CreatePlasmaCreateRequest, prepare to send
[2023-03-02 11:43:34,525 I 190 190] protocol.cc:221: After PlasmaSend, status: 1
[2023-03-02 11:43:34,525 I 190 190] client.cc:402: After SendCreateRequest
[2023-03-02 11:43:34,525 I 190 190] client.cc:311: Before PlasmaReceive
[2023-03-02 11:43:34,525 I 190 190] client.cc:313: After PlasmaReceive buffer size: 160
[2023-03-02 11:43:34,525 I 190 190] client.cc:327: After RreadCreateReply, retry count: 0
[2023-03-02 11:43:34,525 I 190 190] client.cc:355: After create PlasmaMutableBuffer
[2023-03-02 11:43:34,525 I 190 190] client.cc:404: After HandleCreateReply
[2023-03-02 11:43:34,526 I 190 190] core_worker.cc:277: Created CoreWorkerPlasmaStoreProvider
[2023-03-02 11:43:34,527 D 190 190] core_worker_process.cc:276: Worker 358426ef649339930032ac83f21f159e61b727acb8093caede087dc2 is created.
[2023-03-02 11:43:34,527 D 190 190] core_worker_process.cc:132: Stats setup in core worker.
[2023-03-02 11:43:34,527 D 190 190] stats.h:75: Initialized stats
[2023-03-02 11:43:34,527 I 190 190] io_service_pool.cc:35: IOServicePool is running with 1 io_service.
[2023-03-02 11:43:34,535 D 190 190] metrics_agent_client.h:41: Initiate the metrics client of address:127.0.0.1 port:35218
[2023-03-02 11:43:34,538 I 190 244] core_worker.cc:502: Event stats:


Global stats: 16 total (11 active)
Queueing time: mean = 4.092 ms, max = 14.131 ms, min = 11.466 ms, total = 65.476 ms
Execution time:  mean = 44.887 us, total = 718.195 us
Event stats:
	PeriodicalRunner.RunFnPeriodically - 7 total (2 active, 1 running), CPU time: mean = 102.599 us, total = 718.195 us
	UNKNOWN - 3 total (3 active), CPU time: mean = 0.000 s, total = 0.000 s
	WorkerInfoGcsService.grpc_client.AddWorkerInfo - 1 total (1 active), CPU time: mean = 0.000 s, total = 0.000 s
	GcsClient.deadline_timer.check_gcs_connection - 1 total (1 active), CPU time: mean = 0.000 s, total = 0.000 s
	InternalPubSubGcsService.grpc_client.GcsSubscriberCommandBatch - 1 total (1 active), CPU time: mean = 0.000 s, total = 0.000 s
	CoreWorker.deadline_timer.flush_profiling_events - 1 total (1 active), CPU time: mean = 0.000 s, total = 0.000 s
	InternalPubSubGcsService.grpc_client.GcsSubscriberPoll - 1 total (1 active), CPU time: mean = 0.000 s, total = 0.000 s
	NodeManagerService.grpc_client.ReportWorkerBacklog - 1 total (1 active), CPU time: mean = 0.000 s, total = 0.000 s


[2023-03-02 11:43:34,584 D 190 244] accessor.cc:487: Getting information of all nodes.
[2023-03-02 11:43:34,586 D 190 229] grpc_server.cc:146: Polled event from CQ, thead: 139795082774272::0, status: 1
[2023-03-02 11:43:34,586 I 190 244] accessor.cc:599: Received notification for node id = 3ee9f21a53f0ba1268b7c56436b66463eb0ba9a8d69b4aa2c5c220f8, IsAlive = 1
[2023-03-02 11:43:34,587 D 190 244] accessor.cc:497: Finished getting information of all nodes, status = OK
[2023-03-02 11:43:34,595 D 190 190] core_worker.cc:2273: Executing task, task info = Type=ACTOR_CREATION_TASK, Language=PYTHON, Resources: {CPU_group_2ed31873f4a3c9b9a477910fd47901000000: 1, }, function_descriptor={type=PythonFunctionDescriptor, module_name=ray.train.worker_group, class_name=BaseWorkerMixin, function_name=__init__, function_hash=89502ef85af244ebba2bfd2fc3f322da}, task_id=ffffffffffffffff8dd5366e97c7ef9a630bda1601000000, task_name=BaseWorkerMixin.__init__(), job_id=01000000, num_args=0, num_returns=1, depth=1, actor_creation_task_spec={actor_id=8dd5366e97c7ef9a630bda1601000000, max_restarts=0, max_concurrency=1, is_asyncio_actor=0, is_detached=0}
[2023-03-02 11:43:34,595 D 190 190] reference_count.cc:242: Add local reference ffffffffffffffff8dd5366e97c7ef9a630bda160100000001000000
[2023-03-02 11:43:34,595 D 190 190] reference_count.cc:243: REF ffffffffffffffff8dd5366e97c7ef9a630bda160100000001000000 borrowers: 0 local_ref_count: 1 submitted_count: 0 contained_in_owned: 0 contained_in_borrowed: 0 contains: 0 stored_in: 0 lineage_ref_count: 0
[2023-03-02 11:43:34,595 I 190 190] direct_actor_task_submitter.cc:33: Set max pending calls to -1 for actor 8dd5366e97c7ef9a630bda1601000000
[2023-03-02 11:43:34,595 D 190 190] direct_actor_task_submitter.cc:169: Connecting to actor 8dd5366e97c7ef9a630bda1601000000 at worker 358426ef649339930032ac83f21f159e61b727acb8093caede087dc2
[2023-03-02 11:43:34,595 D 190 190] core_worker_client_pool.cc:42: Connected to 172.17.0.2:42825
[2023-03-02 11:43:34,595 D 190 190] sequential_actor_submit_queue.cc:86: Resetting caller starts at for actor 8dd5366e97c7ef9a630bda1601000000 from 0 to 0
[2023-03-02 11:43:34,595 I 190 190] direct_actor_task_submitter.cc:217: Connecting to actor 8dd5366e97c7ef9a630bda1601000000 at worker 358426ef649339930032ac83f21f159e61b727acb8093caede087dc2
[2023-03-02 11:43:34,595 D 190 190] reference_count.cc:106: Adding borrowed object ffffffffffffffff8dd5366e97c7ef9a630bda160100000001000000
[2023-03-02 11:43:34,595 I 190 190] core_worker.cc:2330: Creating actor: 8dd5366e97c7ef9a630bda1601000000
[2023-03-02 11:43:35,172 D 190 190] core_worker.cc:2407: Finished executing task ffffffffffffffff8dd5366e97c7ef9a630bda1601000000, status=OK
[2023-03-02 11:43:35,172 I 190 190] direct_actor_transport.cc:144: Actor creation task finished, task_id: ffffffffffffffff8dd5366e97c7ef9a630bda1601000000, actor_id: 8dd5366e97c7ef9a630bda1601000000
[2023-03-02 11:43:35,173 D 190 229] grpc_server.cc:146: Polled event from CQ, thead: 139795082774272::0, status: 1
[2023-03-02 11:43:35,176 D 190 229] grpc_server.cc:146: Polled event from CQ, thead: 139795082774272::0, status: 1
[2023-03-02 11:43:35,176 D 190 190] actor_scheduling_queue.cc:89: Enqueue 0 cur seqno 0
[2023-03-02 11:43:35,176 D 190 190] core_worker.cc:2273: Executing task, task info = Type=ACTOR_TASK, Language=PYTHON, Resources: {}, function_descriptor={type=PythonFunctionDescriptor, module_name=ray.train.worker_group, class_name=BaseWorkerMixin, function_name=_BaseWorkerMixin__execute, function_hash=}, task_id=1cf34395dd1bb5fe8dd5366e97c7ef9a630bda1601000000, task_name=BaseWorkerMixin._BaseWorkerMixin__execute(), job_id=01000000, num_args=2, num_returns=2, depth=0, actor_task_spec={actor_id=8dd5366e97c7ef9a630bda1601000000, actor_caller_id=ffffffffffffffffc14a9626f74ead80ee20518801000000, actor_counter=0}
[2023-03-02 11:43:35,177 D 190 190] core_worker.cc:2232: Creating return object 1cf34395dd1bb5fe8dd5366e97c7ef9a630bda160100000001000000
[2023-03-02 11:43:35,177 D 190 190] core_worker.cc:2424: Sealing return object 1cf34395dd1bb5fe8dd5366e97c7ef9a630bda160100000001000000
[2023-03-02 11:43:35,177 D 190 190] core_worker.cc:2407: Finished executing task 1cf34395dd1bb5fe8dd5366e97c7ef9a630bda1601000000, status=OK
[2023-03-02 11:43:35,178 D 190 229] grpc_server.cc:146: Polled event from CQ, thead: 139795082774272::0, status: 1
[2023-03-02 11:43:35,317 D 190 229] grpc_server.cc:146: Polled event from CQ, thead: 139795082774272::0, status: 1
[2023-03-02 11:43:35,317 D 190 190] actor_scheduling_queue.cc:89: Enqueue 1 cur seqno 1
[2023-03-02 11:43:35,317 D 190 190] core_worker.cc:2273: Executing task, task info = Type=ACTOR_TASK, Language=PYTHON, Resources: {}, function_descriptor={type=PythonFunctionDescriptor, module_name=ray.train.worker_group, class_name=BaseWorkerMixin, function_name=_BaseWorkerMixin__execute, function_hash=}, task_id=827ca2449f8da6598dd5366e97c7ef9a630bda1601000000, task_name=BaseWorkerMixin._BaseWorkerMixin__execute(), job_id=01000000, num_args=6, num_returns=2, depth=0, actor_task_spec={actor_id=8dd5366e97c7ef9a630bda1601000000, actor_caller_id=ffffffffffffffffc14a9626f74ead80ee20518801000000, actor_counter=1}
[2023-03-02 11:43:35,318 D 190 190] core_worker.cc:2232: Creating return object 827ca2449f8da6598dd5366e97c7ef9a630bda160100000001000000
[2023-03-02 11:43:35,318 D 190 190] core_worker.cc:2424: Sealing return object 827ca2449f8da6598dd5366e97c7ef9a630bda160100000001000000
[2023-03-02 11:43:35,318 D 190 190] core_worker.cc:2407: Finished executing task 827ca2449f8da6598dd5366e97c7ef9a630bda1601000000, status=OK
[2023-03-02 11:43:35,318 D 190 229] grpc_server.cc:146: Polled event from CQ, thead: 139795082774272::0, status: 1
[2023-03-02 11:43:35,322 D 190 229] grpc_server.cc:146: Polled event from CQ, thead: 139795082774272::0, status: 1
[2023-03-02 11:43:35,322 D 190 190] actor_scheduling_queue.cc:89: Enqueue 2 cur seqno 2
[2023-03-02 11:43:35,322 D 190 190] core_worker.cc:2273: Executing task, task info = Type=ACTOR_TASK, Language=PYTHON, Resources: {}, function_descriptor={type=PythonFunctionDescriptor, module_name=ray.train.worker_group, class_name=BaseWorkerMixin, function_name=_BaseWorkerMixin__execute, function_hash=}, task_id=bfdccf9471ea7d998dd5366e97c7ef9a630bda1601000000, task_name=BaseWorkerMixin._BaseWorkerMixin__execute(), job_id=01000000, num_args=12, num_returns=2, depth=0, actor_task_spec={actor_id=8dd5366e97c7ef9a630bda1601000000, actor_caller_id=ffffffffffffffffc14a9626f74ead80ee20518801000000, actor_counter=2}
[2023-03-02 11:43:35,537 D 190 244] accessor.cc:784: Adding profile data, component type = worker, node id = 358426ef649339930032ac83f21f159e61b727acb8093caede087dc2
[2023-03-02 11:43:38,312 D 190 244] profiling.cc:87: Pushed 12 events to GCS.
[2023-03-02 11:43:38,342 D 190 244] accessor.cc:795: Finished adding profile data, status = OK, component type = worker, node id = 358426ef649339930032ac83f21f159e61b727acb8093caede087dc2
[2023-03-02 11:43:41,312 D 190 244] accessor.cc:784: Adding profile data, component type = worker, node id = 358426ef649339930032ac83f21f159e61b727acb8093caede087dc2
[2023-03-02 11:43:41,313 D 190 244] profiling.cc:87: Pushed 1 events to GCS.
[2023-03-02 11:43:41,313 D 190 244] accessor.cc:795: Finished adding profile data, status = OK, component type = worker, node id = 358426ef649339930032ac83f21f159e61b727acb8093caede087dc2
[2023-03-02 11:43:41,530 D 190 190] core_worker.cc:2232: Creating return object bfdccf9471ea7d998dd5366e97c7ef9a630bda160100000001000000
[2023-03-02 11:43:41,530 D 190 190] core_worker.cc:2424: Sealing return object bfdccf9471ea7d998dd5366e97c7ef9a630bda160100000001000000
[2023-03-02 11:43:41,531 D 190 190] core_worker.cc:2407: Finished executing task bfdccf9471ea7d998dd5366e97c7ef9a630bda1601000000, status=OK
[2023-03-02 11:43:41,531 D 190 229] grpc_server.cc:146: Polled event from CQ, thead: 139795082774272::0, status: 1
[2023-03-02 11:43:41,731 D 190 229] grpc_server.cc:146: Polled event from CQ, thead: 139795082774272::0, status: 1
[2023-03-02 11:43:41,731 D 190 190] actor_scheduling_queue.cc:89: Enqueue 3 cur seqno 3
[2023-03-02 11:43:41,731 D 190 190] core_worker.cc:2273: Executing task, task info = Type=ACTOR_TASK, Language=PYTHON, Resources: {}, function_descriptor={type=PythonFunctionDescriptor, module_name=ray.train.worker_group, class_name=BaseWorkerMixin, function_name=_BaseWorkerMixin__execute, function_hash=}, task_id=d2dd870e494366e28dd5366e97c7ef9a630bda1601000000, task_name=BaseWorkerMixin._BaseWorkerMixin__execute(), job_id=01000000, num_args=16, num_returns=2, depth=0, actor_task_spec={actor_id=8dd5366e97c7ef9a630bda1601000000, actor_caller_id=ffffffffffffffffc14a9626f74ead80ee20518801000000, actor_counter=3}
[2023-03-02 11:43:41,996 D 190 190] core_worker.cc:2232: Creating return object d2dd870e494366e28dd5366e97c7ef9a630bda160100000001000000
[2023-03-02 11:43:41,996 D 190 190] core_worker.cc:2424: Sealing return object d2dd870e494366e28dd5366e97c7ef9a630bda160100000001000000
[2023-03-02 11:43:41,996 D 190 190] core_worker.cc:2407: Finished executing task d2dd870e494366e28dd5366e97c7ef9a630bda1601000000, status=OK
[2023-03-02 11:43:41,997 D 190 229] grpc_server.cc:146: Polled event from CQ, thead: 139795082774272::0, status: 1
[2023-03-02 11:43:42,001 D 190 229] grpc_server.cc:146: Polled event from CQ, thead: 139795082774272::0, status: 1
[2023-03-02 11:43:42,002 D 190 190] actor_scheduling_queue.cc:89: Enqueue 4 cur seqno 4
[2023-03-02 11:43:42,002 D 190 190] core_worker.cc:2273: Executing task, task info = Type=ACTOR_TASK, Language=PYTHON, Resources: {}, function_descriptor={type=PythonFunctionDescriptor, module_name=ray.train.worker_group, class_name=BaseWorkerMixin, function_name=_BaseWorkerMixin__execute, function_hash=}, task_id=d7381c8b4b5b6a4d8dd5366e97c7ef9a630bda1601000000, task_name=BaseWorkerMixin._BaseWorkerMixin__execute(), job_id=01000000, num_args=2, num_returns=2, depth=0, actor_task_spec={actor_id=8dd5366e97c7ef9a630bda1601000000, actor_caller_id=ffffffffffffffffc14a9626f74ead80ee20518801000000, actor_counter=4}
[2023-03-02 11:43:42,009 D 190 229] grpc_server.cc:146: Polled event from CQ, thead: 139795082774272::0, status: 1
[2023-03-02 11:43:42,009 D 190 190] core_worker.cc:2232: Creating return object d7381c8b4b5b6a4d8dd5366e97c7ef9a630bda160100000001000000
[2023-03-02 11:43:42,009 D 190 190] core_worker.cc:2424: Sealing return object d7381c8b4b5b6a4d8dd5366e97c7ef9a630bda160100000001000000
[2023-03-02 11:43:42,010 D 190 190] core_worker.cc:2407: Finished executing task d7381c8b4b5b6a4d8dd5366e97c7ef9a630bda1601000000, status=OK
[2023-03-02 11:43:42,010 D 190 229] grpc_server.cc:146: Polled event from CQ, thead: 139795082774272::0, status: 1
[2023-03-02 11:43:42,010 D 190 190] actor_scheduling_queue.cc:89: Enqueue 5 cur seqno 5
[2023-03-02 11:43:42,010 D 190 190] core_worker.cc:2273: Executing task, task info = Type=ACTOR_TASK, Language=PYTHON, Resources: {}, function_descriptor={type=PythonFunctionDescriptor, module_name=ray.train.worker_group, class_name=BaseWorkerMixin, function_name=_BaseWorkerMixin__execute, function_hash=}, task_id=a9ce36be1e7687898dd5366e97c7ef9a630bda1601000000, task_name=BaseWorkerMixin._BaseWorkerMixin__execute(), job_id=01000000, num_args=2, num_returns=2, depth=0, actor_task_spec={actor_id=8dd5366e97c7ef9a630bda1601000000, actor_caller_id=ffffffffffffffffc14a9626f74ead80ee20518801000000, actor_counter=5}
[2023-03-02 11:43:42,010 D 190 190] core_worker.cc:2232: Creating return object a9ce36be1e7687898dd5366e97c7ef9a630bda160100000001000000
[2023-03-02 11:43:42,010 D 190 190] core_worker.cc:2424: Sealing return object a9ce36be1e7687898dd5366e97c7ef9a630bda160100000001000000
[2023-03-02 11:43:42,010 D 190 190] core_worker.cc:2407: Finished executing task a9ce36be1e7687898dd5366e97c7ef9a630bda1601000000, status=OK
[2023-03-02 11:43:42,011 D 190 229] grpc_server.cc:146: Polled event from CQ, thead: 139795082774272::0, status: 1
[2023-03-02 11:43:42,020 D 190 229] grpc_server.cc:146: Polled event from CQ, thead: 139795082774272::0, status: 1
[2023-03-02 11:43:42,020 D 190 190] actor_scheduling_queue.cc:89: Enqueue 6 cur seqno 6
[2023-03-02 11:43:42,020 D 190 190] core_worker.cc:2273: Executing task, task info = Type=ACTOR_TASK, Language=PYTHON, Resources: {}, function_descriptor={type=PythonFunctionDescriptor, module_name=ray.train.worker_group, class_name=BaseWorkerMixin, function_name=_BaseWorkerMixin__execute, function_hash=}, task_id=ca48a9f451b787798dd5366e97c7ef9a630bda1601000000, task_name=BaseWorkerMixin._BaseWorkerMixin__execute(), job_id=01000000, num_args=2, num_returns=2, depth=0, actor_task_spec={actor_id=8dd5366e97c7ef9a630bda1601000000, actor_caller_id=ffffffffffffffffc14a9626f74ead80ee20518801000000, actor_counter=6}
[2023-03-02 11:43:42,021 D 190 190] core_worker.cc:2232: Creating return object ca48a9f451b787798dd5366e97c7ef9a630bda160100000001000000
[2023-03-02 11:43:42,021 D 190 190] core_worker.cc:2424: Sealing return object ca48a9f451b787798dd5366e97c7ef9a630bda160100000001000000
[2023-03-02 11:43:42,021 D 190 190] core_worker.cc:2407: Finished executing task ca48a9f451b787798dd5366e97c7ef9a630bda1601000000, status=OK
[2023-03-02 11:43:42,021 D 190 229] grpc_server.cc:146: Polled event from CQ, thead: 139795082774272::0, status: 1
[2023-03-02 11:43:42,028 D 190 229] grpc_server.cc:146: Polled event from CQ, thead: 139795082774272::0, status: 1
[2023-03-02 11:43:42,028 D 190 190] actor_scheduling_queue.cc:89: Enqueue 7 cur seqno 7
[2023-03-02 11:43:42,028 D 190 190] core_worker.cc:2273: Executing task, task info = Type=ACTOR_TASK, Language=PYTHON, Resources: {}, function_descriptor={type=PythonFunctionDescriptor, module_name=ray.train.worker_group, class_name=BaseWorkerMixin, function_name=_BaseWorkerMixin__execute, function_hash=}, task_id=013a82e82f2bdd858dd5366e97c7ef9a630bda1601000000, task_name=BaseWorkerMixin._BaseWorkerMixin__execute(), job_id=01000000, num_args=2, num_returns=2, depth=0, actor_task_spec={actor_id=8dd5366e97c7ef9a630bda1601000000, actor_caller_id=ffffffffffffffffc14a9626f74ead80ee20518801000000, actor_counter=7}
[2023-03-02 11:43:42,029 D 190 190] core_worker.cc:2232: Creating return object 013a82e82f2bdd858dd5366e97c7ef9a630bda160100000001000000
[2023-03-02 11:43:42,029 D 190 190] core_worker.cc:2424: Sealing return object 013a82e82f2bdd858dd5366e97c7ef9a630bda160100000001000000
[2023-03-02 11:43:42,029 D 190 190] core_worker.cc:2407: Finished executing task 013a82e82f2bdd858dd5366e97c7ef9a630bda1601000000, status=OK
[2023-03-02 11:43:42,029 D 190 229] grpc_server.cc:146: Polled event from CQ, thead: 139795082774272::0, status: 1
[2023-03-02 11:43:42,037 D 190 229] grpc_server.cc:146: Polled event from CQ, thead: 139795082774272::0, status: 1
[2023-03-02 11:43:42,037 D 190 190] actor_scheduling_queue.cc:89: Enqueue 8 cur seqno 8
[2023-03-02 11:43:42,037 D 190 190] core_worker.cc:2273: Executing task, task info = Type=ACTOR_TASK, Language=PYTHON, Resources: {}, function_descriptor={type=PythonFunctionDescriptor, module_name=ray.train.worker_group, class_name=BaseWorkerMixin, function_name=_BaseWorkerMixin__execute, function_hash=}, task_id=e3118c6dca86f1ed8dd5366e97c7ef9a630bda1601000000, task_name=BaseWorkerMixin._BaseWorkerMixin__execute(), job_id=01000000, num_args=2, num_returns=2, depth=0, actor_task_spec={actor_id=8dd5366e97c7ef9a630bda1601000000, actor_caller_id=ffffffffffffffffc14a9626f74ead80ee20518801000000, actor_counter=8}
[2023-03-02 11:43:42,039 D 190 190] core_worker.cc:2232: Creating return object e3118c6dca86f1ed8dd5366e97c7ef9a630bda160100000001000000
[2023-03-02 11:43:42,040 D 190 190] core_worker.cc:2424: Sealing return object e3118c6dca86f1ed8dd5366e97c7ef9a630bda160100000001000000
[2023-03-02 11:43:42,040 D 190 190] core_worker.cc:2407: Finished executing task e3118c6dca86f1ed8dd5366e97c7ef9a630bda1601000000, status=OK
[2023-03-02 11:43:42,040 D 190 229] grpc_server.cc:146: Polled event from CQ, thead: 139795082774272::0, status: 1
[2023-03-02 11:43:42,313 D 190 244] accessor.cc:784: Adding profile data, component type = worker, node id = 358426ef649339930032ac83f21f159e61b727acb8093caede087dc2
[2023-03-02 11:43:42,319 D 190 244] profiling.cc:87: Pushed 26 events to GCS.
[2023-03-02 11:43:42,320 D 190 244] accessor.cc:795: Finished adding profile data, status = OK, component type = worker, node id = 358426ef649339930032ac83f21f159e61b727acb8093caede087dc2
[2023-03-02 11:43:43,064 D 190 229] grpc_server.cc:146: Polled event from CQ, thead: 139795082774272::0, status: 1
[2023-03-02 11:43:43,064 I 190 244] core_worker.cc:3099: Force kill actor request has received. exiting immediately...
[2023-03-02 11:43:43,064 I 190 244] core_worker.cc:599: Disconnecting to the raylet.
[2023-03-02 11:43:43,064 I 190 244] raylet_client.cc:166: RayletClient::Disconnect, exit_type=INTENDED_EXIT, has creation_task_exception_pb_bytes=0
[2023-03-02 11:43:43,064 W 190 244] raylet_client.cc:189: IOError: Broken pipe [RayletClient] Failed to disconnect from raylet. This means the raylet the worker is connected is probably already dead.
[2023-03-02 11:43:43,064 D 190 244] logging.cc:287: Uninstall signal handlers.
