[2023-03-01 08:23:09,846 D 3 3] (gcs_server) ray_config.cc:70: RayConfig is initialized with: is_external_storage_type_fs=true,object_spilling_config="{\"type\": \"filesystem\", \"params\": {\"directory_path\": \"/host/tmp/ray/session_2023-03-01_08-23-09_677753_2\"}}",
[2023-03-01 08:23:09,846 D 3 3] (gcs_server) stats.h:75: Initialized stats
[2023-03-01 08:23:09,846 I 3 3] (gcs_server) io_service_pool.cc:35: IOServicePool is running with 1 io_service.
[2023-03-01 08:23:09,848 D 3 3] (gcs_server) metrics_agent_client.h:41: Initiate the metrics client of address:127.0.0.1 port:54386
[2023-03-01 08:23:09,856 I 3 3] (gcs_server) gcs_server.cc:56: GCS storage type is memory
[2023-03-01 08:23:09,856 I 3 3] (gcs_server) gcs_init_data.cc:44: Loading job table data.
[2023-03-01 08:23:09,856 I 3 3] (gcs_server) gcs_init_data.cc:56: Loading node table data.
[2023-03-01 08:23:09,856 I 3 3] (gcs_server) gcs_init_data.cc:68: Loading cluster resources table data.
[2023-03-01 08:23:09,856 I 3 3] (gcs_server) gcs_init_data.cc:95: Loading actor table data.
[2023-03-01 08:23:09,856 I 3 3] (gcs_server) gcs_init_data.cc:108: Loading actor task spec table data.
[2023-03-01 08:23:09,856 I 3 3] (gcs_server) gcs_init_data.cc:81: Loading placement group table data.
[2023-03-01 08:23:09,857 I 3 3] (gcs_server) gcs_init_data.cc:48: Finished loading job table data, size = 0
[2023-03-01 08:23:09,857 I 3 3] (gcs_server) gcs_init_data.cc:60: Finished loading node table data, size = 0
[2023-03-01 08:23:09,857 I 3 3] (gcs_server) gcs_init_data.cc:72: Finished loading cluster resources table data, size = 0
[2023-03-01 08:23:09,857 I 3 3] (gcs_server) gcs_init_data.cc:99: Finished loading actor table data, size = 0
[2023-03-01 08:23:09,857 I 3 3] (gcs_server) gcs_init_data.cc:112: Finished loading actor task spec table data, size = 0
[2023-03-01 08:23:09,857 I 3 3] (gcs_server) gcs_init_data.cc:86: Finished loading placement group table data, size = 0
[2023-03-01 08:23:09,857 D 3 3] (gcs_server) local_resource_manager.cc:36: local resources: {}
[2023-03-01 08:23:09,864 I 3 3] (gcs_server) gcs_heartbeat_manager.cc:31: GcsHeartbeatManager start, num_heartbeats_timeout=30
[2023-03-01 08:23:09,864 D 3 3] (gcs_server) gcs_placement_group_manager.cc:327: No additional placement groups to schedule. Stop scheduling.
[2023-03-01 08:23:09,864 D 3 3] (gcs_server) gcs_placement_group_manager.cc:327: No additional placement groups to schedule. Stop scheduling.
[2023-03-01 08:23:09,864 D 3 3] (gcs_server) gcs_actor_manager.cc:1242: The number of registered actors is 0, and the number of created actors is 0
[2023-03-01 08:23:09,868 I 3 3] (gcs_server) grpc_server.cc:105: GcsServer server started, listening on port 62103.
[2023-03-01 08:23:09,871 I 3 3] (gcs_server) gcs_server.cc:261: All alived nodes number: 0
[2023-03-01 08:23:09,872 I 3 3] (gcs_server) gcs_server.cc:181: GcsNodeManager: 
- RegisterNode request count: 0
- DrainNode request count: 0
- GetAllNodeInfo request count: 0
- GetInternalConfig request count: 0

GcsActorManager: 
- RegisterActor request count: 0
- CreateActor request count: 0
- GetActorInfo request count: 0
- GetNamedActorInfo request count: 0
- GetAllActorInfo request count: 0
- KillActor request count: 0
- ListNamedActors request count: 0
- Registered actors count: 0
- Destroyed actors count: 0
- Named actors count: 0
- Unresolved actors count: 0
- Pending actors count: 0
- Created actors count: 0
- owners_: 0
- actor_to_register_callbacks_: 0
- actor_to_create_callbacks_: 0
- sorted_destroyed_actor_list_: 0

GcsResourceManager: 
- GetResources request count: 0
- GetAllAvailableResources request count0
- UpdateResources request count: 0
- DeleteResources request count: 0
- ReportResourceUsage request count: 0
- GetAllResourceUsage request count: 0

GcsPlacementGroupManager: 
- CreatePlacementGroup request count: 0
- RemovePlacementGroup request count: 0
- GetPlacementGroup request count: 0
- GetAllPlacementGroup request count: 0
- WaitPlacementGroupUntilReady request count: 0
- GetNamedPlacementGroup request count: 0
- Scheduling pending placement group count: 0
- Registered placement groups count: 0
- Named placement group count: 0
- Pending placement groups count: 0
- Infeasible placement groups count: 0

GcsPublisher {}

[runtime env manager] ID to URIs table:
[runtime env manager] URIs reference table:

GrpcBasedResourceBroadcaster:
- Tracked nodes: 0
[2023-03-01 08:23:09,872 I 3 3] (gcs_server) gcs_server.cc:660: Event stats:


Global stats: 13 total (4 active)
Queueing time: mean = 1.837 ms, max = 14.527 ms, min = 10.155 us, total = 23.877 ms
Execution time:  mean = 1.149 ms, total = 14.937 ms
Event stats:
	GcsInMemoryStore.GetAll - 6 total (0 active), CPU time: mean = 2.465 ms, total = 14.790 ms
	PeriodicalRunner.RunFnPeriodically - 4 total (2 active, 1 running), CPU time: mean = 34.788 us, total = 139.151 us
	RayletLoadPulled - 1 total (1 active), CPU time: mean = 0.000 s, total = 0.000 s
	RaySyncer.deadline_timer.report_resource_report - 1 total (1 active), CPU time: mean = 0.000 s, total = 0.000 s
	GcsInMemoryStore.Put - 1 total (0 active), CPU time: mean = 7.325 us, total = 7.325 us


[2023-03-01 08:23:10,836 D 3 19] (gcs_server) grpc_server.cc:146: Polled event from CQ, thead: 139709074466560::0, status: 1
[2023-03-01 08:23:10,836 D 3 19] (gcs_server) grpc_server.cc:146: Polled event from CQ, thead: 139709074466560::0, status: 1
[2023-03-01 08:23:10,837 D 3 19] (gcs_server) grpc_server.cc:146: Polled event from CQ, thead: 139709074466560::0, status: 1
[2023-03-01 08:23:10,837 D 3 19] (gcs_server) grpc_server.cc:146: Polled event from CQ, thead: 139709074466560::0, status: 1
[2023-03-01 08:23:10,838 D 3 19] (gcs_server) grpc_server.cc:146: Polled event from CQ, thead: 139709074466560::0, status: 1
[2023-03-01 08:23:10,838 D 3 19] (gcs_server) grpc_server.cc:146: Polled event from CQ, thead: 139709074466560::0, status: 1
[2023-03-01 08:23:10,839 D 3 19] (gcs_server) grpc_server.cc:146: Polled event from CQ, thead: 139709074466560::0, status: 1
[2023-03-01 08:23:10,839 D 3 19] (gcs_server) grpc_server.cc:146: Polled event from CQ, thead: 139709074466560::0, status: 1
[2023-03-01 08:23:10,864 D 3 3] (gcs_server) gcs_placement_group_manager.cc:327: No additional placement groups to schedule. Stop scheduling.
[2023-03-01 08:23:10,872 I 3 3] (gcs_server) gcs_server.cc:261: All alived nodes number: 0
[2023-03-01 08:23:11,129 D 3 19] (gcs_server) grpc_server.cc:146: Polled event from CQ, thead: 139709074466560::0, status: 1
[2023-03-01 08:23:11,129 D 3 19] (gcs_server) grpc_server.cc:146: Polled event from CQ, thead: 139709074466560::0, status: 1
[2023-03-01 08:23:11,153 D 3 19] (gcs_server) grpc_server.cc:146: Polled event from CQ, thead: 139709074466560::0, status: 1
[2023-03-01 08:23:11,153 D 3 19] (gcs_server) grpc_server.cc:146: Polled event from CQ, thead: 139709074466560::0, status: 1
[2023-03-01 08:23:11,230 D 3 19] (gcs_server) grpc_server.cc:146: Polled event from CQ, thead: 139709074466560::0, status: 1
[2023-03-01 08:23:11,230 D 3 19] (gcs_server) grpc_server.cc:146: Polled event from CQ, thead: 139709074466560::0, status: 1
[2023-03-01 08:23:11,331 D 3 19] (gcs_server) grpc_server.cc:146: Polled event from CQ, thead: 139709074466560::0, status: 1
[2023-03-01 08:23:11,331 D 3 19] (gcs_server) grpc_server.cc:146: Polled event from CQ, thead: 139709074466560::0, status: 1
[2023-03-01 08:23:11,432 D 3 19] (gcs_server) grpc_server.cc:146: Polled event from CQ, thead: 139709074466560::0, status: 1
[2023-03-01 08:23:11,432 D 3 19] (gcs_server) grpc_server.cc:146: Polled event from CQ, thead: 139709074466560::0, status: 1
[2023-03-01 08:23:11,533 D 3 19] (gcs_server) grpc_server.cc:146: Polled event from CQ, thead: 139709074466560::0, status: 1
[2023-03-01 08:23:11,533 D 3 19] (gcs_server) grpc_server.cc:146: Polled event from CQ, thead: 139709074466560::0, status: 1
[2023-03-01 08:23:11,634 D 3 19] (gcs_server) grpc_server.cc:146: Polled event from CQ, thead: 139709074466560::0, status: 1
[2023-03-01 08:23:11,634 D 3 19] (gcs_server) grpc_server.cc:146: Polled event from CQ, thead: 139709074466560::0, status: 1
[2023-03-01 08:23:11,735 D 3 19] (gcs_server) grpc_server.cc:146: Polled event from CQ, thead: 139709074466560::0, status: 1
[2023-03-01 08:23:11,735 D 3 19] (gcs_server) grpc_server.cc:146: Polled event from CQ, thead: 139709074466560::0, status: 1
[2023-03-01 08:23:11,836 D 3 19] (gcs_server) grpc_server.cc:146: Polled event from CQ, thead: 139709074466560::0, status: 1
[2023-03-01 08:23:11,836 D 3 19] (gcs_server) grpc_server.cc:146: Polled event from CQ, thead: 139709074466560::0, status: 1
[2023-03-01 08:23:11,864 D 3 3] (gcs_server) gcs_placement_group_manager.cc:327: No additional placement groups to schedule. Stop scheduling.
[2023-03-01 08:23:11,872 I 3 3] (gcs_server) gcs_server.cc:261: All alived nodes number: 0
[2023-03-01 08:23:11,937 D 3 19] (gcs_server) grpc_server.cc:146: Polled event from CQ, thead: 139709074466560::0, status: 1
[2023-03-01 08:23:11,937 D 3 19] (gcs_server) grpc_server.cc:146: Polled event from CQ, thead: 139709074466560::0, status: 1
[2023-03-01 08:23:12,038 D 3 19] (gcs_server) grpc_server.cc:146: Polled event from CQ, thead: 139709074466560::0, status: 1
[2023-03-01 08:23:12,039 D 3 19] (gcs_server) grpc_server.cc:146: Polled event from CQ, thead: 139709074466560::0, status: 1
[2023-03-01 08:23:12,139 D 3 19] (gcs_server) grpc_server.cc:146: Polled event from CQ, thead: 139709074466560::0, status: 1
[2023-03-01 08:23:12,139 D 3 19] (gcs_server) grpc_server.cc:146: Polled event from CQ, thead: 139709074466560::0, status: 1
[2023-03-01 08:23:12,176 D 3 19] (gcs_server) grpc_server.cc:146: Polled event from CQ, thead: 139709074466560::0, status: 1
[2023-03-01 08:23:12,177 I 3 3] (gcs_server) gcs_node_manager.cc:42: Registering node info, node id = 2507fab82169e6866cc951c8b0615f1828eb48fcd744e8753629375b, address = 172.17.0.2, node name = 172.17.0.2
[2023-03-01 08:23:12,177 I 3 3] (gcs_server) gcs_node_manager.cc:48: Finished registering node info, node id = 2507fab82169e6866cc951c8b0615f1828eb48fcd744e8753629375b, address = 172.17.0.2, node name = 172.17.0.2
[2023-03-01 08:23:12,177 I 3 3] (gcs_server) gcs_placement_group_manager.cc:720: A new node: 2507fab82169e6866cc951c8b0615f1828eb48fcd744e8753629375b registered, will try to reschedule all the infeasible placement groups.
[2023-03-01 08:23:12,177 D 3 3] (gcs_server) gcs_placement_group_manager.cc:327: No additional placement groups to schedule. Stop scheduling.
[2023-03-01 08:23:12,177 D 3 3] (gcs_server) gcs_resource_report_poller.cc:91: Node was added with id: 2507fab82169e6866cc951c8b0615f1828eb48fcd744e8753629375b
[2023-03-01 08:23:12,177 D 3 19] (gcs_server) grpc_server.cc:146: Polled event from CQ, thead: 139709074466560::0, status: 1
[2023-03-01 08:23:12,177 D 3 15] (gcs_server) node_manager_client_pool.cc:33: Connected to 172.17.0.2:35211
[2023-03-01 08:23:12,213 D 3 19] (gcs_server) grpc_server.cc:146: Polled event from CQ, thead: 139709074466560::0, status: 1
[2023-03-01 08:23:12,213 D 3 19] (gcs_server) grpc_server.cc:146: Polled event from CQ, thead: 139709074466560::0, status: 1
[2023-03-01 08:23:12,213 D 3 19] (gcs_server) grpc_server.cc:146: Polled event from CQ, thead: 139709074466560::0, status: 1
[2023-03-01 08:23:12,213 D 3 18] (gcs_server) publisher.cc:322: Long polling connection initiated by c58d1974807d8c5d4878d3c9a3e0953740767733419ea5cd76eae34d
[2023-03-01 08:23:12,221 D 3 19] (gcs_server) grpc_server.cc:146: Polled event from CQ, thead: 139709074466560::0, status: 1
[2023-03-01 08:23:12,221 D 3 19] (gcs_server) grpc_server.cc:146: Polled event from CQ, thead: 139709074466560::0, status: 1
[2023-03-01 08:23:12,221 D 3 19] (gcs_server) grpc_server.cc:146: Polled event from CQ, thead: 139709074466560::0, status: 1
[2023-03-01 08:23:12,221 D 3 19] (gcs_server) grpc_server.cc:146: Polled event from CQ, thead: 139709074466560::0, status: 1
[2023-03-01 08:23:12,222 D 3 19] (gcs_server) grpc_server.cc:146: Polled event from CQ, thead: 139709074466560::0, status: 1
[2023-03-01 08:23:12,222 D 3 19] (gcs_server) grpc_server.cc:146: Polled event from CQ, thead: 139709074466560::0, status: 1
[2023-03-01 08:23:12,229 D 3 19] (gcs_server) grpc_server.cc:146: Polled event from CQ, thead: 139709074466560::0, status: 1
[2023-03-01 08:23:12,229 I 3 3] (gcs_server) gcs_job_manager.cc:151: Getting all job info.
[2023-03-01 08:23:12,229 D 3 19] (gcs_server) grpc_server.cc:146: Polled event from CQ, thead: 139709074466560::0, status: 1
[2023-03-01 08:23:12,229 I 3 3] (gcs_server) gcs_job_manager.cc:157: Finished getting all job info.
[2023-03-01 08:23:12,230 D 3 19] (gcs_server) grpc_server.cc:146: Polled event from CQ, thead: 139709074466560::0, status: 1
[2023-03-01 08:23:12,230 D 3 19] (gcs_server) grpc_server.cc:146: Polled event from CQ, thead: 139709074466560::0, status: 1
[2023-03-01 08:23:12,240 D 3 19] (gcs_server) grpc_server.cc:146: Polled event from CQ, thead: 139709074466560::0, status: 1
[2023-03-01 08:23:12,240 D 3 19] (gcs_server) grpc_server.cc:146: Polled event from CQ, thead: 139709074466560::0, status: 1
[2023-03-01 08:23:12,241 D 3 19] (gcs_server) grpc_server.cc:146: Polled event from CQ, thead: 139709074466560::0, status: 1
[2023-03-01 08:23:12,241 D 3 19] (gcs_server) grpc_server.cc:146: Polled event from CQ, thead: 139709074466560::0, status: 1
[2023-03-01 08:23:12,346 D 3 19] (gcs_server) grpc_server.cc:146: Polled event from CQ, thead: 139709074466560::0, status: 1
[2023-03-01 08:23:12,346 D 3 19] (gcs_server) grpc_server.cc:146: Polled event from CQ, thead: 139709074466560::0, status: 1
[2023-03-01 08:23:12,451 D 3 19] (gcs_server) grpc_server.cc:146: Polled event from CQ, thead: 139709074466560::0, status: 1
[2023-03-01 08:23:12,506 D 3 19] (gcs_server) grpc_server.cc:146: Polled event from CQ, thead: 139709074466560::0, status: 1
[2023-03-01 08:23:12,507 D 3 19] (gcs_server) grpc_server.cc:146: Polled event from CQ, thead: 139709074466560::0, status: 1
[2023-03-01 08:23:12,507 D 3 19] (gcs_server) grpc_server.cc:146: Polled event from CQ, thead: 139709074466560::0, status: 1
[2023-03-01 08:23:12,525 D 3 19] (gcs_server) grpc_server.cc:146: Polled event from CQ, thead: 139709074466560::0, status: 1
[2023-03-01 08:23:12,525 I 3 3] (gcs_server) gcs_job_manager.cc:41: Adding job, job id = 01000000, driver pid = 2
[2023-03-01 08:23:12,525 D 3 19] (gcs_server) grpc_server.cc:146: Polled event from CQ, thead: 139709074466560::0, status: 1
[2023-03-01 08:23:12,525 D 3 3] (gcs_server) runtime_env_manager.cc:78: 
[runtime env manager] ID to URIs table:
[runtime env manager] URIs reference table:
[2023-03-01 08:23:12,525 I 3 3] (gcs_server) gcs_job_manager.cc:56: Finished adding job, job id = 01000000, driver pid = 2
[2023-03-01 08:23:12,526 D 3 19] (gcs_server) grpc_server.cc:146: Polled event from CQ, thead: 139709074466560::0, status: 1
[2023-03-01 08:23:12,533 D 3 19] (gcs_server) grpc_server.cc:146: Polled event from CQ, thead: 139709074466560::0, status: 1
[2023-03-01 08:23:12,533 D 3 18] (gcs_server) publisher.cc:322: Long polling connection initiated by c58d1974807d8c5d4878d3c9a3e0953740767733419ea5cd76eae34d
[2023-03-01 08:23:12,672 D 3 19] (gcs_server) grpc_server.cc:146: Polled event from CQ, thead: 139709074466560::0, status: 1
[2023-03-01 08:23:12,676 D 3 19] (gcs_server) grpc_server.cc:146: Polled event from CQ, thead: 139709074466560::0, status: 1
[2023-03-01 08:23:12,676 D 3 3] (gcs_server) gcs_worker_manager.cc:138: Adding worker 01000000ffffffffffffffffffffffffffffffffffffffffffffffff
[2023-03-01 08:23:12,678 D 3 3] (gcs_server) gcs_worker_manager.cc:146: Finished adding worker 01000000ffffffffffffffffffffffffffffffffffffffffffffffff
[2023-03-01 08:23:12,678 D 3 19] (gcs_server) grpc_server.cc:146: Polled event from CQ, thead: 139709074466560::0, status: 1
[2023-03-01 08:23:12,678 D 3 19] (gcs_server) grpc_server.cc:146: Polled event from CQ, thead: 139709074466560::0, status: 1
[2023-03-01 08:23:12,678 D 3 18] (gcs_server) publisher.cc:322: Long polling connection initiated by 8155eee9cc883b0853a06fc161aeaaaed522a75ce2bc238218b89437
[2023-03-01 08:23:12,678 D 3 19] (gcs_server) grpc_server.cc:146: Polled event from CQ, thead: 139709074466560::0, status: 1
[2023-03-01 08:23:12,678 D 3 19] (gcs_server) grpc_server.cc:146: Polled event from CQ, thead: 139709074466560::0, status: 1
[2023-03-01 08:23:12,696 D 3 19] (gcs_server) grpc_server.cc:146: Polled event from CQ, thead: 139709074466560::0, status: 1
[2023-03-01 08:23:12,696 D 3 19] (gcs_server) grpc_server.cc:146: Polled event from CQ, thead: 139709074466560::0, status: 1
[2023-03-01 08:23:12,696 D 3 19] (gcs_server) grpc_server.cc:146: Polled event from CQ, thead: 139709074466560::0, status: 1
[2023-03-01 08:23:12,721 D 3 19] (gcs_server) grpc_server.cc:146: Polled event from CQ, thead: 139709074466560::0, status: 1
[2023-03-01 08:23:12,722 D 3 19] (gcs_server) grpc_server.cc:146: Polled event from CQ, thead: 139709074466560::0, status: 1
[2023-03-01 08:23:12,723 D 3 19] (gcs_server) grpc_server.cc:146: Polled event from CQ, thead: 139709074466560::0, status: 1
[2023-03-01 08:23:12,724 D 3 19] (gcs_server) grpc_server.cc:146: Polled event from CQ, thead: 139709074466560::0, status: 1
[2023-03-01 08:23:12,725 D 3 19] (gcs_server) grpc_server.cc:146: Polled event from CQ, thead: 139709074466560::0, status: 1
[2023-03-01 08:23:12,725 D 3 18] (gcs_server) publisher.cc:322: Long polling connection initiated by 9b3b836b6015482ca61586a79125482dab81c9a47fef28483c3b97f0
[2023-03-01 08:23:12,731 D 3 19] (gcs_server) grpc_server.cc:146: Polled event from CQ, thead: 139709074466560::0, status: 1
[2023-03-01 08:23:12,732 D 3 19] (gcs_server) grpc_server.cc:146: Polled event from CQ, thead: 139709074466560::0, status: 1
[2023-03-01 08:23:12,733 D 3 19] (gcs_server) grpc_server.cc:146: Polled event from CQ, thead: 139709074466560::0, status: 1
[2023-03-01 08:23:12,733 D 3 19] (gcs_server) grpc_server.cc:146: Polled event from CQ, thead: 139709074466560::0, status: 1
[2023-03-01 08:23:12,734 D 3 19] (gcs_server) grpc_server.cc:146: Polled event from CQ, thead: 139709074466560::0, status: 1
[2023-03-01 08:23:12,734 D 3 18] (gcs_server) publisher.cc:322: Long polling connection initiated by 7b2fe3ae1ffae2e2845ba0d15fb2be2b46e398062d87321db1db2259
[2023-03-01 08:23:12,739 D 3 19] (gcs_server) grpc_server.cc:146: Polled event from CQ, thead: 139709074466560::0, status: 1
[2023-03-01 08:23:12,739 D 3 19] (gcs_server) grpc_server.cc:146: Polled event from CQ, thead: 139709074466560::0, status: 1
[2023-03-01 08:23:12,740 D 3 19] (gcs_server) grpc_server.cc:146: Polled event from CQ, thead: 139709074466560::0, status: 1
[2023-03-01 08:23:12,740 D 3 19] (gcs_server) grpc_server.cc:146: Polled event from CQ, thead: 139709074466560::0, status: 1
[2023-03-01 08:23:12,740 D 3 19] (gcs_server) grpc_server.cc:146: Polled event from CQ, thead: 139709074466560::0, status: 1
[2023-03-01 08:23:12,740 D 3 18] (gcs_server) publisher.cc:322: Long polling connection initiated by 407121c92437e9853ce5be4831608107bf8fb042b88a7c09565fb89d
[2023-03-01 08:23:12,741 D 3 19] (gcs_server) grpc_server.cc:146: Polled event from CQ, thead: 139709074466560::0, status: 1
[2023-03-01 08:23:12,741 D 3 19] (gcs_server) grpc_server.cc:146: Polled event from CQ, thead: 139709074466560::0, status: 1
[2023-03-01 08:23:12,742 D 3 19] (gcs_server) grpc_server.cc:146: Polled event from CQ, thead: 139709074466560::0, status: 1
[2023-03-01 08:23:12,747 D 3 19] (gcs_server) grpc_server.cc:146: Polled event from CQ, thead: 139709074466560::0, status: 1
[2023-03-01 08:23:12,747 D 3 19] (gcs_server) grpc_server.cc:146: Polled event from CQ, thead: 139709074466560::0, status: 1
[2023-03-01 08:23:12,748 D 3 19] (gcs_server) grpc_server.cc:146: Polled event from CQ, thead: 139709074466560::0, status: 1
[2023-03-01 08:23:12,749 D 3 19] (gcs_server) grpc_server.cc:146: Polled event from CQ, thead: 139709074466560::0, status: 1
[2023-03-01 08:23:12,749 D 3 19] (gcs_server) grpc_server.cc:146: Polled event from CQ, thead: 139709074466560::0, status: 1
[2023-03-01 08:23:12,749 D 3 19] (gcs_server) grpc_server.cc:146: Polled event from CQ, thead: 139709074466560::0, status: 1
[2023-03-01 08:23:12,749 D 3 19] (gcs_server) grpc_server.cc:146: Polled event from CQ, thead: 139709074466560::0, status: 1
[2023-03-01 08:23:12,749 D 3 19] (gcs_server) grpc_server.cc:146: Polled event from CQ, thead: 139709074466560::0, status: 1
[2023-03-01 08:23:12,749 D 3 19] (gcs_server) grpc_server.cc:146: Polled event from CQ, thead: 139709074466560::0, status: 1
[2023-03-01 08:23:12,750 D 3 19] (gcs_server) grpc_server.cc:146: Polled event from CQ, thead: 139709074466560::0, status: 1
[2023-03-01 08:23:12,750 D 3 19] (gcs_server) grpc_server.cc:146: Polled event from CQ, thead: 139709074466560::0, status: 1
[2023-03-01 08:23:12,750 D 3 19] (gcs_server) grpc_server.cc:146: Polled event from CQ, thead: 139709074466560::0, status: 1
[2023-03-01 08:23:12,750 D 3 19] (gcs_server) grpc_server.cc:146: Polled event from CQ, thead: 139709074466560::0, status: 1
[2023-03-01 08:23:12,750 D 3 19] (gcs_server) grpc_server.cc:146: Polled event from CQ, thead: 139709074466560::0, status: 1
[2023-03-01 08:23:12,750 D 3 19] (gcs_server) grpc_server.cc:146: Polled event from CQ, thead: 139709074466560::0, status: 1
[2023-03-01 08:23:12,750 D 3 19] (gcs_server) grpc_server.cc:146: Polled event from CQ, thead: 139709074466560::0, status: 1
[2023-03-01 08:23:12,751 D 3 19] (gcs_server) grpc_server.cc:146: Polled event from CQ, thead: 139709074466560::0, status: 1
[2023-03-01 08:23:12,751 D 3 19] (gcs_server) grpc_server.cc:146: Polled event from CQ, thead: 139709074466560::0, status: 1
[2023-03-01 08:23:12,752 D 3 19] (gcs_server) grpc_server.cc:146: Polled event from CQ, thead: 139709074466560::0, status: 1
[2023-03-01 08:23:12,753 D 3 19] (gcs_server) grpc_server.cc:146: Polled event from CQ, thead: 139709074466560::0, status: 1
[2023-03-01 08:23:12,753 D 3 19] (gcs_server) grpc_server.cc:146: Polled event from CQ, thead: 139709074466560::0, status: 1
[2023-03-01 08:23:12,754 D 3 19] (gcs_server) grpc_server.cc:146: Polled event from CQ, thead: 139709074466560::0, status: 1
[2023-03-01 08:23:12,754 D 3 19] (gcs_server) grpc_server.cc:146: Polled event from CQ, thead: 139709074466560::0, status: 1
[2023-03-01 08:23:12,754 D 3 18] (gcs_server) publisher.cc:322: Long polling connection initiated by 9b3b836b6015482ca61586a79125482dab81c9a47fef28483c3b97f0
[2023-03-01 08:23:12,754 D 3 19] (gcs_server) grpc_server.cc:146: Polled event from CQ, thead: 139709074466560::0, status: 1
[2023-03-01 08:23:12,754 D 3 19] (gcs_server) grpc_server.cc:146: Polled event from CQ, thead: 139709074466560::0, status: 1
[2023-03-01 08:23:12,755 D 3 19] (gcs_server) grpc_server.cc:146: Polled event from CQ, thead: 139709074466560::0, status: 1
[2023-03-01 08:23:12,755 D 3 19] (gcs_server) grpc_server.cc:146: Polled event from CQ, thead: 139709074466560::0, status: 1
[2023-03-01 08:23:12,755 D 3 19] (gcs_server) grpc_server.cc:146: Polled event from CQ, thead: 139709074466560::0, status: 1
[2023-03-01 08:23:12,756 D 3 19] (gcs_server) grpc_server.cc:146: Polled event from CQ, thead: 139709074466560::0, status: 1
[2023-03-01 08:23:12,756 D 3 18] (gcs_server) publisher.cc:322: Long polling connection initiated by 9b3b836b6015482ca61586a79125482dab81c9a47fef28483c3b97f0
[2023-03-01 08:23:12,864 D 3 3] (gcs_server) gcs_placement_group_manager.cc:327: No additional placement groups to schedule. Stop scheduling.
[2023-03-01 08:23:12,872 I 3 3] (gcs_server) gcs_server.cc:261: All alived nodes number: 1
[2023-03-01 08:23:12,872 I 3 3] (gcs_server) gcs_server.cc:267: Get raylet_client by ID 2507fab82169e6866cc951c8b0615f1828eb48fcd744e8753629375b
[2023-03-01 08:23:13,221 D 3 19] (gcs_server) grpc_server.cc:146: Polled event from CQ, thead: 139709074466560::0, status: 1
[2023-03-01 08:23:13,222 D 3 19] (gcs_server) grpc_server.cc:146: Polled event from CQ, thead: 139709074466560::0, status: 1
[2023-03-01 08:23:13,721 D 3 19] (gcs_server) grpc_server.cc:146: Polled event from CQ, thead: 139709074466560::0, status: 1
[2023-03-01 08:23:13,721 D 3 3] (gcs_server) stats_handler_impl.cc:26: Adding profile data, component type = driver, node id = 01000000ffffffffffffffffffffffffffffffffffffffffffffffff
[2023-03-01 08:23:13,721 D 3 3] (gcs_server) stats_handler_impl.cc:49: Finished adding profile data, component type = driver, node id = 01000000ffffffffffffffffffffffffffffffffffffffffffffffff
[2023-03-01 08:23:13,721 D 3 19] (gcs_server) grpc_server.cc:146: Polled event from CQ, thead: 139709074466560::0, status: 1
[2023-03-01 08:23:13,865 D 3 3] (gcs_server) gcs_placement_group_manager.cc:327: No additional placement groups to schedule. Stop scheduling.
[2023-03-01 08:23:13,872 I 3 3] (gcs_server) gcs_server.cc:261: All alived nodes number: 1
[2023-03-01 08:23:13,872 I 3 3] (gcs_server) gcs_server.cc:267: Get raylet_client by ID 2507fab82169e6866cc951c8b0615f1828eb48fcd744e8753629375b
[2023-03-01 08:23:14,218 D 3 19] (gcs_server) grpc_server.cc:146: Polled event from CQ, thead: 139709074466560::0, status: 1
[2023-03-01 08:23:14,218 D 3 19] (gcs_server) grpc_server.cc:146: Polled event from CQ, thead: 139709074466560::0, status: 1
[2023-03-01 08:23:14,222 D 3 19] (gcs_server) grpc_server.cc:146: Polled event from CQ, thead: 139709074466560::0, status: 1
[2023-03-01 08:23:14,222 D 3 19] (gcs_server) grpc_server.cc:146: Polled event from CQ, thead: 139709074466560::0, status: 1
[2023-03-01 08:23:14,409 D 3 19] (gcs_server) grpc_server.cc:146: Polled event from CQ, thead: 139709074466560::0, status: 1
[2023-03-01 08:23:14,410 D 3 19] (gcs_server) grpc_server.cc:146: Polled event from CQ, thead: 139709074466560::0, status: 1
[2023-03-01 08:23:14,410 D 3 19] (gcs_server) grpc_server.cc:146: Polled event from CQ, thead: 139709074466560::0, status: 1
[2023-03-01 08:23:14,411 D 3 19] (gcs_server) grpc_server.cc:146: Polled event from CQ, thead: 139709074466560::0, status: 1
[2023-03-01 08:23:14,411 D 3 19] (gcs_server) grpc_server.cc:146: Polled event from CQ, thead: 139709074466560::0, status: 1
[2023-03-01 08:23:14,411 D 3 19] (gcs_server) grpc_server.cc:146: Polled event from CQ, thead: 139709074466560::0, status: 1
[2023-03-01 08:23:14,412 D 3 19] (gcs_server) grpc_server.cc:146: Polled event from CQ, thead: 139709074466560::0, status: 1
[2023-03-01 08:23:14,412 D 3 19] (gcs_server) grpc_server.cc:146: Polled event from CQ, thead: 139709074466560::0, status: 1
[2023-03-01 08:23:14,435 D 3 19] (gcs_server) grpc_server.cc:146: Polled event from CQ, thead: 139709074466560::0, status: 1
[2023-03-01 08:23:14,436 D 3 19] (gcs_server) grpc_server.cc:146: Polled event from CQ, thead: 139709074466560::0, status: 1
[2023-03-01 08:23:14,436 D 3 19] (gcs_server) grpc_server.cc:146: Polled event from CQ, thead: 139709074466560::0, status: 1
[2023-03-01 08:23:14,436 D 3 19] (gcs_server) grpc_server.cc:146: Polled event from CQ, thead: 139709074466560::0, status: 1
[2023-03-01 08:23:14,437 D 3 19] (gcs_server) grpc_server.cc:146: Polled event from CQ, thead: 139709074466560::0, status: 1
[2023-03-01 08:23:14,437 D 3 19] (gcs_server) grpc_server.cc:146: Polled event from CQ, thead: 139709074466560::0, status: 1
[2023-03-01 08:23:14,437 D 3 19] (gcs_server) grpc_server.cc:146: Polled event from CQ, thead: 139709074466560::0, status: 1
[2023-03-01 08:23:14,437 D 3 19] (gcs_server) grpc_server.cc:146: Polled event from CQ, thead: 139709074466560::0, status: 1
[2023-03-01 08:23:14,438 D 3 19] (gcs_server) grpc_server.cc:146: Polled event from CQ, thead: 139709074466560::0, status: 1
[2023-03-01 08:23:14,438 D 3 19] (gcs_server) grpc_server.cc:146: Polled event from CQ, thead: 139709074466560::0, status: 1
[2023-03-01 08:23:14,447 D 3 19] (gcs_server) grpc_server.cc:146: Polled event from CQ, thead: 139709074466560::0, status: 1
[2023-03-01 08:23:14,448 D 3 19] (gcs_server) grpc_server.cc:146: Polled event from CQ, thead: 139709074466560::0, status: 1
[2023-03-01 08:23:14,598 D 3 19] (gcs_server) grpc_server.cc:146: Polled event from CQ, thead: 139709074466560::0, status: 1
[2023-03-01 08:23:14,598 D 3 19] (gcs_server) grpc_server.cc:146: Polled event from CQ, thead: 139709074466560::0, status: 1
[2023-03-01 08:23:14,598 D 3 3] (gcs_server) gcs_worker_manager.cc:138: Adding worker 9060e5674b25635e73e9da9354b65eabc580af68582ae0bcd88a229e
[2023-03-01 08:23:14,598 D 3 18] (gcs_server) publisher.cc:322: Long polling connection initiated by 26b036aea090cd57eb6c63f459e18ee9696eb01b45b9eb05be101b79
[2023-03-01 08:23:14,598 D 3 19] (gcs_server) grpc_server.cc:146: Polled event from CQ, thead: 139709074466560::0, status: 1
[2023-03-01 08:23:14,598 D 3 3] (gcs_server) gcs_worker_manager.cc:146: Finished adding worker 9060e5674b25635e73e9da9354b65eabc580af68582ae0bcd88a229e
[2023-03-01 08:23:14,598 D 3 19] (gcs_server) grpc_server.cc:146: Polled event from CQ, thead: 139709074466560::0, status: 1
[2023-03-01 08:23:14,600 D 3 19] (gcs_server) grpc_server.cc:146: Polled event from CQ, thead: 139709074466560::0, status: 1
[2023-03-01 08:23:14,600 D 3 19] (gcs_server) grpc_server.cc:146: Polled event from CQ, thead: 139709074466560::0, status: 1
[2023-03-01 08:23:14,609 D 3 3] (gcs_server) gcs_worker_manager.cc:138: Adding worker e184d7fa8e7185d017622b03786995c18273da41f33360fc0e2556e7
[2023-03-01 08:23:14,609 D 3 19] (gcs_server) grpc_server.cc:146: Polled event from CQ, thead: 139709074466560::0, status: 1
[2023-03-01 08:23:14,610 D 3 3] (gcs_server) gcs_worker_manager.cc:146: Finished adding worker e184d7fa8e7185d017622b03786995c18273da41f33360fc0e2556e7
[2023-03-01 08:23:14,610 D 3 19] (gcs_server) grpc_server.cc:146: Polled event from CQ, thead: 139709074466560::0, status: 1
[2023-03-01 08:23:14,610 D 3 18] (gcs_server) publisher.cc:322: Long polling connection initiated by 2075f0dcca9d4a8ab9f0d076bce3d2e9287cd704128264607a53ae59
[2023-03-01 08:23:14,610 D 3 19] (gcs_server) grpc_server.cc:146: Polled event from CQ, thead: 139709074466560::0, status: 1
[2023-03-01 08:23:14,610 D 3 19] (gcs_server) grpc_server.cc:146: Polled event from CQ, thead: 139709074466560::0, status: 1
[2023-03-01 08:23:14,610 D 3 19] (gcs_server) grpc_server.cc:146: Polled event from CQ, thead: 139709074466560::0, status: 1
[2023-03-01 08:23:14,610 D 3 19] (gcs_server) grpc_server.cc:146: Polled event from CQ, thead: 139709074466560::0, status: 1
[2023-03-01 08:23:14,621 D 3 19] (gcs_server) grpc_server.cc:146: Polled event from CQ, thead: 139709074466560::0, status: 1
[2023-03-01 08:23:14,621 D 3 19] (gcs_server) grpc_server.cc:146: Polled event from CQ, thead: 139709074466560::0, status: 1
[2023-03-01 08:23:14,622 D 3 19] (gcs_server) grpc_server.cc:146: Polled event from CQ, thead: 139709074466560::0, status: 1
[2023-03-01 08:23:14,622 D 3 19] (gcs_server) grpc_server.cc:146: Polled event from CQ, thead: 139709074466560::0, status: 1
[2023-03-01 08:23:14,622 D 3 19] (gcs_server) grpc_server.cc:146: Polled event from CQ, thead: 139709074466560::0, status: 1
[2023-03-01 08:23:14,622 D 3 19] (gcs_server) grpc_server.cc:146: Polled event from CQ, thead: 139709074466560::0, status: 1
[2023-03-01 08:23:14,623 D 3 19] (gcs_server) grpc_server.cc:146: Polled event from CQ, thead: 139709074466560::0, status: 1
[2023-03-01 08:23:14,623 D 3 19] (gcs_server) grpc_server.cc:146: Polled event from CQ, thead: 139709074466560::0, status: 1
[2023-03-01 08:23:14,623 D 3 19] (gcs_server) grpc_server.cc:146: Polled event from CQ, thead: 139709074466560::0, status: 1
[2023-03-01 08:23:14,623 D 3 19] (gcs_server) grpc_server.cc:146: Polled event from CQ, thead: 139709074466560::0, status: 1
[2023-03-01 08:23:14,623 D 3 19] (gcs_server) grpc_server.cc:146: Polled event from CQ, thead: 139709074466560::0, status: 1
[2023-03-01 08:23:14,624 D 3 19] (gcs_server) grpc_server.cc:146: Polled event from CQ, thead: 139709074466560::0, status: 1
[2023-03-01 08:23:14,624 D 3 19] (gcs_server) grpc_server.cc:146: Polled event from CQ, thead: 139709074466560::0, status: 1
[2023-03-01 08:23:14,624 D 3 19] (gcs_server) grpc_server.cc:146: Polled event from CQ, thead: 139709074466560::0, status: 1
[2023-03-01 08:23:14,624 D 3 19] (gcs_server) grpc_server.cc:146: Polled event from CQ, thead: 139709074466560::0, status: 1
[2023-03-01 08:23:14,624 D 3 19] (gcs_server) grpc_server.cc:146: Polled event from CQ, thead: 139709074466560::0, status: 1
[2023-03-01 08:23:14,625 D 3 19] (gcs_server) grpc_server.cc:146: Polled event from CQ, thead: 139709074466560::0, status: 1
[2023-03-01 08:23:14,625 D 3 19] (gcs_server) grpc_server.cc:146: Polled event from CQ, thead: 139709074466560::0, status: 1
[2023-03-01 08:23:14,625 D 3 19] (gcs_server) grpc_server.cc:146: Polled event from CQ, thead: 139709074466560::0, status: 1
[2023-03-01 08:23:14,625 D 3 19] (gcs_server) grpc_server.cc:146: Polled event from CQ, thead: 139709074466560::0, status: 1
[2023-03-01 08:23:14,625 D 3 19] (gcs_server) grpc_server.cc:146: Polled event from CQ, thead: 139709074466560::0, status: 1
[2023-03-01 08:23:14,625 D 3 19] (gcs_server) grpc_server.cc:146: Polled event from CQ, thead: 139709074466560::0, status: 1
[2023-03-01 08:23:14,626 D 3 19] (gcs_server) grpc_server.cc:146: Polled event from CQ, thead: 139709074466560::0, status: 1
[2023-03-01 08:23:14,626 D 3 19] (gcs_server) grpc_server.cc:146: Polled event from CQ, thead: 139709074466560::0, status: 1
[2023-03-01 08:23:14,639 D 3 19] (gcs_server) grpc_server.cc:146: Polled event from CQ, thead: 139709074466560::0, status: 1
[2023-03-01 08:23:14,639 D 3 19] (gcs_server) grpc_server.cc:146: Polled event from CQ, thead: 139709074466560::0, status: 1
[2023-03-01 08:23:14,645 D 3 19] (gcs_server) grpc_server.cc:146: Polled event from CQ, thead: 139709074466560::0, status: 1
[2023-03-01 08:23:14,645 D 3 19] (gcs_server) grpc_server.cc:146: Polled event from CQ, thead: 139709074466560::0, status: 1
[2023-03-01 08:23:14,645 D 3 19] (gcs_server) grpc_server.cc:146: Polled event from CQ, thead: 139709074466560::0, status: 1
[2023-03-01 08:23:14,645 D 3 19] (gcs_server) grpc_server.cc:146: Polled event from CQ, thead: 139709074466560::0, status: 1
[2023-03-01 08:23:14,645 D 3 19] (gcs_server) grpc_server.cc:146: Polled event from CQ, thead: 139709074466560::0, status: 1
[2023-03-01 08:23:14,645 D 3 19] (gcs_server) grpc_server.cc:146: Polled event from CQ, thead: 139709074466560::0, status: 1
[2023-03-01 08:23:14,645 D 3 19] (gcs_server) grpc_server.cc:146: Polled event from CQ, thead: 139709074466560::0, status: 1
[2023-03-01 08:23:14,645 D 3 19] (gcs_server) grpc_server.cc:146: Polled event from CQ, thead: 139709074466560::0, status: 1
[2023-03-01 08:23:14,646 D 3 19] (gcs_server) grpc_server.cc:146: Polled event from CQ, thead: 139709074466560::0, status: 1
[2023-03-01 08:23:14,646 D 3 18] (gcs_server) publisher.cc:322: Long polling connection initiated by 1983c7abc589a1d63d64d725250dfbf1d2f6ed354246c826b8d16034
[2023-03-01 08:23:14,646 D 3 19] (gcs_server) grpc_server.cc:146: Polled event from CQ, thead: 139709074466560::0, status: 1
[2023-03-01 08:23:14,646 D 3 18] (gcs_server) publisher.cc:322: Long polling connection initiated by f174fb335e7bab5143f65ff8ca039349ba0acdb903de8bcb8b45d9d1
[2023-03-01 08:23:14,649 D 3 19] (gcs_server) grpc_server.cc:146: Polled event from CQ, thead: 139709074466560::0, status: 1
[2023-03-01 08:23:14,649 D 3 19] (gcs_server) grpc_server.cc:146: Polled event from CQ, thead: 139709074466560::0, status: 1
[2023-03-01 08:23:14,865 D 3 3] (gcs_server) gcs_placement_group_manager.cc:327: No additional placement groups to schedule. Stop scheduling.
[2023-03-01 08:23:14,873 I 3 3] (gcs_server) gcs_server.cc:261: All alived nodes number: 1
[2023-03-01 08:23:14,873 I 3 3] (gcs_server) gcs_server.cc:267: Get raylet_client by ID 2507fab82169e6866cc951c8b0615f1828eb48fcd744e8753629375b
[2023-03-01 08:23:15,160 D 3 19] (gcs_server) grpc_server.cc:146: Polled event from CQ, thead: 139709074466560::0, status: 1
[2023-03-01 08:23:15,160 D 3 19] (gcs_server) grpc_server.cc:146: Polled event from CQ, thead: 139709074466560::0, status: 1
[2023-03-01 08:23:15,160 D 3 19] (gcs_server) grpc_server.cc:146: Polled event from CQ, thead: 139709074466560::0, status: 1
[2023-03-01 08:23:15,161 D 3 19] (gcs_server) grpc_server.cc:146: Polled event from CQ, thead: 139709074466560::0, status: 1
[2023-03-01 08:23:15,161 D 3 19] (gcs_server) grpc_server.cc:146: Polled event from CQ, thead: 139709074466560::0, status: 1
[2023-03-01 08:23:15,161 D 3 19] (gcs_server) grpc_server.cc:146: Polled event from CQ, thead: 139709074466560::0, status: 1
[2023-03-01 08:23:15,222 D 3 19] (gcs_server) grpc_server.cc:146: Polled event from CQ, thead: 139709074466560::0, status: 1
[2023-03-01 08:23:15,222 D 3 19] (gcs_server) grpc_server.cc:146: Polled event from CQ, thead: 139709074466560::0, status: 1
[2023-03-01 08:23:15,638 D 3 19] (gcs_server) grpc_server.cc:146: Polled event from CQ, thead: 139709074466560::0, status: 1
[2023-03-01 08:23:15,638 D 3 3] (gcs_server) stats_handler_impl.cc:26: Adding profile data, component type = worker, node id = e184d7fa8e7185d017622b03786995c18273da41f33360fc0e2556e7
[2023-03-01 08:23:15,638 D 3 3] (gcs_server) stats_handler_impl.cc:49: Finished adding profile data, component type = worker, node id = e184d7fa8e7185d017622b03786995c18273da41f33360fc0e2556e7
[2023-03-01 08:23:15,638 D 3 19] (gcs_server) grpc_server.cc:146: Polled event from CQ, thead: 139709074466560::0, status: 1
[2023-03-01 08:23:15,758 D 3 19] (gcs_server) grpc_server.cc:146: Polled event from CQ, thead: 139709074466560::0, status: 1
[2023-03-01 08:23:15,758 D 3 19] (gcs_server) grpc_server.cc:146: Polled event from CQ, thead: 139709074466560::0, status: 1
[2023-03-01 08:23:15,759 D 3 3] (gcs_server) gcs_worker_manager.cc:41: Reporting worker exit, worker id = 01000000ffffffffffffffffffffffffffffffffffffffffffffffff, node id = 2507fab82169e6866cc951c8b0615f1828eb48fcd744e8753629375b, address = 172.17.0.2, exit_type = INTENDED_EXIT0
[2023-03-01 08:23:15,759 D 3 3] (gcs_server) gcs_actor_manager.cc:846: Worker 01000000ffffffffffffffffffffffffffffffffffffffffffffffff on node 2507fab82169e6866cc951c8b0615f1828eb48fcd744e8753629375b exits, type=INTENDED_EXIT, has creation_task_exception = 0
[2023-03-01 08:23:15,759 D 3 19] (gcs_server) grpc_server.cc:146: Polled event from CQ, thead: 139709074466560::0, status: 1
[2023-03-01 08:23:15,759 D 3 19] (gcs_server) grpc_server.cc:146: Polled event from CQ, thead: 139709074466560::0, status: 1
[2023-03-01 08:23:15,759 D 3 3] (gcs_server) runtime_env_manager.cc:39: Subtracting 1 from URI Reference for id 01000000
[2023-03-01 08:23:15,759 I 3 3] (gcs_server) gcs_job_manager.cc:88: Finished marking job state, job id = 01000000
[2023-03-01 08:23:15,759 D 3 19] (gcs_server) grpc_server.cc:146: Polled event from CQ, thead: 139709074466560::0, status: 1
[2023-03-01 08:23:15,760 D 3 19] (gcs_server) grpc_server.cc:146: Polled event from CQ, thead: 139709074466560::0, status: 1
[2023-03-01 08:23:15,760 D 3 18] (gcs_server) publisher.cc:322: Long polling connection initiated by c58d1974807d8c5d4878d3c9a3e0953740767733419ea5cd76eae34d
[2023-03-01 08:23:15,760 D 3 19] (gcs_server) grpc_server.cc:146: Polled event from CQ, thead: 139709074466560::0, status: 1
[2023-03-01 08:23:15,760 D 3 19] (gcs_server) grpc_server.cc:146: Polled event from CQ, thead: 139709074466560::0, status: 1
[2023-03-01 08:23:15,760 D 3 18] (gcs_server) publisher.cc:322: Long polling connection initiated by c58d1974807d8c5d4878d3c9a3e0953740767733419ea5cd76eae34d
[2023-03-01 08:23:15,783 D 3 19] (gcs_server) grpc_server.cc:146: Polled event from CQ, thead: 139709074466560::0, status: 1
[2023-03-01 08:23:15,783 D 3 3] (gcs_server) gcs_worker_manager.cc:41: Reporting worker exit, worker id = e184d7fa8e7185d017622b03786995c18273da41f33360fc0e2556e7, node id = 2507fab82169e6866cc951c8b0615f1828eb48fcd744e8753629375b, address = 172.17.0.2, exit_type = IDLE_EXIT0
[2023-03-01 08:23:15,783 D 3 3] (gcs_server) gcs_actor_manager.cc:846: Worker e184d7fa8e7185d017622b03786995c18273da41f33360fc0e2556e7 on node 2507fab82169e6866cc951c8b0615f1828eb48fcd744e8753629375b exits, type=IDLE_EXIT, has creation_task_exception = 0
[2023-03-01 08:23:15,783 D 3 19] (gcs_server) grpc_server.cc:146: Polled event from CQ, thead: 139709074466560::0, status: 1
[2023-03-01 08:23:15,783 D 3 19] (gcs_server) grpc_server.cc:146: Polled event from CQ, thead: 139709074466560::0, status: 1
[2023-03-01 08:23:15,784 D 3 19] (gcs_server) grpc_server.cc:146: Polled event from CQ, thead: 139709074466560::0, status: 1
[2023-03-01 08:23:15,784 D 3 18] (gcs_server) publisher.cc:322: Long polling connection initiated by c58d1974807d8c5d4878d3c9a3e0953740767733419ea5cd76eae34d
[2023-03-01 08:23:15,785 D 3 19] (gcs_server) grpc_server.cc:146: Polled event from CQ, thead: 139709074466560::0, status: 1
[2023-03-01 08:23:15,785 D 3 3] (gcs_server) gcs_worker_manager.cc:41: Reporting worker exit, worker id = 9060e5674b25635e73e9da9354b65eabc580af68582ae0bcd88a229e, node id = 2507fab82169e6866cc951c8b0615f1828eb48fcd744e8753629375b, address = 172.17.0.2, exit_type = IDLE_EXIT0
[2023-03-01 08:23:15,785 D 3 3] (gcs_server) gcs_actor_manager.cc:846: Worker 9060e5674b25635e73e9da9354b65eabc580af68582ae0bcd88a229e on node 2507fab82169e6866cc951c8b0615f1828eb48fcd744e8753629375b exits, type=IDLE_EXIT, has creation_task_exception = 0
[2023-03-01 08:23:15,785 D 3 19] (gcs_server) grpc_server.cc:146: Polled event from CQ, thead: 139709074466560::0, status: 1
[2023-03-01 08:23:15,785 D 3 19] (gcs_server) grpc_server.cc:146: Polled event from CQ, thead: 139709074466560::0, status: 1
[2023-03-01 08:23:15,785 D 3 19] (gcs_server) grpc_server.cc:146: Polled event from CQ, thead: 139709074466560::0, status: 1
[2023-03-01 08:23:15,785 D 3 18] (gcs_server) publisher.cc:322: Long polling connection initiated by c58d1974807d8c5d4878d3c9a3e0953740767733419ea5cd76eae34d
[2023-03-01 08:23:15,865 D 3 3] (gcs_server) gcs_placement_group_manager.cc:327: No additional placement groups to schedule. Stop scheduling.
[2023-03-01 08:23:15,873 I 3 3] (gcs_server) gcs_server.cc:261: All alived nodes number: 1
[2023-03-01 08:23:15,873 I 3 3] (gcs_server) gcs_server.cc:267: Get raylet_client by ID 2507fab82169e6866cc951c8b0615f1828eb48fcd744e8753629375b
[2023-03-01 08:23:16,103 D 3 19] (gcs_server) grpc_server.cc:146: Polled event from CQ, thead: 139709074466560::0, status: 1
[2023-03-01 08:23:16,103 D 3 19] (gcs_server) grpc_server.cc:146: Polled event from CQ, thead: 139709074466560::0, status: 1
[2023-03-01 08:23:16,104 D 3 19] (gcs_server) grpc_server.cc:146: Polled event from CQ, thead: 139709074466560::0, status: 1
[2023-03-01 08:23:16,104 D 3 19] (gcs_server) grpc_server.cc:146: Polled event from CQ, thead: 139709074466560::0, status: 1
[2023-03-01 08:23:16,105 D 3 19] (gcs_server) grpc_server.cc:146: Polled event from CQ, thead: 139709074466560::0, status: 1
[2023-03-01 08:23:16,105 D 3 19] (gcs_server) grpc_server.cc:146: Polled event from CQ, thead: 139709074466560::0, status: 1
[2023-03-01 08:23:16,106 D 3 19] (gcs_server) grpc_server.cc:146: Polled event from CQ, thead: 139709074466560::0, status: 1
[2023-03-01 08:23:16,106 D 3 19] (gcs_server) grpc_server.cc:146: Polled event from CQ, thead: 139709074466560::0, status: 1
[2023-03-01 08:23:16,106 D 3 19] (gcs_server) grpc_server.cc:146: Polled event from CQ, thead: 139709074466560::0, status: 1
[2023-03-01 08:23:16,107 D 3 19] (gcs_server) grpc_server.cc:146: Polled event from CQ, thead: 139709074466560::0, status: 1
[2023-03-01 08:23:16,107 D 3 19] (gcs_server) grpc_server.cc:146: Polled event from CQ, thead: 139709074466560::0, status: 1
[2023-03-01 08:23:16,107 D 3 19] (gcs_server) grpc_server.cc:146: Polled event from CQ, thead: 139709074466560::0, status: 1
