[2023-03-03 02:14:44,828 I 189 189] core_worker_process.cc:120: Constructing CoreWorkerProcess. pid: 189
[2023-03-03 02:14:44,881 D 189 203] core_worker_process.cc:200: Getting system config from raylet, remaining retries = 100
[2023-03-03 02:14:44,884 D 189 189] ray_config.cc:70: RayConfig is initialized with: is_external_storage_type_fs=true,object_spilling_config="{\"type\": \"filesystem\", \"params\": {\"directory_path\": \"/host/tmp/ray/session_2023-03-03_02-14-29_881555_2\"}}",
[2023-03-03 02:14:44,885 D 189 189] core_worker.cc:88: Constructing CoreWorker, worker_id: d3e2535b07e87fb940d781c68b1a578e73980934c0e84530476b5307
[2023-03-03 02:14:44,885 I 189 189] core_worker.cc:119: Connecting to local Raylet.
[2023-03-03 02:14:44,885 I 189 189] raylet_client.cc:116: Creating RayletConnection.
[2023-03-03 02:14:44,886 I 189 189] client_connection.cc:47: ConnectSocketRetry begin /host/tmp/ray/session_2023-03-03_02-14-29_881555_2/sockets/raylet 0
[2023-03-03 02:14:44,887 I 189 189] client_connection.cc:51: ConnectSocketRetry end /host/tmp/ray/session_2023-03-03_02-14-29_881555_2/sockets/raylet 0. OK
[2023-03-03 02:14:44,887 I 189 189] raylet_client.cc:118: Created RayletConnection.
[2023-03-03 02:14:44,887 I 189 189] raylet_client.cc:138: Begin AtomicRequestReply RegisterClientRequest
[2023-03-03 02:14:44,887 I 189 189] raylet_client.cc:141: End AtomicRequestReply RegisterClientRequest. Status: OK
[2023-03-03 02:14:44,887 I 189 189] core_worker.cc:135: Connected to local Raylet.
[2023-03-03 02:14:44,887 I 189 189] core_worker.cc:164: Starting GRPC server.
[2023-03-03 02:14:44,888 I 189 189] grpc_server.cc:105: worker server started, listening on port 35219.
[2023-03-03 02:14:44,894 I 189 189] core_worker.cc:171: Started GRPC server.
[2023-03-03 02:14:44,894 I 189 189] core_worker.cc:179: Initializing worker at address: 172.17.0.2:35219, worker ID d3e2535b07e87fb940d781c68b1a578e73980934c0e84530476b5307, raylet 2710c94fc653896373fef1458e06b28270ab57bab4fb80feb0f993bf
[2023-03-03 02:14:44,954 I 189 233] gcs_server_address_updater.cc:32: GCS Server updater thread id: 139658558187264
[2023-03-03 02:14:44,998 D 189 189] gcs_client.cc:165: GcsClient connected.
[2023-03-03 02:14:44,998 I 189 189] core_worker.cc:205: GCS client created.
[2023-03-03 02:14:44,998 I 189 189] core_worker.cc:207: Registered to GCS.
[2023-03-03 02:14:44,999 D 189 189] subscriber.cc:348: Make a long polling request to da5187a463215bb8df684e08686c95eeb6b4242d791029184c396d81
[2023-03-03 02:14:44,999 I 189 189] core_worker.cc:267: Creating CoreWorkerPlasmaStoreProvider
[2023-03-03 02:14:44,999 I 189 189] client.cc:762: Before ConnectSocketRetry
[2023-03-03 02:14:44,999 I 189 189] client_connection.cc:47: ConnectSocketRetry begin /host/tmp/ray/session_2023-03-03_02-14-29_881555_2/sockets/plasma_store 0
[2023-03-03 02:14:45,000 I 189 189] client_connection.cc:51: ConnectSocketRetry end /host/tmp/ray/session_2023-03-03_02-14-29_881555_2/sockets/plasma_store 0. OK
[2023-03-03 02:14:45,000 I 189 189] client.cc:764: After ConnectSocketRetry
[2023-03-03 02:14:45,000 I 189 189] client.cc:766: After new StoreConn
[2023-03-03 02:14:45,000 I 189 189] client.cc:769: After SendConnectRequest
[2023-03-03 02:14:45,000 I 189 189] client.cc:772: After PlasmaReceive
[2023-03-03 02:14:45,000 I 189 189] client.cc:774: After ReadConnectReply
[2023-03-03 02:14:45,000 D 189 189] client.cc:392: called plasma_create on conn 30 with size 8 and metadata size 0
[2023-03-03 02:14:45,000 I 189 189] protocol.cc:219: After CreatePlasmaCreateRequest, prepare to send
[2023-03-03 02:14:45,000 I 189 189] protocol.cc:221: After PlasmaSend, status: 1
[2023-03-03 02:14:45,000 I 189 189] client.cc:402: After SendCreateRequest
[2023-03-03 02:14:45,000 I 189 189] client.cc:311: Before PlasmaReceive
[2023-03-03 02:14:45,000 I 189 189] client.cc:313: After PlasmaReceive buffer size: 160
[2023-03-03 02:14:45,001 I 189 189] client.cc:327: After RreadCreateReply, retry count: 0
[2023-03-03 02:14:45,001 I 189 189] client.cc:355: After create PlasmaMutableBuffer
[2023-03-03 02:14:45,001 I 189 189] client.cc:404: After HandleCreateReply
[2023-03-03 02:14:45,001 I 189 189] core_worker.cc:277: Created CoreWorkerPlasmaStoreProvider
[2023-03-03 02:14:45,001 D 189 189] core_worker_process.cc:276: Worker d3e2535b07e87fb940d781c68b1a578e73980934c0e84530476b5307 is created.
[2023-03-03 02:14:45,001 D 189 189] core_worker_process.cc:132: Stats setup in core worker.
[2023-03-03 02:14:45,002 D 189 189] stats.h:75: Initialized stats
[2023-03-03 02:14:45,002 I 189 189] io_service_pool.cc:35: IOServicePool is running with 1 io_service.
[2023-03-03 02:14:45,008 D 189 189] metrics_agent_client.h:41: Initiate the metrics client of address:127.0.0.1 port:53758
[2023-03-03 02:14:45,016 I 189 248] core_worker.cc:502: Event stats:


Global stats: 16 total (11 active)
Queueing time: mean = 5.052 ms, max = 17.389 ms, min = 14.236 ms, total = 80.828 ms
Execution time:  mean = 35.687 us, total = 570.990 us
Event stats:
	PeriodicalRunner.RunFnPeriodically - 7 total (2 active, 1 running), CPU time: mean = 81.570 us, total = 570.990 us
	UNKNOWN - 3 total (3 active), CPU time: mean = 0.000 s, total = 0.000 s
	InternalPubSubGcsService.grpc_client.GcsSubscriberPoll - 1 total (1 active), CPU time: mean = 0.000 s, total = 0.000 s
	GcsClient.deadline_timer.check_gcs_connection - 1 total (1 active), CPU time: mean = 0.000 s, total = 0.000 s
	NodeManagerService.grpc_client.ReportWorkerBacklog - 1 total (1 active), CPU time: mean = 0.000 s, total = 0.000 s
	CoreWorker.deadline_timer.flush_profiling_events - 1 total (1 active), CPU time: mean = 0.000 s, total = 0.000 s
	WorkerInfoGcsService.grpc_client.AddWorkerInfo - 1 total (1 active), CPU time: mean = 0.000 s, total = 0.000 s
	InternalPubSubGcsService.grpc_client.GcsSubscriberCommandBatch - 1 total (1 active), CPU time: mean = 0.000 s, total = 0.000 s


[2023-03-03 02:14:45,030 D 189 248] accessor.cc:487: Getting information of all nodes.
[2023-03-03 02:14:45,032 I 189 248] accessor.cc:599: Received notification for node id = 2710c94fc653896373fef1458e06b28270ab57bab4fb80feb0f993bf, IsAlive = 1
[2023-03-03 02:14:45,032 D 189 248] accessor.cc:497: Finished getting information of all nodes, status = OK
[2023-03-03 02:14:45,032 D 189 231] grpc_server.cc:146: Polled event from CQ, thead: 139658549790464::0, status: 1
[2023-03-03 02:14:45,053 D 189 189] core_worker.cc:2273: Executing task, task info = Type=ACTOR_CREATION_TASK, Language=PYTHON, Resources: {CPU_group_f8cc11efec794cdf699e2fea49ca01000000: 1, }, function_descriptor={type=PythonFunctionDescriptor, module_name=ray.train.worker_group, class_name=BaseWorkerMixin, function_name=__init__, function_hash=7532f4eb3e3549f39d8950b05ccec5c1}, task_id=ffffffffffffffff6706d5dfc0b900a9b316d92f01000000, task_name=BaseWorkerMixin.__init__(), job_id=01000000, num_args=0, num_returns=1, depth=1, actor_creation_task_spec={actor_id=6706d5dfc0b900a9b316d92f01000000, max_restarts=0, max_concurrency=1, is_asyncio_actor=0, is_detached=0}
[2023-03-03 02:14:45,053 D 189 189] reference_count.cc:242: Add local reference ffffffffffffffff6706d5dfc0b900a9b316d92f0100000001000000
[2023-03-03 02:14:45,053 D 189 189] reference_count.cc:243: REF ffffffffffffffff6706d5dfc0b900a9b316d92f0100000001000000 borrowers: 0 local_ref_count: 1 submitted_count: 0 contained_in_owned: 0 contained_in_borrowed: 0 contains: 0 stored_in: 0 lineage_ref_count: 0
[2023-03-03 02:14:45,053 I 189 189] direct_actor_task_submitter.cc:33: Set max pending calls to -1 for actor 6706d5dfc0b900a9b316d92f01000000
[2023-03-03 02:14:45,053 D 189 189] direct_actor_task_submitter.cc:169: Connecting to actor 6706d5dfc0b900a9b316d92f01000000 at worker d3e2535b07e87fb940d781c68b1a578e73980934c0e84530476b5307
[2023-03-03 02:14:45,053 D 189 189] core_worker_client_pool.cc:42: Connected to 172.17.0.2:35219
[2023-03-03 02:14:45,053 D 189 189] sequential_actor_submit_queue.cc:86: Resetting caller starts at for actor 6706d5dfc0b900a9b316d92f01000000 from 0 to 0
[2023-03-03 02:14:45,053 I 189 189] direct_actor_task_submitter.cc:217: Connecting to actor 6706d5dfc0b900a9b316d92f01000000 at worker d3e2535b07e87fb940d781c68b1a578e73980934c0e84530476b5307
[2023-03-03 02:14:45,053 D 189 189] reference_count.cc:106: Adding borrowed object ffffffffffffffff6706d5dfc0b900a9b316d92f0100000001000000
[2023-03-03 02:14:45,053 I 189 189] core_worker.cc:2330: Creating actor: 6706d5dfc0b900a9b316d92f01000000
[2023-03-03 02:14:45,676 D 189 189] core_worker.cc:2407: Finished executing task ffffffffffffffff6706d5dfc0b900a9b316d92f01000000, status=OK
[2023-03-03 02:14:45,676 I 189 189] direct_actor_transport.cc:144: Actor creation task finished, task_id: ffffffffffffffff6706d5dfc0b900a9b316d92f01000000, actor_id: 6706d5dfc0b900a9b316d92f01000000
[2023-03-03 02:14:45,676 D 189 231] grpc_server.cc:146: Polled event from CQ, thead: 139658549790464::0, status: 1
[2023-03-03 02:14:45,680 D 189 231] grpc_server.cc:146: Polled event from CQ, thead: 139658549790464::0, status: 1
[2023-03-03 02:14:45,680 D 189 189] actor_scheduling_queue.cc:89: Enqueue 0 cur seqno 0
[2023-03-03 02:14:45,680 D 189 189] core_worker.cc:2273: Executing task, task info = Type=ACTOR_TASK, Language=PYTHON, Resources: {}, function_descriptor={type=PythonFunctionDescriptor, module_name=ray.train.worker_group, class_name=BaseWorkerMixin, function_name=_BaseWorkerMixin__execute, function_hash=}, task_id=ef1c577d8953cfc96706d5dfc0b900a9b316d92f01000000, task_name=BaseWorkerMixin._BaseWorkerMixin__execute(), job_id=01000000, num_args=2, num_returns=2, depth=0, actor_task_spec={actor_id=6706d5dfc0b900a9b316d92f01000000, actor_caller_id=ffffffffffffffff3a2feef23f4201b688c34faa01000000, actor_counter=0}
[2023-03-03 02:14:45,681 D 189 189] core_worker.cc:2232: Creating return object ef1c577d8953cfc96706d5dfc0b900a9b316d92f0100000001000000
[2023-03-03 02:14:45,681 D 189 189] core_worker.cc:2424: Sealing return object ef1c577d8953cfc96706d5dfc0b900a9b316d92f0100000001000000
[2023-03-03 02:14:45,681 D 189 189] core_worker.cc:2407: Finished executing task ef1c577d8953cfc96706d5dfc0b900a9b316d92f01000000, status=OK
[2023-03-03 02:14:45,681 D 189 231] grpc_server.cc:146: Polled event from CQ, thead: 139658549790464::0, status: 1
[2023-03-03 02:14:45,685 D 189 231] grpc_server.cc:146: Polled event from CQ, thead: 139658549790464::0, status: 1
[2023-03-03 02:14:45,685 D 189 189] actor_scheduling_queue.cc:89: Enqueue 1 cur seqno 1
[2023-03-03 02:14:45,685 D 189 189] core_worker.cc:2273: Executing task, task info = Type=ACTOR_TASK, Language=PYTHON, Resources: {}, function_descriptor={type=PythonFunctionDescriptor, module_name=ray.train.worker_group, class_name=BaseWorkerMixin, function_name=_BaseWorkerMixin__execute, function_hash=}, task_id=670f7c5cc53dbe676706d5dfc0b900a9b316d92f01000000, task_name=BaseWorkerMixin._BaseWorkerMixin__execute(), job_id=01000000, num_args=2, num_returns=2, depth=0, actor_task_spec={actor_id=6706d5dfc0b900a9b316d92f01000000, actor_caller_id=ffffffffffffffff3a2feef23f4201b688c34faa01000000, actor_counter=1}
[2023-03-03 02:14:45,685 D 189 189] core_worker.cc:2232: Creating return object 670f7c5cc53dbe676706d5dfc0b900a9b316d92f0100000001000000
[2023-03-03 02:14:45,686 D 189 189] core_worker.cc:2424: Sealing return object 670f7c5cc53dbe676706d5dfc0b900a9b316d92f0100000001000000
[2023-03-03 02:14:45,686 D 189 189] core_worker.cc:2407: Finished executing task 670f7c5cc53dbe676706d5dfc0b900a9b316d92f01000000, status=OK
[2023-03-03 02:14:45,686 D 189 231] grpc_server.cc:146: Polled event from CQ, thead: 139658549790464::0, status: 1
[2023-03-03 02:14:45,688 D 189 231] grpc_server.cc:146: Polled event from CQ, thead: 139658549790464::0, status: 1
[2023-03-03 02:14:45,688 D 189 189] actor_scheduling_queue.cc:89: Enqueue 2 cur seqno 2
[2023-03-03 02:14:45,688 D 189 189] core_worker.cc:2273: Executing task, task info = Type=ACTOR_TASK, Language=PYTHON, Resources: {}, function_descriptor={type=PythonFunctionDescriptor, module_name=ray.train.worker_group, class_name=BaseWorkerMixin, function_name=_BaseWorkerMixin__execute, function_hash=}, task_id=02faecb67fcdf3ba6706d5dfc0b900a9b316d92f01000000, task_name=BaseWorkerMixin._BaseWorkerMixin__execute(), job_id=01000000, num_args=6, num_returns=2, depth=0, actor_task_spec={actor_id=6706d5dfc0b900a9b316d92f01000000, actor_caller_id=ffffffffffffffff3a2feef23f4201b688c34faa01000000, actor_counter=2}
[2023-03-03 02:14:45,688 D 189 189] core_worker.cc:2232: Creating return object 02faecb67fcdf3ba6706d5dfc0b900a9b316d92f0100000001000000
[2023-03-03 02:14:45,689 D 189 189] core_worker.cc:2424: Sealing return object 02faecb67fcdf3ba6706d5dfc0b900a9b316d92f0100000001000000
[2023-03-03 02:14:45,689 D 189 189] core_worker.cc:2407: Finished executing task 02faecb67fcdf3ba6706d5dfc0b900a9b316d92f01000000, status=OK
[2023-03-03 02:14:45,689 D 189 231] grpc_server.cc:146: Polled event from CQ, thead: 139658549790464::0, status: 1
[2023-03-03 02:14:45,693 D 189 231] grpc_server.cc:146: Polled event from CQ, thead: 139658549790464::0, status: 1
[2023-03-03 02:14:45,693 D 189 189] actor_scheduling_queue.cc:89: Enqueue 3 cur seqno 3
[2023-03-03 02:14:45,693 D 189 189] core_worker.cc:2273: Executing task, task info = Type=ACTOR_TASK, Language=PYTHON, Resources: {}, function_descriptor={type=PythonFunctionDescriptor, module_name=ray.train.worker_group, class_name=BaseWorkerMixin, function_name=_BaseWorkerMixin__execute, function_hash=}, task_id=96ddbaeca38b9e146706d5dfc0b900a9b316d92f01000000, task_name=BaseWorkerMixin._BaseWorkerMixin__execute(), job_id=01000000, num_args=12, num_returns=2, depth=0, actor_task_spec={actor_id=6706d5dfc0b900a9b316d92f01000000, actor_caller_id=ffffffffffffffff3a2feef23f4201b688c34faa01000000, actor_counter=3}
[2023-03-03 02:14:46,015 D 189 248] accessor.cc:784: Adding profile data, component type = worker, node id = d3e2535b07e87fb940d781c68b1a578e73980934c0e84530476b5307
[2023-03-03 02:14:47,341 D 189 248] profiling.cc:87: Pushed 16 events to GCS.
[2023-03-03 02:14:50,261 D 189 248] accessor.cc:795: Finished adding profile data, status = OK, component type = worker, node id = d3e2535b07e87fb940d781c68b1a578e73980934c0e84530476b5307
[2023-03-03 02:14:51,261 D 189 248] accessor.cc:784: Adding profile data, component type = worker, node id = d3e2535b07e87fb940d781c68b1a578e73980934c0e84530476b5307
[2023-03-03 02:14:51,261 D 189 248] profiling.cc:87: Pushed 1 events to GCS.
[2023-03-03 02:14:51,262 D 189 248] accessor.cc:795: Finished adding profile data, status = OK, component type = worker, node id = d3e2535b07e87fb940d781c68b1a578e73980934c0e84530476b5307
[2023-03-03 02:14:52,029 D 189 189] core_worker.cc:2232: Creating return object 96ddbaeca38b9e146706d5dfc0b900a9b316d92f0100000001000000
[2023-03-03 02:14:52,029 D 189 189] core_worker.cc:2424: Sealing return object 96ddbaeca38b9e146706d5dfc0b900a9b316d92f0100000001000000
[2023-03-03 02:14:52,029 D 189 189] core_worker.cc:2407: Finished executing task 96ddbaeca38b9e146706d5dfc0b900a9b316d92f01000000, status=OK
[2023-03-03 02:14:52,029 D 189 231] grpc_server.cc:146: Polled event from CQ, thead: 139658549790464::0, status: 1
[2023-03-03 02:14:52,221 D 189 231] grpc_server.cc:146: Polled event from CQ, thead: 139658549790464::0, status: 1
[2023-03-03 02:14:52,221 D 189 189] actor_scheduling_queue.cc:89: Enqueue 4 cur seqno 4
[2023-03-03 02:14:52,221 D 189 189] core_worker.cc:2273: Executing task, task info = Type=ACTOR_TASK, Language=PYTHON, Resources: {}, function_descriptor={type=PythonFunctionDescriptor, module_name=ray.train.worker_group, class_name=BaseWorkerMixin, function_name=_BaseWorkerMixin__execute, function_hash=}, task_id=0f02b2593e6a6abb6706d5dfc0b900a9b316d92f01000000, task_name=BaseWorkerMixin._BaseWorkerMixin__execute(), job_id=01000000, num_args=16, num_returns=2, depth=0, actor_task_spec={actor_id=6706d5dfc0b900a9b316d92f01000000, actor_caller_id=ffffffffffffffff3a2feef23f4201b688c34faa01000000, actor_counter=4}
[2023-03-03 02:14:52,262 D 189 248] accessor.cc:784: Adding profile data, component type = worker, node id = d3e2535b07e87fb940d781c68b1a578e73980934c0e84530476b5307
[2023-03-03 02:14:52,262 D 189 248] profiling.cc:87: Pushed 3 events to GCS.
[2023-03-03 02:14:52,263 D 189 248] accessor.cc:795: Finished adding profile data, status = OK, component type = worker, node id = d3e2535b07e87fb940d781c68b1a578e73980934c0e84530476b5307
[2023-03-03 02:14:52,487 D 189 189] core_worker.cc:2232: Creating return object 0f02b2593e6a6abb6706d5dfc0b900a9b316d92f0100000001000000
[2023-03-03 02:14:52,487 D 189 189] core_worker.cc:2424: Sealing return object 0f02b2593e6a6abb6706d5dfc0b900a9b316d92f0100000001000000
[2023-03-03 02:14:52,487 D 189 189] core_worker.cc:2407: Finished executing task 0f02b2593e6a6abb6706d5dfc0b900a9b316d92f01000000, status=OK
[2023-03-03 02:14:52,488 D 189 231] grpc_server.cc:146: Polled event from CQ, thead: 139658549790464::0, status: 1
[2023-03-03 02:14:52,490 D 189 231] grpc_server.cc:146: Polled event from CQ, thead: 139658549790464::0, status: 1
[2023-03-03 02:14:52,491 D 189 189] actor_scheduling_queue.cc:89: Enqueue 5 cur seqno 5
[2023-03-03 02:14:52,491 D 189 189] core_worker.cc:2273: Executing task, task info = Type=ACTOR_TASK, Language=PYTHON, Resources: {}, function_descriptor={type=PythonFunctionDescriptor, module_name=ray.train.worker_group, class_name=BaseWorkerMixin, function_name=_BaseWorkerMixin__execute, function_hash=}, task_id=f9c22f10dc14d4df6706d5dfc0b900a9b316d92f01000000, task_name=BaseWorkerMixin._BaseWorkerMixin__execute(), job_id=01000000, num_args=2, num_returns=2, depth=0, actor_task_spec={actor_id=6706d5dfc0b900a9b316d92f01000000, actor_caller_id=ffffffffffffffff3a2feef23f4201b688c34faa01000000, actor_counter=5}
[2023-03-03 02:14:52,497 D 189 231] grpc_server.cc:146: Polled event from CQ, thead: 139658549790464::0, status: 1
[2023-03-03 02:14:52,500 D 189 189] core_worker.cc:2232: Creating return object f9c22f10dc14d4df6706d5dfc0b900a9b316d92f0100000001000000
[2023-03-03 02:14:52,500 D 189 189] core_worker.cc:2424: Sealing return object f9c22f10dc14d4df6706d5dfc0b900a9b316d92f0100000001000000
[2023-03-03 02:14:52,500 D 189 189] core_worker.cc:2407: Finished executing task f9c22f10dc14d4df6706d5dfc0b900a9b316d92f01000000, status=OK
[2023-03-03 02:14:52,500 D 189 189] actor_scheduling_queue.cc:89: Enqueue 6 cur seqno 6
[2023-03-03 02:14:52,500 D 189 189] core_worker.cc:2273: Executing task, task info = Type=ACTOR_TASK, Language=PYTHON, Resources: {}, function_descriptor={type=PythonFunctionDescriptor, module_name=ray.train.worker_group, class_name=BaseWorkerMixin, function_name=_BaseWorkerMixin__execute, function_hash=}, task_id=259f3ad4bc76b8f06706d5dfc0b900a9b316d92f01000000, task_name=BaseWorkerMixin._BaseWorkerMixin__execute(), job_id=01000000, num_args=2, num_returns=2, depth=0, actor_task_spec={actor_id=6706d5dfc0b900a9b316d92f01000000, actor_caller_id=ffffffffffffffff3a2feef23f4201b688c34faa01000000, actor_counter=6}
[2023-03-03 02:14:52,500 D 189 231] grpc_server.cc:146: Polled event from CQ, thead: 139658549790464::0, status: 1
[2023-03-03 02:14:52,701 D 189 189] core_worker.cc:2232: Creating return object 259f3ad4bc76b8f06706d5dfc0b900a9b316d92f0100000001000000
[2023-03-03 02:14:52,701 D 189 189] core_worker.cc:2424: Sealing return object 259f3ad4bc76b8f06706d5dfc0b900a9b316d92f0100000001000000
[2023-03-03 02:14:52,701 D 189 189] core_worker.cc:2407: Finished executing task 259f3ad4bc76b8f06706d5dfc0b900a9b316d92f01000000, status=OK
[2023-03-03 02:14:52,701 D 189 231] grpc_server.cc:146: Polled event from CQ, thead: 139658549790464::0, status: 1
[2023-03-03 02:14:52,710 D 189 231] grpc_server.cc:146: Polled event from CQ, thead: 139658549790464::0, status: 1
[2023-03-03 02:14:52,710 D 189 189] actor_scheduling_queue.cc:89: Enqueue 7 cur seqno 7
[2023-03-03 02:14:52,710 D 189 189] core_worker.cc:2273: Executing task, task info = Type=ACTOR_TASK, Language=PYTHON, Resources: {}, function_descriptor={type=PythonFunctionDescriptor, module_name=ray.train.worker_group, class_name=BaseWorkerMixin, function_name=_BaseWorkerMixin__execute, function_hash=}, task_id=39ed41cb887cb9716706d5dfc0b900a9b316d92f01000000, task_name=BaseWorkerMixin._BaseWorkerMixin__execute(), job_id=01000000, num_args=2, num_returns=2, depth=0, actor_task_spec={actor_id=6706d5dfc0b900a9b316d92f01000000, actor_caller_id=ffffffffffffffff3a2feef23f4201b688c34faa01000000, actor_counter=7}
[2023-03-03 02:14:52,710 D 189 189] core_worker.cc:2232: Creating return object 39ed41cb887cb9716706d5dfc0b900a9b316d92f0100000001000000
[2023-03-03 02:14:52,710 D 189 189] core_worker.cc:2424: Sealing return object 39ed41cb887cb9716706d5dfc0b900a9b316d92f0100000001000000
[2023-03-03 02:14:52,710 D 189 189] core_worker.cc:2407: Finished executing task 39ed41cb887cb9716706d5dfc0b900a9b316d92f01000000, status=OK
[2023-03-03 02:14:52,711 D 189 231] grpc_server.cc:146: Polled event from CQ, thead: 139658549790464::0, status: 1
[2023-03-03 02:14:52,718 D 189 231] grpc_server.cc:146: Polled event from CQ, thead: 139658549790464::0, status: 1
[2023-03-03 02:14:52,719 D 189 189] actor_scheduling_queue.cc:89: Enqueue 8 cur seqno 8
[2023-03-03 02:14:52,719 D 189 189] core_worker.cc:2273: Executing task, task info = Type=ACTOR_TASK, Language=PYTHON, Resources: {}, function_descriptor={type=PythonFunctionDescriptor, module_name=ray.train.worker_group, class_name=BaseWorkerMixin, function_name=_BaseWorkerMixin__execute, function_hash=}, task_id=93bcd53d3dc182986706d5dfc0b900a9b316d92f01000000, task_name=BaseWorkerMixin._BaseWorkerMixin__execute(), job_id=01000000, num_args=2, num_returns=2, depth=0, actor_task_spec={actor_id=6706d5dfc0b900a9b316d92f01000000, actor_caller_id=ffffffffffffffff3a2feef23f4201b688c34faa01000000, actor_counter=8}
[2023-03-03 02:14:52,719 D 189 189] core_worker.cc:2232: Creating return object 93bcd53d3dc182986706d5dfc0b900a9b316d92f0100000001000000
[2023-03-03 02:14:52,719 D 189 189] core_worker.cc:2424: Sealing return object 93bcd53d3dc182986706d5dfc0b900a9b316d92f0100000001000000
[2023-03-03 02:14:52,719 D 189 189] core_worker.cc:2407: Finished executing task 93bcd53d3dc182986706d5dfc0b900a9b316d92f01000000, status=OK
[2023-03-03 02:14:52,719 D 189 231] grpc_server.cc:146: Polled event from CQ, thead: 139658549790464::0, status: 1
[2023-03-03 02:14:52,727 D 189 231] grpc_server.cc:146: Polled event from CQ, thead: 139658549790464::0, status: 1
[2023-03-03 02:14:52,727 D 189 189] actor_scheduling_queue.cc:89: Enqueue 9 cur seqno 9
[2023-03-03 02:14:52,727 D 189 189] core_worker.cc:2273: Executing task, task info = Type=ACTOR_TASK, Language=PYTHON, Resources: {}, function_descriptor={type=PythonFunctionDescriptor, module_name=ray.train.worker_group, class_name=BaseWorkerMixin, function_name=_BaseWorkerMixin__execute, function_hash=}, task_id=202ead5c495bfbc06706d5dfc0b900a9b316d92f01000000, task_name=BaseWorkerMixin._BaseWorkerMixin__execute(), job_id=01000000, num_args=2, num_returns=2, depth=0, actor_task_spec={actor_id=6706d5dfc0b900a9b316d92f01000000, actor_caller_id=ffffffffffffffff3a2feef23f4201b688c34faa01000000, actor_counter=9}
[2023-03-03 02:14:52,730 D 189 189] core_worker.cc:2232: Creating return object 202ead5c495bfbc06706d5dfc0b900a9b316d92f0100000001000000
[2023-03-03 02:14:52,730 D 189 189] core_worker.cc:2424: Sealing return object 202ead5c495bfbc06706d5dfc0b900a9b316d92f0100000001000000
[2023-03-03 02:14:52,730 D 189 189] core_worker.cc:2407: Finished executing task 202ead5c495bfbc06706d5dfc0b900a9b316d92f01000000, status=OK
[2023-03-03 02:14:52,730 D 189 231] grpc_server.cc:146: Polled event from CQ, thead: 139658549790464::0, status: 1
[2023-03-03 02:14:53,262 D 189 248] accessor.cc:784: Adding profile data, component type = worker, node id = d3e2535b07e87fb940d781c68b1a578e73980934c0e84530476b5307
[2023-03-03 02:14:53,262 D 189 248] profiling.cc:87: Pushed 23 events to GCS.
[2023-03-03 02:14:53,263 D 189 248] accessor.cc:795: Finished adding profile data, status = OK, component type = worker, node id = d3e2535b07e87fb940d781c68b1a578e73980934c0e84530476b5307
[2023-03-03 02:14:53,970 D 189 231] grpc_server.cc:146: Polled event from CQ, thead: 139658549790464::0, status: 1
[2023-03-03 02:14:53,971 I 189 248] core_worker.cc:3099: Force kill actor request has received. exiting immediately...
[2023-03-03 02:14:53,971 I 189 248] core_worker.cc:599: Disconnecting to the raylet.
[2023-03-03 02:14:53,971 I 189 248] raylet_client.cc:166: RayletClient::Disconnect, exit_type=INTENDED_EXIT, has creation_task_exception_pb_bytes=0
[2023-03-03 02:14:53,971 W 189 248] raylet_client.cc:189: IOError: Broken pipe [RayletClient] Failed to disconnect from raylet. This means the raylet the worker is connected is probably already dead.
[2023-03-03 02:14:53,971 D 189 248] logging.cc:287: Uninstall signal handlers.
