[2023-03-03 02:14:44,828 I 191 191] core_worker_process.cc:120: Constructing CoreWorkerProcess. pid: 191
[2023-03-03 02:14:44,881 D 191 201] core_worker_process.cc:200: Getting system config from raylet, remaining retries = 100
[2023-03-03 02:14:44,882 D 191 191] ray_config.cc:70: RayConfig is initialized with: is_external_storage_type_fs=true,object_spilling_config="{\"type\": \"filesystem\", \"params\": {\"directory_path\": \"/host/tmp/ray/session_2023-03-03_02-14-29_881555_2\"}}",
[2023-03-03 02:14:44,883 D 191 191] core_worker.cc:88: Constructing CoreWorker, worker_id: 615f17f87358c40153dade19e0c3e24b1d9d5af3d8e5313593100505
[2023-03-03 02:14:44,884 I 191 191] core_worker.cc:119: Connecting to local Raylet.
[2023-03-03 02:14:44,884 I 191 191] raylet_client.cc:116: Creating RayletConnection.
[2023-03-03 02:14:44,884 I 191 191] client_connection.cc:47: ConnectSocketRetry begin /host/tmp/ray/session_2023-03-03_02-14-29_881555_2/sockets/raylet 0
[2023-03-03 02:14:44,884 I 191 191] client_connection.cc:51: ConnectSocketRetry end /host/tmp/ray/session_2023-03-03_02-14-29_881555_2/sockets/raylet 0. OK
[2023-03-03 02:14:44,884 I 191 191] raylet_client.cc:118: Created RayletConnection.
[2023-03-03 02:14:44,884 I 191 191] raylet_client.cc:138: Begin AtomicRequestReply RegisterClientRequest
[2023-03-03 02:14:44,885 I 191 191] raylet_client.cc:141: End AtomicRequestReply RegisterClientRequest. Status: OK
[2023-03-03 02:14:44,885 I 191 191] core_worker.cc:135: Connected to local Raylet.
[2023-03-03 02:14:44,885 I 191 191] core_worker.cc:164: Starting GRPC server.
[2023-03-03 02:14:44,886 I 191 191] grpc_server.cc:105: worker server started, listening on port 36203.
[2023-03-03 02:14:44,888 I 191 191] core_worker.cc:171: Started GRPC server.
[2023-03-03 02:14:44,888 I 191 191] core_worker.cc:179: Initializing worker at address: 172.17.0.2:36203, worker ID 615f17f87358c40153dade19e0c3e24b1d9d5af3d8e5313593100505, raylet 2710c94fc653896373fef1458e06b28270ab57bab4fb80feb0f993bf
[2023-03-03 02:14:44,921 I 191 230] gcs_server_address_updater.cc:32: GCS Server updater thread id: 139658923087616
[2023-03-03 02:14:44,991 D 191 191] gcs_client.cc:165: GcsClient connected.
[2023-03-03 02:14:44,991 I 191 191] core_worker.cc:205: GCS client created.
[2023-03-03 02:14:44,992 I 191 191] core_worker.cc:207: Registered to GCS.
[2023-03-03 02:14:44,992 D 191 191] subscriber.cc:348: Make a long polling request to ba31d1db05c14e70f2a0dbd87ad34d1b2fb459386b64555abf9c1efd
[2023-03-03 02:14:44,993 I 191 191] core_worker.cc:267: Creating CoreWorkerPlasmaStoreProvider
[2023-03-03 02:14:44,993 I 191 191] client.cc:762: Before ConnectSocketRetry
[2023-03-03 02:14:44,993 I 191 191] client_connection.cc:47: ConnectSocketRetry begin /host/tmp/ray/session_2023-03-03_02-14-29_881555_2/sockets/plasma_store 0
[2023-03-03 02:14:44,993 I 191 191] client_connection.cc:51: ConnectSocketRetry end /host/tmp/ray/session_2023-03-03_02-14-29_881555_2/sockets/plasma_store 0. OK
[2023-03-03 02:14:44,994 I 191 191] client.cc:764: After ConnectSocketRetry
[2023-03-03 02:14:44,994 I 191 191] client.cc:766: After new StoreConn
[2023-03-03 02:14:44,994 I 191 191] client.cc:769: After SendConnectRequest
[2023-03-03 02:14:44,994 I 191 191] client.cc:772: After PlasmaReceive
[2023-03-03 02:14:44,994 I 191 191] client.cc:774: After ReadConnectReply
[2023-03-03 02:14:44,994 D 191 191] client.cc:392: called plasma_create on conn 30 with size 8 and metadata size 0
[2023-03-03 02:14:44,994 I 191 191] protocol.cc:219: After CreatePlasmaCreateRequest, prepare to send
[2023-03-03 02:14:44,994 I 191 191] protocol.cc:221: After PlasmaSend, status: 1
[2023-03-03 02:14:44,994 I 191 191] client.cc:402: After SendCreateRequest
[2023-03-03 02:14:44,994 I 191 191] client.cc:311: Before PlasmaReceive
[2023-03-03 02:14:44,994 I 191 191] client.cc:313: After PlasmaReceive buffer size: 160
[2023-03-03 02:14:44,994 I 191 191] client.cc:327: After RreadCreateReply, retry count: 0
[2023-03-03 02:14:44,994 I 191 191] client.cc:355: After create PlasmaMutableBuffer
[2023-03-03 02:14:44,994 I 191 191] client.cc:404: After HandleCreateReply
[2023-03-03 02:14:44,995 I 191 191] core_worker.cc:277: Created CoreWorkerPlasmaStoreProvider
[2023-03-03 02:14:44,995 D 191 191] core_worker_process.cc:276: Worker 615f17f87358c40153dade19e0c3e24b1d9d5af3d8e5313593100505 is created.
[2023-03-03 02:14:44,995 D 191 191] core_worker_process.cc:132: Stats setup in core worker.
[2023-03-03 02:14:44,995 D 191 191] stats.h:75: Initialized stats
[2023-03-03 02:14:44,995 I 191 191] io_service_pool.cc:35: IOServicePool is running with 1 io_service.
[2023-03-03 02:14:44,999 D 191 191] metrics_agent_client.h:41: Initiate the metrics client of address:127.0.0.1 port:53758
[2023-03-03 02:14:45,000 I 191 241] core_worker.cc:502: Event stats:


Global stats: 16 total (11 active)
Queueing time: mean = 1.912 ms, max = 7.445 ms, min = 4.301 ms, total = 30.592 ms
Execution time:  mean = 36.488 us, total = 583.806 us
Event stats:
	PeriodicalRunner.RunFnPeriodically - 7 total (2 active, 1 running), CPU time: mean = 83.401 us, total = 583.806 us
	UNKNOWN - 3 total (3 active), CPU time: mean = 0.000 s, total = 0.000 s
	InternalPubSubGcsService.grpc_client.GcsSubscriberCommandBatch - 1 total (1 active), CPU time: mean = 0.000 s, total = 0.000 s
	InternalPubSubGcsService.grpc_client.GcsSubscriberPoll - 1 total (1 active), CPU time: mean = 0.000 s, total = 0.000 s
	GcsClient.deadline_timer.check_gcs_connection - 1 total (1 active), CPU time: mean = 0.000 s, total = 0.000 s
	CoreWorker.deadline_timer.flush_profiling_events - 1 total (1 active), CPU time: mean = 0.000 s, total = 0.000 s
	WorkerInfoGcsService.grpc_client.AddWorkerInfo - 1 total (1 active), CPU time: mean = 0.000 s, total = 0.000 s
	NodeManagerService.grpc_client.ReportWorkerBacklog - 1 total (1 active), CPU time: mean = 0.000 s, total = 0.000 s


[2023-03-03 02:14:45,000 D 191 241] accessor.cc:487: Getting information of all nodes.
[2023-03-03 02:14:45,001 I 191 241] accessor.cc:599: Received notification for node id = 2710c94fc653896373fef1458e06b28270ab57bab4fb80feb0f993bf, IsAlive = 1
[2023-03-03 02:14:45,001 D 191 241] accessor.cc:497: Finished getting information of all nodes, status = OK
[2023-03-03 02:14:45,016 D 191 228] grpc_server.cc:146: Polled event from CQ, thead: 139657165694720::0, status: 1
[2023-03-03 02:14:45,047 D 191 191] core_worker.cc:2273: Executing task, task info = Type=ACTOR_CREATION_TASK, Language=PYTHON, Resources: {CPU_group_f8cc11efec794cdf699e2fea49ca01000000: 1, }, function_descriptor={type=PythonFunctionDescriptor, module_name=ray.train.worker_group, class_name=BaseWorkerMixin, function_name=__init__, function_hash=7532f4eb3e3549f39d8950b05ccec5c1}, task_id=ffffffffffffffff239770a13c834aca10d8cffc01000000, task_name=BaseWorkerMixin.__init__(), job_id=01000000, num_args=0, num_returns=1, depth=1, actor_creation_task_spec={actor_id=239770a13c834aca10d8cffc01000000, max_restarts=0, max_concurrency=1, is_asyncio_actor=0, is_detached=0}
[2023-03-03 02:14:45,047 D 191 191] reference_count.cc:242: Add local reference ffffffffffffffff239770a13c834aca10d8cffc0100000001000000
[2023-03-03 02:14:45,047 D 191 191] reference_count.cc:243: REF ffffffffffffffff239770a13c834aca10d8cffc0100000001000000 borrowers: 0 local_ref_count: 1 submitted_count: 0 contained_in_owned: 0 contained_in_borrowed: 0 contains: 0 stored_in: 0 lineage_ref_count: 0
[2023-03-03 02:14:45,047 I 191 191] direct_actor_task_submitter.cc:33: Set max pending calls to -1 for actor 239770a13c834aca10d8cffc01000000
[2023-03-03 02:14:45,047 D 191 191] direct_actor_task_submitter.cc:169: Connecting to actor 239770a13c834aca10d8cffc01000000 at worker 615f17f87358c40153dade19e0c3e24b1d9d5af3d8e5313593100505
[2023-03-03 02:14:45,047 D 191 191] core_worker_client_pool.cc:42: Connected to 172.17.0.2:36203
[2023-03-03 02:14:45,047 D 191 191] sequential_actor_submit_queue.cc:86: Resetting caller starts at for actor 239770a13c834aca10d8cffc01000000 from 0 to 0
[2023-03-03 02:14:45,047 I 191 191] direct_actor_task_submitter.cc:217: Connecting to actor 239770a13c834aca10d8cffc01000000 at worker 615f17f87358c40153dade19e0c3e24b1d9d5af3d8e5313593100505
[2023-03-03 02:14:45,047 D 191 191] reference_count.cc:106: Adding borrowed object ffffffffffffffff239770a13c834aca10d8cffc0100000001000000
[2023-03-03 02:14:45,047 I 191 191] core_worker.cc:2330: Creating actor: 239770a13c834aca10d8cffc01000000
[2023-03-03 02:14:45,653 D 191 191] core_worker.cc:2407: Finished executing task ffffffffffffffff239770a13c834aca10d8cffc01000000, status=OK
[2023-03-03 02:14:45,653 I 191 191] direct_actor_transport.cc:144: Actor creation task finished, task_id: ffffffffffffffff239770a13c834aca10d8cffc01000000, actor_id: 239770a13c834aca10d8cffc01000000
[2023-03-03 02:14:45,654 D 191 228] grpc_server.cc:146: Polled event from CQ, thead: 139657165694720::0, status: 1
[2023-03-03 02:14:45,657 D 191 228] grpc_server.cc:146: Polled event from CQ, thead: 139657165694720::0, status: 1
[2023-03-03 02:14:45,657 D 191 191] actor_scheduling_queue.cc:89: Enqueue 0 cur seqno 0
[2023-03-03 02:14:45,657 D 191 191] core_worker.cc:2273: Executing task, task info = Type=ACTOR_TASK, Language=PYTHON, Resources: {}, function_descriptor={type=PythonFunctionDescriptor, module_name=ray.train.worker_group, class_name=BaseWorkerMixin, function_name=_BaseWorkerMixin__execute, function_hash=}, task_id=a8c596b2b53eddab239770a13c834aca10d8cffc01000000, task_name=BaseWorkerMixin._BaseWorkerMixin__execute(), job_id=01000000, num_args=2, num_returns=2, depth=0, actor_task_spec={actor_id=239770a13c834aca10d8cffc01000000, actor_caller_id=ffffffffffffffff3a2feef23f4201b688c34faa01000000, actor_counter=0}
[2023-03-03 02:14:45,658 D 191 191] core_worker.cc:2232: Creating return object a8c596b2b53eddab239770a13c834aca10d8cffc0100000001000000
[2023-03-03 02:14:45,658 D 191 191] core_worker.cc:2424: Sealing return object a8c596b2b53eddab239770a13c834aca10d8cffc0100000001000000
[2023-03-03 02:14:45,658 D 191 191] core_worker.cc:2407: Finished executing task a8c596b2b53eddab239770a13c834aca10d8cffc01000000, status=OK
[2023-03-03 02:14:45,659 D 191 228] grpc_server.cc:146: Polled event from CQ, thead: 139657165694720::0, status: 1
[2023-03-03 02:14:45,689 D 191 228] grpc_server.cc:146: Polled event from CQ, thead: 139657165694720::0, status: 1
[2023-03-03 02:14:45,689 D 191 191] actor_scheduling_queue.cc:89: Enqueue 1 cur seqno 1
[2023-03-03 02:14:45,689 D 191 191] core_worker.cc:2273: Executing task, task info = Type=ACTOR_TASK, Language=PYTHON, Resources: {}, function_descriptor={type=PythonFunctionDescriptor, module_name=ray.train.worker_group, class_name=BaseWorkerMixin, function_name=_BaseWorkerMixin__execute, function_hash=}, task_id=7334ab7b90809d67239770a13c834aca10d8cffc01000000, task_name=BaseWorkerMixin._BaseWorkerMixin__execute(), job_id=01000000, num_args=6, num_returns=2, depth=0, actor_task_spec={actor_id=239770a13c834aca10d8cffc01000000, actor_caller_id=ffffffffffffffff3a2feef23f4201b688c34faa01000000, actor_counter=1}
[2023-03-03 02:14:45,690 D 191 191] core_worker.cc:2232: Creating return object 7334ab7b90809d67239770a13c834aca10d8cffc0100000001000000
[2023-03-03 02:14:45,690 D 191 191] core_worker.cc:2424: Sealing return object 7334ab7b90809d67239770a13c834aca10d8cffc0100000001000000
[2023-03-03 02:14:45,690 D 191 191] core_worker.cc:2407: Finished executing task 7334ab7b90809d67239770a13c834aca10d8cffc01000000, status=OK
[2023-03-03 02:14:45,690 D 191 228] grpc_server.cc:146: Polled event from CQ, thead: 139657165694720::0, status: 1
[2023-03-03 02:14:45,694 D 191 228] grpc_server.cc:146: Polled event from CQ, thead: 139657165694720::0, status: 1
[2023-03-03 02:14:45,694 D 191 191] actor_scheduling_queue.cc:89: Enqueue 2 cur seqno 2
[2023-03-03 02:14:45,694 D 191 191] core_worker.cc:2273: Executing task, task info = Type=ACTOR_TASK, Language=PYTHON, Resources: {}, function_descriptor={type=PythonFunctionDescriptor, module_name=ray.train.worker_group, class_name=BaseWorkerMixin, function_name=_BaseWorkerMixin__execute, function_hash=}, task_id=860867af9e142844239770a13c834aca10d8cffc01000000, task_name=BaseWorkerMixin._BaseWorkerMixin__execute(), job_id=01000000, num_args=12, num_returns=2, depth=0, actor_task_spec={actor_id=239770a13c834aca10d8cffc01000000, actor_caller_id=ffffffffffffffff3a2feef23f4201b688c34faa01000000, actor_counter=2}
[2023-03-03 02:14:45,999 D 191 241] accessor.cc:784: Adding profile data, component type = worker, node id = 615f17f87358c40153dade19e0c3e24b1d9d5af3d8e5313593100505
[2023-03-03 02:14:47,287 D 191 241] profiling.cc:87: Pushed 12 events to GCS.
[2023-03-03 02:14:47,291 D 191 241] accessor.cc:795: Finished adding profile data, status = OK, component type = worker, node id = 615f17f87358c40153dade19e0c3e24b1d9d5af3d8e5313593100505
[2023-03-03 02:14:51,288 D 191 241] accessor.cc:784: Adding profile data, component type = worker, node id = 615f17f87358c40153dade19e0c3e24b1d9d5af3d8e5313593100505
[2023-03-03 02:14:51,288 D 191 241] profiling.cc:87: Pushed 1 events to GCS.
[2023-03-03 02:14:51,289 D 191 241] accessor.cc:795: Finished adding profile data, status = OK, component type = worker, node id = 615f17f87358c40153dade19e0c3e24b1d9d5af3d8e5313593100505
[2023-03-03 02:14:52,029 D 191 191] core_worker.cc:2232: Creating return object 860867af9e142844239770a13c834aca10d8cffc0100000001000000
[2023-03-03 02:14:52,029 D 191 191] core_worker.cc:2424: Sealing return object 860867af9e142844239770a13c834aca10d8cffc0100000001000000
[2023-03-03 02:14:52,029 D 191 191] core_worker.cc:2407: Finished executing task 860867af9e142844239770a13c834aca10d8cffc01000000, status=OK
[2023-03-03 02:14:52,030 D 191 228] grpc_server.cc:146: Polled event from CQ, thead: 139657165694720::0, status: 1
[2023-03-03 02:14:52,231 D 191 228] grpc_server.cc:146: Polled event from CQ, thead: 139657165694720::0, status: 1
[2023-03-03 02:14:52,232 D 191 191] actor_scheduling_queue.cc:89: Enqueue 3 cur seqno 3
[2023-03-03 02:14:52,232 D 191 191] core_worker.cc:2273: Executing task, task info = Type=ACTOR_TASK, Language=PYTHON, Resources: {}, function_descriptor={type=PythonFunctionDescriptor, module_name=ray.train.worker_group, class_name=BaseWorkerMixin, function_name=_BaseWorkerMixin__execute, function_hash=}, task_id=aac4900c6624ffd5239770a13c834aca10d8cffc01000000, task_name=BaseWorkerMixin._BaseWorkerMixin__execute(), job_id=01000000, num_args=16, num_returns=2, depth=0, actor_task_spec={actor_id=239770a13c834aca10d8cffc01000000, actor_caller_id=ffffffffffffffff3a2feef23f4201b688c34faa01000000, actor_counter=3}
[2023-03-03 02:14:52,288 D 191 241] accessor.cc:784: Adding profile data, component type = worker, node id = 615f17f87358c40153dade19e0c3e24b1d9d5af3d8e5313593100505
[2023-03-03 02:14:52,288 D 191 241] profiling.cc:87: Pushed 3 events to GCS.
[2023-03-03 02:14:52,289 D 191 241] accessor.cc:795: Finished adding profile data, status = OK, component type = worker, node id = 615f17f87358c40153dade19e0c3e24b1d9d5af3d8e5313593100505
[2023-03-03 02:14:52,484 D 191 191] core_worker.cc:2232: Creating return object aac4900c6624ffd5239770a13c834aca10d8cffc0100000001000000
[2023-03-03 02:14:52,484 D 191 191] core_worker.cc:2424: Sealing return object aac4900c6624ffd5239770a13c834aca10d8cffc0100000001000000
[2023-03-03 02:14:52,484 D 191 191] core_worker.cc:2407: Finished executing task aac4900c6624ffd5239770a13c834aca10d8cffc01000000, status=OK
[2023-03-03 02:14:52,484 D 191 228] grpc_server.cc:146: Polled event from CQ, thead: 139657165694720::0, status: 1
[2023-03-03 02:14:52,491 D 191 228] grpc_server.cc:146: Polled event from CQ, thead: 139657165694720::0, status: 1
[2023-03-03 02:14:52,492 D 191 191] actor_scheduling_queue.cc:89: Enqueue 4 cur seqno 4
[2023-03-03 02:14:52,492 D 191 191] core_worker.cc:2273: Executing task, task info = Type=ACTOR_TASK, Language=PYTHON, Resources: {}, function_descriptor={type=PythonFunctionDescriptor, module_name=ray.train.worker_group, class_name=BaseWorkerMixin, function_name=_BaseWorkerMixin__execute, function_hash=}, task_id=9e5d4a990300fdd4239770a13c834aca10d8cffc01000000, task_name=BaseWorkerMixin._BaseWorkerMixin__execute(), job_id=01000000, num_args=2, num_returns=2, depth=0, actor_task_spec={actor_id=239770a13c834aca10d8cffc01000000, actor_caller_id=ffffffffffffffff3a2feef23f4201b688c34faa01000000, actor_counter=4}
[2023-03-03 02:14:52,500 D 191 191] core_worker.cc:2232: Creating return object 9e5d4a990300fdd4239770a13c834aca10d8cffc0100000001000000
[2023-03-03 02:14:52,500 D 191 191] core_worker.cc:2424: Sealing return object 9e5d4a990300fdd4239770a13c834aca10d8cffc0100000001000000
[2023-03-03 02:14:52,500 D 191 191] core_worker.cc:2407: Finished executing task 9e5d4a990300fdd4239770a13c834aca10d8cffc01000000, status=OK
[2023-03-03 02:14:52,500 D 191 228] grpc_server.cc:146: Polled event from CQ, thead: 139657165694720::0, status: 1
[2023-03-03 02:14:52,500 D 191 228] grpc_server.cc:146: Polled event from CQ, thead: 139657165694720::0, status: 1
[2023-03-03 02:14:52,501 D 191 191] actor_scheduling_queue.cc:89: Enqueue 5 cur seqno 5
[2023-03-03 02:14:52,501 D 191 191] core_worker.cc:2273: Executing task, task info = Type=ACTOR_TASK, Language=PYTHON, Resources: {}, function_descriptor={type=PythonFunctionDescriptor, module_name=ray.train.worker_group, class_name=BaseWorkerMixin, function_name=_BaseWorkerMixin__execute, function_hash=}, task_id=0294fc5009ed6390239770a13c834aca10d8cffc01000000, task_name=BaseWorkerMixin._BaseWorkerMixin__execute(), job_id=01000000, num_args=2, num_returns=2, depth=0, actor_task_spec={actor_id=239770a13c834aca10d8cffc01000000, actor_caller_id=ffffffffffffffff3a2feef23f4201b688c34faa01000000, actor_counter=5}
[2023-03-03 02:14:52,701 D 191 191] core_worker.cc:2232: Creating return object 0294fc5009ed6390239770a13c834aca10d8cffc0100000001000000
[2023-03-03 02:14:52,701 D 191 191] core_worker.cc:2424: Sealing return object 0294fc5009ed6390239770a13c834aca10d8cffc0100000001000000
[2023-03-03 02:14:52,702 D 191 191] core_worker.cc:2407: Finished executing task 0294fc5009ed6390239770a13c834aca10d8cffc01000000, status=OK
[2023-03-03 02:14:52,702 D 191 228] grpc_server.cc:146: Polled event from CQ, thead: 139657165694720::0, status: 1
[2023-03-03 02:14:52,711 D 191 228] grpc_server.cc:146: Polled event from CQ, thead: 139657165694720::0, status: 1
[2023-03-03 02:14:52,711 D 191 191] actor_scheduling_queue.cc:89: Enqueue 6 cur seqno 6
[2023-03-03 02:14:52,711 D 191 191] core_worker.cc:2273: Executing task, task info = Type=ACTOR_TASK, Language=PYTHON, Resources: {}, function_descriptor={type=PythonFunctionDescriptor, module_name=ray.train.worker_group, class_name=BaseWorkerMixin, function_name=_BaseWorkerMixin__execute, function_hash=}, task_id=76e6a579d5e987c7239770a13c834aca10d8cffc01000000, task_name=BaseWorkerMixin._BaseWorkerMixin__execute(), job_id=01000000, num_args=2, num_returns=2, depth=0, actor_task_spec={actor_id=239770a13c834aca10d8cffc01000000, actor_caller_id=ffffffffffffffff3a2feef23f4201b688c34faa01000000, actor_counter=6}
[2023-03-03 02:14:52,711 D 191 191] core_worker.cc:2232: Creating return object 76e6a579d5e987c7239770a13c834aca10d8cffc0100000001000000
[2023-03-03 02:14:52,712 D 191 191] core_worker.cc:2424: Sealing return object 76e6a579d5e987c7239770a13c834aca10d8cffc0100000001000000
[2023-03-03 02:14:52,712 D 191 191] core_worker.cc:2407: Finished executing task 76e6a579d5e987c7239770a13c834aca10d8cffc01000000, status=OK
[2023-03-03 02:14:52,712 D 191 228] grpc_server.cc:146: Polled event from CQ, thead: 139657165694720::0, status: 1
[2023-03-03 02:14:52,720 D 191 228] grpc_server.cc:146: Polled event from CQ, thead: 139657165694720::0, status: 1
[2023-03-03 02:14:52,720 D 191 191] actor_scheduling_queue.cc:89: Enqueue 7 cur seqno 7
[2023-03-03 02:14:52,720 D 191 191] core_worker.cc:2273: Executing task, task info = Type=ACTOR_TASK, Language=PYTHON, Resources: {}, function_descriptor={type=PythonFunctionDescriptor, module_name=ray.train.worker_group, class_name=BaseWorkerMixin, function_name=_BaseWorkerMixin__execute, function_hash=}, task_id=9a7584a1bddb5da1239770a13c834aca10d8cffc01000000, task_name=BaseWorkerMixin._BaseWorkerMixin__execute(), job_id=01000000, num_args=2, num_returns=2, depth=0, actor_task_spec={actor_id=239770a13c834aca10d8cffc01000000, actor_caller_id=ffffffffffffffff3a2feef23f4201b688c34faa01000000, actor_counter=7}
[2023-03-03 02:14:52,720 D 191 191] core_worker.cc:2232: Creating return object 9a7584a1bddb5da1239770a13c834aca10d8cffc0100000001000000
[2023-03-03 02:14:52,720 D 191 191] core_worker.cc:2424: Sealing return object 9a7584a1bddb5da1239770a13c834aca10d8cffc0100000001000000
[2023-03-03 02:14:52,720 D 191 191] core_worker.cc:2407: Finished executing task 9a7584a1bddb5da1239770a13c834aca10d8cffc01000000, status=OK
[2023-03-03 02:14:52,720 D 191 228] grpc_server.cc:146: Polled event from CQ, thead: 139657165694720::0, status: 1
[2023-03-03 02:14:52,728 D 191 228] grpc_server.cc:146: Polled event from CQ, thead: 139657165694720::0, status: 1
[2023-03-03 02:14:52,728 D 191 191] actor_scheduling_queue.cc:89: Enqueue 8 cur seqno 8
[2023-03-03 02:14:52,728 D 191 191] core_worker.cc:2273: Executing task, task info = Type=ACTOR_TASK, Language=PYTHON, Resources: {}, function_descriptor={type=PythonFunctionDescriptor, module_name=ray.train.worker_group, class_name=BaseWorkerMixin, function_name=_BaseWorkerMixin__execute, function_hash=}, task_id=c11db179e8f15549239770a13c834aca10d8cffc01000000, task_name=BaseWorkerMixin._BaseWorkerMixin__execute(), job_id=01000000, num_args=2, num_returns=2, depth=0, actor_task_spec={actor_id=239770a13c834aca10d8cffc01000000, actor_caller_id=ffffffffffffffff3a2feef23f4201b688c34faa01000000, actor_counter=8}
[2023-03-03 02:14:52,731 D 191 191] core_worker.cc:2232: Creating return object c11db179e8f15549239770a13c834aca10d8cffc0100000001000000
[2023-03-03 02:14:52,731 D 191 191] core_worker.cc:2424: Sealing return object c11db179e8f15549239770a13c834aca10d8cffc0100000001000000
[2023-03-03 02:14:52,731 D 191 191] core_worker.cc:2407: Finished executing task c11db179e8f15549239770a13c834aca10d8cffc01000000, status=OK
[2023-03-03 02:14:52,731 D 191 228] grpc_server.cc:146: Polled event from CQ, thead: 139657165694720::0, status: 1
[2023-03-03 02:14:53,288 D 191 241] accessor.cc:784: Adding profile data, component type = worker, node id = 615f17f87358c40153dade19e0c3e24b1d9d5af3d8e5313593100505
[2023-03-03 02:14:53,289 D 191 241] profiling.cc:87: Pushed 23 events to GCS.
[2023-03-03 02:14:53,290 D 191 241] accessor.cc:795: Finished adding profile data, status = OK, component type = worker, node id = 615f17f87358c40153dade19e0c3e24b1d9d5af3d8e5313593100505
[2023-03-03 02:14:53,964 D 191 228] grpc_server.cc:146: Polled event from CQ, thead: 139657165694720::0, status: 1
[2023-03-03 02:14:53,964 I 191 241] core_worker.cc:3099: Force kill actor request has received. exiting immediately...
[2023-03-03 02:14:53,964 I 191 241] core_worker.cc:599: Disconnecting to the raylet.
[2023-03-03 02:14:53,964 I 191 241] raylet_client.cc:166: RayletClient::Disconnect, exit_type=INTENDED_EXIT, has creation_task_exception_pb_bytes=0
[2023-03-03 02:14:53,964 W 191 241] raylet_client.cc:189: IOError: Broken pipe [RayletClient] Failed to disconnect from raylet. This means the raylet the worker is connected is probably already dead.
[2023-03-03 02:14:53,964 D 191 241] logging.cc:287: Uninstall signal handlers.
