[2023-03-03 02:34:06,703 I 191 191] core_worker_process.cc:120: Constructing CoreWorkerProcess. pid: 191
[2023-03-03 02:34:06,757 D 191 201] core_worker_process.cc:200: Getting system config from raylet, remaining retries = 100
[2023-03-03 02:34:06,758 D 191 191] ray_config.cc:70: RayConfig is initialized with: is_external_storage_type_fs=true,object_spilling_config="{\"type\": \"filesystem\", \"params\": {\"directory_path\": \"/host/tmp/ray/session_2023-03-03_02-33-52_135349_2\"}}",
[2023-03-03 02:34:06,797 D 191 191] core_worker.cc:88: Constructing CoreWorker, worker_id: 4e61dfb9559e29810f4c91b6c0cfd569a4dd81ac3d9e503864dc199a
[2023-03-03 02:34:06,797 I 191 191] core_worker.cc:119: Connecting to local Raylet.
[2023-03-03 02:34:06,797 I 191 191] raylet_client.cc:116: Creating RayletConnection.
[2023-03-03 02:34:06,798 I 191 191] client_connection.cc:47: ConnectSocketRetry begin /host/tmp/ray/session_2023-03-03_02-33-52_135349_2/sockets/raylet 0
[2023-03-03 02:34:06,804 I 191 191] client_connection.cc:51: ConnectSocketRetry end /host/tmp/ray/session_2023-03-03_02-33-52_135349_2/sockets/raylet 0. OK
[2023-03-03 02:34:06,804 I 191 191] raylet_client.cc:118: Created RayletConnection.
[2023-03-03 02:34:06,804 I 191 191] raylet_client.cc:138: Begin AtomicRequestReply RegisterClientRequest
[2023-03-03 02:34:06,804 I 191 191] raylet_client.cc:141: End AtomicRequestReply RegisterClientRequest. Status: OK
[2023-03-03 02:34:06,804 I 191 191] core_worker.cc:135: Connected to local Raylet.
[2023-03-03 02:34:06,804 I 191 191] core_worker.cc:164: Starting GRPC server.
[2023-03-03 02:34:06,805 I 191 191] grpc_server.cc:105: worker server started, listening on port 44535.
[2023-03-03 02:34:06,813 I 191 191] core_worker.cc:171: Started GRPC server.
[2023-03-03 02:34:06,813 I 191 191] core_worker.cc:179: Initializing worker at address: 172.17.0.2:44535, worker ID 4e61dfb9559e29810f4c91b6c0cfd569a4dd81ac3d9e503864dc199a, raylet d77ad3dd1d2251ae576d5898f689c07b4c62e938a32ccddc13be1703
[2023-03-03 02:34:06,843 I 191 239] gcs_server_address_updater.cc:32: GCS Server updater thread id: 140414707312384
[2023-03-03 02:34:06,915 D 191 191] gcs_client.cc:165: GcsClient connected.
[2023-03-03 02:34:06,915 I 191 191] core_worker.cc:205: GCS client created.
[2023-03-03 02:34:06,915 I 191 191] core_worker.cc:207: Registered to GCS.
[2023-03-03 02:34:06,915 D 191 191] subscriber.cc:348: Make a long polling request to 0ccc9ffc93a33ce18d85da6701941994315b4bc67c8b5937653da7f5
[2023-03-03 02:34:06,916 I 191 191] core_worker.cc:267: Creating CoreWorkerPlasmaStoreProvider
[2023-03-03 02:34:06,916 I 191 191] client.cc:762: Before ConnectSocketRetry
[2023-03-03 02:34:06,916 I 191 191] client_connection.cc:47: ConnectSocketRetry begin /host/tmp/ray/session_2023-03-03_02-33-52_135349_2/sockets/plasma_store 0
[2023-03-03 02:34:06,916 I 191 191] client_connection.cc:51: ConnectSocketRetry end /host/tmp/ray/session_2023-03-03_02-33-52_135349_2/sockets/plasma_store 0. OK
[2023-03-03 02:34:06,916 I 191 191] client.cc:764: After ConnectSocketRetry
[2023-03-03 02:34:06,916 I 191 191] client.cc:766: After new StoreConn
[2023-03-03 02:34:06,916 I 191 191] client.cc:769: After SendConnectRequest
[2023-03-03 02:34:06,917 I 191 191] client.cc:772: After PlasmaReceive
[2023-03-03 02:34:06,917 I 191 191] client.cc:774: After ReadConnectReply
[2023-03-03 02:34:06,917 D 191 191] client.cc:392: called plasma_create on conn 30 with size 8 and metadata size 0
[2023-03-03 02:34:06,917 I 191 191] protocol.cc:219: After CreatePlasmaCreateRequest, prepare to send
[2023-03-03 02:34:06,917 I 191 191] protocol.cc:221: After PlasmaSend, status: 1
[2023-03-03 02:34:06,917 I 191 191] client.cc:402: After SendCreateRequest
[2023-03-03 02:34:06,917 I 191 191] client.cc:311: Before PlasmaReceive
[2023-03-03 02:34:06,918 I 191 191] client.cc:313: After PlasmaReceive buffer size: 160
[2023-03-03 02:34:06,918 I 191 191] client.cc:327: After RreadCreateReply, retry count: 0
[2023-03-03 02:34:06,918 I 191 191] client.cc:355: After create PlasmaMutableBuffer
[2023-03-03 02:34:06,918 I 191 191] client.cc:404: After HandleCreateReply
[2023-03-03 02:34:06,919 I 191 191] core_worker.cc:277: Created CoreWorkerPlasmaStoreProvider
[2023-03-03 02:34:06,920 D 191 191] core_worker_process.cc:276: Worker 4e61dfb9559e29810f4c91b6c0cfd569a4dd81ac3d9e503864dc199a is created.
[2023-03-03 02:34:06,920 D 191 191] core_worker_process.cc:132: Stats setup in core worker.
[2023-03-03 02:34:06,920 D 191 191] stats.h:75: Initialized stats
[2023-03-03 02:34:06,920 I 191 191] io_service_pool.cc:35: IOServicePool is running with 1 io_service.
[2023-03-03 02:34:06,935 D 191 191] metrics_agent_client.h:41: Initiate the metrics client of address:127.0.0.1 port:45034
[2023-03-03 02:34:06,971 I 191 248] core_worker.cc:502: Event stats:


Global stats: 16 total (11 active)
Queueing time: mean = 17.040 ms, max = 55.824 ms, min = 51.963 ms, total = 272.640 ms
Execution time:  mean = 35.648 us, total = 570.372 us
Event stats:
	PeriodicalRunner.RunFnPeriodically - 7 total (2 active, 1 running), CPU time: mean = 81.482 us, total = 570.372 us
	UNKNOWN - 3 total (3 active), CPU time: mean = 0.000 s, total = 0.000 s
	CoreWorker.deadline_timer.flush_profiling_events - 1 total (1 active), CPU time: mean = 0.000 s, total = 0.000 s
	WorkerInfoGcsService.grpc_client.AddWorkerInfo - 1 total (1 active), CPU time: mean = 0.000 s, total = 0.000 s
	GcsClient.deadline_timer.check_gcs_connection - 1 total (1 active), CPU time: mean = 0.000 s, total = 0.000 s
	NodeManagerService.grpc_client.ReportWorkerBacklog - 1 total (1 active), CPU time: mean = 0.000 s, total = 0.000 s
	InternalPubSubGcsService.grpc_client.GcsSubscriberCommandBatch - 1 total (1 active), CPU time: mean = 0.000 s, total = 0.000 s
	InternalPubSubGcsService.grpc_client.GcsSubscriberPoll - 1 total (1 active), CPU time: mean = 0.000 s, total = 0.000 s


[2023-03-03 02:34:06,990 D 191 248] accessor.cc:487: Getting information of all nodes.
[2023-03-03 02:34:06,990 D 191 236] grpc_server.cc:146: Polled event from CQ, thead: 140414698915584::0, status: 1
[2023-03-03 02:34:06,991 I 191 248] accessor.cc:599: Received notification for node id = d77ad3dd1d2251ae576d5898f689c07b4c62e938a32ccddc13be1703, IsAlive = 1
[2023-03-03 02:34:06,991 D 191 248] accessor.cc:497: Finished getting information of all nodes, status = OK
[2023-03-03 02:34:07,019 D 191 191] core_worker.cc:2273: Executing task, task info = Type=ACTOR_CREATION_TASK, Language=PYTHON, Resources: {CPU_group_6b6121605cb142b1dab2323232e901000000: 1, }, function_descriptor={type=PythonFunctionDescriptor, module_name=ray.train.worker_group, class_name=BaseWorkerMixin, function_name=__init__, function_hash=4a35ed307ae04382ae7a8c244f8e5f32}, task_id=ffffffffffffffffcf0f9098bcd8ed7c5baa119101000000, task_name=BaseWorkerMixin.__init__(), job_id=01000000, num_args=0, num_returns=1, depth=1, actor_creation_task_spec={actor_id=cf0f9098bcd8ed7c5baa119101000000, max_restarts=0, max_concurrency=1, is_asyncio_actor=0, is_detached=0}
[2023-03-03 02:34:07,019 D 191 191] reference_count.cc:242: Add local reference ffffffffffffffffcf0f9098bcd8ed7c5baa11910100000001000000
[2023-03-03 02:34:07,019 D 191 191] reference_count.cc:243: REF ffffffffffffffffcf0f9098bcd8ed7c5baa11910100000001000000 borrowers: 0 local_ref_count: 1 submitted_count: 0 contained_in_owned: 0 contained_in_borrowed: 0 contains: 0 stored_in: 0 lineage_ref_count: 0
[2023-03-03 02:34:07,019 I 191 191] direct_actor_task_submitter.cc:33: Set max pending calls to -1 for actor cf0f9098bcd8ed7c5baa119101000000
[2023-03-03 02:34:07,020 D 191 191] direct_actor_task_submitter.cc:169: Connecting to actor cf0f9098bcd8ed7c5baa119101000000 at worker 4e61dfb9559e29810f4c91b6c0cfd569a4dd81ac3d9e503864dc199a
[2023-03-03 02:34:07,020 D 191 191] core_worker_client_pool.cc:42: Connected to 172.17.0.2:44535
[2023-03-03 02:34:07,020 D 191 191] sequential_actor_submit_queue.cc:86: Resetting caller starts at for actor cf0f9098bcd8ed7c5baa119101000000 from 0 to 0
[2023-03-03 02:34:07,020 I 191 191] direct_actor_task_submitter.cc:217: Connecting to actor cf0f9098bcd8ed7c5baa119101000000 at worker 4e61dfb9559e29810f4c91b6c0cfd569a4dd81ac3d9e503864dc199a
[2023-03-03 02:34:07,020 D 191 191] reference_count.cc:106: Adding borrowed object ffffffffffffffffcf0f9098bcd8ed7c5baa11910100000001000000
[2023-03-03 02:34:07,020 I 191 191] core_worker.cc:2330: Creating actor: cf0f9098bcd8ed7c5baa119101000000
[2023-03-03 02:34:07,735 D 191 191] core_worker.cc:2407: Finished executing task ffffffffffffffffcf0f9098bcd8ed7c5baa119101000000, status=OK
[2023-03-03 02:34:07,735 I 191 191] direct_actor_transport.cc:144: Actor creation task finished, task_id: ffffffffffffffffcf0f9098bcd8ed7c5baa119101000000, actor_id: cf0f9098bcd8ed7c5baa119101000000
[2023-03-03 02:34:07,735 D 191 236] grpc_server.cc:146: Polled event from CQ, thead: 140414698915584::0, status: 1
[2023-03-03 02:34:07,740 D 191 236] grpc_server.cc:146: Polled event from CQ, thead: 140414698915584::0, status: 1
[2023-03-03 02:34:07,741 D 191 191] actor_scheduling_queue.cc:89: Enqueue 0 cur seqno 0
[2023-03-03 02:34:07,741 D 191 191] core_worker.cc:2273: Executing task, task info = Type=ACTOR_TASK, Language=PYTHON, Resources: {}, function_descriptor={type=PythonFunctionDescriptor, module_name=ray.train.worker_group, class_name=BaseWorkerMixin, function_name=_BaseWorkerMixin__execute, function_hash=}, task_id=ab162904ed9db139cf0f9098bcd8ed7c5baa119101000000, task_name=BaseWorkerMixin._BaseWorkerMixin__execute(), job_id=01000000, num_args=2, num_returns=2, depth=0, actor_task_spec={actor_id=cf0f9098bcd8ed7c5baa119101000000, actor_caller_id=ffffffffffffffff0600ca0e1c7279f23e8676c901000000, actor_counter=0}
[2023-03-03 02:34:07,742 D 191 191] core_worker.cc:2232: Creating return object ab162904ed9db139cf0f9098bcd8ed7c5baa11910100000001000000
[2023-03-03 02:34:07,742 D 191 191] core_worker.cc:2424: Sealing return object ab162904ed9db139cf0f9098bcd8ed7c5baa11910100000001000000
[2023-03-03 02:34:07,742 D 191 191] core_worker.cc:2407: Finished executing task ab162904ed9db139cf0f9098bcd8ed7c5baa119101000000, status=OK
[2023-03-03 02:34:07,742 D 191 236] grpc_server.cc:146: Polled event from CQ, thead: 140414698915584::0, status: 1
[2023-03-03 02:34:07,751 D 191 236] grpc_server.cc:146: Polled event from CQ, thead: 140414698915584::0, status: 1
[2023-03-03 02:34:07,751 D 191 191] actor_scheduling_queue.cc:89: Enqueue 1 cur seqno 1
[2023-03-03 02:34:07,752 D 191 191] core_worker.cc:2273: Executing task, task info = Type=ACTOR_TASK, Language=PYTHON, Resources: {}, function_descriptor={type=PythonFunctionDescriptor, module_name=ray.train.worker_group, class_name=BaseWorkerMixin, function_name=_BaseWorkerMixin__execute, function_hash=}, task_id=1a3f9f9963401fa9cf0f9098bcd8ed7c5baa119101000000, task_name=BaseWorkerMixin._BaseWorkerMixin__execute(), job_id=01000000, num_args=6, num_returns=2, depth=0, actor_task_spec={actor_id=cf0f9098bcd8ed7c5baa119101000000, actor_caller_id=ffffffffffffffff0600ca0e1c7279f23e8676c901000000, actor_counter=1}
[2023-03-03 02:34:07,752 D 191 191] core_worker.cc:2232: Creating return object 1a3f9f9963401fa9cf0f9098bcd8ed7c5baa11910100000001000000
[2023-03-03 02:34:07,752 D 191 191] core_worker.cc:2424: Sealing return object 1a3f9f9963401fa9cf0f9098bcd8ed7c5baa11910100000001000000
[2023-03-03 02:34:07,752 D 191 191] core_worker.cc:2407: Finished executing task 1a3f9f9963401fa9cf0f9098bcd8ed7c5baa119101000000, status=OK
[2023-03-03 02:34:07,752 D 191 236] grpc_server.cc:146: Polled event from CQ, thead: 140414698915584::0, status: 1
[2023-03-03 02:34:07,756 D 191 236] grpc_server.cc:146: Polled event from CQ, thead: 140414698915584::0, status: 1
[2023-03-03 02:34:07,756 D 191 191] actor_scheduling_queue.cc:89: Enqueue 2 cur seqno 2
[2023-03-03 02:34:07,756 D 191 191] core_worker.cc:2273: Executing task, task info = Type=ACTOR_TASK, Language=PYTHON, Resources: {}, function_descriptor={type=PythonFunctionDescriptor, module_name=ray.train.worker_group, class_name=BaseWorkerMixin, function_name=_BaseWorkerMixin__execute, function_hash=}, task_id=94e958d365884657cf0f9098bcd8ed7c5baa119101000000, task_name=BaseWorkerMixin._BaseWorkerMixin__execute(), job_id=01000000, num_args=12, num_returns=2, depth=0, actor_task_spec={actor_id=cf0f9098bcd8ed7c5baa119101000000, actor_caller_id=ffffffffffffffff0600ca0e1c7279f23e8676c901000000, actor_counter=2}
[2023-03-03 02:34:07,971 D 191 248] accessor.cc:784: Adding profile data, component type = worker, node id = 4e61dfb9559e29810f4c91b6c0cfd569a4dd81ac3d9e503864dc199a
[2023-03-03 02:34:09,362 D 191 248] profiling.cc:87: Pushed 12 events to GCS.
[2023-03-03 02:34:09,366 D 191 248] accessor.cc:795: Finished adding profile data, status = OK, component type = worker, node id = 4e61dfb9559e29810f4c91b6c0cfd569a4dd81ac3d9e503864dc199a
[2023-03-03 02:34:13,362 D 191 248] accessor.cc:784: Adding profile data, component type = worker, node id = 4e61dfb9559e29810f4c91b6c0cfd569a4dd81ac3d9e503864dc199a
[2023-03-03 02:34:13,363 D 191 248] profiling.cc:87: Pushed 1 events to GCS.
[2023-03-03 02:34:13,363 D 191 248] accessor.cc:795: Finished adding profile data, status = OK, component type = worker, node id = 4e61dfb9559e29810f4c91b6c0cfd569a4dd81ac3d9e503864dc199a
[2023-03-03 02:34:13,999 D 191 191] core_worker.cc:2232: Creating return object 94e958d365884657cf0f9098bcd8ed7c5baa11910100000001000000
[2023-03-03 02:34:13,999 D 191 191] core_worker.cc:2424: Sealing return object 94e958d365884657cf0f9098bcd8ed7c5baa11910100000001000000
[2023-03-03 02:34:13,999 D 191 191] core_worker.cc:2407: Finished executing task 94e958d365884657cf0f9098bcd8ed7c5baa119101000000, status=OK
[2023-03-03 02:34:13,999 D 191 236] grpc_server.cc:146: Polled event from CQ, thead: 140414698915584::0, status: 1
[2023-03-03 02:34:14,201 D 191 236] grpc_server.cc:146: Polled event from CQ, thead: 140414698915584::0, status: 1
[2023-03-03 02:34:14,201 D 191 191] actor_scheduling_queue.cc:89: Enqueue 3 cur seqno 3
[2023-03-03 02:34:14,201 D 191 191] core_worker.cc:2273: Executing task, task info = Type=ACTOR_TASK, Language=PYTHON, Resources: {}, function_descriptor={type=PythonFunctionDescriptor, module_name=ray.train.worker_group, class_name=BaseWorkerMixin, function_name=_BaseWorkerMixin__execute, function_hash=}, task_id=45242909799059d1cf0f9098bcd8ed7c5baa119101000000, task_name=BaseWorkerMixin._BaseWorkerMixin__execute(), job_id=01000000, num_args=16, num_returns=2, depth=0, actor_task_spec={actor_id=cf0f9098bcd8ed7c5baa119101000000, actor_caller_id=ffffffffffffffff0600ca0e1c7279f23e8676c901000000, actor_counter=3}
[2023-03-03 02:34:14,363 D 191 248] accessor.cc:784: Adding profile data, component type = worker, node id = 4e61dfb9559e29810f4c91b6c0cfd569a4dd81ac3d9e503864dc199a
[2023-03-03 02:34:14,363 D 191 248] profiling.cc:87: Pushed 3 events to GCS.
[2023-03-03 02:34:14,364 D 191 248] accessor.cc:795: Finished adding profile data, status = OK, component type = worker, node id = 4e61dfb9559e29810f4c91b6c0cfd569a4dd81ac3d9e503864dc199a
[2023-03-03 02:34:14,467 D 191 191] core_worker.cc:2232: Creating return object 45242909799059d1cf0f9098bcd8ed7c5baa11910100000001000000
[2023-03-03 02:34:14,467 D 191 191] core_worker.cc:2424: Sealing return object 45242909799059d1cf0f9098bcd8ed7c5baa11910100000001000000
[2023-03-03 02:34:14,467 D 191 191] core_worker.cc:2407: Finished executing task 45242909799059d1cf0f9098bcd8ed7c5baa119101000000, status=OK
[2023-03-03 02:34:14,467 D 191 236] grpc_server.cc:146: Polled event from CQ, thead: 140414698915584::0, status: 1
[2023-03-03 02:34:14,472 D 191 236] grpc_server.cc:146: Polled event from CQ, thead: 140414698915584::0, status: 1
[2023-03-03 02:34:14,472 D 191 191] actor_scheduling_queue.cc:89: Enqueue 4 cur seqno 4
[2023-03-03 02:34:14,472 D 191 191] core_worker.cc:2273: Executing task, task info = Type=ACTOR_TASK, Language=PYTHON, Resources: {}, function_descriptor={type=PythonFunctionDescriptor, module_name=ray.train.worker_group, class_name=BaseWorkerMixin, function_name=_BaseWorkerMixin__execute, function_hash=}, task_id=15a59945d869ed55cf0f9098bcd8ed7c5baa119101000000, task_name=BaseWorkerMixin._BaseWorkerMixin__execute(), job_id=01000000, num_args=2, num_returns=2, depth=0, actor_task_spec={actor_id=cf0f9098bcd8ed7c5baa119101000000, actor_caller_id=ffffffffffffffff0600ca0e1c7279f23e8676c901000000, actor_counter=4}
[2023-03-03 02:34:14,480 D 191 191] core_worker.cc:2232: Creating return object 15a59945d869ed55cf0f9098bcd8ed7c5baa11910100000001000000
[2023-03-03 02:34:14,480 D 191 191] core_worker.cc:2424: Sealing return object 15a59945d869ed55cf0f9098bcd8ed7c5baa11910100000001000000
[2023-03-03 02:34:14,480 D 191 236] grpc_server.cc:146: Polled event from CQ, thead: 140414698915584::0, status: 1
[2023-03-03 02:34:14,480 D 191 191] core_worker.cc:2407: Finished executing task 15a59945d869ed55cf0f9098bcd8ed7c5baa119101000000, status=OK
[2023-03-03 02:34:14,480 D 191 236] grpc_server.cc:146: Polled event from CQ, thead: 140414698915584::0, status: 1
[2023-03-03 02:34:14,480 D 191 191] actor_scheduling_queue.cc:89: Enqueue 5 cur seqno 5
[2023-03-03 02:34:14,480 D 191 191] core_worker.cc:2273: Executing task, task info = Type=ACTOR_TASK, Language=PYTHON, Resources: {}, function_descriptor={type=PythonFunctionDescriptor, module_name=ray.train.worker_group, class_name=BaseWorkerMixin, function_name=_BaseWorkerMixin__execute, function_hash=}, task_id=0430eab40e84e195cf0f9098bcd8ed7c5baa119101000000, task_name=BaseWorkerMixin._BaseWorkerMixin__execute(), job_id=01000000, num_args=2, num_returns=2, depth=0, actor_task_spec={actor_id=cf0f9098bcd8ed7c5baa119101000000, actor_caller_id=ffffffffffffffff0600ca0e1c7279f23e8676c901000000, actor_counter=5}
[2023-03-03 02:34:14,481 D 191 191] core_worker.cc:2232: Creating return object 0430eab40e84e195cf0f9098bcd8ed7c5baa11910100000001000000
[2023-03-03 02:34:14,481 D 191 191] core_worker.cc:2424: Sealing return object 0430eab40e84e195cf0f9098bcd8ed7c5baa11910100000001000000
[2023-03-03 02:34:14,481 D 191 191] core_worker.cc:2407: Finished executing task 0430eab40e84e195cf0f9098bcd8ed7c5baa119101000000, status=OK
[2023-03-03 02:34:14,481 D 191 236] grpc_server.cc:146: Polled event from CQ, thead: 140414698915584::0, status: 1
[2023-03-03 02:34:14,491 D 191 236] grpc_server.cc:146: Polled event from CQ, thead: 140414698915584::0, status: 1
[2023-03-03 02:34:14,491 D 191 191] actor_scheduling_queue.cc:89: Enqueue 6 cur seqno 6
[2023-03-03 02:34:14,491 D 191 191] core_worker.cc:2273: Executing task, task info = Type=ACTOR_TASK, Language=PYTHON, Resources: {}, function_descriptor={type=PythonFunctionDescriptor, module_name=ray.train.worker_group, class_name=BaseWorkerMixin, function_name=_BaseWorkerMixin__execute, function_hash=}, task_id=80585c29856edd98cf0f9098bcd8ed7c5baa119101000000, task_name=BaseWorkerMixin._BaseWorkerMixin__execute(), job_id=01000000, num_args=2, num_returns=2, depth=0, actor_task_spec={actor_id=cf0f9098bcd8ed7c5baa119101000000, actor_caller_id=ffffffffffffffff0600ca0e1c7279f23e8676c901000000, actor_counter=6}
[2023-03-03 02:34:14,491 D 191 191] core_worker.cc:2232: Creating return object 80585c29856edd98cf0f9098bcd8ed7c5baa11910100000001000000
[2023-03-03 02:34:14,491 D 191 191] core_worker.cc:2424: Sealing return object 80585c29856edd98cf0f9098bcd8ed7c5baa11910100000001000000
[2023-03-03 02:34:14,491 D 191 191] core_worker.cc:2407: Finished executing task 80585c29856edd98cf0f9098bcd8ed7c5baa119101000000, status=OK
[2023-03-03 02:34:14,492 D 191 236] grpc_server.cc:146: Polled event from CQ, thead: 140414698915584::0, status: 1
[2023-03-03 02:34:14,499 D 191 236] grpc_server.cc:146: Polled event from CQ, thead: 140414698915584::0, status: 1
[2023-03-03 02:34:14,499 D 191 191] actor_scheduling_queue.cc:89: Enqueue 7 cur seqno 7
[2023-03-03 02:34:14,499 D 191 191] core_worker.cc:2273: Executing task, task info = Type=ACTOR_TASK, Language=PYTHON, Resources: {}, function_descriptor={type=PythonFunctionDescriptor, module_name=ray.train.worker_group, class_name=BaseWorkerMixin, function_name=_BaseWorkerMixin__execute, function_hash=}, task_id=7675a7eeb461955fcf0f9098bcd8ed7c5baa119101000000, task_name=BaseWorkerMixin._BaseWorkerMixin__execute(), job_id=01000000, num_args=2, num_returns=2, depth=0, actor_task_spec={actor_id=cf0f9098bcd8ed7c5baa119101000000, actor_caller_id=ffffffffffffffff0600ca0e1c7279f23e8676c901000000, actor_counter=7}
[2023-03-03 02:34:14,500 D 191 191] core_worker.cc:2232: Creating return object 7675a7eeb461955fcf0f9098bcd8ed7c5baa11910100000001000000
[2023-03-03 02:34:14,500 D 191 191] core_worker.cc:2424: Sealing return object 7675a7eeb461955fcf0f9098bcd8ed7c5baa11910100000001000000
[2023-03-03 02:34:14,500 D 191 191] core_worker.cc:2407: Finished executing task 7675a7eeb461955fcf0f9098bcd8ed7c5baa119101000000, status=OK
[2023-03-03 02:34:14,500 D 191 236] grpc_server.cc:146: Polled event from CQ, thead: 140414698915584::0, status: 1
[2023-03-03 02:34:14,507 D 191 236] grpc_server.cc:146: Polled event from CQ, thead: 140414698915584::0, status: 1
[2023-03-03 02:34:14,508 D 191 191] actor_scheduling_queue.cc:89: Enqueue 8 cur seqno 8
[2023-03-03 02:34:14,508 D 191 191] core_worker.cc:2273: Executing task, task info = Type=ACTOR_TASK, Language=PYTHON, Resources: {}, function_descriptor={type=PythonFunctionDescriptor, module_name=ray.train.worker_group, class_name=BaseWorkerMixin, function_name=_BaseWorkerMixin__execute, function_hash=}, task_id=30a4796b51b6b986cf0f9098bcd8ed7c5baa119101000000, task_name=BaseWorkerMixin._BaseWorkerMixin__execute(), job_id=01000000, num_args=2, num_returns=2, depth=0, actor_task_spec={actor_id=cf0f9098bcd8ed7c5baa119101000000, actor_caller_id=ffffffffffffffff0600ca0e1c7279f23e8676c901000000, actor_counter=8}
[2023-03-03 02:34:14,510 D 191 191] core_worker.cc:2232: Creating return object 30a4796b51b6b986cf0f9098bcd8ed7c5baa11910100000001000000
[2023-03-03 02:34:14,510 D 191 191] core_worker.cc:2424: Sealing return object 30a4796b51b6b986cf0f9098bcd8ed7c5baa11910100000001000000
[2023-03-03 02:34:14,510 D 191 191] core_worker.cc:2407: Finished executing task 30a4796b51b6b986cf0f9098bcd8ed7c5baa119101000000, status=OK
[2023-03-03 02:34:14,510 D 191 236] grpc_server.cc:146: Polled event from CQ, thead: 140414698915584::0, status: 1
[2023-03-03 02:34:15,363 D 191 248] accessor.cc:784: Adding profile data, component type = worker, node id = 4e61dfb9559e29810f4c91b6c0cfd569a4dd81ac3d9e503864dc199a
[2023-03-03 02:34:15,364 D 191 248] profiling.cc:87: Pushed 23 events to GCS.
[2023-03-03 02:34:15,365 D 191 248] accessor.cc:795: Finished adding profile data, status = OK, component type = worker, node id = 4e61dfb9559e29810f4c91b6c0cfd569a4dd81ac3d9e503864dc199a
[2023-03-03 02:34:15,524 D 191 236] grpc_server.cc:146: Polled event from CQ, thead: 140414698915584::0, status: 1
[2023-03-03 02:34:15,530 I 191 248] core_worker.cc:3099: Force kill actor request has received. exiting immediately...
[2023-03-03 02:34:15,530 I 191 248] core_worker.cc:599: Disconnecting to the raylet.
[2023-03-03 02:34:15,530 I 191 248] raylet_client.cc:166: RayletClient::Disconnect, exit_type=INTENDED_EXIT, has creation_task_exception_pb_bytes=0
[2023-03-03 02:34:15,530 W 191 248] raylet_client.cc:189: IOError: Broken pipe [RayletClient] Failed to disconnect from raylet. This means the raylet the worker is connected is probably already dead.
[2023-03-03 02:34:15,530 D 191 248] logging.cc:287: Uninstall signal handlers.
