:actor_name:BackendExecutor
2023-03-03 02:34:03,011	INFO backend.py:145 -- Start to create PG.
2023-03-03 02:34:03,011	INFO backend.py:207 -- Prepare to get current PG.
2023-03-03 02:34:03,011	INFO backend.py:209 -- Current PG: None
2023-03-03 02:34:03,011	INFO placement_group.py:187 -- calling worker.core_worker.create_placement_group, name: , bundles: [{'CPU': 1, 'GPU': 0}, {'CPU': 1, 'GPU': 0}, {'CPU': 1, 'GPU': 0}], strategy: PACK, detached: False.
2023-03-03 02:34:03,012	INFO placement_group.py:191 -- created pg id: PlacementGroupID(6b6121605cb142b1dab2323232e901000000), init PG class.
2023-03-03 02:34:03,013	INFO placement_group.py:193 -- created pg class, return.
2023-03-03 02:34:03,122	INFO placement_group.py:75 -- sending bundle_reservation_check.options remote task.
2023-03-03 02:34:03,125	INFO backend.py:236 -- pg_ready, wait
2023-03-03 02:34:03,125	INFO worker.py:1963 -- ray.wait
2023-03-03 02:34:04,751	INFO worker.py:2029 -- wait returned, ready_ids: [ObjectRef(ef0cdeead6bc0209ffffffffffffffffffffffff0100000001000000)], remaining_ids: []
2023-03-03 02:34:04,752	INFO backend.py:149 -- Created PG: <ray.util.placement_group.PlacementGroup object at 0x7fb34d1d61f0>
2023-03-03 02:34:04,752	INFO backend.py:150 -- Start to create `WorkerGroup`, num_workers: 3, num_cpus_per_worker: 1, pg: <ray.util.placement_group.PlacementGroup object at 0x7fb34d1d61f0>, 
2023-03-03 02:34:04,752	INFO worker_group.py:158 -- Init WorkerGroup with config: num_workers: 3, num_cpus_per_worker: 1, additional_resources_per_worker: None, actor_cls: None
2023-03-03 02:34:04,752	INFO worker_group.py:170 -- Created executable class: <class 'ray.train.worker_group.BaseWorkerMixin'>
2023-03-03 02:34:04,753	INFO worker_group.py:185 -- Resources are enough, result: <ray.train.worker_group.ActorClass(BaseWorkerMixin) object at 0x7fb34d1d6430>
2023-03-03 02:34:07,746	INFO backend.py:166 -- WorkerGroup: <ray.train.worker_group.WorkerGroup object at 0x7fb34d1e3c40>
2023-03-03 02:34:07,746	INFO backend.py:182 -- _backend: <ray.train.torch.TorchBackend object at 0x7fb34d1d6550> calling `on_start`.
2023-03-03 02:34:14,002	INFO backend.py:184 -- Done calling <ray.train.torch.TorchBackend object at 0x7fb34d1d6550>'s `on_start`
2023-03-03 02:34:14,200	INFO worker.py:1963 -- ray.wait
2023-03-03 02:34:14,463	INFO worker.py:2029 -- wait returned, ready_ids: [ObjectRef(6d8e0541ad88ed412e26daf85edb1cd2b6d8f8340100000001000000)], remaining_ids: [ObjectRef(9c99814c74152b3576dae783429dfae1d0fc92ac0100000001000000), ObjectRef(45242909799059d1cf0f9098bcd8ed7c5baa11910100000001000000)]
2023-03-03 02:34:14,464	INFO worker.py:1963 -- ray.wait
2023-03-03 02:34:14,468	INFO worker.py:2029 -- wait returned, ready_ids: [ObjectRef(45242909799059d1cf0f9098bcd8ed7c5baa11910100000001000000)], remaining_ids: [ObjectRef(9c99814c74152b3576dae783429dfae1d0fc92ac0100000001000000)]
2023-03-03 02:34:14,468	INFO worker.py:1963 -- ray.wait
2023-03-03 02:34:14,469	INFO worker.py:2029 -- wait returned, ready_ids: [ObjectRef(9c99814c74152b3576dae783429dfae1d0fc92ac0100000001000000)], remaining_ids: []
2023-03-03 02:34:14,479	INFO worker.py:1963 -- ray.wait
2023-03-03 02:34:14,482	INFO worker.py:2029 -- wait returned, ready_ids: [ObjectRef(0593df89d2cd65322e26daf85edb1cd2b6d8f8340100000001000000)], remaining_ids: [ObjectRef(d7f5107d49f0624576dae783429dfae1d0fc92ac0100000001000000), ObjectRef(0430eab40e84e195cf0f9098bcd8ed7c5baa11910100000001000000)]
2023-03-03 02:34:14,483	INFO worker.py:1963 -- ray.wait
2023-03-03 02:34:14,483	INFO worker.py:2029 -- wait returned, ready_ids: [ObjectRef(d7f5107d49f0624576dae783429dfae1d0fc92ac0100000001000000)], remaining_ids: [ObjectRef(0430eab40e84e195cf0f9098bcd8ed7c5baa11910100000001000000)]
2023-03-03 02:34:14,484	INFO worker.py:1963 -- ray.wait
2023-03-03 02:34:14,484	INFO worker.py:2029 -- wait returned, ready_ids: [ObjectRef(0430eab40e84e195cf0f9098bcd8ed7c5baa11910100000001000000)], remaining_ids: []
2023-03-03 02:34:14,490	INFO worker.py:1963 -- ray.wait
2023-03-03 02:34:14,491	INFO worker.py:2029 -- wait returned, ready_ids: [ObjectRef(2b3741ccb3ee34442e26daf85edb1cd2b6d8f8340100000001000000)], remaining_ids: [ObjectRef(f942250962e6c0f776dae783429dfae1d0fc92ac0100000001000000), ObjectRef(80585c29856edd98cf0f9098bcd8ed7c5baa11910100000001000000)]
2023-03-03 02:34:14,492	INFO worker.py:1963 -- ray.wait
2023-03-03 02:34:14,492	INFO worker.py:2029 -- wait returned, ready_ids: [ObjectRef(f942250962e6c0f776dae783429dfae1d0fc92ac0100000001000000)], remaining_ids: [ObjectRef(80585c29856edd98cf0f9098bcd8ed7c5baa11910100000001000000)]
2023-03-03 02:34:14,493	INFO worker.py:1963 -- ray.wait
2023-03-03 02:34:14,493	INFO worker.py:2029 -- wait returned, ready_ids: [ObjectRef(80585c29856edd98cf0f9098bcd8ed7c5baa11910100000001000000)], remaining_ids: []
2023-03-03 02:34:14,499	INFO worker.py:1963 -- ray.wait
2023-03-03 02:34:14,499	INFO worker.py:2029 -- wait returned, ready_ids: [ObjectRef(b8112568132fa5bf2e26daf85edb1cd2b6d8f8340100000001000000)], remaining_ids: [ObjectRef(cbae9978d7df95b976dae783429dfae1d0fc92ac0100000001000000), ObjectRef(7675a7eeb461955fcf0f9098bcd8ed7c5baa11910100000001000000)]
2023-03-03 02:34:14,500	INFO worker.py:1963 -- ray.wait
2023-03-03 02:34:14,500	INFO worker.py:2029 -- wait returned, ready_ids: [ObjectRef(cbae9978d7df95b976dae783429dfae1d0fc92ac0100000001000000)], remaining_ids: [ObjectRef(7675a7eeb461955fcf0f9098bcd8ed7c5baa11910100000001000000)]
2023-03-03 02:34:14,501	INFO worker.py:1963 -- ray.wait
2023-03-03 02:34:14,501	INFO worker.py:2029 -- wait returned, ready_ids: [ObjectRef(7675a7eeb461955fcf0f9098bcd8ed7c5baa11910100000001000000)], remaining_ids: []
2023-03-03 02:34:14,507	INFO worker.py:1963 -- ray.wait
2023-03-03 02:34:14,510	INFO worker.py:2029 -- wait returned, ready_ids: [ObjectRef(a8a07d082de708fe2e26daf85edb1cd2b6d8f8340100000001000000)], remaining_ids: [ObjectRef(cb7637d4f0dbb7e476dae783429dfae1d0fc92ac0100000001000000), ObjectRef(30a4796b51b6b986cf0f9098bcd8ed7c5baa11910100000001000000)]
2023-03-03 02:34:14,514	ERROR worker.py:94 -- Unhandled error (suppress with 'RAY_IGNORE_UNHANDLED_ERRORS=1'): [36mray::BaseWorkerMixin._BaseWorkerMixin__execute()[39m (pid=191, ip=172.17.0.2, repr=<ray.train.worker_group.BaseWorkerMixin object at 0x7fb52737ef70>)
  File "/lib/python3.8/site-packages/ray/train/worker_group.py", line 26, in __execute
    return func(*args, **kwargs)
  File "/lib/python3.8/site-packages/ray/train/backend.py", line 506, in end_training
    output = session.finish()
  File "/lib/python3.8/site-packages/ray/train/session.py", line 118, in finish
    func_output = self.training_thread.join()
  File "/lib/python3.8/site-packages/ray/train/utils.py", line 96, in join
    raise self.exc
  File "/lib/python3.8/site-packages/ray/train/utils.py", line 89, in run
    self.ret = self._target(*self._args, **self._kwargs)
  File "/lib/python3.8/site-packages/ray/train/utils.py", line 138, in <lambda>
    return lambda: train_func(config)
  File "/root/pytorch_ray.py", line 108, in train_func
    train_loader = _prepare_train_data()
  File "/root/pytorch_ray.py", line 66, in _prepare_train_data
    train_data = datasets.MNIST(root = "/root/data/", # data path in Occlum, instead of the host
  File "/lib/python3.8/site-packages/torchvision/datasets/mnist.py", line 102, in __init__
    raise RuntimeError("Dataset not found. You can use download=True to download it")
RuntimeError: Dataset not found. You can use download=True to download it
2023-03-03 02:34:14,514	ERROR worker.py:94 -- Unhandled error (suppress with 'RAY_IGNORE_UNHANDLED_ERRORS=1'): [36mray::BaseWorkerMixin._BaseWorkerMixin__execute()[39m (pid=190, ip=172.17.0.2, repr=<ray.train.worker_group.BaseWorkerMixin object at 0x7fb53d1a7f70>)
  File "/lib/python3.8/site-packages/ray/train/worker_group.py", line 26, in __execute
    return func(*args, **kwargs)
  File "/lib/python3.8/site-packages/ray/train/backend.py", line 506, in end_training
    output = session.finish()
  File "/lib/python3.8/site-packages/ray/train/session.py", line 118, in finish
    func_output = self.training_thread.join()
  File "/lib/python3.8/site-packages/ray/train/utils.py", line 96, in join
    raise self.exc
  File "/lib/python3.8/site-packages/ray/train/utils.py", line 89, in run
    self.ret = self._target(*self._args, **self._kwargs)
  File "/lib/python3.8/site-packages/ray/train/utils.py", line 138, in <lambda>
    return lambda: train_func(config)
  File "/root/pytorch_ray.py", line 108, in train_func
    train_loader = _prepare_train_data()
  File "/root/pytorch_ray.py", line 66, in _prepare_train_data
    train_data = datasets.MNIST(root = "/root/data/", # data path in Occlum, instead of the host
  File "/lib/python3.8/site-packages/torchvision/datasets/mnist.py", line 102, in __init__
    raise RuntimeError("Dataset not found. You can use download=True to download it")
RuntimeError: Dataset not found. You can use download=True to download it
