[2023-03-01 08:53:27,130 I 587 587] core_worker_process.cc:120: Constructing CoreWorkerProcess. pid: 587
[2023-03-01 08:53:27,154 D 587 591] core_worker_process.cc:200: Getting system config from raylet, remaining retries = 100
[2023-03-01 08:53:27,155 D 587 587] ray_config.cc:70: RayConfig is initialized with: is_external_storage_type_fs=true,object_spilling_config="{\"type\": \"filesystem\", \"params\": {\"directory_path\": \"/host/tmp/ray/session_2023-03-01_08-52-59_143236_2\"}}",
[2023-03-01 08:53:27,155 D 587 587] core_worker.cc:88: Constructing CoreWorker, worker_id: 5ef8c80c34113052a59b4cfcfd44e5dc926764032922889a8dc061be
[2023-03-01 08:53:27,156 I 587 587] core_worker.cc:119: Connecting to local Raylet.
[2023-03-01 08:53:27,156 I 587 587] raylet_client.cc:116: Creating RayletConnection.
[2023-03-01 08:53:27,156 I 587 587] client_connection.cc:47: ConnectSocketRetry begin /host/tmp/ray/session_2023-03-01_08-52-59_143236_2/sockets/raylet 0
[2023-03-01 08:53:27,156 I 587 587] client_connection.cc:51: ConnectSocketRetry end /host/tmp/ray/session_2023-03-01_08-52-59_143236_2/sockets/raylet 0. OK
[2023-03-01 08:53:27,156 I 587 587] raylet_client.cc:118: Created RayletConnection.
[2023-03-01 08:53:27,156 I 587 587] raylet_client.cc:138: Begin AtomicRequestReply RegisterClientRequest
[2023-03-01 08:53:27,157 I 587 587] raylet_client.cc:141: End AtomicRequestReply RegisterClientRequest. Status: OK
[2023-03-01 08:53:27,157 I 587 587] core_worker.cc:135: Connected to local Raylet.
[2023-03-01 08:53:27,157 I 587 587] core_worker.cc:164: Starting GRPC server.
[2023-03-01 08:53:27,157 I 587 587] grpc_server.cc:105: worker server started, listening on port 37533.
[2023-03-01 08:53:27,159 I 587 587] core_worker.cc:171: Started GRPC server.
[2023-03-01 08:53:27,159 I 587 587] core_worker.cc:179: Initializing worker at address: 172.17.0.2:37533, worker ID 5ef8c80c34113052a59b4cfcfd44e5dc926764032922889a8dc061be, raylet 4a4945bff6276379d414ec4e6f5d96857dd1944a4bb5611fcbea55f6
[2023-03-01 08:53:27,166 I 587 602] gcs_server_address_updater.cc:32: GCS Server updater thread id: 140065099486976
[2023-03-01 08:53:27,261 D 587 587] gcs_client.cc:165: GcsClient connected.
[2023-03-01 08:53:27,261 I 587 587] core_worker.cc:205: GCS client created.
[2023-03-01 08:53:27,261 I 587 587] core_worker.cc:207: Registered to GCS.
[2023-03-01 08:53:27,261 D 587 587] subscriber.cc:348: Make a long polling request to 5a73babc606fbb63878b09c13f86f45eb817b816388d4a0550819e87
[2023-03-01 08:53:27,262 I 587 587] core_worker.cc:267: Creating CoreWorkerPlasmaStoreProvider
[2023-03-01 08:53:27,262 I 587 587] client.cc:762: Before ConnectSocketRetry
[2023-03-01 08:53:27,262 I 587 587] client_connection.cc:47: ConnectSocketRetry begin /host/tmp/ray/session_2023-03-01_08-52-59_143236_2/sockets/plasma_store 0
[2023-03-01 08:53:27,262 I 587 587] client_connection.cc:51: ConnectSocketRetry end /host/tmp/ray/session_2023-03-01_08-52-59_143236_2/sockets/plasma_store 0. OK
[2023-03-01 08:53:27,262 I 587 587] client.cc:764: After ConnectSocketRetry
[2023-03-01 08:53:27,262 I 587 587] client.cc:766: After new StoreConn
[2023-03-01 08:53:27,262 I 587 587] client.cc:769: After SendConnectRequest
[2023-03-01 08:53:27,263 I 587 587] client.cc:772: After PlasmaReceive
[2023-03-01 08:53:27,263 I 587 587] client.cc:774: After ReadConnectReply
[2023-03-01 08:53:27,263 D 587 587] client.cc:392: called plasma_create on conn 30 with size 8 and metadata size 0
[2023-03-01 08:53:27,263 I 587 587] protocol.cc:219: After CreatePlasmaCreateRequest, prepare to send
[2023-03-01 08:53:27,263 I 587 587] protocol.cc:221: After PlasmaSend, status: 1
[2023-03-01 08:53:27,263 I 587 587] client.cc:402: After SendCreateRequest
[2023-03-01 08:53:27,263 I 587 587] client.cc:311: Before PlasmaReceive
[2023-03-01 08:53:27,263 I 587 587] client.cc:313: After PlasmaReceive buffer size: 160
[2023-03-01 08:53:27,263 I 587 587] client.cc:327: After RreadCreateReply, retry count: 0
[2023-03-01 08:53:27,263 I 587 587] client.cc:355: After create PlasmaMutableBuffer
[2023-03-01 08:53:27,263 I 587 587] client.cc:404: After HandleCreateReply
[2023-03-01 08:53:27,263 I 587 587] core_worker.cc:277: Created CoreWorkerPlasmaStoreProvider
[2023-03-01 08:53:27,267 D 587 587] core_worker_process.cc:276: Worker 5ef8c80c34113052a59b4cfcfd44e5dc926764032922889a8dc061be is created.
[2023-03-01 08:53:27,267 D 587 587] core_worker_process.cc:132: Stats setup in core worker.
[2023-03-01 08:53:27,267 D 587 587] stats.h:75: Initialized stats
[2023-03-01 08:53:27,269 I 587 605] core_worker.cc:502: Event stats:


Global stats: 16 total (11 active)
Queueing time: mean = 2.004 ms, max = 7.514 ms, min = 4.691 ms, total = 32.060 ms
Execution time:  mean = 29.965 us, total = 479.448 us
Event stats:
	PeriodicalRunner.RunFnPeriodically - 7 total (2 active, 1 running), CPU time: mean = 68.493 us, total = 479.448 us
	UNKNOWN - 3 total (3 active), CPU time: mean = 0.000 s, total = 0.000 s
	GcsClient.deadline_timer.check_gcs_connection - 1 total (1 active), CPU time: mean = 0.000 s, total = 0.000 s
	NodeManagerService.grpc_client.ReportWorkerBacklog - 1 total (1 active), CPU time: mean = 0.000 s, total = 0.000 s
	CoreWorker.deadline_timer.flush_profiling_events - 1 total (1 active), CPU time: mean = 0.000 s, total = 0.000 s
	InternalPubSubGcsService.grpc_client.GcsSubscriberCommandBatch - 1 total (1 active), CPU time: mean = 0.000 s, total = 0.000 s
	InternalPubSubGcsService.grpc_client.GcsSubscriberPoll - 1 total (1 active), CPU time: mean = 0.000 s, total = 0.000 s
	WorkerInfoGcsService.grpc_client.AddWorkerInfo - 1 total (1 active), CPU time: mean = 0.000 s, total = 0.000 s


[2023-03-01 08:53:27,269 I 587 587] io_service_pool.cc:35: IOServicePool is running with 1 io_service.
[2023-03-01 08:53:27,269 D 587 605] accessor.cc:487: Getting information of all nodes.
[2023-03-01 08:53:27,269 D 587 587] metrics_agent_client.h:41: Initiate the metrics client of address:127.0.0.1 port:53224
[2023-03-01 08:53:27,270 I 587 605] accessor.cc:599: Received notification for node id = 4a4945bff6276379d414ec4e6f5d96857dd1944a4bb5611fcbea55f6, IsAlive = 1
[2023-03-01 08:53:27,270 D 587 605] accessor.cc:497: Finished getting information of all nodes, status = OK
[2023-03-01 08:53:27,273 D 587 600] grpc_server.cc:146: Polled event from CQ, thead: 140065053763328::0, status: 1
[2023-03-01 08:53:27,290 D 587 587] core_worker.cc:2273: Executing task, task info = Type=ACTOR_CREATION_TASK, Language=PYTHON, Resources: {}, function_descriptor={type=PythonFunctionDescriptor, module_name=demo, class_name=Owner, function_name=__init__, function_hash=d53e27c2aec24b19818adc56c4f900e7}, task_id=ffffffffffffffff4e09376927711e7078de167e01000000, task_name=Owner.__init__(), job_id=01000000, num_args=0, num_returns=1, depth=1, actor_creation_task_spec={actor_id=4e09376927711e7078de167e01000000, max_restarts=0, max_concurrency=1, is_asyncio_actor=0, is_detached=0}
[2023-03-01 08:53:27,290 D 587 587] reference_count.cc:242: Add local reference ffffffffffffffff4e09376927711e7078de167e0100000001000000
[2023-03-01 08:53:27,290 D 587 587] reference_count.cc:243: REF ffffffffffffffff4e09376927711e7078de167e0100000001000000 borrowers: 0 local_ref_count: 1 submitted_count: 0 contained_in_owned: 0 contained_in_borrowed: 0 contains: 0 stored_in: 0 lineage_ref_count: 0
[2023-03-01 08:53:27,291 I 587 587] direct_actor_task_submitter.cc:33: Set max pending calls to -1 for actor 4e09376927711e7078de167e01000000
[2023-03-01 08:53:27,291 D 587 587] direct_actor_task_submitter.cc:169: Connecting to actor 4e09376927711e7078de167e01000000 at worker 5ef8c80c34113052a59b4cfcfd44e5dc926764032922889a8dc061be
[2023-03-01 08:53:27,291 D 587 587] core_worker_client_pool.cc:42: Connected to 172.17.0.2:37533
[2023-03-01 08:53:27,291 D 587 587] sequential_actor_submit_queue.cc:86: Resetting caller starts at for actor 4e09376927711e7078de167e01000000 from 0 to 0
[2023-03-01 08:53:27,291 I 587 587] direct_actor_task_submitter.cc:217: Connecting to actor 4e09376927711e7078de167e01000000 at worker 5ef8c80c34113052a59b4cfcfd44e5dc926764032922889a8dc061be
[2023-03-01 08:53:27,291 D 587 587] reference_count.cc:106: Adding borrowed object ffffffffffffffff4e09376927711e7078de167e0100000001000000
[2023-03-01 08:53:27,291 I 587 587] core_worker.cc:2330: Creating actor: 4e09376927711e7078de167e01000000
[2023-03-01 08:53:27,292 D 587 587] core_worker.cc:2407: Finished executing task ffffffffffffffff4e09376927711e7078de167e01000000, status=OK
[2023-03-01 08:53:27,292 I 587 587] direct_actor_transport.cc:144: Actor creation task finished, task_id: ffffffffffffffff4e09376927711e7078de167e01000000, actor_id: 4e09376927711e7078de167e01000000
[2023-03-01 08:53:27,293 D 587 600] grpc_server.cc:146: Polled event from CQ, thead: 140065053763328::0, status: 1
[2023-03-01 08:53:27,296 D 587 600] grpc_server.cc:146: Polled event from CQ, thead: 140065053763328::0, status: 1
[2023-03-01 08:53:27,296 D 587 587] actor_scheduling_queue.cc:89: Enqueue 0 cur seqno 0
[2023-03-01 08:53:27,296 D 587 587] core_worker.cc:2273: Executing task, task info = Type=ACTOR_TASK, Language=PYTHON, Resources: {CPU: 1, }, function_descriptor={type=PythonFunctionDescriptor, module_name=demo, class_name=Owner, function_name=warmup, function_hash=}, task_id=ae46b8beecd25f3a4e09376927711e7078de167e01000000, task_name=Owner.warmup(), job_id=01000000, num_args=0, num_returns=2, depth=0, actor_task_spec={actor_id=4e09376927711e7078de167e01000000, actor_caller_id=ffffffffffffffffffffffffffffffffffffffff01000000, actor_counter=0}
[2023-03-01 08:53:27,297 D 587 587] reference_count.cc:183: Adding owned object 0046b8beecd25f3a4e09376927711e7078de167e0100000003000000
[2023-03-01 08:53:27,297 D 587 587] reference_count.cc:1164: Adding location 4a4945bff6276379d414ec4e6f5d96857dd1944a4bb5611fcbea55f6 for object 0046b8beecd25f3a4e09376927711e7078de167e0100000003000000
[2023-03-01 08:53:27,297 D 587 587] reference_count.cc:1367: Published message for 0046b8beecd25f3a4e09376927711e7078de167e0100000003000000, 1 locations, spilled url: [], spilled node ID: NIL_ID, and object size: 21, and primary node ID: 4a4945bff6276379d414ec4e6f5d96857dd1944a4bb5611fcbea55f6, pending creation? 0
[2023-03-01 08:53:27,297 D 587 587] client.cc:392: called plasma_create on conn 30 with size 16 and metadata size 5
[2023-03-01 08:53:27,297 I 587 587] protocol.cc:219: After CreatePlasmaCreateRequest, prepare to send
[2023-03-01 08:53:27,297 I 587 587] protocol.cc:221: After PlasmaSend, status: 1
[2023-03-01 08:53:27,297 I 587 587] client.cc:402: After SendCreateRequest
[2023-03-01 08:53:27,297 I 587 587] client.cc:311: Before PlasmaReceive
[2023-03-01 08:53:27,298 I 587 587] client.cc:313: After PlasmaReceive buffer size: 160
[2023-03-01 08:53:27,298 I 587 587] client.cc:327: After RreadCreateReply, retry count: 0
[2023-03-01 08:53:27,298 I 587 587] client.cc:355: After create PlasmaMutableBuffer
[2023-03-01 08:53:27,298 I 587 587] client.cc:360: Before metadata memcpy, start address:  + 16, metadata size: 5
[2023-03-01 08:53:27,298 I 587 587] client.cc:363: After metadata memcpy
[2023-03-01 08:53:27,298 I 587 587] client.cc:404: After HandleCreateReply
[2023-03-01 08:53:27,298 D 587 587] core_worker.cc:1069: Pinning sealed object 0046b8beecd25f3a4e09376927711e7078de167e0100000003000000
[2023-03-01 08:53:27,298 D 587 587] memory_store.cc:201: Putting object into memory store. objectid is 0046b8beecd25f3a4e09376927711e7078de167e0100000003000000
[2023-03-01 08:53:27,298 D 587 587] ray_object.cc:108: Before parsing metadata: 0x7f63f5035cb0
[2023-03-01 08:53:27,298 D 587 587] ray_object.cc:112: After parsing metadata: 4
[2023-03-01 08:53:27,298 D 587 587] core_worker.cc:1111: 0046b8beecd25f3a4e09376927711e7078de167e0100000003000000 in plasma, doing fetch-and-get
[2023-03-01 08:53:27,298 D 587 587] core_worker.cc:1126: Plasma GET timeout -1
[2023-03-01 08:53:27,299 D 587 587] plasma_store_provider.cc:196: plasma_results[0].data: 0x7f63f502ef30 , data size: 16 , content: 
[2023-03-01 08:53:27,299 D 587 587] plasma_store_provider.cc:206: plasma_results[0].metadata: 0x7f63f5039520 , metadata size: 5 , content: XLANG is: 2XLANG
[2023-03-01 08:53:27,299 D 587 587] plasma_store_provider.cc:211: After parsing, data: 0x7f63f4155830 and metadata: 0x7f63f5039520
[2023-03-01 08:53:27,299 D 587 587] plasma_store_provider.cc:214: Result object: 0x7f63f4fdd7b0
[2023-03-01 08:53:27,299 D 587 587] ray_object.cc:108: Before parsing metadata: 0x7f63f5039520
[2023-03-01 08:53:27,299 D 587 587] ray_object.cc:112: After parsing metadata: XLANG
[2023-03-01 08:53:27,299 D 587 587] ray_object.cc:108: Before parsing metadata: 0x7f63f5039520
[2023-03-01 08:53:27,299 D 587 587] ray_object.cc:112: After parsing metadata: XLANG
[2023-03-01 08:53:27,299 D 587 587] reference_count.cc:299: Remove local reference 0046b8beecd25f3a4e09376927711e7078de167e0100000003000000
[2023-03-01 08:53:27,299 D 587 587] reference_count.cc:300: REF 0046b8beecd25f3a4e09376927711e7078de167e0100000003000000 borrowers: 0 local_ref_count: 0 submitted_count: 0 contained_in_owned: 0 contained_in_borrowed: 0 contains: 0 stored_in: 0 lineage_ref_count: 0
[2023-03-01 08:53:27,299 D 587 587] reference_count.cc:525: Attempting to delete object 0046b8beecd25f3a4e09376927711e7078de167e0100000003000000
[2023-03-01 08:53:27,299 D 587 587] reference_count.cc:531: REF 0046b8beecd25f3a4e09376927711e7078de167e0100000003000000 borrowers: 0 local_ref_count: 0 submitted_count: 0 contained_in_owned: 0 contained_in_borrowed: 0 contains: 0 stored_in: 0 lineage_ref_count: 0
[2023-03-01 08:53:27,299 D 587 587] reference_count.cc:568: Deleting Reference to object 0046b8beecd25f3a4e09376927711e7078de167e0100000003000000
[2023-03-01 08:53:27,299 D 587 587] reference_count.cc:387: Releasing lineage for object 0046b8beecd25f3a4e09376927711e7078de167e0100000003000000
[2023-03-01 08:53:27,299 D 587 587] task_manager.cc:534: No lineage for object 0046b8beecd25f3a4e09376927711e7078de167e0100000003000000
[2023-03-01 08:53:27,299 D 587 587] ray_object.cc:108: Before parsing metadata: 0x7f63f5035cb0
[2023-03-01 08:53:27,299 D 587 587] ray_object.cc:112: After parsing metadata: 4
[2023-03-01 08:53:27,299 D 587 600] grpc_server.cc:146: Polled event from CQ, thead: 140065053763328::0, status: 1
[2023-03-01 08:53:27,299 D 587 587] core_worker.cc:2232: Creating return object ae46b8beecd25f3a4e09376927711e7078de167e0100000001000000
[2023-03-01 08:53:27,299 D 587 600] grpc_server.cc:146: Polled event from CQ, thead: 140065053763328::0, status: 1
[2023-03-01 08:53:27,299 D 587 605] reference_count.cc:1153: Tried to add an object location for an object 0046b8beecd25f3a4e09376927711e7078de167e0100000003000000 that doesn't exist in the reference table. It can happen if the object is already evicted.
[2023-03-01 08:53:27,299 D 587 587] core_worker.cc:2424: Sealing return object ae46b8beecd25f3a4e09376927711e7078de167e0100000001000000
[2023-03-01 08:53:27,299 D 587 605] core_worker.cc:2959: Object 0046b8beecd25f3a4e09376927711e7078de167e0100000003000000 not found
[2023-03-01 08:53:27,300 D 587 587] core_worker.cc:2407: Finished executing task ae46b8beecd25f3a4e09376927711e7078de167e01000000, status=OK
[2023-03-01 08:53:27,300 D 587 600] grpc_server.cc:146: Polled event from CQ, thead: 140065053763328::0, status: 1
[2023-03-01 08:53:27,300 D 587 605] core_worker.cc:2803: Object 0046b8beecd25f3a4e09376927711e7078de167e0100000003000000 is deleted. Unpinning the object.
[2023-03-01 08:53:27,300 D 587 600] grpc_server.cc:146: Polled event from CQ, thead: 140065053763328::0, status: 1
[2023-03-01 08:53:27,300 D 587 605] core_worker.cc:2831: Reference for object 0046b8beecd25f3a4e09376927711e7078de167e0100000003000000 has already been freed.
[2023-03-01 08:53:27,300 D 587 600] grpc_server.cc:146: Polled event from CQ, thead: 140065053763328::0, status: 1
[2023-03-01 08:53:27,300 D 587 605] core_worker.cc:2880: Got a long polling request from a node 4a4945bff6276379d414ec4e6f5d96857dd1944a4bb5611fcbea55f6
[2023-03-01 08:53:27,300 D 587 605] publisher.cc:322: Long polling connection initiated by 4a4945bff6276379d414ec4e6f5d96857dd1944a4bb5611fcbea55f6
[2023-03-01 08:53:27,300 D 587 600] grpc_server.cc:146: Polled event from CQ, thead: 140065053763328::0, status: 1
[2023-03-01 08:53:27,300 D 587 600] grpc_server.cc:146: Polled event from CQ, thead: 140065053763328::0, status: 1
[2023-03-01 08:53:27,301 D 587 600] grpc_server.cc:146: Polled event from CQ, thead: 140065053763328::0, status: 1
[2023-03-01 08:53:27,301 D 587 600] grpc_server.cc:146: Polled event from CQ, thead: 140065053763328::0, status: 1
[2023-03-01 08:53:27,301 W 587 605] reference_count.cc:1415: Object locations requested for 0046b8beecd25f3a4e09376927711e7078de167e0100000003000000, but ref already removed. This may be a bug in the distributed reference counting protocol.
[2023-03-01 08:53:27,301 D 587 600] grpc_server.cc:146: Polled event from CQ, thead: 140065053763328::0, status: 1
[2023-03-01 08:53:27,301 D 587 605] core_worker.cc:2880: Got a long polling request from a node 4a4945bff6276379d414ec4e6f5d96857dd1944a4bb5611fcbea55f6
[2023-03-01 08:53:27,301 D 587 605] publisher.cc:322: Long polling connection initiated by 4a4945bff6276379d414ec4e6f5d96857dd1944a4bb5611fcbea55f6
[2023-03-01 08:53:27,301 D 587 600] grpc_server.cc:146: Polled event from CQ, thead: 140065053763328::0, status: 1
[2023-03-01 08:53:27,301 D 587 600] grpc_server.cc:146: Polled event from CQ, thead: 140065053763328::0, status: 1
[2023-03-01 08:53:27,302 D 587 600] grpc_server.cc:146: Polled event from CQ, thead: 140065053763328::0, status: 1
[2023-03-01 08:53:27,304 D 587 600] grpc_server.cc:146: Polled event from CQ, thead: 140065053763328::0, status: 1
[2023-03-01 08:53:27,304 I 587 605] core_worker.cc:3099: Force kill actor request has received. exiting immediately...
[2023-03-01 08:53:27,304 I 587 605] core_worker.cc:599: Disconnecting to the raylet.
[2023-03-01 08:53:27,304 I 587 605] raylet_client.cc:166: RayletClient::Disconnect, exit_type=INTENDED_EXIT, has creation_task_exception_pb_bytes=0
[2023-03-01 08:53:27,304 D 587 605] logging.cc:287: Uninstall signal handlers.
