[2023-03-03 02:53:54,698 I 190 190] core_worker_process.cc:120: Constructing CoreWorkerProcess. pid: 190
[2023-03-03 02:53:54,758 D 190 203] core_worker_process.cc:200: Getting system config from raylet, remaining retries = 100
[2023-03-03 02:53:54,759 D 190 190] ray_config.cc:70: RayConfig is initialized with: is_external_storage_type_fs=true,object_spilling_config="{\"type\": \"filesystem\", \"params\": {\"directory_path\": \"/host/tmp/ray/session_2023-03-03_02-53-39_842068_2\"}}",
[2023-03-03 02:53:54,760 D 190 190] core_worker.cc:88: Constructing CoreWorker, worker_id: b6b5801bfe699558d530e6ac02435bbf5eb3b412c3ad223e6b02f459
[2023-03-03 02:53:54,760 I 190 190] core_worker.cc:119: Connecting to local Raylet.
[2023-03-03 02:53:54,761 I 190 190] raylet_client.cc:116: Creating RayletConnection.
[2023-03-03 02:53:54,761 I 190 190] client_connection.cc:47: ConnectSocketRetry begin /host/tmp/ray/session_2023-03-03_02-53-39_842068_2/sockets/raylet 0
[2023-03-03 02:53:54,762 I 190 190] client_connection.cc:51: ConnectSocketRetry end /host/tmp/ray/session_2023-03-03_02-53-39_842068_2/sockets/raylet 0. OK
[2023-03-03 02:53:54,762 I 190 190] raylet_client.cc:118: Created RayletConnection.
[2023-03-03 02:53:54,762 I 190 190] raylet_client.cc:138: Begin AtomicRequestReply RegisterClientRequest
[2023-03-03 02:53:54,763 I 190 190] raylet_client.cc:141: End AtomicRequestReply RegisterClientRequest. Status: OK
[2023-03-03 02:53:54,763 I 190 190] core_worker.cc:135: Connected to local Raylet.
[2023-03-03 02:53:54,763 I 190 190] core_worker.cc:164: Starting GRPC server.
[2023-03-03 02:53:54,764 I 190 190] grpc_server.cc:105: worker server started, listening on port 35223.
[2023-03-03 02:53:54,768 I 190 190] core_worker.cc:171: Started GRPC server.
[2023-03-03 02:53:54,768 I 190 190] core_worker.cc:179: Initializing worker at address: 172.17.0.3:35223, worker ID b6b5801bfe699558d530e6ac02435bbf5eb3b412c3ad223e6b02f459, raylet 7a04dde0a4e4d25e710a1426e0c8a059ba4437f33523a5251b729832
[2023-03-03 02:53:54,780 I 190 230] gcs_server_address_updater.cc:32: GCS Server updater thread id: 139932525926144
[2023-03-03 02:53:54,870 D 190 190] gcs_client.cc:165: GcsClient connected.
[2023-03-03 02:53:54,870 I 190 190] core_worker.cc:205: GCS client created.
[2023-03-03 02:53:54,871 I 190 190] core_worker.cc:207: Registered to GCS.
[2023-03-03 02:53:54,871 D 190 190] subscriber.cc:348: Make a long polling request to 38f596d8bfd8eb027435a531fda8dc6d449872e75d088643b07c7b6a
[2023-03-03 02:53:54,871 I 190 190] core_worker.cc:267: Creating CoreWorkerPlasmaStoreProvider
[2023-03-03 02:53:54,872 I 190 190] client.cc:762: Before ConnectSocketRetry
[2023-03-03 02:53:54,872 I 190 190] client_connection.cc:47: ConnectSocketRetry begin /host/tmp/ray/session_2023-03-03_02-53-39_842068_2/sockets/plasma_store 0
[2023-03-03 02:53:54,872 I 190 190] client_connection.cc:51: ConnectSocketRetry end /host/tmp/ray/session_2023-03-03_02-53-39_842068_2/sockets/plasma_store 0. OK
[2023-03-03 02:53:54,872 I 190 190] client.cc:764: After ConnectSocketRetry
[2023-03-03 02:53:54,872 I 190 190] client.cc:766: After new StoreConn
[2023-03-03 02:53:54,872 I 190 190] client.cc:769: After SendConnectRequest
[2023-03-03 02:53:54,873 I 190 190] client.cc:772: After PlasmaReceive
[2023-03-03 02:53:54,873 I 190 190] client.cc:774: After ReadConnectReply
[2023-03-03 02:53:54,873 D 190 190] client.cc:392: called plasma_create on conn 30 with size 8 and metadata size 0
[2023-03-03 02:53:54,873 I 190 190] protocol.cc:219: After CreatePlasmaCreateRequest, prepare to send
[2023-03-03 02:53:54,873 I 190 190] protocol.cc:221: After PlasmaSend, status: 1
[2023-03-03 02:53:54,873 I 190 190] client.cc:402: After SendCreateRequest
[2023-03-03 02:53:54,873 I 190 190] client.cc:311: Before PlasmaReceive
[2023-03-03 02:53:54,873 I 190 190] client.cc:313: After PlasmaReceive buffer size: 160
[2023-03-03 02:53:54,873 I 190 190] client.cc:327: After RreadCreateReply, retry count: 0
[2023-03-03 02:53:54,873 I 190 190] client.cc:355: After create PlasmaMutableBuffer
[2023-03-03 02:53:54,873 I 190 190] client.cc:404: After HandleCreateReply
[2023-03-03 02:53:54,873 I 190 190] core_worker.cc:277: Created CoreWorkerPlasmaStoreProvider
[2023-03-03 02:53:54,874 D 190 190] core_worker_process.cc:276: Worker b6b5801bfe699558d530e6ac02435bbf5eb3b412c3ad223e6b02f459 is created.
[2023-03-03 02:53:54,874 D 190 190] core_worker_process.cc:132: Stats setup in core worker.
[2023-03-03 02:53:54,874 D 190 190] stats.h:75: Initialized stats
[2023-03-03 02:53:54,874 I 190 190] io_service_pool.cc:35: IOServicePool is running with 1 io_service.
[2023-03-03 02:53:54,880 D 190 190] metrics_agent_client.h:41: Initiate the metrics client of address:127.0.0.1 port:52343
[2023-03-03 02:53:54,887 I 190 243] core_worker.cc:502: Event stats:


Global stats: 16 total (11 active)
Queueing time: mean = 4.475 ms, max = 15.448 ms, min = 12.512 ms, total = 71.595 ms
Execution time:  mean = 58.469 us, total = 935.510 us
Event stats:
	PeriodicalRunner.RunFnPeriodically - 7 total (2 active, 1 running), CPU time: mean = 133.644 us, total = 935.510 us
	UNKNOWN - 3 total (3 active), CPU time: mean = 0.000 s, total = 0.000 s
	InternalPubSubGcsService.grpc_client.GcsSubscriberCommandBatch - 1 total (1 active), CPU time: mean = 0.000 s, total = 0.000 s
	GcsClient.deadline_timer.check_gcs_connection - 1 total (1 active), CPU time: mean = 0.000 s, total = 0.000 s
	CoreWorker.deadline_timer.flush_profiling_events - 1 total (1 active), CPU time: mean = 0.000 s, total = 0.000 s
	WorkerInfoGcsService.grpc_client.AddWorkerInfo - 1 total (1 active), CPU time: mean = 0.000 s, total = 0.000 s
	InternalPubSubGcsService.grpc_client.GcsSubscriberPoll - 1 total (1 active), CPU time: mean = 0.000 s, total = 0.000 s
	NodeManagerService.grpc_client.ReportWorkerBacklog - 1 total (1 active), CPU time: mean = 0.000 s, total = 0.000 s


[2023-03-03 02:53:54,890 D 190 228] grpc_server.cc:146: Polled event from CQ, thead: 139931976492800::0, status: 1
[2023-03-03 02:53:54,925 D 190 243] accessor.cc:487: Getting information of all nodes.
[2023-03-03 02:53:54,938 I 190 243] accessor.cc:599: Received notification for node id = 7a04dde0a4e4d25e710a1426e0c8a059ba4437f33523a5251b729832, IsAlive = 1
[2023-03-03 02:53:54,938 D 190 243] accessor.cc:497: Finished getting information of all nodes, status = OK
[2023-03-03 02:53:54,945 D 190 190] core_worker.cc:2273: Executing task, task info = Type=ACTOR_CREATION_TASK, Language=PYTHON, Resources: {CPU_group_ac4954484388251a94d8820fca1a01000000: 1, }, function_descriptor={type=PythonFunctionDescriptor, module_name=ray.train.worker_group, class_name=BaseWorkerMixin, function_name=__init__, function_hash=08e13eb0812849feb722bba597b59a90}, task_id=ffffffffffffffffbe0a4a6dd72f131d2981551301000000, task_name=BaseWorkerMixin.__init__(), job_id=01000000, num_args=0, num_returns=1, depth=1, actor_creation_task_spec={actor_id=be0a4a6dd72f131d2981551301000000, max_restarts=0, max_concurrency=1, is_asyncio_actor=0, is_detached=0}
[2023-03-03 02:53:54,945 D 190 190] reference_count.cc:242: Add local reference ffffffffffffffffbe0a4a6dd72f131d298155130100000001000000
[2023-03-03 02:53:54,945 D 190 190] reference_count.cc:243: REF ffffffffffffffffbe0a4a6dd72f131d298155130100000001000000 borrowers: 0 local_ref_count: 1 submitted_count: 0 contained_in_owned: 0 contained_in_borrowed: 0 contains: 0 stored_in: 0 lineage_ref_count: 0
[2023-03-03 02:53:54,945 I 190 190] direct_actor_task_submitter.cc:33: Set max pending calls to -1 for actor be0a4a6dd72f131d2981551301000000
[2023-03-03 02:53:54,945 D 190 190] direct_actor_task_submitter.cc:169: Connecting to actor be0a4a6dd72f131d2981551301000000 at worker b6b5801bfe699558d530e6ac02435bbf5eb3b412c3ad223e6b02f459
[2023-03-03 02:53:54,945 D 190 190] core_worker_client_pool.cc:42: Connected to 172.17.0.3:35223
[2023-03-03 02:53:54,945 D 190 190] sequential_actor_submit_queue.cc:86: Resetting caller starts at for actor be0a4a6dd72f131d2981551301000000 from 0 to 0
[2023-03-03 02:53:54,945 I 190 190] direct_actor_task_submitter.cc:217: Connecting to actor be0a4a6dd72f131d2981551301000000 at worker b6b5801bfe699558d530e6ac02435bbf5eb3b412c3ad223e6b02f459
[2023-03-03 02:53:54,945 D 190 190] reference_count.cc:106: Adding borrowed object ffffffffffffffffbe0a4a6dd72f131d298155130100000001000000
[2023-03-03 02:53:54,945 I 190 190] core_worker.cc:2330: Creating actor: be0a4a6dd72f131d2981551301000000
[2023-03-03 02:53:55,655 D 190 190] core_worker.cc:2407: Finished executing task ffffffffffffffffbe0a4a6dd72f131d2981551301000000, status=OK
[2023-03-03 02:53:55,655 I 190 190] direct_actor_transport.cc:144: Actor creation task finished, task_id: ffffffffffffffffbe0a4a6dd72f131d2981551301000000, actor_id: be0a4a6dd72f131d2981551301000000
[2023-03-03 02:53:55,656 D 190 228] grpc_server.cc:146: Polled event from CQ, thead: 139931976492800::0, status: 1
[2023-03-03 02:53:55,659 D 190 228] grpc_server.cc:146: Polled event from CQ, thead: 139931976492800::0, status: 1
[2023-03-03 02:53:55,659 D 190 190] actor_scheduling_queue.cc:89: Enqueue 0 cur seqno 0
[2023-03-03 02:53:55,659 D 190 190] core_worker.cc:2273: Executing task, task info = Type=ACTOR_TASK, Language=PYTHON, Resources: {}, function_descriptor={type=PythonFunctionDescriptor, module_name=ray.train.worker_group, class_name=BaseWorkerMixin, function_name=_BaseWorkerMixin__execute, function_hash=}, task_id=221c2f25d2cfc33abe0a4a6dd72f131d2981551301000000, task_name=BaseWorkerMixin._BaseWorkerMixin__execute(), job_id=01000000, num_args=2, num_returns=2, depth=0, actor_task_spec={actor_id=be0a4a6dd72f131d2981551301000000, actor_caller_id=ffffffffffffffff39c45fc19653a2ee38e7644501000000, actor_counter=0}
[2023-03-03 02:53:55,660 D 190 190] core_worker.cc:2232: Creating return object 221c2f25d2cfc33abe0a4a6dd72f131d298155130100000001000000
[2023-03-03 02:53:55,660 D 190 190] core_worker.cc:2424: Sealing return object 221c2f25d2cfc33abe0a4a6dd72f131d298155130100000001000000
[2023-03-03 02:53:55,660 D 190 190] core_worker.cc:2407: Finished executing task 221c2f25d2cfc33abe0a4a6dd72f131d2981551301000000, status=OK
[2023-03-03 02:53:55,661 D 190 228] grpc_server.cc:146: Polled event from CQ, thead: 139931976492800::0, status: 1
[2023-03-03 02:53:55,685 D 190 228] grpc_server.cc:146: Polled event from CQ, thead: 139931976492800::0, status: 1
[2023-03-03 02:53:55,685 D 190 190] actor_scheduling_queue.cc:89: Enqueue 1 cur seqno 1
[2023-03-03 02:53:55,685 D 190 190] core_worker.cc:2273: Executing task, task info = Type=ACTOR_TASK, Language=PYTHON, Resources: {}, function_descriptor={type=PythonFunctionDescriptor, module_name=ray.train.worker_group, class_name=BaseWorkerMixin, function_name=_BaseWorkerMixin__execute, function_hash=}, task_id=fba36d95a0618723be0a4a6dd72f131d2981551301000000, task_name=BaseWorkerMixin._BaseWorkerMixin__execute(), job_id=01000000, num_args=6, num_returns=2, depth=0, actor_task_spec={actor_id=be0a4a6dd72f131d2981551301000000, actor_caller_id=ffffffffffffffff39c45fc19653a2ee38e7644501000000, actor_counter=1}
[2023-03-03 02:53:55,685 D 190 190] core_worker.cc:2232: Creating return object fba36d95a0618723be0a4a6dd72f131d298155130100000001000000
[2023-03-03 02:53:55,685 D 190 190] core_worker.cc:2424: Sealing return object fba36d95a0618723be0a4a6dd72f131d298155130100000001000000
[2023-03-03 02:53:55,686 D 190 190] core_worker.cc:2407: Finished executing task fba36d95a0618723be0a4a6dd72f131d2981551301000000, status=OK
[2023-03-03 02:53:55,686 D 190 228] grpc_server.cc:146: Polled event from CQ, thead: 139931976492800::0, status: 1
[2023-03-03 02:53:55,690 D 190 228] grpc_server.cc:146: Polled event from CQ, thead: 139931976492800::0, status: 1
[2023-03-03 02:53:55,690 D 190 190] actor_scheduling_queue.cc:89: Enqueue 2 cur seqno 2
[2023-03-03 02:53:55,690 D 190 190] core_worker.cc:2273: Executing task, task info = Type=ACTOR_TASK, Language=PYTHON, Resources: {}, function_descriptor={type=PythonFunctionDescriptor, module_name=ray.train.worker_group, class_name=BaseWorkerMixin, function_name=_BaseWorkerMixin__execute, function_hash=}, task_id=bf7737f8a95d2868be0a4a6dd72f131d2981551301000000, task_name=BaseWorkerMixin._BaseWorkerMixin__execute(), job_id=01000000, num_args=12, num_returns=2, depth=0, actor_task_spec={actor_id=be0a4a6dd72f131d2981551301000000, actor_caller_id=ffffffffffffffff39c45fc19653a2ee38e7644501000000, actor_counter=2}
[2023-03-03 02:53:55,886 D 190 243] accessor.cc:784: Adding profile data, component type = worker, node id = b6b5801bfe699558d530e6ac02435bbf5eb3b412c3ad223e6b02f459
[2023-03-03 02:53:57,311 D 190 243] profiling.cc:87: Pushed 12 events to GCS.
[2023-03-03 02:53:57,312 D 190 243] accessor.cc:795: Finished adding profile data, status = OK, component type = worker, node id = b6b5801bfe699558d530e6ac02435bbf5eb3b412c3ad223e6b02f459
[2023-03-03 02:54:01,039 D 190 190] core_worker.cc:2232: Creating return object bf7737f8a95d2868be0a4a6dd72f131d298155130100000001000000
[2023-03-03 02:54:01,039 D 190 190] core_worker.cc:2424: Sealing return object bf7737f8a95d2868be0a4a6dd72f131d298155130100000001000000
[2023-03-03 02:54:01,039 D 190 190] core_worker.cc:2407: Finished executing task bf7737f8a95d2868be0a4a6dd72f131d2981551301000000, status=OK
[2023-03-03 02:54:01,039 D 190 228] grpc_server.cc:146: Polled event from CQ, thead: 139931976492800::0, status: 1
[2023-03-03 02:54:01,236 D 190 228] grpc_server.cc:146: Polled event from CQ, thead: 139931976492800::0, status: 1
[2023-03-03 02:54:01,236 D 190 190] actor_scheduling_queue.cc:89: Enqueue 3 cur seqno 3
[2023-03-03 02:54:01,236 D 190 190] core_worker.cc:2273: Executing task, task info = Type=ACTOR_TASK, Language=PYTHON, Resources: {}, function_descriptor={type=PythonFunctionDescriptor, module_name=ray.train.worker_group, class_name=BaseWorkerMixin, function_name=_BaseWorkerMixin__execute, function_hash=}, task_id=70149b2bcd79fb33be0a4a6dd72f131d2981551301000000, task_name=BaseWorkerMixin._BaseWorkerMixin__execute(), job_id=01000000, num_args=16, num_returns=2, depth=0, actor_task_spec={actor_id=be0a4a6dd72f131d2981551301000000, actor_caller_id=ffffffffffffffff39c45fc19653a2ee38e7644501000000, actor_counter=3}
[2023-03-03 02:54:01,311 D 190 243] accessor.cc:784: Adding profile data, component type = worker, node id = b6b5801bfe699558d530e6ac02435bbf5eb3b412c3ad223e6b02f459
[2023-03-03 02:54:01,311 D 190 243] profiling.cc:87: Pushed 4 events to GCS.
[2023-03-03 02:54:01,312 D 190 243] accessor.cc:795: Finished adding profile data, status = OK, component type = worker, node id = b6b5801bfe699558d530e6ac02435bbf5eb3b412c3ad223e6b02f459
[2023-03-03 02:54:01,506 D 190 190] core_worker.cc:2232: Creating return object 70149b2bcd79fb33be0a4a6dd72f131d298155130100000001000000
[2023-03-03 02:54:01,506 D 190 190] core_worker.cc:2424: Sealing return object 70149b2bcd79fb33be0a4a6dd72f131d298155130100000001000000
[2023-03-03 02:54:01,506 D 190 190] core_worker.cc:2407: Finished executing task 70149b2bcd79fb33be0a4a6dd72f131d2981551301000000, status=OK
[2023-03-03 02:54:01,506 D 190 228] grpc_server.cc:146: Polled event from CQ, thead: 139931976492800::0, status: 1
[2023-03-03 02:54:01,510 D 190 228] grpc_server.cc:146: Polled event from CQ, thead: 139931976492800::0, status: 1
[2023-03-03 02:54:01,510 D 190 190] actor_scheduling_queue.cc:89: Enqueue 4 cur seqno 4
[2023-03-03 02:54:01,510 D 190 190] core_worker.cc:2273: Executing task, task info = Type=ACTOR_TASK, Language=PYTHON, Resources: {}, function_descriptor={type=PythonFunctionDescriptor, module_name=ray.train.worker_group, class_name=BaseWorkerMixin, function_name=_BaseWorkerMixin__execute, function_hash=}, task_id=a5d0223c5a86b1f4be0a4a6dd72f131d2981551301000000, task_name=BaseWorkerMixin._BaseWorkerMixin__execute(), job_id=01000000, num_args=2, num_returns=2, depth=0, actor_task_spec={actor_id=be0a4a6dd72f131d2981551301000000, actor_caller_id=ffffffffffffffff39c45fc19653a2ee38e7644501000000, actor_counter=4}
[2023-03-03 02:54:01,518 D 190 228] grpc_server.cc:146: Polled event from CQ, thead: 139931976492800::0, status: 1
[2023-03-03 02:54:01,537 D 190 190] core_worker.cc:2232: Creating return object a5d0223c5a86b1f4be0a4a6dd72f131d298155130100000001000000
[2023-03-03 02:54:01,537 D 190 190] core_worker.cc:2424: Sealing return object a5d0223c5a86b1f4be0a4a6dd72f131d298155130100000001000000
[2023-03-03 02:54:01,538 D 190 190] core_worker.cc:2407: Finished executing task a5d0223c5a86b1f4be0a4a6dd72f131d2981551301000000, status=OK
[2023-03-03 02:54:01,538 D 190 228] grpc_server.cc:146: Polled event from CQ, thead: 139931976492800::0, status: 1
[2023-03-03 02:54:01,538 D 190 190] actor_scheduling_queue.cc:89: Enqueue 5 cur seqno 5
[2023-03-03 02:54:01,538 D 190 190] core_worker.cc:2273: Executing task, task info = Type=ACTOR_TASK, Language=PYTHON, Resources: {}, function_descriptor={type=PythonFunctionDescriptor, module_name=ray.train.worker_group, class_name=BaseWorkerMixin, function_name=_BaseWorkerMixin__execute, function_hash=}, task_id=eea40188406253adbe0a4a6dd72f131d2981551301000000, task_name=BaseWorkerMixin._BaseWorkerMixin__execute(), job_id=01000000, num_args=2, num_returns=2, depth=0, actor_task_spec={actor_id=be0a4a6dd72f131d2981551301000000, actor_caller_id=ffffffffffffffff39c45fc19653a2ee38e7644501000000, actor_counter=5}
[2023-03-03 02:54:02,312 D 190 243] accessor.cc:784: Adding profile data, component type = worker, node id = b6b5801bfe699558d530e6ac02435bbf5eb3b412c3ad223e6b02f459
[2023-03-03 02:54:02,312 D 190 243] profiling.cc:87: Pushed 9 events to GCS.
[2023-03-03 02:54:02,313 D 190 243] accessor.cc:795: Finished adding profile data, status = OK, component type = worker, node id = b6b5801bfe699558d530e6ac02435bbf5eb3b412c3ad223e6b02f459
[2023-03-03 02:54:04,893 W 190 244] metric_exporter.cc:207: [1] Export metrics to agent failed: GrpcUnknown: RPC Error message: Method not found!; RPC Error details: . This won't affect Ray, but you can lose metrics from the cluster.
[2023-03-03 02:54:54,887 I 190 243] core_worker.cc:502: Event stats:


Global stats: 902 total (8 active)
Queueing time: mean = 5.298 ms, max = 1.425 s, min = -0.100 s, total = 4.778 s
Execution time:  mean = 2.052 ms, total = 1.851 s
Event stats:
	UNKNOWN - 703 total (5 active, 1 running), CPU time: mean = 596.372 us, total = 419.250 ms
	GcsClient.deadline_timer.check_gcs_connection - 60 total (1 active), CPU time: mean = 13.838 us, total = 830.251 us
	CoreWorker.deadline_timer.flush_profiling_events - 59 total (1 active), CPU time: mean = 24.183 ms, total = 1.427 s
	NodeManagerService.grpc_client.ReportWorkerBacklog - 59 total (0 active), CPU time: mean = 24.773 us, total = 1.462 ms
	PeriodicalRunner.RunFnPeriodically - 7 total (0 active), CPU time: mean = 160.436 us, total = 1.123 ms
	CoreWorkerService.grpc_server.PushTask - 7 total (0 active), CPU time: mean = 62.720 us, total = 439.040 us
	StatsGcsService.grpc_client.AddProfileData - 3 total (0 active), CPU time: mean = 122.170 us, total = 366.509 us
	InternalPubSubGcsService.grpc_client.GcsSubscriberCommandBatch - 1 total (0 active), CPU time: mean = 461.124 us, total = 461.124 us
	WorkerInfoGcsService.grpc_client.AddWorkerInfo - 1 total (0 active), CPU time: mean = 117.603 us, total = 117.603 us
	InternalPubSubGcsService.grpc_client.GcsSubscriberPoll - 1 total (1 active), CPU time: mean = 0.000 s, total = 0.000 s
	NodeInfoGcsService.grpc_client.GetAllNodeInfo - 1 total (0 active), CPU time: mean = 214.990 us, total = 214.990 us


[2023-03-03 02:55:54,887 I 190 243] core_worker.cc:502: Event stats:


Global stats: 1802 total (8 active)
Queueing time: mean = 2.702 ms, max = 1.425 s, min = -0.100 s, total = 4.868 s
Execution time:  mean = 1.050 ms, total = 1.893 s
Event stats:
	UNKNOWN - 1423 total (5 active, 1 running), CPU time: mean = 320.971 us, total = 456.741 ms
	GcsClient.deadline_timer.check_gcs_connection - 120 total (1 active), CPU time: mean = 13.849 us, total = 1.662 ms
	CoreWorker.deadline_timer.flush_profiling_events - 119 total (1 active), CPU time: mean = 12.003 ms, total = 1.428 s
	NodeManagerService.grpc_client.ReportWorkerBacklog - 119 total (0 active), CPU time: mean = 25.363 us, total = 3.018 ms
	PeriodicalRunner.RunFnPeriodically - 7 total (0 active), CPU time: mean = 160.436 us, total = 1.123 ms
	CoreWorkerService.grpc_server.PushTask - 7 total (0 active), CPU time: mean = 62.720 us, total = 439.040 us
	StatsGcsService.grpc_client.AddProfileData - 3 total (0 active), CPU time: mean = 122.170 us, total = 366.509 us
	InternalPubSubGcsService.grpc_client.GcsSubscriberCommandBatch - 1 total (0 active), CPU time: mean = 461.124 us, total = 461.124 us
	WorkerInfoGcsService.grpc_client.AddWorkerInfo - 1 total (0 active), CPU time: mean = 117.603 us, total = 117.603 us
	InternalPubSubGcsService.grpc_client.GcsSubscriberPoll - 1 total (1 active), CPU time: mean = 0.000 s, total = 0.000 s
	NodeInfoGcsService.grpc_client.GetAllNodeInfo - 1 total (0 active), CPU time: mean = 214.990 us, total = 214.990 us


