[2023-03-03 02:53:54,698 I 189 189] core_worker_process.cc:120: Constructing CoreWorkerProcess. pid: 189
[2023-03-03 02:53:54,758 D 189 202] core_worker_process.cc:200: Getting system config from raylet, remaining retries = 100
[2023-03-03 02:53:54,762 D 189 189] ray_config.cc:70: RayConfig is initialized with: is_external_storage_type_fs=true,object_spilling_config="{\"type\": \"filesystem\", \"params\": {\"directory_path\": \"/host/tmp/ray/session_2023-03-03_02-53-39_842068_2\"}}",
[2023-03-03 02:53:54,766 D 189 189] core_worker.cc:88: Constructing CoreWorker, worker_id: f315232835ec3ef57bdafa6e425890e2eb5203fd8bd1653137844c86
[2023-03-03 02:53:54,766 I 189 189] core_worker.cc:119: Connecting to local Raylet.
[2023-03-03 02:53:54,766 I 189 189] raylet_client.cc:116: Creating RayletConnection.
[2023-03-03 02:53:54,766 I 189 189] client_connection.cc:47: ConnectSocketRetry begin /host/tmp/ray/session_2023-03-03_02-53-39_842068_2/sockets/raylet 0
[2023-03-03 02:53:54,767 I 189 189] client_connection.cc:51: ConnectSocketRetry end /host/tmp/ray/session_2023-03-03_02-53-39_842068_2/sockets/raylet 0. OK
[2023-03-03 02:53:54,767 I 189 189] raylet_client.cc:118: Created RayletConnection.
[2023-03-03 02:53:54,767 I 189 189] raylet_client.cc:138: Begin AtomicRequestReply RegisterClientRequest
[2023-03-03 02:53:54,768 I 189 189] raylet_client.cc:141: End AtomicRequestReply RegisterClientRequest. Status: OK
[2023-03-03 02:53:54,768 I 189 189] core_worker.cc:135: Connected to local Raylet.
[2023-03-03 02:53:54,768 I 189 189] core_worker.cc:164: Starting GRPC server.
[2023-03-03 02:53:54,768 I 189 189] grpc_server.cc:105: worker server started, listening on port 45785.
[2023-03-03 02:53:54,770 I 189 189] core_worker.cc:171: Started GRPC server.
[2023-03-03 02:53:54,770 I 189 189] core_worker.cc:179: Initializing worker at address: 172.17.0.3:45785, worker ID f315232835ec3ef57bdafa6e425890e2eb5203fd8bd1653137844c86, raylet 7a04dde0a4e4d25e710a1426e0c8a059ba4437f33523a5251b729832
[2023-03-03 02:53:54,794 I 189 236] gcs_server_address_updater.cc:32: GCS Server updater thread id: 139932161025792
[2023-03-03 02:53:54,873 D 189 189] gcs_client.cc:165: GcsClient connected.
[2023-03-03 02:53:54,873 I 189 189] core_worker.cc:205: GCS client created.
[2023-03-03 02:53:54,873 I 189 189] core_worker.cc:207: Registered to GCS.
[2023-03-03 02:53:54,874 D 189 189] subscriber.cc:348: Make a long polling request to 077ace11b69c2366cc6e2fd0300d076248f99918e41acebc02f7bf7c
[2023-03-03 02:53:54,874 I 189 189] core_worker.cc:267: Creating CoreWorkerPlasmaStoreProvider
[2023-03-03 02:53:54,874 I 189 189] client.cc:762: Before ConnectSocketRetry
[2023-03-03 02:53:54,874 I 189 189] client_connection.cc:47: ConnectSocketRetry begin /host/tmp/ray/session_2023-03-03_02-53-39_842068_2/sockets/plasma_store 0
[2023-03-03 02:53:54,875 I 189 189] client_connection.cc:51: ConnectSocketRetry end /host/tmp/ray/session_2023-03-03_02-53-39_842068_2/sockets/plasma_store 0. OK
[2023-03-03 02:53:54,875 I 189 189] client.cc:764: After ConnectSocketRetry
[2023-03-03 02:53:54,875 I 189 189] client.cc:766: After new StoreConn
[2023-03-03 02:53:54,875 I 189 189] client.cc:769: After SendConnectRequest
[2023-03-03 02:53:54,875 I 189 189] client.cc:772: After PlasmaReceive
[2023-03-03 02:53:54,875 I 189 189] client.cc:774: After ReadConnectReply
[2023-03-03 02:53:54,875 D 189 189] client.cc:392: called plasma_create on conn 30 with size 8 and metadata size 0
[2023-03-03 02:53:54,875 I 189 189] protocol.cc:219: After CreatePlasmaCreateRequest, prepare to send
[2023-03-03 02:53:54,875 I 189 189] protocol.cc:221: After PlasmaSend, status: 1
[2023-03-03 02:53:54,875 I 189 189] client.cc:402: After SendCreateRequest
[2023-03-03 02:53:54,875 I 189 189] client.cc:311: Before PlasmaReceive
[2023-03-03 02:53:54,876 I 189 189] client.cc:313: After PlasmaReceive buffer size: 160
[2023-03-03 02:53:54,876 I 189 189] client.cc:327: After RreadCreateReply, retry count: 0
[2023-03-03 02:53:54,876 I 189 189] client.cc:355: After create PlasmaMutableBuffer
[2023-03-03 02:53:54,876 I 189 189] client.cc:404: After HandleCreateReply
[2023-03-03 02:53:54,877 I 189 189] core_worker.cc:277: Created CoreWorkerPlasmaStoreProvider
[2023-03-03 02:53:54,878 D 189 189] core_worker_process.cc:276: Worker f315232835ec3ef57bdafa6e425890e2eb5203fd8bd1653137844c86 is created.
[2023-03-03 02:53:54,878 D 189 189] core_worker_process.cc:132: Stats setup in core worker.
[2023-03-03 02:53:54,878 D 189 189] stats.h:75: Initialized stats
[2023-03-03 02:53:54,879 I 189 189] io_service_pool.cc:35: IOServicePool is running with 1 io_service.
[2023-03-03 02:53:54,887 D 189 189] metrics_agent_client.h:41: Initiate the metrics client of address:127.0.0.1 port:52343
[2023-03-03 02:53:54,907 I 189 247] core_worker.cc:502: Event stats:


Global stats: 16 total (11 active)
Queueing time: mean = 10.019 ms, max = 33.510 ms, min = 29.740 ms, total = 160.302 ms
Execution time:  mean = 34.767 us, total = 556.280 us
Event stats:
	PeriodicalRunner.RunFnPeriodically - 7 total (2 active, 1 running), CPU time: mean = 79.469 us, total = 556.280 us
	UNKNOWN - 3 total (3 active), CPU time: mean = 0.000 s, total = 0.000 s
	InternalPubSubGcsService.grpc_client.GcsSubscriberCommandBatch - 1 total (1 active), CPU time: mean = 0.000 s, total = 0.000 s
	InternalPubSubGcsService.grpc_client.GcsSubscriberPoll - 1 total (1 active), CPU time: mean = 0.000 s, total = 0.000 s
	GcsClient.deadline_timer.check_gcs_connection - 1 total (1 active), CPU time: mean = 0.000 s, total = 0.000 s
	NodeManagerService.grpc_client.ReportWorkerBacklog - 1 total (1 active), CPU time: mean = 0.000 s, total = 0.000 s
	WorkerInfoGcsService.grpc_client.AddWorkerInfo - 1 total (1 active), CPU time: mean = 0.000 s, total = 0.000 s
	CoreWorker.deadline_timer.flush_profiling_events - 1 total (1 active), CPU time: mean = 0.000 s, total = 0.000 s


[2023-03-03 02:53:54,937 D 189 232] grpc_server.cc:146: Polled event from CQ, thead: 139932152628992::0, status: 1
[2023-03-03 02:53:54,938 D 189 247] accessor.cc:487: Getting information of all nodes.
[2023-03-03 02:53:54,939 I 189 247] accessor.cc:599: Received notification for node id = 7a04dde0a4e4d25e710a1426e0c8a059ba4437f33523a5251b729832, IsAlive = 1
[2023-03-03 02:53:54,939 D 189 247] accessor.cc:497: Finished getting information of all nodes, status = OK
[2023-03-03 02:53:54,966 D 189 189] core_worker.cc:2273: Executing task, task info = Type=ACTOR_CREATION_TASK, Language=PYTHON, Resources: {CPU_group_ac4954484388251a94d8820fca1a01000000: 1, }, function_descriptor={type=PythonFunctionDescriptor, module_name=ray.train.worker_group, class_name=BaseWorkerMixin, function_name=__init__, function_hash=08e13eb0812849feb722bba597b59a90}, task_id=ffffffffffffffffa09871af71412d5d2458687701000000, task_name=BaseWorkerMixin.__init__(), job_id=01000000, num_args=0, num_returns=1, depth=1, actor_creation_task_spec={actor_id=a09871af71412d5d2458687701000000, max_restarts=0, max_concurrency=1, is_asyncio_actor=0, is_detached=0}
[2023-03-03 02:53:54,966 D 189 189] reference_count.cc:242: Add local reference ffffffffffffffffa09871af71412d5d245868770100000001000000
[2023-03-03 02:53:54,966 D 189 189] reference_count.cc:243: REF ffffffffffffffffa09871af71412d5d245868770100000001000000 borrowers: 0 local_ref_count: 1 submitted_count: 0 contained_in_owned: 0 contained_in_borrowed: 0 contains: 0 stored_in: 0 lineage_ref_count: 0
[2023-03-03 02:53:54,966 I 189 189] direct_actor_task_submitter.cc:33: Set max pending calls to -1 for actor a09871af71412d5d2458687701000000
[2023-03-03 02:53:54,966 D 189 189] direct_actor_task_submitter.cc:169: Connecting to actor a09871af71412d5d2458687701000000 at worker f315232835ec3ef57bdafa6e425890e2eb5203fd8bd1653137844c86
[2023-03-03 02:53:54,966 D 189 189] core_worker_client_pool.cc:42: Connected to 172.17.0.3:45785
[2023-03-03 02:53:54,966 D 189 189] sequential_actor_submit_queue.cc:86: Resetting caller starts at for actor a09871af71412d5d2458687701000000 from 0 to 0
[2023-03-03 02:53:54,966 I 189 189] direct_actor_task_submitter.cc:217: Connecting to actor a09871af71412d5d2458687701000000 at worker f315232835ec3ef57bdafa6e425890e2eb5203fd8bd1653137844c86
[2023-03-03 02:53:54,966 D 189 189] reference_count.cc:106: Adding borrowed object ffffffffffffffffa09871af71412d5d245868770100000001000000
[2023-03-03 02:53:54,966 I 189 189] core_worker.cc:2330: Creating actor: a09871af71412d5d2458687701000000
[2023-03-03 02:53:55,673 D 189 189] core_worker.cc:2407: Finished executing task ffffffffffffffffa09871af71412d5d2458687701000000, status=OK
[2023-03-03 02:53:55,673 I 189 189] direct_actor_transport.cc:144: Actor creation task finished, task_id: ffffffffffffffffa09871af71412d5d2458687701000000, actor_id: a09871af71412d5d2458687701000000
[2023-03-03 02:53:55,673 D 189 232] grpc_server.cc:146: Polled event from CQ, thead: 139932152628992::0, status: 1
[2023-03-03 02:53:55,676 D 189 232] grpc_server.cc:146: Polled event from CQ, thead: 139932152628992::0, status: 1
[2023-03-03 02:53:55,676 D 189 189] actor_scheduling_queue.cc:89: Enqueue 0 cur seqno 0
[2023-03-03 02:53:55,676 D 189 189] core_worker.cc:2273: Executing task, task info = Type=ACTOR_TASK, Language=PYTHON, Resources: {}, function_descriptor={type=PythonFunctionDescriptor, module_name=ray.train.worker_group, class_name=BaseWorkerMixin, function_name=_BaseWorkerMixin__execute, function_hash=}, task_id=e453c7f725052c40a09871af71412d5d2458687701000000, task_name=BaseWorkerMixin._BaseWorkerMixin__execute(), job_id=01000000, num_args=2, num_returns=2, depth=0, actor_task_spec={actor_id=a09871af71412d5d2458687701000000, actor_caller_id=ffffffffffffffff39c45fc19653a2ee38e7644501000000, actor_counter=0}
[2023-03-03 02:53:55,677 D 189 189] core_worker.cc:2232: Creating return object e453c7f725052c40a09871af71412d5d245868770100000001000000
[2023-03-03 02:53:55,677 D 189 189] core_worker.cc:2424: Sealing return object e453c7f725052c40a09871af71412d5d245868770100000001000000
[2023-03-03 02:53:55,677 D 189 189] core_worker.cc:2407: Finished executing task e453c7f725052c40a09871af71412d5d2458687701000000, status=OK
[2023-03-03 02:53:55,677 D 189 232] grpc_server.cc:146: Polled event from CQ, thead: 139932152628992::0, status: 1
[2023-03-03 02:53:55,681 D 189 232] grpc_server.cc:146: Polled event from CQ, thead: 139932152628992::0, status: 1
[2023-03-03 02:53:55,681 D 189 189] actor_scheduling_queue.cc:89: Enqueue 1 cur seqno 1
[2023-03-03 02:53:55,681 D 189 189] core_worker.cc:2273: Executing task, task info = Type=ACTOR_TASK, Language=PYTHON, Resources: {}, function_descriptor={type=PythonFunctionDescriptor, module_name=ray.train.worker_group, class_name=BaseWorkerMixin, function_name=_BaseWorkerMixin__execute, function_hash=}, task_id=68376281af699c9aa09871af71412d5d2458687701000000, task_name=BaseWorkerMixin._BaseWorkerMixin__execute(), job_id=01000000, num_args=2, num_returns=2, depth=0, actor_task_spec={actor_id=a09871af71412d5d2458687701000000, actor_caller_id=ffffffffffffffff39c45fc19653a2ee38e7644501000000, actor_counter=1}
[2023-03-03 02:53:55,682 D 189 189] core_worker.cc:2232: Creating return object 68376281af699c9aa09871af71412d5d245868770100000001000000
[2023-03-03 02:53:55,682 D 189 189] core_worker.cc:2424: Sealing return object 68376281af699c9aa09871af71412d5d245868770100000001000000
[2023-03-03 02:53:55,682 D 189 189] core_worker.cc:2407: Finished executing task 68376281af699c9aa09871af71412d5d2458687701000000, status=OK
[2023-03-03 02:53:55,682 D 189 232] grpc_server.cc:146: Polled event from CQ, thead: 139932152628992::0, status: 1
[2023-03-03 02:53:55,684 D 189 232] grpc_server.cc:146: Polled event from CQ, thead: 139932152628992::0, status: 1
[2023-03-03 02:53:55,684 D 189 189] actor_scheduling_queue.cc:89: Enqueue 2 cur seqno 2
[2023-03-03 02:53:55,684 D 189 189] core_worker.cc:2273: Executing task, task info = Type=ACTOR_TASK, Language=PYTHON, Resources: {}, function_descriptor={type=PythonFunctionDescriptor, module_name=ray.train.worker_group, class_name=BaseWorkerMixin, function_name=_BaseWorkerMixin__execute, function_hash=}, task_id=5bafded75d7c5df8a09871af71412d5d2458687701000000, task_name=BaseWorkerMixin._BaseWorkerMixin__execute(), job_id=01000000, num_args=6, num_returns=2, depth=0, actor_task_spec={actor_id=a09871af71412d5d2458687701000000, actor_caller_id=ffffffffffffffff39c45fc19653a2ee38e7644501000000, actor_counter=2}
[2023-03-03 02:53:55,685 D 189 189] core_worker.cc:2232: Creating return object 5bafded75d7c5df8a09871af71412d5d245868770100000001000000
[2023-03-03 02:53:55,685 D 189 189] core_worker.cc:2424: Sealing return object 5bafded75d7c5df8a09871af71412d5d245868770100000001000000
[2023-03-03 02:53:55,685 D 189 189] core_worker.cc:2407: Finished executing task 5bafded75d7c5df8a09871af71412d5d2458687701000000, status=OK
[2023-03-03 02:53:55,685 D 189 232] grpc_server.cc:146: Polled event from CQ, thead: 139932152628992::0, status: 1
[2023-03-03 02:53:55,689 D 189 232] grpc_server.cc:146: Polled event from CQ, thead: 139932152628992::0, status: 1
[2023-03-03 02:53:55,689 D 189 189] actor_scheduling_queue.cc:89: Enqueue 3 cur seqno 3
[2023-03-03 02:53:55,689 D 189 189] core_worker.cc:2273: Executing task, task info = Type=ACTOR_TASK, Language=PYTHON, Resources: {}, function_descriptor={type=PythonFunctionDescriptor, module_name=ray.train.worker_group, class_name=BaseWorkerMixin, function_name=_BaseWorkerMixin__execute, function_hash=}, task_id=02a292de5e438e97a09871af71412d5d2458687701000000, task_name=BaseWorkerMixin._BaseWorkerMixin__execute(), job_id=01000000, num_args=12, num_returns=2, depth=0, actor_task_spec={actor_id=a09871af71412d5d2458687701000000, actor_caller_id=ffffffffffffffff39c45fc19653a2ee38e7644501000000, actor_counter=3}
[2023-03-03 02:53:55,906 D 189 247] accessor.cc:784: Adding profile data, component type = worker, node id = f315232835ec3ef57bdafa6e425890e2eb5203fd8bd1653137844c86
[2023-03-03 02:54:00,142 D 189 247] profiling.cc:87: Pushed 16 events to GCS.
[2023-03-03 02:54:00,298 D 189 247] accessor.cc:795: Finished adding profile data, status = OK, component type = worker, node id = f315232835ec3ef57bdafa6e425890e2eb5203fd8bd1653137844c86
[2023-03-03 02:54:01,038 D 189 189] core_worker.cc:2232: Creating return object 02a292de5e438e97a09871af71412d5d245868770100000001000000
[2023-03-03 02:54:01,038 D 189 189] core_worker.cc:2424: Sealing return object 02a292de5e438e97a09871af71412d5d245868770100000001000000
[2023-03-03 02:54:01,038 D 189 189] core_worker.cc:2407: Finished executing task 02a292de5e438e97a09871af71412d5d2458687701000000, status=OK
[2023-03-03 02:54:01,038 D 189 232] grpc_server.cc:146: Polled event from CQ, thead: 139932152628992::0, status: 1
[2023-03-03 02:54:01,143 D 189 247] accessor.cc:784: Adding profile data, component type = worker, node id = f315232835ec3ef57bdafa6e425890e2eb5203fd8bd1653137844c86
[2023-03-03 02:54:01,143 D 189 247] profiling.cc:87: Pushed 4 events to GCS.
[2023-03-03 02:54:01,144 D 189 247] accessor.cc:795: Finished adding profile data, status = OK, component type = worker, node id = f315232835ec3ef57bdafa6e425890e2eb5203fd8bd1653137844c86
[2023-03-03 02:54:01,230 D 189 232] grpc_server.cc:146: Polled event from CQ, thead: 139932152628992::0, status: 1
[2023-03-03 02:54:01,230 D 189 189] actor_scheduling_queue.cc:89: Enqueue 4 cur seqno 4
[2023-03-03 02:54:01,230 D 189 189] core_worker.cc:2273: Executing task, task info = Type=ACTOR_TASK, Language=PYTHON, Resources: {}, function_descriptor={type=PythonFunctionDescriptor, module_name=ray.train.worker_group, class_name=BaseWorkerMixin, function_name=_BaseWorkerMixin__execute, function_hash=}, task_id=02a3df899b8667a9a09871af71412d5d2458687701000000, task_name=BaseWorkerMixin._BaseWorkerMixin__execute(), job_id=01000000, num_args=16, num_returns=2, depth=0, actor_task_spec={actor_id=a09871af71412d5d2458687701000000, actor_caller_id=ffffffffffffffff39c45fc19653a2ee38e7644501000000, actor_counter=4}
[2023-03-03 02:54:01,466 D 189 189] core_worker.cc:2232: Creating return object 02a3df899b8667a9a09871af71412d5d245868770100000001000000
[2023-03-03 02:54:01,466 D 189 189] core_worker.cc:2424: Sealing return object 02a3df899b8667a9a09871af71412d5d245868770100000001000000
[2023-03-03 02:54:01,467 D 189 189] core_worker.cc:2407: Finished executing task 02a3df899b8667a9a09871af71412d5d2458687701000000, status=OK
[2023-03-03 02:54:01,467 D 189 232] grpc_server.cc:146: Polled event from CQ, thead: 139932152628992::0, status: 1
[2023-03-03 02:54:01,509 D 189 232] grpc_server.cc:146: Polled event from CQ, thead: 139932152628992::0, status: 1
[2023-03-03 02:54:01,509 D 189 189] actor_scheduling_queue.cc:89: Enqueue 5 cur seqno 5
[2023-03-03 02:54:01,509 D 189 189] core_worker.cc:2273: Executing task, task info = Type=ACTOR_TASK, Language=PYTHON, Resources: {}, function_descriptor={type=PythonFunctionDescriptor, module_name=ray.train.worker_group, class_name=BaseWorkerMixin, function_name=_BaseWorkerMixin__execute, function_hash=}, task_id=9c47e7b0492e90ffa09871af71412d5d2458687701000000, task_name=BaseWorkerMixin._BaseWorkerMixin__execute(), job_id=01000000, num_args=2, num_returns=2, depth=0, actor_task_spec={actor_id=a09871af71412d5d2458687701000000, actor_caller_id=ffffffffffffffff39c45fc19653a2ee38e7644501000000, actor_counter=5}
[2023-03-03 02:54:01,516 D 189 232] grpc_server.cc:146: Polled event from CQ, thead: 139932152628992::0, status: 1
[2023-03-03 02:54:01,537 D 189 189] core_worker.cc:2232: Creating return object 9c47e7b0492e90ffa09871af71412d5d245868770100000001000000
[2023-03-03 02:54:01,537 D 189 189] core_worker.cc:2424: Sealing return object 9c47e7b0492e90ffa09871af71412d5d245868770100000001000000
[2023-03-03 02:54:01,538 D 189 189] core_worker.cc:2407: Finished executing task 9c47e7b0492e90ffa09871af71412d5d2458687701000000, status=OK
[2023-03-03 02:54:01,538 D 189 232] grpc_server.cc:146: Polled event from CQ, thead: 139932152628992::0, status: 1
[2023-03-03 02:54:01,538 D 189 189] actor_scheduling_queue.cc:89: Enqueue 6 cur seqno 6
[2023-03-03 02:54:01,538 D 189 189] core_worker.cc:2273: Executing task, task info = Type=ACTOR_TASK, Language=PYTHON, Resources: {}, function_descriptor={type=PythonFunctionDescriptor, module_name=ray.train.worker_group, class_name=BaseWorkerMixin, function_name=_BaseWorkerMixin__execute, function_hash=}, task_id=649fcb3273f4af8ba09871af71412d5d2458687701000000, task_name=BaseWorkerMixin._BaseWorkerMixin__execute(), job_id=01000000, num_args=2, num_returns=2, depth=0, actor_task_spec={actor_id=a09871af71412d5d2458687701000000, actor_caller_id=ffffffffffffffff39c45fc19653a2ee38e7644501000000, actor_counter=6}
[2023-03-03 02:54:02,143 D 189 247] accessor.cc:784: Adding profile data, component type = worker, node id = f315232835ec3ef57bdafa6e425890e2eb5203fd8bd1653137844c86
[2023-03-03 02:54:02,143 D 189 247] profiling.cc:87: Pushed 9 events to GCS.
[2023-03-03 02:54:02,144 D 189 247] accessor.cc:795: Finished adding profile data, status = OK, component type = worker, node id = f315232835ec3ef57bdafa6e425890e2eb5203fd8bd1653137844c86
[2023-03-03 02:54:04,897 W 189 250] metric_exporter.cc:207: [1] Export metrics to agent failed: GrpcUnknown: RPC Error message: Method not found!; RPC Error details: . This won't affect Ray, but you can lose metrics from the cluster.
[2023-03-03 02:54:54,907 I 189 247] core_worker.cc:502: Event stats:


Global stats: 861 total (8 active)
Queueing time: mean = 19.585 ms, max = 4.392 s, min = -0.155 s, total = 16.862 s
Execution time:  mean = 5.146 ms, total = 4.431 s
Event stats:
	UNKNOWN - 670 total (5 active, 1 running), CPU time: mean = 48.628 us, total = 32.581 ms
	GcsClient.deadline_timer.check_gcs_connection - 57 total (1 active), CPU time: mean = 14.576 us, total = 830.831 us
	NodeManagerService.grpc_client.ReportWorkerBacklog - 56 total (0 active), CPU time: mean = 21.975 us, total = 1.231 ms
	CoreWorker.deadline_timer.flush_profiling_events - 56 total (1 active), CPU time: mean = 78.453 ms, total = 4.393 s
	CoreWorkerService.grpc_server.PushTask - 8 total (0 active), CPU time: mean = 59.714 us, total = 477.710 us
	PeriodicalRunner.RunFnPeriodically - 7 total (0 active), CPU time: mean = 121.571 us, total = 850.996 us
	StatsGcsService.grpc_client.AddProfileData - 3 total (0 active), CPU time: mean = 147.848 us, total = 443.543 us
	NodeInfoGcsService.grpc_client.GetAllNodeInfo - 1 total (0 active), CPU time: mean = 128.801 us, total = 128.801 us
	InternalPubSubGcsService.grpc_client.GcsSubscriberCommandBatch - 1 total (0 active), CPU time: mean = 590.244 us, total = 590.244 us
	InternalPubSubGcsService.grpc_client.GcsSubscriberPoll - 1 total (1 active), CPU time: mean = 0.000 s, total = 0.000 s
	WorkerInfoGcsService.grpc_client.AddWorkerInfo - 1 total (0 active), CPU time: mean = 35.931 us, total = 35.931 us


[2023-03-03 02:55:54,907 I 189 247] core_worker.cc:502: Event stats:


Global stats: 1761 total (8 active)
Queueing time: mean = 9.622 ms, max = 4.392 s, min = -0.155 s, total = 16.944 s
Execution time:  mean = 2.537 ms, total = 4.467 s
Event stats:
	UNKNOWN - 1390 total (5 active, 1 running), CPU time: mean = 46.802 us, total = 65.055 ms
	GcsClient.deadline_timer.check_gcs_connection - 117 total (1 active), CPU time: mean = 14.510 us, total = 1.698 ms
	NodeManagerService.grpc_client.ReportWorkerBacklog - 116 total (0 active), CPU time: mean = 21.809 us, total = 2.530 ms
	CoreWorker.deadline_timer.flush_profiling_events - 116 total (1 active), CPU time: mean = 37.888 ms, total = 4.395 s
	CoreWorkerService.grpc_server.PushTask - 8 total (0 active), CPU time: mean = 59.714 us, total = 477.710 us
	PeriodicalRunner.RunFnPeriodically - 7 total (0 active), CPU time: mean = 121.571 us, total = 850.996 us
	StatsGcsService.grpc_client.AddProfileData - 3 total (0 active), CPU time: mean = 147.848 us, total = 443.543 us
	NodeInfoGcsService.grpc_client.GetAllNodeInfo - 1 total (0 active), CPU time: mean = 128.801 us, total = 128.801 us
	InternalPubSubGcsService.grpc_client.GcsSubscriberCommandBatch - 1 total (0 active), CPU time: mean = 590.244 us, total = 590.244 us
	InternalPubSubGcsService.grpc_client.GcsSubscriberPoll - 1 total (1 active), CPU time: mean = 0.000 s, total = 0.000 s
	WorkerInfoGcsService.grpc_client.AddWorkerInfo - 1 total (0 active), CPU time: mean = 35.931 us, total = 35.931 us


