[2023-03-03 02:53:46,497 I 2 2] core_worker_process.cc:120: Constructing CoreWorkerProcess. pid: 2
[2023-03-03 02:53:46,504 D 2 83] core_worker_process.cc:200: Getting system config from raylet, remaining retries = 100
[2023-03-03 02:53:46,505 D 2 2] ray_config.cc:70: RayConfig is initialized with: is_external_storage_type_fs=true,object_spilling_config="{\"type\": \"filesystem\", \"params\": {\"directory_path\": \"/host/tmp/ray/session_2023-03-03_02-53-39_842068_2\"}}",
[2023-03-03 02:53:46,505 D 2 2] core_worker.cc:88: Constructing CoreWorker, worker_id: 01000000ffffffffffffffffffffffffffffffffffffffffffffffff
[2023-03-03 02:53:46,505 I 2 2] core_worker.cc:119: Connecting to local Raylet.
[2023-03-03 02:53:46,505 I 2 2] raylet_client.cc:116: Creating RayletConnection.
[2023-03-03 02:53:46,505 I 2 2] client_connection.cc:47: ConnectSocketRetry begin /host/tmp/ray/session_2023-03-03_02-53-39_842068_2/sockets/raylet 0
[2023-03-03 02:53:46,506 I 2 2] client_connection.cc:51: ConnectSocketRetry end /host/tmp/ray/session_2023-03-03_02-53-39_842068_2/sockets/raylet 0. OK
[2023-03-03 02:53:46,506 I 2 2] raylet_client.cc:118: Created RayletConnection.
[2023-03-03 02:53:46,506 I 2 2] raylet_client.cc:138: Begin AtomicRequestReply RegisterClientRequest
[2023-03-03 02:53:46,507 I 2 2] raylet_client.cc:141: End AtomicRequestReply RegisterClientRequest. Status: OK
[2023-03-03 02:53:46,507 I 2 2] core_worker.cc:135: Connected to local Raylet.
[2023-03-03 02:53:46,507 I 2 2] core_worker.cc:164: Starting GRPC server.
[2023-03-03 02:53:46,508 I 2 2] grpc_server.cc:105: driver server started, listening on port 36859.
[2023-03-03 02:53:46,509 I 2 2] core_worker.cc:171: Started GRPC server.
[2023-03-03 02:53:46,509 I 2 2] core_worker.cc:179: Initializing worker at address: 172.17.0.3:36859, worker ID 01000000ffffffffffffffffffffffffffffffffffffffffffffffff, raylet 7a04dde0a4e4d25e710a1426e0c8a059ba4437f33523a5251b729832
[2023-03-03 02:53:46,520 I 2 88] gcs_server_address_updater.cc:32: GCS Server updater thread id: 139923730466560
[2023-03-03 02:53:46,612 D 2 2] gcs_client.cc:165: GcsClient connected.
[2023-03-03 02:53:46,612 I 2 2] core_worker.cc:205: GCS client created.
[2023-03-03 02:53:46,612 I 2 2] core_worker.cc:207: Registered to GCS.
[2023-03-03 02:53:46,612 D 2 2] subscriber.cc:348: Make a long polling request to a36dc3067890825d9ca4e564c5c138c665fa0d9ba3c641f1ef178b26
[2023-03-03 02:53:46,613 I 2 2] core_worker.cc:267: Creating CoreWorkerPlasmaStoreProvider
[2023-03-03 02:53:46,613 I 2 2] client.cc:762: Before ConnectSocketRetry
[2023-03-03 02:53:46,613 I 2 2] client_connection.cc:47: ConnectSocketRetry begin /host/tmp/ray/session_2023-03-03_02-53-39_842068_2/sockets/plasma_store 0
[2023-03-03 02:53:46,613 I 2 2] client_connection.cc:51: ConnectSocketRetry end /host/tmp/ray/session_2023-03-03_02-53-39_842068_2/sockets/plasma_store 0. OK
[2023-03-03 02:53:46,613 I 2 2] client.cc:764: After ConnectSocketRetry
[2023-03-03 02:53:46,614 I 2 2] client.cc:766: After new StoreConn
[2023-03-03 02:53:46,614 I 2 2] client.cc:769: After SendConnectRequest
[2023-03-03 02:53:46,614 I 2 2] client.cc:772: After PlasmaReceive
[2023-03-03 02:53:46,614 I 2 2] client.cc:774: After ReadConnectReply
[2023-03-03 02:53:46,614 D 2 2] client.cc:392: called plasma_create on conn 25 with size 8 and metadata size 0
[2023-03-03 02:53:46,614 I 2 2] protocol.cc:219: After CreatePlasmaCreateRequest, prepare to send
[2023-03-03 02:53:46,614 I 2 2] protocol.cc:221: After PlasmaSend, status: 1
[2023-03-03 02:53:46,614 I 2 2] client.cc:402: After SendCreateRequest
[2023-03-03 02:53:46,614 I 2 2] client.cc:311: Before PlasmaReceive
[2023-03-03 02:53:46,614 I 2 2] client.cc:313: After PlasmaReceive buffer size: 160
[2023-03-03 02:53:46,614 I 2 2] client.cc:327: After RreadCreateReply, retry count: 0
[2023-03-03 02:53:46,614 I 2 2] client.cc:355: After create PlasmaMutableBuffer
[2023-03-03 02:53:46,614 I 2 2] client.cc:404: After HandleCreateReply
[2023-03-03 02:53:46,615 I 2 2] core_worker.cc:277: Created CoreWorkerPlasmaStoreProvider
[2023-03-03 02:53:46,615 D 2 2] core_worker_process.cc:276: Worker 01000000ffffffffffffffffffffffffffffffffffffffffffffffff is created.
[2023-03-03 02:53:46,615 D 2 2] core_worker_process.cc:132: Stats setup in core worker.
[2023-03-03 02:53:46,615 D 2 2] stats.h:75: Initialized stats
[2023-03-03 02:53:46,616 I 2 2] io_service_pool.cc:35: IOServicePool is running with 1 io_service.
[2023-03-03 02:53:46,616 D 2 2] metrics_agent_client.h:41: Initiate the metrics client of address:127.0.0.1 port:52343
[2023-03-03 02:53:46,622 D 2 91] accessor.cc:487: Getting information of all nodes.
[2023-03-03 02:53:46,623 I 2 91] core_worker.cc:502: Event stats:


Global stats: 15 total (9 active)
Queueing time: mean = 3.734 ms, max = 10.450 ms, min = 7.921 ms, total = 56.007 ms
Execution time:  mean = 60.618 us, total = 909.266 us
Event stats:
	PeriodicalRunner.RunFnPeriodically - 6 total (2 active, 1 running), CPU time: mean = 72.189 us, total = 433.132 us
	UNKNOWN - 2 total (2 active), CPU time: mean = 0.000 s, total = 0.000 s
	CoreWorker.deadline_timer.flush_profiling_events - 1 total (1 active), CPU time: mean = 0.000 s, total = 0.000 s
	InternalPubSubGcsService.grpc_client.GcsSubscriberPoll - 1 total (1 active), CPU time: mean = 0.000 s, total = 0.000 s
	NodeInfoGcsService.grpc_client.GetAllNodeInfo - 1 total (1 active), CPU time: mean = 0.000 s, total = 0.000 s
	GcsClient.deadline_timer.check_gcs_connection - 1 total (1 active), CPU time: mean = 0.000 s, total = 0.000 s
	WorkerInfoGcsService.grpc_client.AddWorkerInfo - 1 total (0 active), CPU time: mean = 33.145 us, total = 33.145 us
	NodeManagerService.grpc_client.ReportWorkerBacklog - 1 total (1 active), CPU time: mean = 0.000 s, total = 0.000 s
	InternalPubSubGcsService.grpc_client.GcsSubscriberCommandBatch - 1 total (0 active), CPU time: mean = 442.989 us, total = 442.989 us


[2023-03-03 02:53:46,623 I 2 91] accessor.cc:599: Received notification for node id = 7a04dde0a4e4d25e710a1426e0c8a059ba4437f33523a5251b729832, IsAlive = 1
[2023-03-03 02:53:46,623 D 2 91] accessor.cc:497: Finished getting information of all nodes, status = OK
[2023-03-03 02:53:46,682 D 2 78] accessor.cc:685: Finished getting available resources of all nodes, status = OK
[2023-03-03 02:53:46,682 D 2 2] accessor.cc:487: Getting information of all nodes.
[2023-03-03 02:53:46,683 D 2 78] accessor.cc:497: Finished getting information of all nodes, status = OK
[2023-03-03 02:53:46,683 D 2 2] accessor.cc:660: Getting node resources, node id = 7a04dde0a4e4d25e710a1426e0c8a059ba4437f33523a5251b729832
[2023-03-03 02:53:46,683 D 2 78] accessor.cc:672: Finished getting node resources, status = OK, node id = 7a04dde0a4e4d25e710a1426e0c8a059ba4437f33523a5251b729832
[2023-03-03 02:53:46,786 D 2 2] reference_count.cc:183: Adding owned object ffffffffffffffff39c45fc19653a2ee38e764450100000001000000
[2023-03-03 02:53:46,786 D 2 2] reference_count.cc:242: Add local reference ffffffffffffffff39c45fc19653a2ee38e764450100000001000000
[2023-03-03 02:53:46,786 D 2 2] reference_count.cc:243: REF ffffffffffffffff39c45fc19653a2ee38e764450100000001000000 borrowers: 0 local_ref_count: 1 submitted_count: 0 contained_in_owned: 0 contained_in_borrowed: 0 contains: 0 stored_in: 0 lineage_ref_count: 0
[2023-03-03 02:53:46,786 I 2 2] direct_actor_task_submitter.cc:33: Set max pending calls to -1 for actor 39c45fc19653a2ee38e7644501000000
[2023-03-03 02:53:46,786 D 2 2] accessor.cc:327: Subscribing update operations of actor, actor id = 39c45fc19653a2ee38e7644501000000, job id = 01000000
[2023-03-03 02:53:46,787 D 2 2] core_worker.cc:1825: Submitting actor creation task Type=ACTOR_CREATION_TASK, Language=PYTHON, Resources: {}, function_descriptor={type=PythonFunctionDescriptor, module_name=ray.train.backend, class_name=BackendExecutor, function_name=__init__, function_hash=1c90dc7fdaf84f3d9838ed0d865fae80}, task_id=ffffffffffffffff39c45fc19653a2ee38e7644501000000, task_name=BackendExecutor.__init__(), job_id=01000000, num_args=12, num_returns=1, depth=1, actor_creation_task_spec={actor_id=39c45fc19653a2ee38e7644501000000, max_restarts=0, max_concurrency=1, is_asyncio_actor=0, is_detached=0}
[2023-03-03 02:53:46,787 D 2 91] accessor.cc:140: Getting actor info, actor id = 39c45fc19653a2ee38e7644501000000, job id = 01000000
[2023-03-03 02:53:46,787 D 2 2] task_manager.cc:36: Adding pending task ffffffffffffffff39c45fc19653a2ee38e7644501000000 with 3 retries
[2023-03-03 02:53:46,787 D 2 91] util.h:287: First accessed in thread worker.io
[2023-03-03 02:53:46,787 D 2 2] core_worker.cc:2013: Submitting actor task Type=ACTOR_TASK, Language=PYTHON, Resources: {}, function_descriptor={type=PythonFunctionDescriptor, module_name=ray.train.backend, class_name=BackendExecutor, function_name=start, function_hash=}, task_id=16310a0f0a45af5c39c45fc19653a2ee38e7644501000000, task_name=BackendExecutor.start(), job_id=01000000, num_args=2, num_returns=2, depth=0, actor_task_spec={actor_id=39c45fc19653a2ee38e7644501000000, actor_caller_id=ffffffffffffffffffffffffffffffffffffffff01000000, actor_counter=0}
[2023-03-03 02:53:46,787 D 2 2] task_manager.cc:36: Adding pending task 16310a0f0a45af5c39c45fc19653a2ee38e7644501000000 with 0 retries
[2023-03-03 02:53:46,787 D 2 2] reference_count.cc:183: Adding owned object 16310a0f0a45af5c39c45fc19653a2ee38e764450100000001000000
[2023-03-03 02:53:46,788 D 2 2] reference_count.cc:318: Increment ref count for submitted task argument ffffffffffffffff39c45fc19653a2ee38e764450100000001000000
[2023-03-03 02:53:46,788 D 2 2] direct_actor_task_submitter.cc:71: Submitting task 16310a0f0a45af5c39c45fc19653a2ee38e7644501000000
[2023-03-03 02:53:46,884 D 2 91] accessor.cc:152: Finished getting actor info, status = OK, actor id = 39c45fc19653a2ee38e7644501000000, job id = 01000000
[2023-03-03 02:53:46,886 D 2 91] subscriber.cc:365: Long polling request has replied from a36dc3067890825d9ca4e564c5c138c665fa0d9ba3c641f1ef178b26
[2023-03-03 02:53:46,887 D 2 86] grpc_server.cc:146: Polled event from CQ, thead: 139921868277504::0, status: 1
[2023-03-03 02:53:46,887 D 2 91] subscriber.cc:348: Make a long polling request to a36dc3067890825d9ca4e564c5c138c665fa0d9ba3c641f1ef178b26
[2023-03-03 02:53:46,887 D 2 91] direct_task_transport.cc:23: Submit task ffffffffffffffff39c45fc19653a2ee38e7644501000000
[2023-03-03 02:53:46,887 D 2 91] direct_task_transport.cc:34: Task dependencies resolved ffffffffffffffff39c45fc19653a2ee38e7644501000000
[2023-03-03 02:53:46,887 D 2 91] direct_task_transport.cc:42: Creating actor via GCS actor id = : 39c45fc19653a2ee38e7644501000000
[2023-03-03 02:53:46,888 D 2 91] core_worker.cc:2794: Received HandleWaitForActorOutOfScope for 39c45fc19653a2ee38e7644501000000
[2023-03-03 02:53:46,889 I 2 91] actor_manager.cc:246: received notification on actor, state: DEPENDENCIES_UNREADY, actor_id: 39c45fc19653a2ee38e7644501000000, ip address: , port: 0, worker_id: NIL_ID, raylet_id: NIL_ID, num_restarts: 0, death context type=CONTEXT_NOT_SET
[2023-03-03 02:53:46,889 D 2 91] subscriber.cc:365: Long polling request has replied from a36dc3067890825d9ca4e564c5c138c665fa0d9ba3c641f1ef178b26
[2023-03-03 02:53:46,889 D 2 91] subscriber.cc:348: Make a long polling request to a36dc3067890825d9ca4e564c5c138c665fa0d9ba3c641f1ef178b26
[2023-03-03 02:53:46,889 I 2 91] actor_manager.cc:246: received notification on actor, state: PENDING_CREATION, actor_id: 39c45fc19653a2ee38e7644501000000, ip address: , port: 0, worker_id: NIL_ID, raylet_id: NIL_ID, num_restarts: 0, death context type=CONTEXT_NOT_SET
[2023-03-03 02:53:47,622 D 2 91] accessor.cc:784: Adding profile data, component type = driver, node id = 01000000ffffffffffffffffffffffffffffffffffffffffffffffff
[2023-03-03 02:53:47,623 D 2 91] profiling.cc:87: Pushed 2 events to GCS.
[2023-03-03 02:53:47,624 D 2 91] accessor.cc:795: Finished adding profile data, status = OK, component type = driver, node id = 01000000ffffffffffffffffffffffffffffffffffffffffffffffff
[2023-03-03 02:53:51,000 D 2 91] subscriber.cc:365: Long polling request has replied from a36dc3067890825d9ca4e564c5c138c665fa0d9ba3c641f1ef178b26
[2023-03-03 02:53:51,000 D 2 91] subscriber.cc:348: Make a long polling request to a36dc3067890825d9ca4e564c5c138c665fa0d9ba3c641f1ef178b26
[2023-03-03 02:53:51,000 D 2 91] direct_task_transport.cc:47: Created actor, actor id = 39c45fc19653a2ee38e7644501000000
[2023-03-03 02:53:51,000 D 2 91] task_manager.cc:217: Completing task ffffffffffffffff39c45fc19653a2ee38e7644501000000
[2023-03-03 02:53:51,000 D 2 91] task_manager.cc:311: Task ffffffffffffffff39c45fc19653a2ee38e7644501000000 now has 1 plasma returns in scope
[2023-03-03 02:53:51,000 D 2 91] reference_count.cc:1367: Published message for ffffffffffffffff39c45fc19653a2ee38e764450100000001000000, 0 locations, spilled url: [], spilled node ID: NIL_ID, and object size: -1, and primary node ID: NIL_ID, pending creation? 0
[2023-03-03 02:53:51,000 I 2 91] actor_manager.cc:246: received notification on actor, state: ALIVE, actor_id: 39c45fc19653a2ee38e7644501000000, ip address: 172.17.0.3, port: 45931, worker_id: 961dcb9f0334c0f6be6a67704fc9d63cc9938ece6d01099952a9681a, raylet_id: 7a04dde0a4e4d25e710a1426e0c8a059ba4437f33523a5251b729832, num_restarts: 0, death context type=CONTEXT_NOT_SET
[2023-03-03 02:53:51,000 D 2 91] direct_actor_task_submitter.cc:169: Connecting to actor 39c45fc19653a2ee38e7644501000000 at worker 961dcb9f0334c0f6be6a67704fc9d63cc9938ece6d01099952a9681a
[2023-03-03 02:53:51,001 D 2 91] core_worker_client_pool.cc:42: Connected to 172.17.0.3:45931
[2023-03-03 02:53:51,001 D 2 91] sequential_actor_submit_queue.cc:86: Resetting caller starts at for actor 39c45fc19653a2ee38e7644501000000 from 0 to 0
[2023-03-03 02:53:51,001 I 2 91] direct_actor_task_submitter.cc:217: Connecting to actor 39c45fc19653a2ee38e7644501000000 at worker 961dcb9f0334c0f6be6a67704fc9d63cc9938ece6d01099952a9681a
[2023-03-03 02:53:51,001 D 2 91] direct_actor_task_submitter.cc:395: Pushing task 16310a0f0a45af5c39c45fc19653a2ee38e7644501000000 to actor 39c45fc19653a2ee38e7644501000000 actor counter 0 seq no 0 num queued 0
[2023-03-03 02:54:00,301 W 2 92] metric_exporter.cc:207: [1] Export metrics to agent failed: GrpcUnknown: RPC Error message: Method not found!; RPC Error details: . This won't affect Ray, but you can lose metrics from the cluster.
[2023-03-03 02:54:01,043 D 2 91] task_manager.cc:217: Completing task 16310a0f0a45af5c39c45fc19653a2ee38e7644501000000
[2023-03-03 02:54:01,043 D 2 91] reference_count.cc:1367: Published message for 16310a0f0a45af5c39c45fc19653a2ee38e764450100000001000000, 0 locations, spilled url: [], spilled node ID: NIL_ID, and object size: 15, and primary node ID: NIL_ID, pending creation? 1
[2023-03-03 02:54:01,043 D 2 91] task_manager.cc:240: Task return object 16310a0f0a45af5c39c45fc19653a2ee38e764450100000001000000 has size 15
[2023-03-03 02:54:01,043 D 2 91] memory_store.cc:201: Putting object into memory store. objectid is 16310a0f0a45af5c39c45fc19653a2ee38e764450100000001000000
[2023-03-03 02:54:01,043 D 2 91] task_manager.cc:305: Task 16310a0f0a45af5c39c45fc19653a2ee38e7644501000000 returned direct object 16310a0f0a45af5c39c45fc19653a2ee38e764450100000001000000, now has 1 plasma returns in scope
[2023-03-03 02:54:01,043 D 2 2] ray_object.cc:108: Before parsing metadata: 0x7f42c4073860
[2023-03-03 02:54:01,043 D 2 91] task_manager.cc:311: Task 16310a0f0a45af5c39c45fc19653a2ee38e7644501000000 now has 0 plasma returns in scope
[2023-03-03 02:54:01,043 D 2 2] ray_object.cc:112: After parsing metadata: XLANG
[2023-03-03 02:54:01,043 D 2 91] reference_count.cc:1367: Published message for 16310a0f0a45af5c39c45fc19653a2ee38e764450100000001000000, 0 locations, spilled url: [], spilled node ID: NIL_ID, and object size: 15, and primary node ID: NIL_ID, pending creation? 0
[2023-03-03 02:54:01,043 D 2 2] core_worker.cc:1126: Plasma GET timeout -1
[2023-03-03 02:54:01,043 D 2 91] reference_count.cc:849: Merging ref ffffffffffffffff39c45fc19653a2ee38e764450100000001000000
[2023-03-03 02:54:01,043 D 2 91] reference_count.cc:427: Releasing ref for submitted task argument ffffffffffffffff39c45fc19653a2ee38e764450100000001000000
[2023-03-03 02:54:01,043 D 2 2] ray_object.cc:108: Before parsing metadata: 0x7f42c4073860
[2023-03-03 02:54:01,043 D 2 91] sequential_actor_submit_queue.cc:116: Got PushTaskReply for actor 39c45fc19653a2ee38e7644501000000 with actor_counter 0 new queue.next_task_reply_position is 1 and size of out_of_order_tasks set is 0
[2023-03-03 02:54:01,043 D 2 2] ray_object.cc:112: After parsing metadata: XLANG
[2023-03-03 02:54:01,044 D 2 2] reference_count.cc:299: Remove local reference 16310a0f0a45af5c39c45fc19653a2ee38e764450100000001000000
[2023-03-03 02:54:01,044 D 2 2] reference_count.cc:300: REF 16310a0f0a45af5c39c45fc19653a2ee38e764450100000001000000 borrowers: 0 local_ref_count: 0 submitted_count: 0 contained_in_owned: 0 contained_in_borrowed: 0 contains: 0 stored_in: 0 lineage_ref_count: 0
[2023-03-03 02:54:01,044 D 2 2] reference_count.cc:525: Attempting to delete object 16310a0f0a45af5c39c45fc19653a2ee38e764450100000001000000
[2023-03-03 02:54:01,044 D 2 2] reference_count.cc:531: REF 16310a0f0a45af5c39c45fc19653a2ee38e764450100000001000000 borrowers: 0 local_ref_count: 0 submitted_count: 0 contained_in_owned: 0 contained_in_borrowed: 0 contains: 0 stored_in: 0 lineage_ref_count: 0
[2023-03-03 02:54:01,044 D 2 2] reference_count.cc:568: Deleting Reference to object 16310a0f0a45af5c39c45fc19653a2ee38e764450100000001000000
[2023-03-03 02:54:01,044 D 2 2] reference_count.cc:387: Releasing lineage for object 16310a0f0a45af5c39c45fc19653a2ee38e764450100000001000000
[2023-03-03 02:54:01,044 D 2 2] task_manager.cc:534: No lineage for object 16310a0f0a45af5c39c45fc19653a2ee38e764450100000001000000
[2023-03-03 02:54:01,044 D 2 2] ray_object.cc:108: Before parsing metadata: 0x7f42c4073860
[2023-03-03 02:54:01,044 D 2 2] ray_object.cc:112: After parsing metadata: XLANG
[2023-03-03 02:54:01,052 D 2 2] core_worker.cc:2013: Submitting actor task Type=ACTOR_TASK, Language=PYTHON, Resources: {}, function_descriptor={type=PythonFunctionDescriptor, module_name=ray.train.backend, class_name=BackendExecutor, function_name=start_training, function_hash=}, task_id=c2668a65bda616c139c45fc19653a2ee38e7644501000000, task_name=BackendExecutor.start_training(), job_id=01000000, num_args=6, num_returns=2, depth=0, actor_task_spec={actor_id=39c45fc19653a2ee38e7644501000000, actor_caller_id=ffffffffffffffffffffffffffffffffffffffff01000000, actor_counter=1}
[2023-03-03 02:54:01,052 D 2 2] task_manager.cc:36: Adding pending task c2668a65bda616c139c45fc19653a2ee38e7644501000000 with 0 retries
[2023-03-03 02:54:01,052 D 2 2] reference_count.cc:183: Adding owned object c2668a65bda616c139c45fc19653a2ee38e764450100000001000000
[2023-03-03 02:54:01,052 D 2 2] reference_count.cc:318: Increment ref count for submitted task argument ffffffffffffffff39c45fc19653a2ee38e764450100000001000000
[2023-03-03 02:54:01,052 D 2 2] direct_actor_task_submitter.cc:71: Submitting task c2668a65bda616c139c45fc19653a2ee38e7644501000000
[2023-03-03 02:54:01,052 D 2 91] direct_actor_task_submitter.cc:395: Pushing task c2668a65bda616c139c45fc19653a2ee38e7644501000000 to actor 39c45fc19653a2ee38e7644501000000 actor counter 1 seq no 1 num queued 0
[2023-03-03 02:54:01,512 D 2 91] task_manager.cc:217: Completing task c2668a65bda616c139c45fc19653a2ee38e7644501000000
[2023-03-03 02:54:01,512 D 2 91] reference_count.cc:1367: Published message for c2668a65bda616c139c45fc19653a2ee38e764450100000001000000, 0 locations, spilled url: [], spilled node ID: NIL_ID, and object size: 15, and primary node ID: NIL_ID, pending creation? 1
[2023-03-03 02:54:01,512 D 2 91] task_manager.cc:240: Task return object c2668a65bda616c139c45fc19653a2ee38e764450100000001000000 has size 15
[2023-03-03 02:54:01,512 D 2 91] memory_store.cc:201: Putting object into memory store. objectid is c2668a65bda616c139c45fc19653a2ee38e764450100000001000000
[2023-03-03 02:54:01,512 D 2 91] task_manager.cc:305: Task c2668a65bda616c139c45fc19653a2ee38e7644501000000 returned direct object c2668a65bda616c139c45fc19653a2ee38e764450100000001000000, now has 1 plasma returns in scope
[2023-03-03 02:54:01,512 D 2 2] ray_object.cc:108: Before parsing metadata: 0x7f42c4008970
[2023-03-03 02:54:01,513 D 2 91] task_manager.cc:311: Task c2668a65bda616c139c45fc19653a2ee38e7644501000000 now has 0 plasma returns in scope
[2023-03-03 02:54:01,513 D 2 2] ray_object.cc:112: After parsing metadata: XLANG
[2023-03-03 02:54:01,513 D 2 91] reference_count.cc:1367: Published message for c2668a65bda616c139c45fc19653a2ee38e764450100000001000000, 0 locations, spilled url: [], spilled node ID: NIL_ID, and object size: 15, and primary node ID: NIL_ID, pending creation? 0
[2023-03-03 02:54:01,513 D 2 2] core_worker.cc:1126: Plasma GET timeout -1
[2023-03-03 02:54:01,513 D 2 91] reference_count.cc:849: Merging ref ffffffffffffffff39c45fc19653a2ee38e764450100000001000000
[2023-03-03 02:54:01,513 D 2 91] reference_count.cc:427: Releasing ref for submitted task argument ffffffffffffffff39c45fc19653a2ee38e764450100000001000000
[2023-03-03 02:54:01,513 D 2 2] ray_object.cc:108: Before parsing metadata: 0x7f42c4008970
[2023-03-03 02:54:01,513 D 2 91] sequential_actor_submit_queue.cc:116: Got PushTaskReply for actor 39c45fc19653a2ee38e7644501000000 with actor_counter 1 new queue.next_task_reply_position is 2 and size of out_of_order_tasks set is 0
[2023-03-03 02:54:01,513 D 2 2] ray_object.cc:112: After parsing metadata: XLANG
[2023-03-03 02:54:01,513 D 2 2] reference_count.cc:299: Remove local reference c2668a65bda616c139c45fc19653a2ee38e764450100000001000000
[2023-03-03 02:54:01,513 D 2 2] reference_count.cc:300: REF c2668a65bda616c139c45fc19653a2ee38e764450100000001000000 borrowers: 0 local_ref_count: 0 submitted_count: 0 contained_in_owned: 0 contained_in_borrowed: 0 contains: 0 stored_in: 0 lineage_ref_count: 0
[2023-03-03 02:54:01,513 D 2 2] reference_count.cc:525: Attempting to delete object c2668a65bda616c139c45fc19653a2ee38e764450100000001000000
[2023-03-03 02:54:01,513 D 2 2] reference_count.cc:531: REF c2668a65bda616c139c45fc19653a2ee38e764450100000001000000 borrowers: 0 local_ref_count: 0 submitted_count: 0 contained_in_owned: 0 contained_in_borrowed: 0 contains: 0 stored_in: 0 lineage_ref_count: 0
[2023-03-03 02:54:01,513 D 2 2] reference_count.cc:568: Deleting Reference to object c2668a65bda616c139c45fc19653a2ee38e764450100000001000000
[2023-03-03 02:54:01,513 D 2 2] reference_count.cc:387: Releasing lineage for object c2668a65bda616c139c45fc19653a2ee38e764450100000001000000
[2023-03-03 02:54:01,513 D 2 2] task_manager.cc:534: No lineage for object c2668a65bda616c139c45fc19653a2ee38e764450100000001000000
[2023-03-03 02:54:01,513 D 2 2] ray_object.cc:108: Before parsing metadata: 0x7f42c4008970
[2023-03-03 02:54:01,514 D 2 2] ray_object.cc:112: After parsing metadata: XLANG
[2023-03-03 02:54:01,514 D 2 2] core_worker.cc:2013: Submitting actor task Type=ACTOR_TASK, Language=PYTHON, Resources: {}, function_descriptor={type=PythonFunctionDescriptor, module_name=ray.train.backend, class_name=BackendExecutor, function_name=get_next_results, function_hash=}, task_id=32d950ec0ccf9d2a39c45fc19653a2ee38e7644501000000, task_name=BackendExecutor.get_next_results(), job_id=01000000, num_args=0, num_returns=2, depth=0, actor_task_spec={actor_id=39c45fc19653a2ee38e7644501000000, actor_caller_id=ffffffffffffffffffffffffffffffffffffffff01000000, actor_counter=2}
[2023-03-03 02:54:01,514 D 2 2] task_manager.cc:36: Adding pending task 32d950ec0ccf9d2a39c45fc19653a2ee38e7644501000000 with 0 retries
[2023-03-03 02:54:01,514 D 2 2] reference_count.cc:183: Adding owned object 32d950ec0ccf9d2a39c45fc19653a2ee38e764450100000001000000
[2023-03-03 02:54:01,514 D 2 2] reference_count.cc:318: Increment ref count for submitted task argument ffffffffffffffff39c45fc19653a2ee38e764450100000001000000
[2023-03-03 02:54:01,514 D 2 2] direct_actor_task_submitter.cc:71: Submitting task 32d950ec0ccf9d2a39c45fc19653a2ee38e7644501000000
[2023-03-03 02:54:01,514 D 2 91] direct_actor_task_submitter.cc:395: Pushing task 32d950ec0ccf9d2a39c45fc19653a2ee38e7644501000000 to actor 39c45fc19653a2ee38e7644501000000 actor counter 2 seq no 2 num queued 0
[2023-03-03 02:54:01,624 D 2 91] accessor.cc:784: Adding profile data, component type = driver, node id = 01000000ffffffffffffffffffffffffffffffffffffffffffffffff
[2023-03-03 02:54:01,624 D 2 91] profiling.cc:87: Pushed 2 events to GCS.
[2023-03-03 02:54:01,625 D 2 91] accessor.cc:795: Finished adding profile data, status = OK, component type = driver, node id = 01000000ffffffffffffffffffffffffffffffffffffffffffffffff
[2023-03-03 02:54:46,623 I 2 91] core_worker.cc:502: Event stats:


Global stats: 869 total (8 active)
Queueing time: mean = 139.561 us, max = 61.313 ms, min = -0.100 s, total = 121.279 ms
Execution time:  mean = 502.394 us, total = 436.580 ms
Event stats:
	UNKNOWN - 659 total (4 active, 1 running), CPU time: mean = 494.422 us, total = 325.824 ms
	CoreWorker.deadline_timer.flush_profiling_events - 60 total (1 active), CPU time: mean = 30.693 us, total = 1.842 ms
	NodeManagerService.grpc_client.ReportWorkerBacklog - 60 total (0 active), CPU time: mean = 24.151 us, total = 1.449 ms
	GcsClient.deadline_timer.check_gcs_connection - 60 total (1 active), CPU time: mean = 24.506 us, total = 1.470 ms
	PeriodicalRunner.RunFnPeriodically - 6 total (0 active), CPU time: mean = 104.197 us, total = 625.183 us
	InternalPubSubGcsService.grpc_client.GcsSubscriberPoll - 4 total (1 active), CPU time: mean = 342.605 us, total = 1.370 ms
	CoreWorkerService.grpc_client.PushTask - 3 total (1 active), CPU time: mean = 534.912 us, total = 1.605 ms
	CoreWorkerDirectActorTaskSubmitter::SubmitTask - 3 total (0 active), CPU time: mean = 172.650 us, total = 517.950 us
	Subscriber.HandlePublishedMessage_GCS_ACTOR_CHANNEL - 3 total (0 active), CPU time: mean = 786.979 us, total = 2.361 ms
	StatsGcsService.grpc_client.AddProfileData - 2 total (0 active), CPU time: mean = 87.016 us, total = 174.032 us
	InternalPubSubGcsService.grpc_client.GcsSubscriberCommandBatch - 2 total (0 active), CPU time: mean = 466.301 us, total = 932.603 us
	WorkerInfoGcsService.grpc_client.AddWorkerInfo - 1 total (0 active), CPU time: mean = 33.145 us, total = 33.145 us
	ActorInfoGcsService.grpc_client.GetActorInfo - 1 total (0 active), CPU time: mean = 89.761 us, total = 89.761 us
	ActorCreator.AsyncRegisterActor - 1 total (0 active), CPU time: mean = 97.267 ms, total = 97.267 ms
	ActorInfoGcsService.grpc_client.CreateActor - 1 total (0 active), CPU time: mean = 214.781 us, total = 214.781 us
	NodeInfoGcsService.grpc_client.GetAllNodeInfo - 1 total (0 active), CPU time: mean = 104.265 us, total = 104.265 us
	ActorInfoGcsService.grpc_client.RegisterActor - 1 total (0 active), CPU time: mean = 630.009 us, total = 630.009 us
	CoreWorkerService.grpc_server.WaitForActorOutOfScope - 1 total (0 active), CPU time: mean = 70.941 us, total = 70.941 us


[2023-03-03 02:55:46,624 I 2 91] core_worker.cc:502: Event stats:


Global stats: 1710 total (8 active)
Queueing time: mean = 114.996 us, max = 61.313 ms, min = -0.100 s, total = 196.643 ms
Execution time:  mean = 280.025 us, total = 478.842 ms
Event stats:
	UNKNOWN - 1320 total (4 active, 1 running), CPU time: mean = 275.669 us, total = 363.883 ms
	CoreWorker.deadline_timer.flush_profiling_events - 120 total (1 active), CPU time: mean = 22.359 us, total = 2.683 ms
	NodeManagerService.grpc_client.ReportWorkerBacklog - 120 total (0 active), CPU time: mean = 25.228 us, total = 3.027 ms
	GcsClient.deadline_timer.check_gcs_connection - 120 total (1 active), CPU time: mean = 27.115 us, total = 3.254 ms
	PeriodicalRunner.RunFnPeriodically - 6 total (0 active), CPU time: mean = 104.197 us, total = 625.183 us
	InternalPubSubGcsService.grpc_client.GcsSubscriberPoll - 4 total (1 active), CPU time: mean = 342.605 us, total = 1.370 ms
	CoreWorkerService.grpc_client.PushTask - 3 total (1 active), CPU time: mean = 534.912 us, total = 1.605 ms
	CoreWorkerDirectActorTaskSubmitter::SubmitTask - 3 total (0 active), CPU time: mean = 172.650 us, total = 517.950 us
	Subscriber.HandlePublishedMessage_GCS_ACTOR_CHANNEL - 3 total (0 active), CPU time: mean = 786.979 us, total = 2.361 ms
	StatsGcsService.grpc_client.AddProfileData - 2 total (0 active), CPU time: mean = 87.016 us, total = 174.032 us
	InternalPubSubGcsService.grpc_client.GcsSubscriberCommandBatch - 2 total (0 active), CPU time: mean = 466.301 us, total = 932.603 us
	WorkerInfoGcsService.grpc_client.AddWorkerInfo - 1 total (0 active), CPU time: mean = 33.145 us, total = 33.145 us
	ActorInfoGcsService.grpc_client.GetActorInfo - 1 total (0 active), CPU time: mean = 89.761 us, total = 89.761 us
	ActorCreator.AsyncRegisterActor - 1 total (0 active), CPU time: mean = 97.267 ms, total = 97.267 ms
	ActorInfoGcsService.grpc_client.CreateActor - 1 total (0 active), CPU time: mean = 214.781 us, total = 214.781 us
	NodeInfoGcsService.grpc_client.GetAllNodeInfo - 1 total (0 active), CPU time: mean = 104.265 us, total = 104.265 us
	ActorInfoGcsService.grpc_client.RegisterActor - 1 total (0 active), CPU time: mean = 630.009 us, total = 630.009 us
	CoreWorkerService.grpc_server.WaitForActorOutOfScope - 1 total (0 active), CPU time: mean = 70.941 us, total = 70.941 us


