[2023-03-03 02:53:52,544 I 137 137] core_worker_process.cc:120: Constructing CoreWorkerProcess. pid: 137
[2023-03-03 02:53:52,576 D 137 145] core_worker_process.cc:200: Getting system config from raylet, remaining retries = 100
[2023-03-03 02:53:52,577 D 137 137] ray_config.cc:70: RayConfig is initialized with: is_external_storage_type_fs=true,object_spilling_config="{\"type\": \"filesystem\", \"params\": {\"directory_path\": \"/host/tmp/ray/session_2023-03-03_02-53-39_842068_2\"}}",
[2023-03-03 02:53:52,578 D 137 137] core_worker.cc:88: Constructing CoreWorker, worker_id: fb6c6f7af05fa856a4873d9a78a480e05f683f43a7d5f81d18f78778
[2023-03-03 02:53:52,578 I 137 137] core_worker.cc:119: Connecting to local Raylet.
[2023-03-03 02:53:52,578 I 137 137] raylet_client.cc:116: Creating RayletConnection.
[2023-03-03 02:53:52,579 I 137 137] client_connection.cc:47: ConnectSocketRetry begin /host/tmp/ray/session_2023-03-03_02-53-39_842068_2/sockets/raylet 0
[2023-03-03 02:53:52,580 I 137 137] client_connection.cc:51: ConnectSocketRetry end /host/tmp/ray/session_2023-03-03_02-53-39_842068_2/sockets/raylet 0. OK
[2023-03-03 02:53:52,580 I 137 137] raylet_client.cc:118: Created RayletConnection.
[2023-03-03 02:53:52,580 I 137 137] raylet_client.cc:138: Begin AtomicRequestReply RegisterClientRequest
[2023-03-03 02:53:52,580 I 137 137] raylet_client.cc:141: End AtomicRequestReply RegisterClientRequest. Status: OK
[2023-03-03 02:53:52,580 I 137 137] core_worker.cc:135: Connected to local Raylet.
[2023-03-03 02:53:52,580 I 137 137] core_worker.cc:164: Starting GRPC server.
[2023-03-03 02:53:52,581 I 137 137] grpc_server.cc:105: worker server started, listening on port 45573.
[2023-03-03 02:53:52,587 I 137 137] core_worker.cc:171: Started GRPC server.
[2023-03-03 02:53:52,588 I 137 137] core_worker.cc:179: Initializing worker at address: 172.17.0.3:45573, worker ID fb6c6f7af05fa856a4873d9a78a480e05f683f43a7d5f81d18f78778, raylet 7a04dde0a4e4d25e710a1426e0c8a059ba4437f33523a5251b729832
[2023-03-03 02:53:52,619 I 137 168] gcs_server_address_updater.cc:32: GCS Server updater thread id: 139928902047488
[2023-03-03 02:53:52,698 D 137 137] gcs_client.cc:165: GcsClient connected.
[2023-03-03 02:53:52,698 I 137 137] core_worker.cc:205: GCS client created.
[2023-03-03 02:53:52,699 I 137 137] core_worker.cc:207: Registered to GCS.
[2023-03-03 02:53:52,699 D 137 137] subscriber.cc:348: Make a long polling request to 372ba3292113291c53a67661c0d45e60c4a7e441f5bf9bdb984d8eea
[2023-03-03 02:53:52,699 I 137 137] core_worker.cc:267: Creating CoreWorkerPlasmaStoreProvider
[2023-03-03 02:53:52,699 I 137 137] client.cc:762: Before ConnectSocketRetry
[2023-03-03 02:53:52,699 I 137 137] client_connection.cc:47: ConnectSocketRetry begin /host/tmp/ray/session_2023-03-03_02-53-39_842068_2/sockets/plasma_store 0
[2023-03-03 02:53:52,700 I 137 137] client_connection.cc:51: ConnectSocketRetry end /host/tmp/ray/session_2023-03-03_02-53-39_842068_2/sockets/plasma_store 0. OK
[2023-03-03 02:53:52,700 I 137 137] client.cc:764: After ConnectSocketRetry
[2023-03-03 02:53:52,700 I 137 137] client.cc:766: After new StoreConn
[2023-03-03 02:53:52,700 I 137 137] client.cc:769: After SendConnectRequest
[2023-03-03 02:53:52,700 I 137 137] client.cc:772: After PlasmaReceive
[2023-03-03 02:53:52,700 I 137 137] client.cc:774: After ReadConnectReply
[2023-03-03 02:53:52,700 D 137 137] client.cc:392: called plasma_create on conn 30 with size 8 and metadata size 0
[2023-03-03 02:53:52,700 I 137 137] protocol.cc:219: After CreatePlasmaCreateRequest, prepare to send
[2023-03-03 02:53:52,701 I 137 137] protocol.cc:221: After PlasmaSend, status: 1
[2023-03-03 02:53:52,701 I 137 137] client.cc:402: After SendCreateRequest
[2023-03-03 02:53:52,701 I 137 137] client.cc:311: Before PlasmaReceive
[2023-03-03 02:53:52,702 I 137 137] client.cc:313: After PlasmaReceive buffer size: 160
[2023-03-03 02:53:52,702 I 137 137] client.cc:327: After RreadCreateReply, retry count: 0
[2023-03-03 02:53:52,702 I 137 137] client.cc:355: After create PlasmaMutableBuffer
[2023-03-03 02:53:52,702 I 137 137] client.cc:404: After HandleCreateReply
[2023-03-03 02:53:52,702 I 137 137] core_worker.cc:277: Created CoreWorkerPlasmaStoreProvider
[2023-03-03 02:53:52,703 D 137 137] core_worker_process.cc:276: Worker fb6c6f7af05fa856a4873d9a78a480e05f683f43a7d5f81d18f78778 is created.
[2023-03-03 02:53:52,703 D 137 137] core_worker_process.cc:132: Stats setup in core worker.
[2023-03-03 02:53:52,703 D 137 137] stats.h:75: Initialized stats
[2023-03-03 02:53:52,703 I 137 137] io_service_pool.cc:35: IOServicePool is running with 1 io_service.
[2023-03-03 02:53:52,706 D 137 137] metrics_agent_client.h:41: Initiate the metrics client of address:127.0.0.1 port:52343
[2023-03-03 02:53:52,725 I 137 178] core_worker.cc:502: Event stats:


Global stats: 16 total (11 active)
Queueing time: mean = 7.828 ms, max = 26.415 ms, min = 22.317 ms, total = 125.252 ms
Execution time:  mean = 48.495 us, total = 775.928 us
Event stats:
	PeriodicalRunner.RunFnPeriodically - 7 total (2 active, 1 running), CPU time: mean = 110.847 us, total = 775.928 us
	UNKNOWN - 3 total (3 active), CPU time: mean = 0.000 s, total = 0.000 s
	WorkerInfoGcsService.grpc_client.AddWorkerInfo - 1 total (1 active), CPU time: mean = 0.000 s, total = 0.000 s
	InternalPubSubGcsService.grpc_client.GcsSubscriberPoll - 1 total (1 active), CPU time: mean = 0.000 s, total = 0.000 s
	NodeManagerService.grpc_client.ReportWorkerBacklog - 1 total (1 active), CPU time: mean = 0.000 s, total = 0.000 s
	InternalPubSubGcsService.grpc_client.GcsSubscriberCommandBatch - 1 total (1 active), CPU time: mean = 0.000 s, total = 0.000 s
	GcsClient.deadline_timer.check_gcs_connection - 1 total (1 active), CPU time: mean = 0.000 s, total = 0.000 s
	CoreWorker.deadline_timer.flush_profiling_events - 1 total (1 active), CPU time: mean = 0.000 s, total = 0.000 s


[2023-03-03 02:53:52,733 D 137 178] accessor.cc:487: Getting information of all nodes.
[2023-03-03 02:53:52,734 I 137 178] accessor.cc:599: Received notification for node id = 7a04dde0a4e4d25e710a1426e0c8a059ba4437f33523a5251b729832, IsAlive = 1
[2023-03-03 02:53:52,734 D 137 178] accessor.cc:497: Finished getting information of all nodes, status = OK
[2023-03-03 02:54:02,725 W 137 179] metric_exporter.cc:207: [1] Export metrics to agent failed: GrpcUnknown: RPC Error message: Method not found!; RPC Error details: . This won't affect Ray, but you can lose metrics from the cluster.
[2023-03-03 02:54:52,726 I 137 178] core_worker.cc:502: Event stats:


Global stats: 878 total (8 active)
Queueing time: mean = 10.849 ms, max = 2.570 s, min = -1.000 s, total = 9.525 s
Execution time:  mean = 2.970 ms, total = 2.608 s
Event stats:
	UNKNOWN - 692 total (5 active, 1 running), CPU time: mean = 46.240 us, total = 31.998 ms
	GcsClient.deadline_timer.check_gcs_connection - 59 total (1 active), CPU time: mean = 43.573 ms, total = 2.571 s
	NodeManagerService.grpc_client.ReportWorkerBacklog - 58 total (0 active), CPU time: mean = 22.145 us, total = 1.284 ms
	CoreWorker.deadline_timer.flush_profiling_events - 58 total (1 active), CPU time: mean = 24.752 us, total = 1.436 ms
	PeriodicalRunner.RunFnPeriodically - 7 total (0 active), CPU time: mean = 138.560 us, total = 969.917 us
	WorkerInfoGcsService.grpc_client.AddWorkerInfo - 1 total (0 active), CPU time: mean = 47.220 us, total = 47.220 us
	InternalPubSubGcsService.grpc_client.GcsSubscriberPoll - 1 total (1 active), CPU time: mean = 0.000 s, total = 0.000 s
	InternalPubSubGcsService.grpc_client.GcsSubscriberCommandBatch - 1 total (0 active), CPU time: mean = 986.173 us, total = 986.173 us
	NodeInfoGcsService.grpc_client.GetAllNodeInfo - 1 total (0 active), CPU time: mean = 301.066 us, total = 301.066 us


[2023-03-03 02:55:52,726 I 137 178] core_worker.cc:502: Event stats:


Global stats: 1779 total (8 active)
Queueing time: mean = 5.402 ms, max = 2.570 s, min = -1.000 s, total = 9.611 s
Execution time:  mean = 1.486 ms, total = 2.644 s
Event stats:
	UNKNOWN - 1413 total (5 active, 1 running), CPU time: mean = 46.001 us, total = 64.999 ms
	GcsClient.deadline_timer.check_gcs_connection - 119 total (1 active), CPU time: mean = 21.610 ms, total = 2.572 s
	NodeManagerService.grpc_client.ReportWorkerBacklog - 118 total (0 active), CPU time: mean = 22.099 us, total = 2.608 ms
	CoreWorker.deadline_timer.flush_profiling_events - 118 total (1 active), CPU time: mean = 24.963 us, total = 2.946 ms
	PeriodicalRunner.RunFnPeriodically - 7 total (0 active), CPU time: mean = 138.560 us, total = 969.917 us
	WorkerInfoGcsService.grpc_client.AddWorkerInfo - 1 total (0 active), CPU time: mean = 47.220 us, total = 47.220 us
	InternalPubSubGcsService.grpc_client.GcsSubscriberPoll - 1 total (1 active), CPU time: mean = 0.000 s, total = 0.000 s
	InternalPubSubGcsService.grpc_client.GcsSubscriberCommandBatch - 1 total (0 active), CPU time: mean = 986.173 us, total = 986.173 us
	NodeInfoGcsService.grpc_client.GetAllNodeInfo - 1 total (0 active), CPU time: mean = 301.066 us, total = 301.066 us


